------
FLAGS
------
train-file: data/arabic.train.lab.svd_0.3_R50
test-file: data/arabic.test.lab.svd_0.3_R50
model-name: runs/arabic.model.lab.svd_0.3_R50
output-file: null
train: true
test: true
iters: 20
label: true
max-sent: -1
C: 0.01
label-loss-type: 0
gamma: 0.3 0.3
R: 50
word-vector:null
projective: false
pruning: true
hill-climbing converge (train): 300
hill-climbing converge (test): 100
thread: 4
file format: CONLL-X
feature hash bits: 30

use consecutive siblings: false
use grandparent: false
use head bigram: false
use grand siblings: false
use tri-siblings: false
use great-grandparent: false
use parent-sibling-child: false
use high-order: false
model: Basic
------

Creating dictionaries ... 
Filtered DEPLABEL (29-->22)
4 8
Lexical items: 16178 (14 bits)
Tag/label items: 60 (6 bits)  22 (5 bits)
Flag Bits: 9
Creation took [305 ms]
Creating Alphabet ... [1020 ms]
Hash collision: 0.1808% (3813 / 2108673)
Num of CONLL fine POS tags: 21
Num of CONLL coarse POS tags: 16
Num of labels: 22
Num of Syntactic Features: 64639 1073741823
Creating instances ... 1000 1460 [160 ms]
=============================================
 Pre-training:
=============================================
Running MIRA ... 
  1000 (time=33s)
  Iter 1	loss=57966.4499	uas=0.4774	las=0.6006	[40s]

 |U|^2: 0.000000 min: Infinity	max: -Infinity
 |V|^2: 0.000000 min: Infinity	max: -Infinity
 |W|^2: 0.000000 min: Infinity	max: -Infinity
 |WL|^2: 0.000000 min: Infinity	max: -Infinity

Init tensor ... 
  Unfolding matrix: 929413 / (64639*969585)  0.00% entries.
  Rank: 50 (max:50)  Sigma: max=1.446680 cut=0.226514

 |U|^2: 50.000000 min: -0.981858	max: 0.625896
 |V|^2: 50.000000 min: -0.979197	max: 0.912700
 |W|^2: 6.678646 min: -1.171437	max: 0.254436

Pre-training took 47013 ms.
=============================================

=============================================
 Training:
=============================================
Running MIRA ... 
  1000 (time=36s)
  Iter 1	loss=51807.9944	uas=0.5037	las=0.5692	[43s]

 |U|^2: 96.302430 min: -0.858679	max: 0.672570
 |V|^2: 93.728739 min: -0.931987	max: 0.892768
 |W|^2: 12.466012 min: -0.816714	max: 0.326059
 |WL|^2: 5.025797 min: -0.659188	max: 0.520826

_____________________________________________

 Evaluation: data/arabic.test.lab.svd_0.3_R50

  Tokens: 4990
  Sentences: 146
  UAS=0.763928	LAS=0.641884	CAS=0.102740	[2.56s]

_____________________________________________

  1000 (time=30s)
  Iter 2	loss=39025.1415	uas=0.5952	las=0.6682	[38s]

 |U|^2: 139.633585 min: -0.871558	max: 0.678056
 |V|^2: 131.083113 min: -0.960882	max: 0.878147
 |W|^2: 19.032330 min: -0.872501	max: 0.394853
 |WL|^2: 7.088381 min: -0.742571	max: 0.545416

_____________________________________________

 Evaluation: data/arabic.test.lab.svd_0.3_R50

  Tokens: 4990
  Sentences: 146
  UAS=0.777956	LAS=0.660521	CAS=0.109589	[2.27s]

_____________________________________________

  1000 (time=30s)
  Iter 3	loss=32206.2228	uas=0.6427	las=0.7009	[37s]

 |U|^2: 189.847894 min: -0.878566	max: 0.747488
 |V|^2: 170.594473 min: -0.961940	max: 0.919577
 |W|^2: 26.385987 min: -0.921596	max: 0.454706
 |WL|^2: 9.618308 min: -0.795165	max: 0.640965

_____________________________________________

 Evaluation: data/arabic.test.lab.svd_0.3_R50

  Tokens: 4990
  Sentences: 146
  UAS=0.784569	LAS=0.668938	CAS=0.109589	[2.37s]

_____________________________________________

  1000 (time=31s)
  Iter 4	loss=26762.5347	uas=0.6846	las=0.7258	[38s]

 |U|^2: 237.933356 min: -0.905645	max: 0.750383
 |V|^2: 207.129392 min: -1.030938	max: 0.974071
 |W|^2: 34.261858 min: -1.014644	max: 0.509806
 |WL|^2: 12.134033 min: -0.789771	max: 0.685066

_____________________________________________

 Evaluation: data/arabic.test.lab.svd_0.3_R50

  Tokens: 4990
  Sentences: 146
  UAS=0.786774	LAS=0.671944	CAS=0.109589	[2.30s]

_____________________________________________

  1000 (time=30s)
  Iter 5	loss=22514.7450	uas=0.7227	las=0.7436	[37s]

 |U|^2: 280.886923 min: -0.906652	max: 0.762050
 |V|^2: 239.739010 min: -1.076162	max: 1.026783
 |W|^2: 43.059983 min: -1.147340	max: 0.552794
 |WL|^2: 15.094226 min: -0.879220	max: 0.758412

_____________________________________________

 Evaluation: data/arabic.test.lab.svd_0.3_R50

  Tokens: 4990
  Sentences: 146
  UAS=0.792986	LAS=0.678156	CAS=0.109589	[2.51s]

_____________________________________________

  1000 (time=29s)
  Iter 6	loss=18910.0875	uas=0.7579	las=0.7633	[36s]

 |U|^2: 317.736424 min: -0.929746	max: 0.765148
 |V|^2: 268.349702 min: -1.103357	max: 1.070718
 |W|^2: 51.853672 min: -1.229594	max: 0.579971
 |WL|^2: 18.387920 min: -0.938249	max: 0.842345

_____________________________________________

 Evaluation: data/arabic.test.lab.svd_0.3_R50

  Tokens: 4990
  Sentences: 146
  UAS=0.795391	LAS=0.680762	CAS=0.109589	[2.64s]

_____________________________________________

  1000 (time=29s)
  Iter 7	loss=16261.2035	uas=0.7858	las=0.7777	[36s]

 |U|^2: 350.300066 min: -0.987869	max: 0.746864
 |V|^2: 293.822186 min: -1.176017	max: 1.100987
 |W|^2: 60.070547 min: -1.321059	max: 0.597391
 |WL|^2: 21.548914 min: -1.011126	max: 0.895746

_____________________________________________

 Evaluation: data/arabic.test.lab.svd_0.3_R50

  Tokens: 4990
  Sentences: 146
  UAS=0.796794	LAS=0.681964	CAS=0.109589	[2.60s]

_____________________________________________

  1000 (time=29s)
  Iter 8	loss=13968.7330	uas=0.8092	las=0.7926	[36s]

 |U|^2: 380.207644 min: -0.983075	max: 0.751206
 |V|^2: 317.067238 min: -1.212284	max: 1.141996
 |W|^2: 67.177492 min: -1.361503	max: 0.612511
 |WL|^2: 25.382228 min: -1.073096	max: 0.954334

_____________________________________________

 Evaluation: data/arabic.test.lab.svd_0.3_R50

  Tokens: 4990
  Sentences: 146
  UAS=0.796593	LAS=0.683166	CAS=0.109589	[2.50s]

_____________________________________________

  1000 (time=28s)
  Iter 9	loss=12066.6416	uas=0.8282	las=0.8078	[35s]

 |U|^2: 406.996079 min: -0.981207	max: 0.769451
 |V|^2: 337.793928 min: -1.243524	max: 1.171004
 |W|^2: 73.248652 min: -1.391471	max: 0.631223
 |WL|^2: 29.333249 min: -1.173166	max: 1.015889

_____________________________________________

 Evaluation: data/arabic.test.lab.svd_0.3_R50

  Tokens: 4990
  Sentences: 146
  UAS=0.796393	LAS=0.681764	CAS=0.109589	[2.28s]

_____________________________________________

  1000 (time=30s)
  Iter 10	loss=10539.1188	uas=0.8451	las=0.8202	[36s]

 |U|^2: 431.672375 min: -0.990435	max: 0.752239
 |V|^2: 356.788841 min: -1.259380	max: 1.207340
 |W|^2: 78.761302 min: -1.445757	max: 0.649109
 |WL|^2: 33.142495 min: -1.247806	max: 1.051748

_____________________________________________

 Evaluation: data/arabic.test.lab.svd_0.3_R50

  Tokens: 4990
  Sentences: 146
  UAS=0.796593	LAS=0.682966	CAS=0.109589	[2.65s]

_____________________________________________

  1000 (time=29s)
  Iter 11	loss=9170.9026	uas=0.8594	las=0.8336	[35s]

 |U|^2: 454.476676 min: -0.996052	max: 0.767169
 |V|^2: 373.966630 min: -1.264880	max: 1.240985
 |W|^2: 83.497383 min: -1.501009	max: 0.656998
 |WL|^2: 37.246901 min: -1.354368	max: 1.127103

_____________________________________________

 Evaluation: data/arabic.test.lab.svd_0.3_R50

  Tokens: 4990
  Sentences: 146
  UAS=0.797395	LAS=0.684569	CAS=0.109589	[2.55s]

_____________________________________________

  1000 (time=28s)
  Iter 12	loss=8131.4927	uas=0.8702	las=0.8456	[34s]

 |U|^2: 475.079487 min: -0.986805	max: 0.764953
 |V|^2: 389.290378 min: -1.294229	max: 1.269207
 |W|^2: 87.592019 min: -1.546870	max: 0.670424
 |WL|^2: 41.260569 min: -1.428069	max: 1.217441

_____________________________________________

 Evaluation: data/arabic.test.lab.svd_0.3_R50

  Tokens: 4990
  Sentences: 146
  UAS=0.798397	LAS=0.685571	CAS=0.102740	[2.64s]

_____________________________________________

  1000 (time=28s)
  Iter 13	loss=7200.9533	uas=0.8811	las=0.8559	[34s]

 |U|^2: 493.461150 min: -1.004633	max: 0.764545
 |V|^2: 402.934414 min: -1.308562	max: 1.285448
 |W|^2: 91.094143 min: -1.585138	max: 0.678108
 |WL|^2: 45.399764 min: -1.516955	max: 1.297862

_____________________________________________

 Evaluation: data/arabic.test.lab.svd_0.3_R50

  Tokens: 4990
  Sentences: 146
  UAS=0.798998	LAS=0.685972	CAS=0.102740	[2.48s]

_____________________________________________

  1000 (time=28s)
  Iter 14	loss=6310.5222	uas=0.8911	las=0.8669	[34s]

 |U|^2: 509.766526 min: -1.021101	max: 0.772461
 |V|^2: 414.911519 min: -1.333197	max: 1.314946
 |W|^2: 94.196103 min: -1.621678	max: 0.684061
 |WL|^2: 49.348444 min: -1.608904	max: 1.357447

_____________________________________________

 Evaluation: data/arabic.test.lab.svd_0.3_R50

  Tokens: 4990
  Sentences: 146
  UAS=0.799399	LAS=0.686573	CAS=0.102740	[2.55s]

_____________________________________________

  1000 (time=28s)
  Iter 15	loss=5689.7488	uas=0.8980	las=0.8759	[35s]

 |U|^2: 524.248929 min: -1.027949	max: 0.777469
 |V|^2: 425.582132 min: -1.333912	max: 1.348710
 |W|^2: 96.918166 min: -1.650684	max: 0.693913
 |WL|^2: 53.092592 min: -1.665917	max: 1.430059

_____________________________________________

 Evaluation: data/arabic.test.lab.svd_0.3_R50

  Tokens: 4990
  Sentences: 146
  UAS=0.798196	LAS=0.685371	CAS=0.102740	[2.31s]

_____________________________________________

  1000 (time=27s)
  Iter 16	loss=5074.7209	uas=0.9043	las=0.8844	[34s]

 |U|^2: 537.167191 min: -1.027809	max: 0.775183
 |V|^2: 435.104017 min: -1.350831	max: 1.360613
 |W|^2: 99.374363 min: -1.684105	max: 0.696472
 |WL|^2: 56.717859 min: -1.730039	max: 1.474318

_____________________________________________

 Evaluation: data/arabic.test.lab.svd_0.3_R50

  Tokens: 4990
  Sentences: 146
  UAS=0.799198	LAS=0.687174	CAS=0.102740	[2.31s]

_____________________________________________

  1000 (time=27s)
  Iter 17	loss=4607.1406	uas=0.9110	las=0.8912	[33s]

 |U|^2: 548.637362 min: -1.011495	max: 0.779785
 |V|^2: 443.545968 min: -1.349478	max: 1.379576
 |W|^2: 101.704925 min: -1.705949	max: 0.701210
 |WL|^2: 59.874987 min: -1.780383	max: 1.510786

_____________________________________________

 Evaluation: data/arabic.test.lab.svd_0.3_R50

  Tokens: 4990
  Sentences: 146
  UAS=0.798196	LAS=0.686573	CAS=0.102740	[2.54s]

_____________________________________________

  1000 (time=27s)
  Iter 18	loss=4114.8095	uas=0.9152	las=0.8985	[33s]

 |U|^2: 558.992057 min: -1.031292	max: 0.777221
 |V|^2: 451.251979 min: -1.365664	max: 1.395807
 |W|^2: 103.670620 min: -1.725291	max: 0.698944
 |WL|^2: 63.150018 min: -1.840778	max: 1.554555

_____________________________________________

 Evaluation: data/arabic.test.lab.svd_0.3_R50

  Tokens: 4990
  Sentences: 146
  UAS=0.798196	LAS=0.686974	CAS=0.102740	[2.28s]

_____________________________________________

  1000 (time=27s)
  Iter 19	loss=3749.7562	uas=0.9209	las=0.9048	[33s]

 |U|^2: 567.978325 min: -1.033657	max: 0.777567
 |V|^2: 457.976359 min: -1.361433	max: 1.417807
 |W|^2: 105.460806 min: -1.746113	max: 0.701727
 |WL|^2: 66.005557 min: -1.873247	max: 1.578775

_____________________________________________

 Evaluation: data/arabic.test.lab.svd_0.3_R50

  Tokens: 4990
  Sentences: 146
  UAS=0.798798	LAS=0.686974	CAS=0.102740	[2.51s]

_____________________________________________

  1000 (time=27s)
  Iter 20	loss=3380.8636	uas=0.9260	las=0.9083	[33s]

 |U|^2: 576.033191 min: -1.024986	max: 0.779611
 |V|^2: 464.051474 min: -1.377200	max: 1.437511
 |W|^2: 107.011703 min: -1.758291	max: 0.703187
 |WL|^2: 68.820007 min: -1.904270	max: 1.607871

_____________________________________________

 Evaluation: data/arabic.test.lab.svd_0.3_R50

  Tokens: 4990
  Sentences: 146
  UAS=0.798798	LAS=0.687174	CAS=0.102740	[2.31s]

_____________________________________________


Training took 807058 ms.
=============================================

 Evaluating: data/arabic.test.lab.svd_0.3_R50
  Tokens: 4990
  Sentences: 146
  UAS=0.798798	LAS=0.687174	CAS=0.102740	[2.55s]
