------
FLAGS
------
train-file: data/chinese.train.lab.svd_0.3_R50
test-file: data/chinese.test.lab.svd_0.3_R50
model-name: runs/chinese.model.lab.svd_0.3_R50
output-file: null
train: true
test: true
iters: 20
label: true
max-sent: -1
C: 0.01
label-loss-type: 0
gamma: 0.3 0.3
R: 50
word-vector:null
projective: false
pruning: true
hill-climbing converge (train): 300
hill-climbing converge (test): 100
thread: 4
file format: CONLL-X
feature hash bits: 30

use consecutive siblings: false
use grandparent: false
use head bigram: false
use grand siblings: false
use tri-siblings: false
use great-grandparent: false
use parent-sibling-child: false
use high-order: false
model: Basic
------

Creating dictionaries ... 
Filtered DEPLABEL (85-->53)
4 8
Lexical items: 40577 (16 bits)
Tag/label items: 331 (9 bits)  53 (6 bits)
Flag Bits: 10
Creation took [1019 ms]
Creating Alphabet ... [4339 ms]
Hash collision: 0.5621% (36863 / 6558064)
Num of CONLL fine POS tags: 304
Num of CONLL coarse POS tags: 23
Num of labels: 53
Num of Syntactic Features: 218243 1073741823
Creating instances ... 1000 2000 3000 4000 5000 6000 7000 8000 9000 10000 11000 12000 13000 14000 15000 16000 17000 18000 19000 20000 21000 22000 23000 24000 25000 26000 27000 28000 29000 30000 31000 32000 33000 34000 35000 36000 37000 38000 39000 40000 41000 42000 43000 44000 45000 46000 47000 48000 49000 50000 51000 52000 53000 54000 55000 56000 56957 [917 ms]
=============================================
 Pre-training:
=============================================
Running MIRA ... 
  5695 (time=10s)  11390 (time=20s)  17085 (time=34s)  22780 (time=46s)  28475 (time=59s)  34170 (time=75s)  39865 (time=89s)  45560 (time=103s)  51255 (time=118s)  56950 (time=133s)
  Iter 1	loss=166336.2463	uas=0.6395	las=0.7500	[133s]

 |U|^2: 0.000000 min: Infinity	max: -Infinity
 |V|^2: 0.000000 min: Infinity	max: -Infinity
 |W|^2: 0.000000 min: Infinity	max: -Infinity
 |WL|^2: 0.000000 min: Infinity	max: -Infinity

Init tensor ... 
  Unfolding matrix: 3506421 / (218243*3273645)  0.00% entries.
  Rank: 50 (max:50)  Sigma: max=4.072028 cut=0.692968

 |U|^2: 50.000000 min: -0.615753	max: 0.978598
 |V|^2: 50.000000 min: -0.768890	max: 0.985353
 |W|^2: 61.116023 min: -3.745090	max: 1.225800

Pre-training took 158385 ms.
=============================================

=============================================
 Training:
=============================================
Running MIRA ... 
  5695 (time=11s)  11390 (time=22s)  17085 (time=38s)  22780 (time=54s)  28475 (time=71s)  34170 (time=89s)  39865 (time=107s)  45560 (time=125s)  51255 (time=143s)  56950 (time=160s)
  Iter 1	loss=158699.2730	uas=0.6518	las=0.7431	[160s]

 |U|^2: 375.433806 min: -0.812057	max: 1.082110
 |V|^2: 335.594176 min: -0.825039	max: 1.040330
 |W|^2: 57.342426 min: -1.611299	max: 1.083352
 |WL|^2: 30.297799 min: -1.168344	max: 1.501093

_____________________________________________

 Evaluation: data/chinese.test.lab.svd_0.3_R50

  Tokens: 4970
  Sentences: 867
  UAS=0.893561	LAS=0.840040	CAS=0.566321	[1.95s]

_____________________________________________

  5695 (time=9s)  11390 (time=20s)  17085 (time=34s)  22780 (time=49s)  28475 (time=64s)  34170 (time=81s)  39865 (time=98s)  45560 (time=115s)  51255 (time=132s)  56950 (time=149s)
  Iter 2	loss=91802.0115	uas=0.7663	las=0.8411	[149s]

 |U|^2: 579.247002 min: -0.923203	max: 1.164794
 |V|^2: 544.229122 min: -0.823686	max: 0.955850
 |W|^2: 95.483034 min: -2.114151	max: 1.455523
 |WL|^2: 41.633182 min: -1.296383	max: 1.853702

_____________________________________________

 Evaluation: data/chinese.test.lab.svd_0.3_R50

  Tokens: 4970
  Sentences: 867
  UAS=0.903622	LAS=0.858551	CAS=0.599769	[2.00s]

_____________________________________________

  5695 (time=9s)  11390 (time=20s)  17085 (time=34s)  22780 (time=49s)  28475 (time=63s)  34170 (time=77s)  39865 (time=94s)  45560 (time=111s)  51255 (time=127s)  56950 (time=144s)
  Iter 3	loss=61457.0419	uas=0.8234	las=0.8602	[144s]

 |U|^2: 702.521940 min: -1.040840	max: 1.252094
 |V|^2: 683.458113 min: -0.925380	max: 0.888233
 |W|^2: 134.856910 min: -2.499133	max: 1.820860
 |WL|^2: 53.212685 min: -1.363146	max: 2.149112

_____________________________________________

 Evaluation: data/chinese.test.lab.svd_0.3_R50

  Tokens: 4970
  Sentences: 867
  UAS=0.909859	LAS=0.868008	CAS=0.621684	[1.98s]

_____________________________________________

  5695 (time=9s)  11390 (time=19s)  17085 (time=32s)  22780 (time=47s)  28475 (time=62s)  34170 (time=78s)  39865 (time=95s)  45560 (time=112s)  51255 (time=128s)  56950 (time=145s)
  Iter 4	loss=42815.8243	uas=0.8698	las=0.8709	[145s]

 |U|^2: 780.314597 min: -1.131840	max: 1.319811
 |V|^2: 782.468961 min: -0.971444	max: 0.879642
 |W|^2: 162.532917 min: -2.737406	max: 2.030074
 |WL|^2: 65.703116 min: -1.470789	max: 2.399622

_____________________________________________

 Evaluation: data/chinese.test.lab.svd_0.3_R50

  Tokens: 4970
  Sentences: 867
  UAS=0.911066	LAS=0.870624	CAS=0.633218	[2.04s]

_____________________________________________

  5695 (time=9s)  11390 (time=19s)  17085 (time=31s)  22780 (time=46s)  28475 (time=61s)  34170 (time=77s)  39865 (time=92s)  45560 (time=110s)  51255 (time=123s)  56950 (time=134s)
  Iter 5	loss=31508.2734	uas=0.8991	las=0.8790	[134s]

 |U|^2: 837.082181 min: -1.252998	max: 1.332884
 |V|^2: 862.915428 min: -1.010607	max: 0.883729
 |W|^2: 180.950749 min: -2.888170	max: 2.150507
 |WL|^2: 79.910011 min: -1.655347	max: 2.642980

_____________________________________________

 Evaluation: data/chinese.test.lab.svd_0.3_R50

  Tokens: 4970
  Sentences: 867
  UAS=0.913682	LAS=0.874044	CAS=0.638985	[1.32s]

_____________________________________________

  5695 (time=6s)  11390 (time=13s)  17085 (time=22s)  22780 (time=32s)  28475 (time=42s)  34170 (time=53s)  39865 (time=64s)  45560 (time=76s)  51255 (time=88s)  56950 (time=99s)
  Iter 6	loss=24120.6188	uas=0.9181	las=0.8876	[99s]

 |U|^2: 879.877585 min: -1.391266	max: 1.366222
 |V|^2: 930.610689 min: -1.044436	max: 0.942916
 |W|^2: 193.409967 min: -2.974903	max: 2.234018
 |WL|^2: 93.630430 min: -1.761340	max: 2.843564

_____________________________________________

 Evaluation: data/chinese.test.lab.svd_0.3_R50

  Tokens: 4970
  Sentences: 867
  UAS=0.912877	LAS=0.875050	CAS=0.642445	[1.30s]

_____________________________________________

  5695 (time=6s)  11390 (time=13s)  17085 (time=22s)  22780 (time=31s)  28475 (time=41s)  34170 (time=52s)  39865 (time=63s)  45560 (time=75s)  51255 (time=85s)  56950 (time=96s)
  Iter 7	loss=18875.1017	uas=0.9311	las=0.8968	[96s]

 |U|^2: 912.358408 min: -1.521456	max: 1.412736
 |V|^2: 987.002203 min: -1.058013	max: 0.991535
 |W|^2: 202.037134 min: -3.034576	max: 2.286759
 |WL|^2: 106.113361 min: -1.889628	max: 2.981435

_____________________________________________

 Evaluation: data/chinese.test.lab.svd_0.3_R50

  Tokens: 4970
  Sentences: 867
  UAS=0.912274	LAS=0.874245	CAS=0.637832	[1.29s]

_____________________________________________

  5695 (time=6s)  11390 (time=12s)  17085 (time=21s)  22780 (time=31s)  28475 (time=41s)  34170 (time=51s)  39865 (time=62s)  45560 (time=74s)  51255 (time=84s)  56950 (time=95s)
  Iter 8	loss=15089.3548	uas=0.9406	las=0.9053	[95s]

 |U|^2: 937.392297 min: -1.633606	max: 1.434562
 |V|^2: 1033.490955 min: -1.072342	max: 1.015273
 |W|^2: 208.340260 min: -3.081470	max: 2.326300
 |WL|^2: 116.939750 min: -1.979641	max: 3.085846

_____________________________________________

 Evaluation: data/chinese.test.lab.svd_0.3_R50

  Tokens: 4970
  Sentences: 867
  UAS=0.912676	LAS=0.873843	CAS=0.638985	[1.28s]

_____________________________________________

  5695 (time=6s)  11390 (time=12s)  17085 (time=21s)  22780 (time=31s)  28475 (time=40s)  34170 (time=51s)  39865 (time=62s)  45560 (time=73s)  51255 (time=83s)  56950 (time=94s)
  Iter 9	loss=12211.1054	uas=0.9477	las=0.9134	[94s]

 |U|^2: 957.277029 min: -1.732897	max: 1.466413
 |V|^2: 1071.736179 min: -1.085152	max: 1.038330
 |W|^2: 212.889709 min: -3.115335	max: 2.351677
 |WL|^2: 126.527237 min: -2.023816	max: 3.163381

_____________________________________________

 Evaluation: data/chinese.test.lab.svd_0.3_R50

  Tokens: 4970
  Sentences: 867
  UAS=0.913280	LAS=0.874648	CAS=0.637832	[1.33s]

_____________________________________________

  5695 (time=6s)  11390 (time=12s)  17085 (time=21s)  22780 (time=31s)  28475 (time=40s)  34170 (time=51s)  39865 (time=62s)  45560 (time=73s)  51255 (time=84s)  56950 (time=94s)
  Iter 10	loss=9940.1136	uas=0.9535	las=0.9210	[94s]

 |U|^2: 972.983444 min: -1.811130	max: 1.481579
 |V|^2: 1102.307928 min: -1.092019	max: 1.082905
 |W|^2: 216.333583 min: -3.136756	max: 2.372677
 |WL|^2: 134.745938 min: -2.060635	max: 3.234354

_____________________________________________

 Evaluation: data/chinese.test.lab.svd_0.3_R50

  Tokens: 4970
  Sentences: 867
  UAS=0.912274	LAS=0.874044	CAS=0.635525	[1.29s]

_____________________________________________

  5695 (time=6s)  11390 (time=12s)  17085 (time=21s)  22780 (time=30s)  28475 (time=40s)  34170 (time=50s)  39865 (time=61s)  45560 (time=72s)  51255 (time=83s)  56950 (time=93s)
  Iter 11	loss=8218.5274	uas=0.9586	las=0.9280	[93s]

 |U|^2: 985.598695 min: -1.887711	max: 1.489373
 |V|^2: 1126.829855 min: -1.101056	max: 1.115851
 |W|^2: 218.863060 min: -3.152730	max: 2.386968
 |WL|^2: 141.847400 min: -2.080104	max: 3.281816

_____________________________________________

 Evaluation: data/chinese.test.lab.svd_0.3_R50

  Tokens: 4970
  Sentences: 867
  UAS=0.912072	LAS=0.874648	CAS=0.637832	[1.31s]

_____________________________________________

  5695 (time=6s)  11390 (time=12s)  17085 (time=21s)  22780 (time=30s)  28475 (time=39s)  34170 (time=50s)  39865 (time=60s)  45560 (time=71s)  51255 (time=82s)  56950 (time=92s)
  Iter 12	loss=6809.8783	uas=0.9619	las=0.9339	[92s]

 |U|^2: 995.738069 min: -1.955816	max: 1.502586
 |V|^2: 1146.322093 min: -1.107500	max: 1.141395
 |W|^2: 220.930516 min: -3.165404	max: 2.399822
 |WL|^2: 147.727051 min: -2.103501	max: 3.317715

_____________________________________________

 Evaluation: data/chinese.test.lab.svd_0.3_R50

  Tokens: 4970
  Sentences: 867
  UAS=0.911469	LAS=0.874245	CAS=0.638985	[1.35s]

_____________________________________________

  5695 (time=6s)  11390 (time=12s)  17085 (time=21s)  22780 (time=30s)  28475 (time=39s)  34170 (time=50s)  39865 (time=60s)  45560 (time=72s)  51255 (time=82s)  56950 (time=92s)
  Iter 13	loss=5769.4675	uas=0.9648	las=0.9393	[92s]

 |U|^2: 1004.206464 min: -2.001601	max: 1.522526
 |V|^2: 1162.173272 min: -1.117018	max: 1.164953
 |W|^2: 222.535192 min: -3.172755	max: 2.409128
 |WL|^2: 152.827207 min: -2.118953	max: 3.348984

_____________________________________________

 Evaluation: data/chinese.test.lab.svd_0.3_R50

  Tokens: 4970
  Sentences: 867
  UAS=0.911268	LAS=0.874044	CAS=0.637832	[1.30s]

_____________________________________________

  5695 (time=6s)  11390 (time=12s)  17085 (time=21s)  22780 (time=30s)  28475 (time=39s)  34170 (time=50s)  39865 (time=60s)  45560 (time=72s)  51255 (time=82s)  56950 (time=92s)
  Iter 14	loss=4920.9186	uas=0.9675	las=0.9438	[92s]

 |U|^2: 1011.337170 min: -2.052100	max: 1.542070
 |V|^2: 1175.124405 min: -1.121527	max: 1.183344
 |W|^2: 223.805841 min: -3.178312	max: 2.418160
 |WL|^2: 157.283933 min: -2.131792	max: 3.367415

_____________________________________________

 Evaluation: data/chinese.test.lab.svd_0.3_R50

  Tokens: 4970
  Sentences: 867
  UAS=0.911066	LAS=0.874447	CAS=0.638985	[1.32s]

_____________________________________________

  5695 (time=6s)  11390 (time=12s)  17085 (time=21s)  22780 (time=30s)  28475 (time=39s)  34170 (time=50s)  39865 (time=60s)  45560 (time=71s)  51255 (time=82s)  56950 (time=92s)
  Iter 15	loss=4249.6557	uas=0.9698	las=0.9478	[92s]

 |U|^2: 1017.386420 min: -2.089448	max: 1.563099
 |V|^2: 1185.827173 min: -1.126613	max: 1.195956
 |W|^2: 224.812472 min: -3.182652	max: 2.423471
 |WL|^2: 161.143399 min: -2.140278	max: 3.381871

_____________________________________________

 Evaluation: data/chinese.test.lab.svd_0.3_R50

  Tokens: 4970
  Sentences: 867
  UAS=0.910865	LAS=0.873441	CAS=0.634371	[1.28s]

_____________________________________________

  5695 (time=6s)  11390 (time=12s)  17085 (time=21s)  22780 (time=30s)  28475 (time=39s)  34170 (time=50s)  39865 (time=60s)  45560 (time=71s)  51255 (time=81s)  56950 (time=92s)
  Iter 16	loss=3705.0282	uas=0.9711	las=0.9518	[92s]

 |U|^2: 1022.597753 min: -2.123005	max: 1.580190
 |V|^2: 1194.803159 min: -1.132807	max: 1.209101
 |W|^2: 225.631798 min: -3.185294	max: 2.428814
 |WL|^2: 164.530657 min: -2.153068	max: 3.396822

_____________________________________________

 Evaluation: data/chinese.test.lab.svd_0.3_R50

  Tokens: 4970
  Sentences: 867
  UAS=0.909457	LAS=0.872435	CAS=0.636678	[1.30s]

_____________________________________________

  5695 (time=6s)  11390 (time=12s)  17085 (time=21s)  22780 (time=30s)  28475 (time=39s)  34170 (time=49s)  39865 (time=60s)  45560 (time=71s)  51255 (time=81s)  56950 (time=92s)
  Iter 17	loss=3276.1224	uas=0.9725	las=0.9547	[92s]

 |U|^2: 1027.100650 min: -2.153400	max: 1.601069
 |V|^2: 1202.390880 min: -1.137781	max: 1.220092
 |W|^2: 226.292298 min: -3.186796	max: 2.434086
 |WL|^2: 167.487924 min: -2.160858	max: 3.406586

_____________________________________________

 Evaluation: data/chinese.test.lab.svd_0.3_R50

  Tokens: 4970
  Sentences: 867
  UAS=0.909256	LAS=0.872233	CAS=0.636678	[1.30s]

_____________________________________________

  5695 (time=6s)  11390 (time=12s)  17085 (time=20s)  22780 (time=30s)  28475 (time=39s)  34170 (time=49s)  39865 (time=60s)  45560 (time=71s)  51255 (time=81s)  56950 (time=91s)
  Iter 18	loss=2928.0120	uas=0.9736	las=0.9569	[91s]

 |U|^2: 1031.040232 min: -2.177950	max: 1.612010
 |V|^2: 1208.916957 min: -1.142889	max: 1.229931
 |W|^2: 226.827472 min: -3.187920	max: 2.438029
 |WL|^2: 170.083996 min: -2.166493	max: 3.413247

_____________________________________________

 Evaluation: data/chinese.test.lab.svd_0.3_R50

  Tokens: 4970
  Sentences: 867
  UAS=0.909859	LAS=0.872636	CAS=0.635525	[1.31s]

_____________________________________________

  5695 (time=6s)  11390 (time=12s)  17085 (time=20s)  22780 (time=30s)  28475 (time=39s)  34170 (time=49s)  39865 (time=59s)  45560 (time=70s)  51255 (time=80s)  56950 (time=91s)
  Iter 19	loss=2641.0174	uas=0.9747	las=0.9593	[91s]

 |U|^2: 1034.485019 min: -2.194906	max: 1.618779
 |V|^2: 1214.598668 min: -1.147498	max: 1.238301
 |W|^2: 227.282035 min: -3.188502	max: 2.441659
 |WL|^2: 172.327392 min: -2.170040	max: 3.420255

_____________________________________________

 Evaluation: data/chinese.test.lab.svd_0.3_R50

  Tokens: 4970
  Sentences: 867
  UAS=0.909859	LAS=0.872636	CAS=0.634371	[1.29s]

_____________________________________________

  5695 (time=6s)  11390 (time=14s)  17085 (time=25s)  22780 (time=36s)  28475 (time=46s)  34170 (time=58s)  39865 (time=70s)  45560 (time=83s)  51255 (time=94s)  56950 (time=106s)
  Iter 20	loss=2402.8315	uas=0.9760	las=0.9611	[106s]

 |U|^2: 1037.579207 min: -2.216270	max: 1.627988
 |V|^2: 1219.650110 min: -1.151746	max: 1.245246
 |W|^2: 227.687004 min: -3.189345	max: 2.445373
 |WL|^2: 174.322368 min: -2.172843	max: 3.425288

_____________________________________________

 Evaluation: data/chinese.test.lab.svd_0.3_R50

  Tokens: 4970
  Sentences: 867
  UAS=0.909457	LAS=0.872032	CAS=0.633218	[1.29s]

_____________________________________________


Training took 2223837 ms.
=============================================

 Evaluating: data/chinese.test.lab.svd_0.3_R50
  Tokens: 4970
  Sentences: 867
  UAS=0.909457	LAS=0.872032	CAS=0.633218	[1.30s]
