------
FLAGS
------
train-file: data/arabic.train.lab.randInit_0.3_R50
test-file: data/arabic.test.lab.randInit_0.3_R50
model-name: runs/arabic.model.lab.randInit_0.3_R50
output-file: null
train: true
test: true
iters: 20
label: true
max-sent: -1
C: 0.01
label-loss-type: 0
gamma: 0.3 0.3
R: 50
word-vector:null
projective: false
pruning: true
hill-climbing converge (train): 300
hill-climbing converge (test): 100
thread: 4
file format: CONLL-X
feature hash bits: 30

use consecutive siblings: false
use grandparent: false
use head bigram: false
use grand siblings: false
use tri-siblings: false
use great-grandparent: false
use parent-sibling-child: false
use high-order: false
model: Basic
------

Creating dictionaries ... 
Filtered DEPLABEL (29-->22)
4 8
Lexical items: 16178 (14 bits)
Tag/label items: 60 (6 bits)  22 (5 bits)
Flag Bits: 9
Creation took [933 ms]
Creating Alphabet ... [1692 ms]
Hash collision: 0.1808% (3813 / 2108673)
Num of CONLL fine POS tags: 21
Num of CONLL coarse POS tags: 16
Num of labels: 22
Num of Syntactic Features: 64639 1073741823
Creating instances ... 1000 1460 [211 ms]
=============================================
 Training:
=============================================
Running MIRA ... 
  1000 (time=50s)
  Iter 1	loss=53999.9949	uas=0.4501	las=0.5577	[60s]

 |U|^2: 54.925900 min: -0.425478	max: 0.283981
 |V|^2: 54.984939 min: -0.228823	max: 0.240419
 |W|^2: 51.537338 min: -0.594420	max: 0.588046
 |WL|^2: 50.118496 min: -0.137342	max: 0.160094

_____________________________________________

 Evaluation: data/arabic.test.lab.randInit_0.3_R50

  Tokens: 4990
  Sentences: 146
  UAS=0.751102	LAS=0.630060	CAS=0.102740	[3.48s]

_____________________________________________

  1000 (time=41s)
  Iter 2	loss=41075.5520	uas=0.5524	las=0.6573	[50s]

 |U|^2: 66.237151 min: -0.720253	max: 0.326521
 |V|^2: 66.218941 min: -0.348036	max: 0.391427
 |W|^2: 53.301291 min: -0.660312	max: 0.650322
 |WL|^2: 50.763525 min: -0.322433	max: 0.254094

_____________________________________________

 Evaluation: data/arabic.test.lab.randInit_0.3_R50

  Tokens: 4990
  Sentences: 146
  UAS=0.767134	LAS=0.650301	CAS=0.109589	[3.41s]

_____________________________________________

  1000 (time=38s)
  Iter 3	loss=34769.7058	uas=0.5949	las=0.6917	[47s]

 |U|^2: 83.825882 min: -0.868248	max: 0.378641
 |V|^2: 81.971413 min: -0.421773	max: 0.491458
 |W|^2: 55.957926 min: -0.724878	max: 0.708613
 |WL|^2: 51.425131 min: -0.424256	max: 0.353220

_____________________________________________

 Evaluation: data/arabic.test.lab.randInit_0.3_R50

  Tokens: 4990
  Sentences: 146
  UAS=0.773948	LAS=0.659920	CAS=0.109589	[3.31s]

_____________________________________________

  1000 (time=36s)
  Iter 4	loss=30223.2636	uas=0.6303	las=0.7143	[43s]

 |U|^2: 109.559597 min: -0.889202	max: 0.382419
 |V|^2: 102.967202 min: -0.433861	max: 0.519557
 |W|^2: 60.202680 min: -0.880826	max: 0.778569
 |WL|^2: 52.147304 min: -0.519584	max: 0.404925

_____________________________________________

 Evaluation: data/arabic.test.lab.randInit_0.3_R50

  Tokens: 4990
  Sentences: 146
  UAS=0.776954	LAS=0.664128	CAS=0.109589	[3.11s]

_____________________________________________

  1000 (time=33s)
  Iter 5	loss=26266.4817	uas=0.6630	las=0.7323	[40s]

 |U|^2: 142.988401 min: -0.889321	max: 0.375891
 |V|^2: 127.237013 min: -0.438516	max: 0.520562
 |W|^2: 65.541759 min: -1.018944	max: 0.875342
 |WL|^2: 52.985625 min: -0.554174	max: 0.458821

_____________________________________________

 Evaluation: data/arabic.test.lab.randInit_0.3_R50

  Tokens: 4990
  Sentences: 146
  UAS=0.784369	LAS=0.669940	CAS=0.109589	[3.27s]

_____________________________________________

  1000 (time=36s)
  Iter 6	loss=22921.9033	uas=0.6946	las=0.7460	[44s]

 |U|^2: 178.808876 min: -0.884175	max: 0.352730
 |V|^2: 151.689166 min: -0.495583	max: 0.505080
 |W|^2: 71.343696 min: -1.125419	max: 0.949070
 |WL|^2: 53.992075 min: -0.602784	max: 0.471812

_____________________________________________

 Evaluation: data/arabic.test.lab.randInit_0.3_R50

  Tokens: 4990
  Sentences: 146
  UAS=0.789178	LAS=0.674148	CAS=0.109589	[3.23s]

_____________________________________________

  1000 (time=33s)
  Iter 7	loss=19848.2889	uas=0.7240	las=0.7597	[41s]

 |U|^2: 212.337389 min: -0.819439	max: 0.321656
 |V|^2: 174.730828 min: -0.527485	max: 0.533337
 |W|^2: 78.249483 min: -1.239624	max: 1.037524
 |WL|^2: 55.434232 min: -0.638432	max: 0.516080

_____________________________________________

 Evaluation: data/arabic.test.lab.randInit_0.3_R50

  Tokens: 4990
  Sentences: 146
  UAS=0.790180	LAS=0.675952	CAS=0.109589	[2.97s]

_____________________________________________

  1000 (time=37s)
  Iter 8	loss=17192.2578	uas=0.7523	las=0.7734	[45s]

 |U|^2: 241.726348 min: -0.813067	max: 0.292642
 |V|^2: 194.515898 min: -0.544405	max: 0.504098
 |W|^2: 85.328016 min: -1.352869	max: 1.131776
 |WL|^2: 57.010177 min: -0.653953	max: 0.542475

_____________________________________________

 Evaluation: data/arabic.test.lab.randInit_0.3_R50

  Tokens: 4990
  Sentences: 146
  UAS=0.793186	LAS=0.679359	CAS=0.109589	[3.06s]

_____________________________________________

  1000 (time=32s)
  Iter 9	loss=15057.7398	uas=0.7766	las=0.7841	[41s]

 |U|^2: 267.360548 min: -0.781257	max: 0.300104
 |V|^2: 212.134716 min: -0.551895	max: 0.489679
 |W|^2: 92.667751 min: -1.464870	max: 1.226298
 |WL|^2: 58.803449 min: -0.694448	max: 0.563007

_____________________________________________

 Evaluation: data/arabic.test.lab.randInit_0.3_R50

  Tokens: 4990
  Sentences: 146
  UAS=0.793788	LAS=0.680160	CAS=0.109589	[2.93s]

_____________________________________________

  1000 (time=33s)
  Iter 10	loss=13292.6267	uas=0.7995	las=0.7960	[42s]

 |U|^2: 289.669931 min: -0.771125	max: 0.323310
 |V|^2: 227.591798 min: -0.561105	max: 0.505922
 |W|^2: 99.506357 min: -1.562348	max: 1.350974
 |WL|^2: 60.742145 min: -0.704466	max: 0.571067

_____________________________________________

 Evaluation: data/arabic.test.lab.randInit_0.3_R50

  Tokens: 4990
  Sentences: 146
  UAS=0.796794	LAS=0.681162	CAS=0.109589	[4.54s]

_____________________________________________

  1000 (time=36s)
  Iter 11	loss=11723.1276	uas=0.8177	las=0.8064	[43s]

 |U|^2: 309.588422 min: -0.766966	max: 0.343403
 |V|^2: 241.703422 min: -0.567373	max: 0.510371
 |W|^2: 105.361070 min: -1.630912	max: 1.439271
 |WL|^2: 63.151760 min: -0.742245	max: 0.584802

_____________________________________________

 Evaluation: data/arabic.test.lab.randInit_0.3_R50

  Tokens: 4990
  Sentences: 146
  UAS=0.797395	LAS=0.681764	CAS=0.102740	[2.82s]

_____________________________________________

  1000 (time=31s)
  Iter 12	loss=10445.4763	uas=0.8319	las=0.8161	[39s]

 |U|^2: 328.291804 min: -0.770500	max: 0.364435
 |V|^2: 254.981707 min: -0.574561	max: 0.506751
 |W|^2: 110.763773 min: -1.680873	max: 1.532202
 |WL|^2: 65.498479 min: -0.762434	max: 0.596362

_____________________________________________

 Evaluation: data/arabic.test.lab.randInit_0.3_R50

  Tokens: 4990
  Sentences: 146
  UAS=0.798998	LAS=0.683367	CAS=0.102740	[2.95s]

_____________________________________________

  1000 (time=32s)
  Iter 13	loss=9376.0250	uas=0.8432	las=0.8274	[39s]

 |U|^2: 346.378048 min: -0.762693	max: 0.379536
 |V|^2: 267.928483 min: -0.583454	max: 0.517596
 |W|^2: 115.379269 min: -1.740312	max: 1.601965
 |WL|^2: 68.332119 min: -0.777478	max: 0.598016

_____________________________________________

 Evaluation: data/arabic.test.lab.randInit_0.3_R50

  Tokens: 4990
  Sentences: 146
  UAS=0.799800	LAS=0.683768	CAS=0.102740	[2.78s]

_____________________________________________

  1000 (time=30s)
  Iter 14	loss=8414.5455	uas=0.8549	las=0.8362	[38s]

 |U|^2: 363.565818 min: -0.757054	max: 0.384641
 |V|^2: 279.991222 min: -0.586783	max: 0.508187
 |W|^2: 119.167019 min: -1.773967	max: 1.669786
 |WL|^2: 71.100380 min: -0.782016	max: 0.616320

_____________________________________________

 Evaluation: data/arabic.test.lab.randInit_0.3_R50

  Tokens: 4990
  Sentences: 146
  UAS=0.800601	LAS=0.684569	CAS=0.095890	[2.90s]

_____________________________________________

  1000 (time=31s)
  Iter 15	loss=7644.5273	uas=0.8639	las=0.8450	[38s]

 |U|^2: 380.440323 min: -0.739446	max: 0.394606
 |V|^2: 291.804372 min: -0.589057	max: 0.528734
 |W|^2: 122.715374 min: -1.796302	max: 1.740931
 |WL|^2: 74.021627 min: -0.797950	max: 0.657195

_____________________________________________

 Evaluation: data/arabic.test.lab.randInit_0.3_R50

  Tokens: 4990
  Sentences: 146
  UAS=0.801603	LAS=0.685772	CAS=0.095890	[3.32s]

_____________________________________________

  1000 (time=32s)
  Iter 16	loss=6873.8902	uas=0.8706	las=0.8545	[39s]

 |U|^2: 396.542229 min: -0.737238	max: 0.402570
 |V|^2: 303.224502 min: -0.592227	max: 0.522005
 |W|^2: 126.042995 min: -1.837121	max: 1.776084
 |WL|^2: 76.998910 min: -0.799054	max: 0.718931

_____________________________________________

 Evaluation: data/arabic.test.lab.randInit_0.3_R50

  Tokens: 4990
  Sentences: 146
  UAS=0.801603	LAS=0.687174	CAS=0.095890	[3.41s]

_____________________________________________

  1000 (time=33s)
  Iter 17	loss=6223.5872	uas=0.8776	las=0.8631	[40s]

 |U|^2: 411.352211 min: -0.723925	max: 0.408021
 |V|^2: 313.606810 min: -0.599400	max: 0.534173
 |W|^2: 128.749954 min: -1.855930	max: 1.811845
 |WL|^2: 80.051131 min: -0.800949	max: 0.766802

_____________________________________________

 Evaluation: data/arabic.test.lab.randInit_0.3_R50

  Tokens: 4990
  Sentences: 146
  UAS=0.801603	LAS=0.687575	CAS=0.095890	[3.54s]

_____________________________________________

  1000 (time=33s)
  Iter 18	loss=5631.7412	uas=0.8845	las=0.8708	[41s]

 |U|^2: 425.256621 min: -0.715297	max: 0.416863
 |V|^2: 323.436686 min: -0.603597	max: 0.542507
 |W|^2: 131.304241 min: -1.888057	max: 1.852277
 |WL|^2: 83.299349 min: -0.808647	max: 0.808124

_____________________________________________

 Evaluation: data/arabic.test.lab.randInit_0.3_R50

  Tokens: 4990
  Sentences: 146
  UAS=0.801804	LAS=0.687575	CAS=0.095890	[3.24s]

_____________________________________________

  1000 (time=32s)
  Iter 19	loss=5124.7286	uas=0.8911	las=0.8789	[39s]

 |U|^2: 437.834359 min: -0.705949	max: 0.419466
 |V|^2: 332.403651 min: -0.606685	max: 0.553249
 |W|^2: 133.471225 min: -1.898272	max: 1.889934
 |WL|^2: 86.550149 min: -0.826144	max: 0.868487

_____________________________________________

 Evaluation: data/arabic.test.lab.randInit_0.3_R50

  Tokens: 4990
  Sentences: 146
  UAS=0.800802	LAS=0.686573	CAS=0.095890	[3.10s]

_____________________________________________

  1000 (time=30s)
  Iter 20	loss=4615.1656	uas=0.8974	las=0.8873	[37s]

 |U|^2: 449.151777 min: -0.685896	max: 0.428100
 |V|^2: 340.450628 min: -0.607683	max: 0.556120
 |W|^2: 135.642606 min: -1.924014	max: 1.924564
 |WL|^2: 89.465798 min: -0.878608	max: 0.898922

_____________________________________________

 Evaluation: data/arabic.test.lab.randInit_0.3_R50

  Tokens: 4990
  Sentences: 146
  UAS=0.801403	LAS=0.687174	CAS=0.095890	[2.96s]

_____________________________________________


Training took 964004 ms.
=============================================

 Evaluating: data/arabic.test.lab.randInit_0.3_R50
  Tokens: 4990
  Sentences: 146
  UAS=0.801403	LAS=0.687174	CAS=0.095890	[2.96s]
