------
FLAGS
------
train-file: data/arabic.train.lab.randInit_0.3_R70
test-file: data/arabic.test.lab.randInit_0.3_R70
model-name: runs/arabic.model.lab.randInit_0.3_R70
output-file: null
train: true
test: true
iters: 20
label: true
max-sent: -1
C: 0.01
label-loss-type: 0
gamma: 0.3 0.3
R: 70
word-vector:null
projective: false
pruning: true
hill-climbing converge (train): 300
hill-climbing converge (test): 100
thread: 4
file format: CONLL-X
feature hash bits: 30

use consecutive siblings: false
use grandparent: false
use head bigram: false
use grand siblings: false
use tri-siblings: false
use great-grandparent: false
use parent-sibling-child: false
use high-order: false
model: Basic
------

Creating dictionaries ... 
Filtered DEPLABEL (29-->22)
4 8
Lexical items: 16178 (14 bits)
Tag/label items: 60 (6 bits)  22 (5 bits)
Flag Bits: 9
Creation took [997 ms]
Creating Alphabet ... [2056 ms]
Hash collision: 0.1808% (3813 / 2108673)
Num of CONLL fine POS tags: 21
Num of CONLL coarse POS tags: 16
Num of labels: 22
Num of Syntactic Features: 64639 1073741823
Creating instances ... 1000 1460 [201 ms]
=============================================
 Training:
=============================================
Running MIRA ... 
  1000 (time=54s)
  Iter 1	loss=53841.8570	uas=0.4517	las=0.5576	[64s]

 |U|^2: 76.291806 min: -0.335102	max: 0.407792
 |V|^2: 76.144367 min: -0.231963	max: 0.181078
 |W|^2: 71.825655 min: -0.543729	max: 0.532899
 |WL|^2: 70.220634 min: -0.214209	max: 0.155272

_____________________________________________

 Evaluation: data/arabic.test.lab.randInit_0.3_R70

  Tokens: 4990
  Sentences: 146
  UAS=0.751503	LAS=0.628056	CAS=0.102740	[3.79s]

_____________________________________________

  1000 (time=41s)
  Iter 2	loss=41099.2331	uas=0.5541	las=0.6584	[50s]

 |U|^2: 88.711897 min: -0.461641	max: 0.627072
 |V|^2: 89.243105 min: -0.424935	max: 0.359825
 |W|^2: 73.316274 min: -0.669919	max: 0.617895
 |WL|^2: 71.095998 min: -0.327307	max: 0.354199

_____________________________________________

 Evaluation: data/arabic.test.lab.randInit_0.3_R70

  Tokens: 4990
  Sentences: 146
  UAS=0.765531	LAS=0.647495	CAS=0.109589	[3.23s]

_____________________________________________

  1000 (time=36s)
  Iter 3	loss=34638.3407	uas=0.5985	las=0.6925	[45s]

 |U|^2: 107.990806 min: -0.509283	max: 0.726691
 |V|^2: 108.431849 min: -0.466888	max: 0.456844
 |W|^2: 76.451850 min: -0.749505	max: 0.699985
 |WL|^2: 71.762433 min: -0.368315	max: 0.421142

_____________________________________________

 Evaluation: data/arabic.test.lab.randInit_0.3_R70

  Tokens: 4990
  Sentences: 146
  UAS=0.774749	LAS=0.660922	CAS=0.109589	[3.06s]

_____________________________________________

  1000 (time=38s)
  Iter 4	loss=29970.7170	uas=0.6340	las=0.7154	[48s]

 |U|^2: 135.709471 min: -0.493966	max: 0.742555
 |V|^2: 132.869006 min: -0.547961	max: 0.488504
 |W|^2: 80.969516 min: -0.844292	max: 0.801028
 |WL|^2: 72.508104 min: -0.398092	max: 0.440782

_____________________________________________

 Evaluation: data/arabic.test.lab.randInit_0.3_R70

  Tokens: 4990
  Sentences: 146
  UAS=0.779760	LAS=0.665731	CAS=0.109589	[4.36s]

_____________________________________________

  1000 (time=44s)
  Iter 5	loss=26061.8150	uas=0.6650	las=0.7325	[54s]

 |U|^2: 171.097999 min: -0.521063	max: 0.726023
 |V|^2: 160.425253 min: -0.627321	max: 0.500856
 |W|^2: 86.987360 min: -0.895639	max: 0.886816
 |WL|^2: 73.478355 min: -0.428729	max: 0.447828

_____________________________________________

 Evaluation: data/arabic.test.lab.randInit_0.3_R70

  Tokens: 4990
  Sentences: 146
  UAS=0.784770	LAS=0.671343	CAS=0.109589	[4.51s]

_____________________________________________

  1000 (time=38s)
  Iter 6	loss=22479.4465	uas=0.6984	las=0.7477	[47s]

 |U|^2: 208.787055 min: -0.521088	max: 0.672354
 |V|^2: 188.080928 min: -0.661697	max: 0.519699
 |W|^2: 94.413835 min: -1.002646	max: 1.003252
 |WL|^2: 74.917676 min: -0.515776	max: 0.485151

_____________________________________________

 Evaluation: data/arabic.test.lab.randInit_0.3_R70

  Tokens: 4990
  Sentences: 146
  UAS=0.787776	LAS=0.672745	CAS=0.109589	[3.38s]

_____________________________________________

  1000 (time=38s)
  Iter 7	loss=19515.5016	uas=0.7298	las=0.7612	[46s]

 |U|^2: 243.426167 min: -0.547833	max: 0.643315
 |V|^2: 212.989171 min: -0.695456	max: 0.513894
 |W|^2: 102.506476 min: -1.123540	max: 1.097715
 |WL|^2: 76.641875 min: -0.561944	max: 0.509235

_____________________________________________

 Evaluation: data/arabic.test.lab.randInit_0.3_R70

  Tokens: 4990
  Sentences: 146
  UAS=0.790982	LAS=0.675551	CAS=0.109589	[3.44s]

_____________________________________________

  1000 (time=33s)
  Iter 8	loss=16784.0073	uas=0.7586	las=0.7737	[42s]

 |U|^2: 273.282939 min: -0.526620	max: 0.608764
 |V|^2: 234.440175 min: -0.714562	max: 0.515556
 |W|^2: 110.789781 min: -1.231111	max: 1.181542
 |WL|^2: 78.625533 min: -0.575485	max: 0.534191

_____________________________________________

 Evaluation: data/arabic.test.lab.randInit_0.3_R70

  Tokens: 4990
  Sentences: 146
  UAS=0.791583	LAS=0.676152	CAS=0.109589	[3.33s]

_____________________________________________

  1000 (time=35s)
  Iter 9	loss=14585.3910	uas=0.7850	las=0.7866	[43s]

 |U|^2: 299.529427 min: -0.539001	max: 0.605991
 |V|^2: 253.362023 min: -0.726904	max: 0.519337
 |W|^2: 118.814274 min: -1.354168	max: 1.277827
 |WL|^2: 80.956955 min: -0.609162	max: 0.554894

_____________________________________________

 Evaluation: data/arabic.test.lab.randInit_0.3_R70

  Tokens: 4990
  Sentences: 146
  UAS=0.793387	LAS=0.678557	CAS=0.109589	[3.53s]

_____________________________________________

  1000 (time=37s)
  Iter 10	loss=12742.8993	uas=0.8056	las=0.7986	[45s]

 |U|^2: 323.258272 min: -0.540472	max: 0.572803
 |V|^2: 270.405499 min: -0.750554	max: 0.521704
 |W|^2: 126.247822 min: -1.476541	max: 1.369839
 |WL|^2: 83.302027 min: -0.640921	max: 0.564927

_____________________________________________

 Evaluation: data/arabic.test.lab.randInit_0.3_R70

  Tokens: 4990
  Sentences: 146
  UAS=0.795391	LAS=0.681363	CAS=0.109589	[3.77s]

_____________________________________________

  1000 (time=36s)
  Iter 11	loss=11246.1816	uas=0.8238	las=0.8114	[44s]

 |U|^2: 344.776052 min: -0.539552	max: 0.563387
 |V|^2: 286.229374 min: -0.751278	max: 0.538745
 |W|^2: 132.634328 min: -1.570525	max: 1.419395
 |WL|^2: 86.312673 min: -0.699176	max: 0.584790

_____________________________________________

 Evaluation: data/arabic.test.lab.randInit_0.3_R70

  Tokens: 4990
  Sentences: 146
  UAS=0.797595	LAS=0.683567	CAS=0.109589	[3.48s]

_____________________________________________

  1000 (time=35s)
  Iter 12	loss=9959.7601	uas=0.8413	las=0.8208	[43s]

 |U|^2: 364.833270 min: -0.548535	max: 0.546083
 |V|^2: 300.862953 min: -0.746216	max: 0.534612
 |W|^2: 138.147521 min: -1.659412	max: 1.450057
 |WL|^2: 89.229517 min: -0.710432	max: 0.598596

_____________________________________________

 Evaluation: data/arabic.test.lab.randInit_0.3_R70

  Tokens: 4990
  Sentences: 146
  UAS=0.799399	LAS=0.685571	CAS=0.109589	[3.22s]

_____________________________________________

  1000 (time=34s)
  Iter 13	loss=8845.8559	uas=0.8510	las=0.8323	[42s]

 |U|^2: 384.088376 min: -0.567146	max: 0.540365
 |V|^2: 315.122080 min: -0.746451	max: 0.535664
 |W|^2: 143.200391 min: -1.715120	max: 1.512529
 |WL|^2: 92.488190 min: -0.723729	max: 0.609860

_____________________________________________

 Evaluation: data/arabic.test.lab.randInit_0.3_R70

  Tokens: 4990
  Sentences: 146
  UAS=0.799800	LAS=0.685371	CAS=0.102740	[3.47s]

_____________________________________________

  1000 (time=34s)
  Iter 14	loss=7916.8341	uas=0.8631	las=0.8425	[41s]

 |U|^2: 402.615888 min: -0.558022	max: 0.526842
 |V|^2: 328.788069 min: -0.756301	max: 0.558781
 |W|^2: 147.437843 min: -1.755580	max: 1.543366
 |WL|^2: 96.100787 min: -0.743162	max: 0.636951

_____________________________________________

 Evaluation: data/arabic.test.lab.randInit_0.3_R70

  Tokens: 4990
  Sentences: 146
  UAS=0.799599	LAS=0.685972	CAS=0.102740	[2.99s]

_____________________________________________

  1000 (time=32s)
  Iter 15	loss=7075.9580	uas=0.8716	las=0.8511	[38s]

 |U|^2: 419.883717 min: -0.551582	max: 0.534975
 |V|^2: 341.504940 min: -0.764782	max: 0.571945
 |W|^2: 151.184002 min: -1.813872	max: 1.580254
 |WL|^2: 99.621421 min: -0.784179	max: 0.721856

_____________________________________________

 Evaluation: data/arabic.test.lab.randInit_0.3_R70

  Tokens: 4990
  Sentences: 146
  UAS=0.800000	LAS=0.685972	CAS=0.095890	[2.99s]

_____________________________________________

  1000 (time=36s)
  Iter 16	loss=6288.8232	uas=0.8798	las=0.8605	[43s]

 |U|^2: 435.776423 min: -0.551814	max: 0.556079
 |V|^2: 353.198934 min: -0.766193	max: 0.574448
 |W|^2: 154.441329 min: -1.848702	max: 1.627293
 |WL|^2: 103.209709 min: -0.834512	max: 0.751381

_____________________________________________

 Evaluation: data/arabic.test.lab.randInit_0.3_R70

  Tokens: 4990
  Sentences: 146
  UAS=0.801002	LAS=0.687174	CAS=0.095890	[2.85s]

_____________________________________________

  1000 (time=41s)
  Iter 17	loss=5651.1337	uas=0.8873	las=0.8705	[49s]

 |U|^2: 450.416226 min: -0.528921	max: 0.533161
 |V|^2: 364.203025 min: -0.772420	max: 0.586929
 |W|^2: 157.267098 min: -1.885416	max: 1.661963
 |WL|^2: 106.932515 min: -0.880054	max: 0.821043

_____________________________________________

 Evaluation: data/arabic.test.lab.randInit_0.3_R70

  Tokens: 4990
  Sentences: 146
  UAS=0.801002	LAS=0.686172	CAS=0.095890	[3.14s]

_____________________________________________

  1000 (time=32s)
  Iter 18	loss=5110.7322	uas=0.8929	las=0.8787	[38s]

 |U|^2: 463.533197 min: -0.532028	max: 0.537953
 |V|^2: 374.041483 min: -0.777324	max: 0.594205
 |W|^2: 159.806559 min: -1.916910	max: 1.687274
 |WL|^2: 110.396352 min: -0.915120	max: 0.874114

_____________________________________________

 Evaluation: data/arabic.test.lab.randInit_0.3_R70

  Tokens: 4990
  Sentences: 146
  UAS=0.801603	LAS=0.686774	CAS=0.095890	[2.88s]

_____________________________________________

  1000 (time=31s)
  Iter 19	loss=4614.8385	uas=0.9000	las=0.8861	[38s]

 |U|^2: 475.558210 min: -0.525491	max: 0.537172
 |V|^2: 383.187271 min: -0.785550	max: 0.597995
 |W|^2: 162.119660 min: -1.939835	max: 1.716864
 |WL|^2: 113.967315 min: -0.962237	max: 0.917677

_____________________________________________

 Evaluation: data/arabic.test.lab.randInit_0.3_R70

  Tokens: 4990
  Sentences: 146
  UAS=0.801202	LAS=0.685772	CAS=0.095890	[2.89s]

_____________________________________________

  1000 (time=31s)
  Iter 20	loss=4141.1565	uas=0.9046	las=0.8933	[38s]

 |U|^2: 485.902841 min: -0.520636	max: 0.537543
 |V|^2: 391.135991 min: -0.790506	max: 0.610943
 |W|^2: 164.213094 min: -1.967273	max: 1.738313
 |WL|^2: 117.078705 min: -0.988442	max: 0.956555

_____________________________________________

 Evaluation: data/arabic.test.lab.randInit_0.3_R70

  Tokens: 4990
  Sentences: 146
  UAS=0.800000	LAS=0.684369	CAS=0.095890	[2.94s]

_____________________________________________


Training took 1021202 ms.
=============================================

 Evaluating: data/arabic.test.lab.randInit_0.3_R70
  Tokens: 4990
  Sentences: 146
  UAS=0.800000	LAS=0.684369	CAS=0.095890	[2.94s]
