------
FLAGS
------
train-file: data/arabic.train.lab.svd_0.3_R50
test-file: data/arabic.test.lab.svd_0.3_R50
model-name: runs/arabic.model.lab.svd_0.3_R50
output-file: null
train: true
test: true
iters: 20
label: true
max-sent: -1
C: 0.01
label-loss-type: 0
gamma: 0.3 0.3
R: 50
word-vector:null
projective: false
pruning: true
hill-climbing converge (train): 300
hill-climbing converge (test): 100
thread: 4
file format: CONLL-X
feature hash bits: 30

use consecutive siblings: false
use grandparent: false
use head bigram: false
use grand siblings: false
use tri-siblings: false
use great-grandparent: false
use parent-sibling-child: false
use high-order: false
model: Basic
------

Creating dictionaries ... 
Filtered DEPLABEL (29-->22)
4 8
Lexical items: 16178 (14 bits)
Tag/label items: 60 (6 bits)  22 (5 bits)
Flag Bits: 9
Creation took [867 ms]
Creating Alphabet ... [1490 ms]
Hash collision: 0.1808% (3813 / 2108673)
Num of CONLL fine POS tags: 21
Num of CONLL coarse POS tags: 16
Num of labels: 22
Num of Syntactic Features: 64639 1073741823
Creating instances ... 1000 1460 [189 ms]
=============================================
 Pre-training:
=============================================
Running MIRA ... 
  1000 (time=40s)
  Iter 1	loss=57966.4499	uas=0.4774	las=0.6006	[49s]

 |U|^2: 0.000000 min: Infinity	max: -Infinity
 |V|^2: 0.000000 min: Infinity	max: -Infinity
 |W|^2: 0.000000 min: Infinity	max: -Infinity
 |WL|^2: 0.000000 min: Infinity	max: -Infinity

Init tensor ... 
  Unfolding matrix: 929413 / (64639*969585)  0.00% entries.
  Rank: 50 (max:50)  Sigma: max=1.446680 cut=0.226514

 |U|^2: 50.000000 min: -0.981858	max: 0.625896
 |V|^2: 50.000000 min: -0.979197	max: 0.912700
 |W|^2: 6.678646 min: -1.171437	max: 0.254436

Pre-training took 57100 ms.
=============================================

=============================================
 Training:
=============================================
Running MIRA ... 
  1000 (time=43s)
  Iter 1	loss=51707.9428	uas=0.5031	las=0.5727	[52s]

 |U|^2: 97.697281 min: -0.857507	max: 0.661190
 |V|^2: 94.102076 min: -0.949423	max: 0.900231
 |W|^2: 12.412934 min: -0.801327	max: 0.345974
 |WL|^2: 7.462858 min: -0.650812	max: 0.436425

_____________________________________________

 Evaluation: data/arabic.test.lab.svd_0.3_R50

  Tokens: 4990
  Sentences: 146
  UAS=0.764729	LAS=0.641283	CAS=0.095890	[3.87s]

_____________________________________________

  1000 (time=43s)
  Iter 2	loss=39000.6872	uas=0.5950	las=0.6701	[52s]

 |U|^2: 142.238782 min: -0.873542	max: 0.662073
 |V|^2: 132.402597 min: -0.955879	max: 0.892936
 |W|^2: 19.435002 min: -0.887516	max: 0.429950
 |WL|^2: 11.216489 min: -0.709827	max: 0.414070

_____________________________________________

 Evaluation: data/arabic.test.lab.svd_0.3_R50

  Tokens: 4990
  Sentences: 146
  UAS=0.778357	LAS=0.660721	CAS=0.109589	[4.07s]

_____________________________________________

  1000 (time=38s)
  Iter 3	loss=32103.3681	uas=0.6431	las=0.7032	[47s]

 |U|^2: 192.822023 min: -0.849569	max: 0.724665
 |V|^2: 172.485382 min: -0.939593	max: 0.913377
 |W|^2: 26.529653 min: -0.939382	max: 0.471088
 |WL|^2: 14.998289 min: -0.721697	max: 0.475228

_____________________________________________

 Evaluation: data/arabic.test.lab.svd_0.3_R50

  Tokens: 4990
  Sentences: 146
  UAS=0.784168	LAS=0.668337	CAS=0.109589	[4.23s]

_____________________________________________

  1000 (time=36s)
  Iter 4	loss=26753.1317	uas=0.6846	las=0.7276	[44s]

 |U|^2: 242.093784 min: -0.889008	max: 0.729531
 |V|^2: 209.886214 min: -0.968440	max: 0.963389
 |W|^2: 34.274244 min: -1.011312	max: 0.526339
 |WL|^2: 19.130129 min: -0.735856	max: 0.530810

_____________________________________________

 Evaluation: data/arabic.test.lab.svd_0.3_R50

  Tokens: 4990
  Sentences: 146
  UAS=0.788577	LAS=0.675150	CAS=0.109589	[3.32s]

_____________________________________________

  1000 (time=35s)
  Iter 5	loss=22374.1513	uas=0.7236	las=0.7487	[43s]

 |U|^2: 286.667172 min: -0.882288	max: 0.743566
 |V|^2: 244.111548 min: -1.027104	max: 1.029359
 |W|^2: 43.133953 min: -1.131892	max: 0.539758
 |WL|^2: 23.916908 min: -0.784401	max: 0.581761

_____________________________________________

 Evaluation: data/arabic.test.lab.svd_0.3_R50

  Tokens: 4990
  Sentences: 146
  UAS=0.792184	LAS=0.679158	CAS=0.109589	[3.26s]

_____________________________________________

  1000 (time=35s)
  Iter 6	loss=18930.9771	uas=0.7571	las=0.7664	[43s]

 |U|^2: 325.535169 min: -0.927881	max: 0.722157
 |V|^2: 273.835476 min: -1.056972	max: 1.090359
 |W|^2: 51.490371 min: -1.237957	max: 0.550316
 |WL|^2: 28.722377 min: -0.803886	max: 0.634695

_____________________________________________

 Evaluation: data/arabic.test.lab.svd_0.3_R50

  Tokens: 4990
  Sentences: 146
  UAS=0.794188	LAS=0.682164	CAS=0.116438	[3.05s]

_____________________________________________

  1000 (time=34s)
  Iter 7	loss=16111.1687	uas=0.7847	las=0.7831	[41s]

 |U|^2: 360.429038 min: -0.941869	max: 0.743186
 |V|^2: 300.929864 min: -1.100994	max: 1.111359
 |W|^2: 59.390508 min: -1.289249	max: 0.562204
 |WL|^2: 33.443282 min: -0.827955	max: 0.687126

_____________________________________________

 Evaluation: data/arabic.test.lab.svd_0.3_R50

  Tokens: 4990
  Sentences: 146
  UAS=0.796794	LAS=0.683968	CAS=0.116438	[3.03s]

_____________________________________________

  1000 (time=33s)
  Iter 8	loss=13761.0716	uas=0.8073	las=0.7981	[41s]

 |U|^2: 391.068923 min: -0.944333	max: 0.753456
 |V|^2: 324.648658 min: -1.154118	max: 1.145749
 |W|^2: 66.234575 min: -1.333110	max: 0.589455
 |WL|^2: 38.261392 min: -0.853246	max: 0.770785

_____________________________________________

 Evaluation: data/arabic.test.lab.svd_0.3_R50

  Tokens: 4990
  Sentences: 146
  UAS=0.798196	LAS=0.684770	CAS=0.116438	[3.07s]

_____________________________________________

  1000 (time=32s)
  Iter 9	loss=11859.5775	uas=0.8269	las=0.8122	[40s]

 |U|^2: 419.481967 min: -0.949203	max: 0.764404
 |V|^2: 346.449299 min: -1.171442	max: 1.172295
 |W|^2: 72.428387 min: -1.393486	max: 0.609362
 |WL|^2: 43.163297 min: -0.896101	max: 0.837636

_____________________________________________

 Evaluation: data/arabic.test.lab.svd_0.3_R50

  Tokens: 4990
  Sentences: 146
  UAS=0.797595	LAS=0.683768	CAS=0.116438	[3.04s]

_____________________________________________

  1000 (time=33s)
  Iter 10	loss=10257.5862	uas=0.8456	las=0.8265	[40s]

 |U|^2: 444.679961 min: -0.946740	max: 0.773174
 |V|^2: 365.556897 min: -1.186246	max: 1.207925
 |W|^2: 77.527252 min: -1.443622	max: 0.626241
 |WL|^2: 47.885209 min: -0.956846	max: 0.913667

_____________________________________________

 Evaluation: data/arabic.test.lab.svd_0.3_R50

  Tokens: 4990
  Sentences: 146
  UAS=0.798196	LAS=0.685170	CAS=0.116438	[5.49s]

_____________________________________________

  1000 (time=36s)
  Iter 11	loss=9016.5026	uas=0.8581	las=0.8395	[43s]

 |U|^2: 467.522493 min: -0.956153	max: 0.781192
 |V|^2: 382.630965 min: -1.202822	max: 1.239998
 |W|^2: 82.155473 min: -1.491015	max: 0.627987
 |WL|^2: 52.487462 min: -1.034602	max: 0.959574

_____________________________________________

 Evaluation: data/arabic.test.lab.svd_0.3_R50

  Tokens: 4990
  Sentences: 146
  UAS=0.798998	LAS=0.687575	CAS=0.116438	[3.53s]

_____________________________________________

  1000 (time=33s)
  Iter 12	loss=7798.6110	uas=0.8696	las=0.8526	[40s]

 |U|^2: 487.616950 min: -0.965172	max: 0.774644
 |V|^2: 397.563159 min: -1.223921	max: 1.274106
 |W|^2: 86.328578 min: -1.536732	max: 0.637805
 |WL|^2: 56.952762 min: -1.090385	max: 1.019267

_____________________________________________

 Evaluation: data/arabic.test.lab.svd_0.3_R50

  Tokens: 4990
  Sentences: 146
  UAS=0.800000	LAS=0.687575	CAS=0.116438	[3.25s]

_____________________________________________

  1000 (time=39s)
  Iter 13	loss=6888.2015	uas=0.8804	las=0.8621	[48s]

 |U|^2: 504.747975 min: -0.968192	max: 0.777308
 |V|^2: 410.232270 min: -1.244730	max: 1.288381
 |W|^2: 89.701917 min: -1.572989	max: 0.646061
 |WL|^2: 61.178448 min: -1.150174	max: 1.064607

_____________________________________________

 Evaluation: data/arabic.test.lab.svd_0.3_R50

  Tokens: 4990
  Sentences: 146
  UAS=0.800802	LAS=0.687575	CAS=0.116438	[4.49s]

_____________________________________________

  1000 (time=41s)
  Iter 14	loss=6100.4547	uas=0.8903	las=0.8729	[50s]

 |U|^2: 519.800435 min: -0.979036	max: 0.777456
 |V|^2: 421.392443 min: -1.254028	max: 1.314308
 |W|^2: 92.810030 min: -1.607085	max: 0.652948
 |WL|^2: 65.057937 min: -1.197282	max: 1.113939

_____________________________________________

 Evaluation: data/arabic.test.lab.svd_0.3_R50

  Tokens: 4990
  Sentences: 146
  UAS=0.800802	LAS=0.688577	CAS=0.109589	[3.99s]

_____________________________________________

  1000 (time=36s)
  Iter 15	loss=5390.9573	uas=0.8972	las=0.8830	[44s]

 |U|^2: 532.978565 min: -0.980987	max: 0.780718
 |V|^2: 431.302627 min: -1.270606	max: 1.341480
 |W|^2: 95.491243 min: -1.635896	max: 0.655743
 |WL|^2: 68.968886 min: -1.226337	max: 1.164981

_____________________________________________

 Evaluation: data/arabic.test.lab.svd_0.3_R50

  Tokens: 4990
  Sentences: 146
  UAS=0.801202	LAS=0.688978	CAS=0.109589	[4.06s]

_____________________________________________

  1000 (time=38s)
  Iter 16	loss=4854.1565	uas=0.9047	las=0.8908	[47s]

 |U|^2: 544.356275 min: -0.983722	max: 0.784197
 |V|^2: 439.855744 min: -1.276788	max: 1.373621
 |W|^2: 97.985830 min: -1.664627	max: 0.661838
 |WL|^2: 72.284393 min: -1.254332	max: 1.208854

_____________________________________________

 Evaluation: data/arabic.test.lab.svd_0.3_R50

  Tokens: 4990
  Sentences: 146
  UAS=0.801804	LAS=0.689379	CAS=0.109589	[4.22s]

_____________________________________________

  1000 (time=50s)
  Iter 17	loss=4305.7213	uas=0.9114	las=0.8958	[58s]

 |U|^2: 554.173528 min: -0.990046	max: 0.781852
 |V|^2: 447.241184 min: -1.309084	max: 1.389547
 |W|^2: 100.094775 min: -1.678550	max: 0.665721
 |WL|^2: 75.425681 min: -1.280978	max: 1.241641

_____________________________________________

 Evaluation: data/arabic.test.lab.svd_0.3_R50

  Tokens: 4990
  Sentences: 146
  UAS=0.801002	LAS=0.688176	CAS=0.109589	[3.38s]

_____________________________________________

  1000 (time=33s)
  Iter 18	loss=3843.8860	uas=0.9163	las=0.9046	[40s]

 |U|^2: 562.819722 min: -1.012448	max: 0.777858
 |V|^2: 453.845561 min: -1.300277	max: 1.404918
 |W|^2: 102.108788 min: -1.700316	max: 0.673347
 |WL|^2: 78.227760 min: -1.309861	max: 1.272244

_____________________________________________

 Evaluation: data/arabic.test.lab.svd_0.3_R50

  Tokens: 4990
  Sentences: 146
  UAS=0.800000	LAS=0.686974	CAS=0.102740	[3.13s]

_____________________________________________

  1000 (time=31s)
  Iter 19	loss=3496.2711	uas=0.9214	las=0.9084	[38s]

 |U|^2: 570.321261 min: -1.005127	max: 0.770485
 |V|^2: 459.579181 min: -1.315985	max: 1.434436
 |W|^2: 103.822532 min: -1.720236	max: 0.675096
 |WL|^2: 80.701106 min: -1.330574	max: 1.296416

_____________________________________________

 Evaluation: data/arabic.test.lab.svd_0.3_R50

  Tokens: 4990
  Sentences: 146
  UAS=0.799800	LAS=0.687174	CAS=0.102740	[3.41s]

_____________________________________________

  1000 (time=32s)
  Iter 20	loss=3149.8440	uas=0.9274	las=0.9135	[39s]

 |U|^2: 577.055896 min: -1.016493	max: 0.773267
 |V|^2: 464.807281 min: -1.325195	max: 1.446291
 |W|^2: 105.365221 min: -1.735194	max: 0.679561
 |WL|^2: 83.090934 min: -1.360301	max: 1.313319

_____________________________________________

 Evaluation: data/arabic.test.lab.svd_0.3_R50

  Tokens: 4990
  Sentences: 146
  UAS=0.800000	LAS=0.686573	CAS=0.102740	[3.20s]

_____________________________________________


Training took 1018788 ms.
=============================================

 Evaluating: data/arabic.test.lab.svd_0.3_R50
  Tokens: 4990
  Sentences: 146
  UAS=0.800000	LAS=0.686573	CAS=0.102740	[3.30s]
