------
FLAGS
------
train-file: data/arabic.train.lab.randInit_0.3_R70_2
test-file: data/arabic.test.lab.randInit_0.3_R70_2
model-name: runs/arabic.model.lab.randInit_0.3_R70_2
output-file: null
train: true
test: true
iters: 20
label: true
max-sent: -1
C: 0.01
label-loss-type: 0
gamma: 0.3 0.3
R: 70
word-vector:null
projective: false
pruning: true
hill-climbing converge (train): 300
hill-climbing converge (test): 100
thread: 4
file format: CONLL-X
feature hash bits: 30

use consecutive siblings: false
use grandparent: false
use head bigram: false
use grand siblings: false
use tri-siblings: false
use great-grandparent: false
use parent-sibling-child: false
use high-order: false
model: Basic
------

Creating dictionaries ... 
Filtered DEPLABEL (29-->22)
4 8
Lexical items: 16178 (14 bits)
Tag/label items: 60 (6 bits)  22 (5 bits)
Flag Bits: 9
Creation took [954 ms]
Creating Alphabet ... [1637 ms]
Hash collision: 0.1808% (3813 / 2108673)
Num of CONLL fine POS tags: 21
Num of CONLL coarse POS tags: 16
Num of labels: 22
Num of Syntactic Features: 64639 1073741823
Creating instances ... 1000 1460 [239 ms]
=============================================
 Training:
=============================================
Running MIRA ... 
  1000 (time=49s)
  Iter 1	loss=53924.2615	uas=0.4509	las=0.5581	[58s]

 |U|^2: 75.385647 min: -0.450927	max: 0.311621
 |V|^2: 75.675374 min: -0.189888	max: 0.245503
 |W|^2: 71.513288 min: -0.599112	max: 0.590255
 |WL|^2: 70.229515 min: -0.288689	max: 0.183521

_____________________________________________

 Evaluation: data/arabic.test.lab.randInit_0.3_R70_2

  Tokens: 4990
  Sentences: 146
  UAS=0.752505	LAS=0.630862	CAS=0.109589	[3.05s]

_____________________________________________

  1000 (time=39s)
  Iter 2	loss=40998.6120	uas=0.5522	las=0.6580	[48s]

 |U|^2: 86.400873 min: -0.760693	max: 0.375744
 |V|^2: 88.060009 min: -0.349151	max: 0.458248
 |W|^2: 73.253303 min: -0.697240	max: 0.620418
 |WL|^2: 71.088046 min: -0.366863	max: 0.297114

_____________________________________________

 Evaluation: data/arabic.test.lab.randInit_0.3_R70_2

  Tokens: 4990
  Sentences: 146
  UAS=0.765531	LAS=0.647896	CAS=0.109589	[3.27s]

_____________________________________________

  1000 (time=38s)
  Iter 3	loss=34752.9463	uas=0.5969	las=0.6929	[47s]

 |U|^2: 102.519855 min: -0.844369	max: 0.323178
 |V|^2: 104.163026 min: -0.455328	max: 0.485436
 |W|^2: 75.705357 min: -0.793556	max: 0.682041
 |WL|^2: 71.815008 min: -0.420559	max: 0.377593

_____________________________________________

 Evaluation: data/arabic.test.lab.randInit_0.3_R70_2

  Tokens: 4990
  Sentences: 146
  UAS=0.774349	LAS=0.660321	CAS=0.109589	[2.90s]

_____________________________________________

  1000 (time=35s)
  Iter 4	loss=30284.9887	uas=0.6291	las=0.7154	[45s]

 |U|^2: 126.300971 min: -0.896627	max: 0.372210
 |V|^2: 125.879254 min: -0.517940	max: 0.517032
 |W|^2: 79.958181 min: -0.862622	max: 0.741558
 |WL|^2: 72.625350 min: -0.471563	max: 0.420589

_____________________________________________

 Evaluation: data/arabic.test.lab.randInit_0.3_R70_2

  Tokens: 4990
  Sentences: 146
  UAS=0.778156	LAS=0.664729	CAS=0.109589	[2.87s]

_____________________________________________

  1000 (time=34s)
  Iter 5	loss=26356.2869	uas=0.6627	las=0.7322	[42s]

 |U|^2: 157.633759 min: -0.848574	max: 0.407214
 |V|^2: 151.291319 min: -0.527405	max: 0.500610
 |W|^2: 85.320892 min: -1.007337	max: 0.851861
 |WL|^2: 73.726590 min: -0.541986	max: 0.471715

_____________________________________________

 Evaluation: data/arabic.test.lab.randInit_0.3_R70_2

  Tokens: 4990
  Sentences: 146
  UAS=0.783567	LAS=0.670942	CAS=0.102740	[2.78s]

_____________________________________________

  1000 (time=34s)
  Iter 6	loss=22932.8341	uas=0.6923	las=0.7477	[42s]

 |U|^2: 192.051432 min: -0.795893	max: 0.426901
 |V|^2: 177.528925 min: -0.550564	max: 0.542457
 |W|^2: 91.889469 min: -1.072766	max: 0.946024
 |WL|^2: 74.926989 min: -0.589308	max: 0.496563

_____________________________________________

 Evaluation: data/arabic.test.lab.randInit_0.3_R70_2

  Tokens: 4990
  Sentences: 146
  UAS=0.786974	LAS=0.671343	CAS=0.102740	[2.90s]

_____________________________________________

  1000 (time=34s)
  Iter 7	loss=19984.0437	uas=0.7209	las=0.7625	[41s]

 |U|^2: 226.176365 min: -0.715812	max: 0.454564
 |V|^2: 202.561001 min: -0.545392	max: 0.517342
 |W|^2: 99.151510 min: -1.105344	max: 1.048468
 |WL|^2: 76.396503 min: -0.607234	max: 0.517444

_____________________________________________

 Evaluation: data/arabic.test.lab.randInit_0.3_R70_2

  Tokens: 4990
  Sentences: 146
  UAS=0.791182	LAS=0.675752	CAS=0.102740	[2.95s]

_____________________________________________

  1000 (time=34s)
  Iter 8	loss=17409.3177	uas=0.7477	las=0.7738	[41s]

 |U|^2: 256.875620 min: -0.705723	max: 0.465700
 |V|^2: 224.910912 min: -0.576683	max: 0.522009
 |W|^2: 106.985577 min: -1.213336	max: 1.120684
 |WL|^2: 78.278271 min: -0.627454	max: 0.542354

_____________________________________________

 Evaluation: data/arabic.test.lab.randInit_0.3_R70_2

  Tokens: 4990
  Sentences: 146
  UAS=0.791182	LAS=0.676152	CAS=0.102740	[2.81s]

_____________________________________________

  1000 (time=33s)
  Iter 9	loss=15071.5064	uas=0.7745	las=0.7857	[40s]

 |U|^2: 284.161506 min: -0.640373	max: 0.503033
 |V|^2: 244.735665 min: -0.574174	max: 0.525938
 |W|^2: 115.163859 min: -1.320673	max: 1.225982
 |WL|^2: 80.353121 min: -0.646763	max: 0.566994

_____________________________________________

 Evaluation: data/arabic.test.lab.randInit_0.3_R70_2

  Tokens: 4990
  Sentences: 146
  UAS=0.793988	LAS=0.679359	CAS=0.102740	[2.84s]

_____________________________________________

  1000 (time=32s)
  Iter 10	loss=13269.2220	uas=0.7955	las=0.7973	[39s]

 |U|^2: 308.213898 min: -0.615830	max: 0.490529
 |V|^2: 262.577739 min: -0.574605	max: 0.535629
 |W|^2: 122.664073 min: -1.443116	max: 1.312799
 |WL|^2: 82.820534 min: -0.688376	max: 0.579064

_____________________________________________

 Evaluation: data/arabic.test.lab.randInit_0.3_R70_2

  Tokens: 4990
  Sentences: 146
  UAS=0.794589	LAS=0.680762	CAS=0.102740	[2.90s]

_____________________________________________

  1000 (time=32s)
  Iter 11	loss=11715.2589	uas=0.8155	las=0.8081	[39s]

 |U|^2: 329.771458 min: -0.576899	max: 0.488160
 |V|^2: 278.646461 min: -0.584394	max: 0.534990
 |W|^2: 129.276703 min: -1.548655	max: 1.367488
 |WL|^2: 85.518033 min: -0.705005	max: 0.623159

_____________________________________________

 Evaluation: data/arabic.test.lab.randInit_0.3_R70_2

  Tokens: 4990
  Sentences: 146
  UAS=0.795992	LAS=0.680561	CAS=0.102740	[2.86s]

_____________________________________________

  1000 (time=31s)
  Iter 12	loss=10436.7545	uas=0.8307	las=0.8186	[39s]

 |U|^2: 349.995473 min: -0.572018	max: 0.493682
 |V|^2: 293.784215 min: -0.580338	max: 0.547338
 |W|^2: 135.413531 min: -1.627257	max: 1.435020
 |WL|^2: 88.264510 min: -0.732438	max: 0.673631

_____________________________________________

 Evaluation: data/arabic.test.lab.randInit_0.3_R70_2

  Tokens: 4990
  Sentences: 146
  UAS=0.799399	LAS=0.683367	CAS=0.102740	[2.92s]

_____________________________________________

  1000 (time=32s)
  Iter 13	loss=9255.6934	uas=0.8431	las=0.8298	[39s]

 |U|^2: 368.948342 min: -0.561210	max: 0.500886
 |V|^2: 307.832913 min: -0.584931	max: 0.536767
 |W|^2: 140.447994 min: -1.694136	max: 1.471680
 |WL|^2: 91.277212 min: -0.749197	max: 0.717134

_____________________________________________

 Evaluation: data/arabic.test.lab.randInit_0.3_R70_2

  Tokens: 4990
  Sentences: 146
  UAS=0.799198	LAS=0.683567	CAS=0.102740	[2.99s]

_____________________________________________

  1000 (time=32s)
  Iter 14	loss=8369.5250	uas=0.8536	las=0.8377	[39s]

 |U|^2: 387.368346 min: -0.547497	max: 0.514166
 |V|^2: 321.334568 min: -0.559472	max: 0.545157
 |W|^2: 145.056329 min: -1.759180	max: 1.505864
 |WL|^2: 94.427075 min: -0.746144	max: 0.720549

_____________________________________________

 Evaluation: data/arabic.test.lab.randInit_0.3_R70_2

  Tokens: 4990
  Sentences: 146
  UAS=0.799599	LAS=0.683567	CAS=0.095890	[2.98s]

_____________________________________________

  1000 (time=32s)
  Iter 15	loss=7500.2647	uas=0.8635	las=0.8489	[39s]

 |U|^2: 405.145345 min: -0.534070	max: 0.512484
 |V|^2: 334.311500 min: -0.568053	max: 0.546963
 |W|^2: 149.037643 min: -1.826384	max: 1.545049
 |WL|^2: 97.833755 min: -0.771466	max: 0.753765

_____________________________________________

 Evaluation: data/arabic.test.lab.randInit_0.3_R70_2

  Tokens: 4990
  Sentences: 146
  UAS=0.801202	LAS=0.685170	CAS=0.095890	[3.09s]

_____________________________________________

  1000 (time=32s)
  Iter 16	loss=6743.5758	uas=0.8711	las=0.8574	[39s]

 |U|^2: 421.898197 min: -0.526954	max: 0.514800
 |V|^2: 346.361277 min: -0.570194	max: 0.544763
 |W|^2: 152.690689 min: -1.888257	max: 1.567415
 |WL|^2: 101.143446 min: -0.774161	max: 0.759624

_____________________________________________

 Evaluation: data/arabic.test.lab.randInit_0.3_R70_2

  Tokens: 4990
  Sentences: 146
  UAS=0.800401	LAS=0.685371	CAS=0.095890	[2.96s]

_____________________________________________

  1000 (time=32s)
  Iter 17	loss=6022.8468	uas=0.8810	las=0.8646	[39s]

 |U|^2: 437.454706 min: -0.518189	max: 0.513686
 |V|^2: 357.678255 min: -0.580403	max: 0.550036
 |W|^2: 155.898807 min: -1.935717	max: 1.584358
 |WL|^2: 104.717566 min: -0.773678	max: 0.764514

_____________________________________________

 Evaluation: data/arabic.test.lab.randInit_0.3_R70_2

  Tokens: 4990
  Sentences: 146
  UAS=0.800802	LAS=0.686172	CAS=0.095890	[2.91s]

_____________________________________________

  1000 (time=31s)
  Iter 18	loss=5453.3738	uas=0.8867	las=0.8745	[38s]

 |U|^2: 451.641751 min: -0.504067	max: 0.510643
 |V|^2: 367.886275 min: -0.599219	max: 0.555042
 |W|^2: 158.708045 min: -1.980582	max: 1.596402
 |WL|^2: 108.192509 min: -0.775915	max: 0.773470

_____________________________________________

 Evaluation: data/arabic.test.lab.randInit_0.3_R70_2

  Tokens: 4990
  Sentences: 146
  UAS=0.800200	LAS=0.685371	CAS=0.095890	[2.90s]

_____________________________________________

  1000 (time=31s)
  Iter 19	loss=4879.3021	uas=0.8954	las=0.8816	[38s]

 |U|^2: 464.747583 min: -0.505247	max: 0.504331
 |V|^2: 377.349870 min: -0.616392	max: 0.558610
 |W|^2: 161.230175 min: -2.016051	max: 1.615862
 |WL|^2: 111.745028 min: -0.807937	max: 0.801254

_____________________________________________

 Evaluation: data/arabic.test.lab.randInit_0.3_R70_2

  Tokens: 4990
  Sentences: 146
  UAS=0.800200	LAS=0.684970	CAS=0.095890	[3.03s]

_____________________________________________

  1000 (time=31s)
  Iter 20	loss=4378.0017	uas=0.9005	las=0.8898	[38s]

 |U|^2: 476.175821 min: -0.500727	max: 0.502301
 |V|^2: 385.626487 min: -0.619662	max: 0.561821
 |W|^2: 163.484804 min: -2.041879	max: 1.628643
 |WL|^2: 114.952764 min: -0.850525	max: 0.840401

_____________________________________________

 Evaluation: data/arabic.test.lab.randInit_0.3_R70_2

  Tokens: 4990
  Sentences: 146
  UAS=0.799399	LAS=0.684168	CAS=0.095890	[2.92s]

_____________________________________________


Training took 942174 ms.
=============================================

 Evaluating: data/arabic.test.lab.randInit_0.3_R70_2
  Tokens: 4990
  Sentences: 146
  UAS=0.799399	LAS=0.684168	CAS=0.095890	[2.96s]
