------
FLAGS
------
train-file: data/bulgarian.train.lab.svd_0.3_R50
test-file: data/bulgarian.test.lab.svd_0.3_R50
model-name: runs/bulgarian.model.lab.svd_0.3_R50
output-file: null
train: true
test: true
iters: 20
label: true
max-sent: -1
C: 0.01
label-loss-type: 0
gamma: 0.3 0.3
R: 50
word-vector:null
projective: false
pruning: true
hill-climbing converge (train): 300
hill-climbing converge (test): 100
thread: 4
file format: CONLL-X
feature hash bits: 30

use consecutive siblings: false
use grandparent: false
use head bigram: false
use grand siblings: false
use tri-siblings: false
use great-grandparent: false
use parent-sibling-child: false
use high-order: false
model: Basic
------

Creating dictionaries ... 
Filtered DEPLABEL (21-->19)
4 8
Lexical items: 32026 (15 bits)
Tag/label items: 122 (7 bits)  19 (5 bits)
Flag Bits: 9
Creation took [2416 ms]
Creating Alphabet ... [5421 ms]
Hash collision: 0.5707% (38022 / 6662218)
Num of CONLL fine POS tags: 55
Num of CONLL coarse POS tags: 13
Num of labels: 19
Num of Syntactic Features: 110452 1073741823
Creating instances ... 1000 2000 3000 4000 5000 6000 7000 8000 9000 10000 11000 12000 12823 [610 ms]
=============================================
 Pre-training:
=============================================
Running MIRA ... 
  1282 (time=12s)  2564 (time=19s)  3846 (time=29s)  5128 (time=37s)  6410 (time=45s)  7692 (time=53s)  8974 (time=62s)  10256 (time=70s)  11538 (time=80s)  12820 (time=88s)
  Iter 1	loss=89354.2589	uas=0.6441	las=0.8185	[88s]

 |U|^2: 0.000000 min: Infinity	max: -Infinity
 |V|^2: 0.000000 min: Infinity	max: -Infinity
 |W|^2: 0.000000 min: Infinity	max: -Infinity
 |WL|^2: 0.000000 min: Infinity	max: -Infinity

Init tensor ... 
  Unfolding matrix: 1715651 / (110452*1656780)  0.00% entries.
  Rank: 50 (max:50)  Sigma: max=2.249309 cut=0.347873

 |U|^2: 50.000000 min: -0.598130	max: 0.965043
 |V|^2: 50.000000 min: -0.971397	max: 0.630173
 |W|^2: 17.387449 min: -2.051523	max: 0.671809

Pre-training took 102346 ms.
=============================================

=============================================
 Training:
=============================================
Running MIRA ... 
  1282 (time=8s)  2564 (time=15s)  3846 (time=27s)  5128 (time=37s)  6410 (time=45s)  7692 (time=54s)  8974 (time=64s)  10256 (time=73s)  11538 (time=84s)  12820 (time=91s)
  Iter 1	loss=79763.0992	uas=0.6924	las=0.8207	[91s]

 |U|^2: 150.169640 min: -0.860129	max: 1.335219
 |V|^2: 152.652166 min: -0.771155	max: 0.662940
 |W|^2: 26.211962 min: -0.931594	max: 0.870121
 |WL|^2: 14.462809 min: -0.628910	max: 0.637982

_____________________________________________

 Evaluation: data/bulgarian.test.lab.svd_0.3_R50

  Tokens: 5013
  Sentences: 398
  UAS=0.905246	LAS=0.855376	CAS=0.281407	[2.19s]

_____________________________________________

  1282 (time=6s)  2564 (time=11s)  3846 (time=20s)  5128 (time=28s)  6410 (time=36s)  7692 (time=44s)  8974 (time=55s)  10256 (time=64s)  11538 (time=74s)  12820 (time=82s)
  Iter 2	loss=49803.3995	uas=0.7817	las=0.8856	[82s]

 |U|^2: 216.474394 min: -0.912456	max: 1.250033
 |V|^2: 223.062161 min: -0.771243	max: 0.761250
 |W|^2: 34.174905 min: -0.930450	max: 0.932184
 |WL|^2: 20.098590 min: -0.705163	max: 0.732468

_____________________________________________

 Evaluation: data/bulgarian.test.lab.svd_0.3_R50

  Tokens: 5013
  Sentences: 398
  UAS=0.913824	LAS=0.865949	CAS=0.291457	[1.89s]

_____________________________________________

  1282 (time=5s)  2564 (time=11s)  3846 (time=22s)  5128 (time=32s)  6410 (time=44s)  7692 (time=51s)  8974 (time=60s)  10256 (time=68s)  11538 (time=78s)  12820 (time=85s)
  Iter 3	loss=37872.6268	uas=0.8163	las=0.9027	[85s]

 |U|^2: 277.648871 min: -0.890300	max: 1.211292
 |V|^2: 289.267125 min: -0.732632	max: 0.791699
 |W|^2: 44.536684 min: -0.995746	max: 1.002711
 |WL|^2: 25.352597 min: -0.755960	max: 0.802062

_____________________________________________

 Evaluation: data/bulgarian.test.lab.svd_0.3_R50

  Tokens: 5013
  Sentences: 398
  UAS=0.920806	LAS=0.876322	CAS=0.301508	[1.84s]

_____________________________________________

  1282 (time=5s)  2564 (time=10s)  3846 (time=19s)  5128 (time=27s)  6410 (time=35s)  7692 (time=42s)  8974 (time=50s)  10256 (time=59s)  11538 (time=68s)  12820 (time=76s)
  Iter 4	loss=30131.6649	uas=0.8415	las=0.9127	[76s]

 |U|^2: 331.891804 min: -0.866633	max: 1.189875
 |V|^2: 350.317471 min: -0.754009	max: 0.788642
 |W|^2: 55.978481 min: -1.086132	max: 1.030640
 |WL|^2: 30.584152 min: -0.793383	max: 0.875918

_____________________________________________

 Evaluation: data/bulgarian.test.lab.svd_0.3_R50

  Tokens: 5013
  Sentences: 398
  UAS=0.921005	LAS=0.876920	CAS=0.309045	[1.96s]

_____________________________________________

  1282 (time=5s)  2564 (time=10s)  3846 (time=19s)  5128 (time=26s)  6410 (time=35s)  7692 (time=42s)  8974 (time=50s)  10256 (time=58s)  11538 (time=68s)  12820 (time=74s)
  Iter 5	loss=24335.1462	uas=0.8628	las=0.9193	[74s]

 |U|^2: 378.117831 min: -0.846030	max: 1.161304
 |V|^2: 405.593337 min: -0.747117	max: 0.766134
 |W|^2: 67.870678 min: -1.192852	max: 1.085168
 |WL|^2: 36.190287 min: -0.854949	max: 0.945972

_____________________________________________

 Evaluation: data/bulgarian.test.lab.svd_0.3_R50

  Tokens: 5013
  Sentences: 398
  UAS=0.921803	LAS=0.879114	CAS=0.314070	[1.89s]

_____________________________________________

  1282 (time=5s)  2564 (time=10s)  3846 (time=18s)  5128 (time=26s)  6410 (time=34s)  7692 (time=41s)  8974 (time=49s)  10256 (time=57s)  11538 (time=66s)  12820 (time=73s)
  Iter 6	loss=19681.9111	uas=0.8806	las=0.9248	[73s]

 |U|^2: 415.954471 min: -0.840285	max: 1.145257
 |V|^2: 453.440139 min: -0.786655	max: 0.756167
 |W|^2: 79.463454 min: -1.300377	max: 1.133544
 |WL|^2: 41.791567 min: -0.868558	max: 1.034240

_____________________________________________

 Evaluation: data/bulgarian.test.lab.svd_0.3_R50

  Tokens: 5013
  Sentences: 398
  UAS=0.922202	LAS=0.880710	CAS=0.324121	[1.87s]

_____________________________________________

  1282 (time=5s)  2564 (time=10s)  3846 (time=18s)  5128 (time=25s)  6410 (time=32s)  7692 (time=40s)  8974 (time=48s)  10256 (time=56s)  11538 (time=64s)  12820 (time=71s)
  Iter 7	loss=15976.9364	uas=0.8970	las=0.9291	[71s]

 |U|^2: 446.974796 min: -0.844979	max: 1.134063
 |V|^2: 494.731151 min: -0.787989	max: 0.785182
 |W|^2: 90.054009 min: -1.414630	max: 1.154425
 |WL|^2: 47.518898 min: -0.920446	max: 1.074676

_____________________________________________

 Evaluation: data/bulgarian.test.lab.svd_0.3_R50

  Tokens: 5013
  Sentences: 398
  UAS=0.922402	LAS=0.881109	CAS=0.324121	[1.87s]

_____________________________________________

  1282 (time=4s)  2564 (time=9s)  3846 (time=17s)  5128 (time=24s)  6410 (time=32s)  7692 (time=39s)  8974 (time=47s)  10256 (time=55s)  11538 (time=64s)  12820 (time=70s)
  Iter 8	loss=13058.9662	uas=0.9097	las=0.9341	[70s]

 |U|^2: 471.937559 min: -0.870749	max: 1.152932
 |V|^2: 529.094446 min: -0.783589	max: 0.837327
 |W|^2: 98.956820 min: -1.495675	max: 1.171664
 |WL|^2: 53.025766 min: -0.930551	max: 1.133858

_____________________________________________

 Evaluation: data/bulgarian.test.lab.svd_0.3_R50

  Tokens: 5013
  Sentences: 398
  UAS=0.921604	LAS=0.880710	CAS=0.326633	[1.85s]

_____________________________________________

  1282 (time=4s)  2564 (time=9s)  3846 (time=17s)  5128 (time=24s)  6410 (time=31s)  7692 (time=38s)  8974 (time=46s)  10256 (time=54s)  11538 (time=63s)  12820 (time=70s)
  Iter 9	loss=10653.9225	uas=0.9196	las=0.9389	[70s]

 |U|^2: 492.207122 min: -0.882768	max: 1.206763
 |V|^2: 556.798358 min: -0.799412	max: 0.871348
 |W|^2: 106.292854 min: -1.572602	max: 1.192832
 |WL|^2: 58.292434 min: -0.976197	max: 1.172031

_____________________________________________

 Evaluation: data/bulgarian.test.lab.svd_0.3_R50

  Tokens: 5013
  Sentences: 398
  UAS=0.922801	LAS=0.881907	CAS=0.326633	[1.92s]

_____________________________________________

  1282 (time=4s)  2564 (time=10s)  3846 (time=18s)  5128 (time=24s)  6410 (time=32s)  7692 (time=39s)  8974 (time=47s)  10256 (time=55s)  11538 (time=65s)  12820 (time=71s)
  Iter 10	loss=8755.7648	uas=0.9286	las=0.9432	[71s]

 |U|^2: 508.423848 min: -0.907034	max: 1.256483
 |V|^2: 578.577121 min: -0.822596	max: 0.893915
 |W|^2: 112.126762 min: -1.620550	max: 1.199944
 |WL|^2: 63.002393 min: -1.009448	max: 1.223339

_____________________________________________

 Evaluation: data/bulgarian.test.lab.svd_0.3_R50

  Tokens: 5013
  Sentences: 398
  UAS=0.923000	LAS=0.881708	CAS=0.326633	[1.99s]

_____________________________________________

  1282 (time=5s)  2564 (time=10s)  3846 (time=18s)  5128 (time=25s)  6410 (time=32s)  7692 (time=40s)  8974 (time=48s)  10256 (time=57s)  11538 (time=66s)  12820 (time=73s)
  Iter 11	loss=7283.8722	uas=0.9360	las=0.9474	[73s]

 |U|^2: 521.824836 min: -0.921445	max: 1.308260
 |V|^2: 596.316345 min: -0.820156	max: 0.925842
 |W|^2: 117.167149 min: -1.665102	max: 1.208951
 |WL|^2: 67.162632 min: -1.047796	max: 1.266242

_____________________________________________

 Evaluation: data/bulgarian.test.lab.svd_0.3_R50

  Tokens: 5013
  Sentences: 398
  UAS=0.923798	LAS=0.882306	CAS=0.326633	[1.95s]

_____________________________________________

  1282 (time=4s)  2564 (time=9s)  3846 (time=17s)  5128 (time=24s)  6410 (time=34s)  7692 (time=41s)  8974 (time=49s)  10256 (time=58s)  11538 (time=67s)  12820 (time=74s)
  Iter 12	loss=6070.0155	uas=0.9425	las=0.9510	[74s]

 |U|^2: 532.819035 min: -0.928876	max: 1.343977
 |V|^2: 610.566839 min: -0.835570	max: 0.963082
 |W|^2: 121.153313 min: -1.701906	max: 1.210125
 |WL|^2: 70.970653 min: -1.080811	max: 1.309293

_____________________________________________

 Evaluation: data/bulgarian.test.lab.svd_0.3_R50

  Tokens: 5013
  Sentences: 398
  UAS=0.922801	LAS=0.880710	CAS=0.319095	[2.07s]

_____________________________________________

  1282 (time=5s)  2564 (time=10s)  3846 (time=18s)  5128 (time=25s)  6410 (time=34s)  7692 (time=42s)  8974 (time=51s)  10256 (time=61s)  11538 (time=70s)  12820 (time=79s)
  Iter 13	loss=5148.2428	uas=0.9472	las=0.9541	[79s]

 |U|^2: 541.838591 min: -0.939470	max: 1.376751
 |V|^2: 622.065174 min: -0.849040	max: 0.996424
 |W|^2: 124.468218 min: -1.734000	max: 1.212826
 |WL|^2: 74.204472 min: -1.095653	max: 1.323866

_____________________________________________

 Evaluation: data/bulgarian.test.lab.svd_0.3_R50

  Tokens: 5013
  Sentences: 398
  UAS=0.923399	LAS=0.881109	CAS=0.316583	[2.21s]

_____________________________________________

  1282 (time=5s)  2564 (time=10s)  3846 (time=18s)  5128 (time=25s)  6410 (time=33s)  7692 (time=42s)  8974 (time=51s)  10256 (time=60s)  11538 (time=70s)  12820 (time=76s)
  Iter 14	loss=4434.1893	uas=0.9517	las=0.9573	[76s]

 |U|^2: 549.277349 min: -0.940708	max: 1.388263
 |V|^2: 631.528393 min: -0.845731	max: 1.016959
 |W|^2: 127.108274 min: -1.754808	max: 1.221947
 |WL|^2: 76.960087 min: -1.110608	max: 1.337824

_____________________________________________

 Evaluation: data/bulgarian.test.lab.svd_0.3_R50

  Tokens: 5013
  Sentences: 398
  UAS=0.923599	LAS=0.881708	CAS=0.314070	[2.02s]

_____________________________________________

  1282 (time=5s)  2564 (time=10s)  3846 (time=18s)  5128 (time=25s)  6410 (time=34s)  7692 (time=42s)  8974 (time=51s)  10256 (time=60s)  11538 (time=69s)  12820 (time=75s)
  Iter 15	loss=3826.1528	uas=0.9548	las=0.9599	[75s]

 |U|^2: 555.789558 min: -0.945225	max: 1.414579
 |V|^2: 639.715417 min: -0.842329	max: 1.039317
 |W|^2: 129.339355 min: -1.775250	max: 1.226485
 |WL|^2: 79.575193 min: -1.129274	max: 1.361349

_____________________________________________

 Evaluation: data/bulgarian.test.lab.svd_0.3_R50

  Tokens: 5013
  Sentences: 398
  UAS=0.924397	LAS=0.882107	CAS=0.311558	[2.30s]

_____________________________________________

  1282 (time=4s)  2564 (time=10s)  3846 (time=17s)  5128 (time=24s)  6410 (time=32s)  7692 (time=39s)  8974 (time=48s)  10256 (time=60s)  11538 (time=73s)  12820 (time=80s)
  Iter 16	loss=3366.2271	uas=0.9578	las=0.9625	[80s]

 |U|^2: 561.166773 min: -0.953984	max: 1.421914
 |V|^2: 646.493998 min: -0.857378	max: 1.062012
 |W|^2: 131.123410 min: -1.791898	max: 1.232495
 |WL|^2: 81.705653 min: -1.140581	max: 1.368394

_____________________________________________

 Evaluation: data/bulgarian.test.lab.svd_0.3_R50

  Tokens: 5013
  Sentences: 398
  UAS=0.924397	LAS=0.881708	CAS=0.311558	[2.18s]

_____________________________________________

  1282 (time=5s)  2564 (time=10s)  3846 (time=18s)  5128 (time=25s)  6410 (time=33s)  7692 (time=40s)  8974 (time=48s)  10256 (time=58s)  11538 (time=67s)  12820 (time=74s)
  Iter 17	loss=2982.1763	uas=0.9605	las=0.9642	[74s]

 |U|^2: 565.860851 min: -0.951792	max: 1.437644
 |V|^2: 652.396253 min: -0.862067	max: 1.082334
 |W|^2: 132.658693 min: -1.810162	max: 1.238982
 |WL|^2: 83.611711 min: -1.152024	max: 1.382737

_____________________________________________

 Evaluation: data/bulgarian.test.lab.svd_0.3_R50

  Tokens: 5013
  Sentences: 398
  UAS=0.924796	LAS=0.881907	CAS=0.306533	[1.93s]

_____________________________________________

  1282 (time=4s)  2564 (time=9s)  3846 (time=17s)  5128 (time=23s)  6410 (time=31s)  7692 (time=38s)  8974 (time=46s)  10256 (time=54s)  11538 (time=62s)  12820 (time=69s)
  Iter 18	loss=2686.6056	uas=0.9622	las=0.9656	[69s]

 |U|^2: 569.957702 min: -0.952992	max: 1.441526
 |V|^2: 657.586367 min: -0.871142	max: 1.097946
 |W|^2: 133.937248 min: -1.822641	max: 1.240524
 |WL|^2: 85.312038 min: -1.163210	max: 1.394671

_____________________________________________

 Evaluation: data/bulgarian.test.lab.svd_0.3_R50

  Tokens: 5013
  Sentences: 398
  UAS=0.925394	LAS=0.882107	CAS=0.306533	[1.93s]

_____________________________________________

  1282 (time=5s)  2564 (time=12s)  3846 (time=19s)  5128 (time=26s)  6410 (time=33s)  7692 (time=40s)  8974 (time=47s)  10256 (time=55s)  11538 (time=63s)  12820 (time=70s)
  Iter 19	loss=2444.0022	uas=0.9637	las=0.9675	[70s]

 |U|^2: 573.551256 min: -0.952615	max: 1.445568
 |V|^2: 662.147543 min: -0.877263	max: 1.111066
 |W|^2: 135.029170 min: -1.831173	max: 1.242755
 |WL|^2: 86.799522 min: -1.172024	max: 1.407579

_____________________________________________

 Evaluation: data/bulgarian.test.lab.svd_0.3_R50

  Tokens: 5013
  Sentences: 398
  UAS=0.925394	LAS=0.881708	CAS=0.306533	[2.87s]

_____________________________________________

  1282 (time=5s)  2564 (time=9s)  3846 (time=17s)  5128 (time=23s)  6410 (time=31s)  7692 (time=38s)  8974 (time=46s)  10256 (time=53s)  11538 (time=64s)  12820 (time=72s)
  Iter 20	loss=2207.7398	uas=0.9655	las=0.9690	[72s]

 |U|^2: 576.763376 min: -0.951302	max: 1.454131
 |V|^2: 666.241471 min: -0.879855	max: 1.125814
 |W|^2: 135.933873 min: -1.841733	max: 1.243756
 |WL|^2: 88.173768 min: -1.182176	max: 1.415189

_____________________________________________

 Evaluation: data/bulgarian.test.lab.svd_0.3_R50

  Tokens: 5013
  Sentences: 398
  UAS=0.924796	LAS=0.881109	CAS=0.306533	[2.09s]

_____________________________________________


Training took 1600434 ms.
=============================================

 Evaluating: data/bulgarian.test.lab.svd_0.3_R50
  Tokens: 5013
  Sentences: 398
  UAS=0.924796	LAS=0.881109	CAS=0.306533	[2.01s]
