------
FLAGS
------
train-file: data/chinese.train.lab.svd_0.3_R50
test-file: data/chinese.test.lab.svd_0.3_R50
model-name: runs/chinese.model.lab.svd_0.3_R50
output-file: null
train: true
test: true
iters: 20
label: true
max-sent: -1
C: 0.01
label-loss-type: 0
gamma: 0.3 0.3
R: 50
word-vector:null
projective: false
pruning: true
hill-climbing converge (train): 300
hill-climbing converge (test): 100
thread: 4
file format: CONLL-X
feature hash bits: 30

use consecutive siblings: false
use grandparent: false
use head bigram: false
use grand siblings: false
use tri-siblings: false
use great-grandparent: false
use parent-sibling-child: false
use high-order: false
model: Basic
------

Creating dictionaries ... 
Filtered DEPLABEL (85-->53)
4 8
Lexical items: 40577 (16 bits)
Tag/label items: 331 (9 bits)  53 (6 bits)
Flag Bits: 10
Creation took [1951 ms]
Creating Alphabet ... [5605 ms]
Hash collision: 0.5621% (36863 / 6558064)
Num of CONLL fine POS tags: 304
Num of CONLL coarse POS tags: 23
Num of labels: 53
Num of Syntactic Features: 218243 1073741823
Creating instances ... 1000 2000 3000 4000 5000 6000 7000 8000 9000 10000 11000 12000 13000 14000 15000 16000 17000 18000 19000 20000 21000 22000 23000 24000 25000 26000 27000 28000 29000 30000 31000 32000 33000 34000 35000 36000 37000 38000 39000 40000 41000 42000 43000 44000 45000 46000 47000 48000 49000 50000 51000 52000 53000 54000 55000 56000 56957 [1148 ms]
=============================================
 Pre-training:
=============================================
Running MIRA ... 
  5695 (time=10s)  11390 (time=21s)  17085 (time=35s)  22780 (time=49s)  28475 (time=62s)  34170 (time=77s)  39865 (time=91s)  45560 (time=107s)  51255 (time=120s)  56950 (time=135s)
  Iter 1	loss=166336.2463	uas=0.6395	las=0.7500	[135s]

 |U|^2: 0.000000 min: Infinity	max: -Infinity
 |V|^2: 0.000000 min: Infinity	max: -Infinity
 |W|^2: 0.000000 min: Infinity	max: -Infinity
 |WL|^2: 0.000000 min: Infinity	max: -Infinity

Init tensor ... 
  Unfolding matrix: 3506421 / (218243*3273645)  0.00% entries.
  Rank: 50 (max:50)  Sigma: max=4.072028 cut=0.692968

 |U|^2: 50.000000 min: -0.615753	max: 0.978598
 |V|^2: 50.000000 min: -0.768890	max: 0.985353
 |W|^2: 61.116023 min: -3.745090	max: 1.225800

Pre-training took 162717 ms.
=============================================

=============================================
 Training:
=============================================
Running MIRA ... 
  5695 (time=13s)  11390 (time=26s)  17085 (time=43s)  22780 (time=61s)  28475 (time=78s)  34170 (time=97s)  39865 (time=117s)  45560 (time=137s)  51255 (time=154s)  56950 (time=172s)
  Iter 1	loss=157380.0607	uas=0.6514	las=0.7506	[172s]

 |U|^2: 378.461275 min: -0.945693	max: 1.058332
 |V|^2: 335.688218 min: -0.800443	max: 1.162552
 |W|^2: 56.177116 min: -1.672539	max: 0.925094
 |WL|^2: 41.701364 min: -0.811466	max: 1.145620

_____________________________________________

 Evaluation: data/chinese.test.lab.svd_0.3_R50

  Tokens: 4970
  Sentences: 867
  UAS=0.892354	LAS=0.841046	CAS=0.565167	[1.96s]

_____________________________________________

  5695 (time=9s)  11390 (time=20s)  17085 (time=34s)  22780 (time=50s)  28475 (time=65s)  34170 (time=81s)  39865 (time=97s)  45560 (time=115s)  51255 (time=132s)  56950 (time=149s)
  Iter 2	loss=91363.8892	uas=0.7663	las=0.8439	[149s]

 |U|^2: 583.385117 min: -0.890106	max: 1.087143
 |V|^2: 542.495845 min: -0.815918	max: 1.048975
 |W|^2: 94.899957 min: -2.130467	max: 1.224329
 |WL|^2: 57.125892 min: -0.887449	max: 1.278109

_____________________________________________

 Evaluation: data/chinese.test.lab.svd_0.3_R50

  Tokens: 4970
  Sentences: 867
  UAS=0.903219	LAS=0.858551	CAS=0.598616	[3.26s]

_____________________________________________

  5695 (time=13s)  11390 (time=23s)  17085 (time=38s)  22780 (time=54s)  28475 (time=69s)  34170 (time=85s)  39865 (time=103s)  45560 (time=120s)  51255 (time=135s)  56950 (time=152s)
  Iter 3	loss=61303.9368	uas=0.8230	las=0.8615	[152s]

 |U|^2: 707.519747 min: -0.817866	max: 1.172577
 |V|^2: 680.986629 min: -0.920627	max: 0.967338
 |W|^2: 133.486643 min: -2.521094	max: 1.529049
 |WL|^2: 72.178195 min: -1.055538	max: 1.398458

_____________________________________________

 Evaluation: data/chinese.test.lab.svd_0.3_R50

  Tokens: 4970
  Sentences: 867
  UAS=0.908652	LAS=0.866600	CAS=0.615917	[1.77s]

_____________________________________________

  5695 (time=9s)  11390 (time=19s)  17085 (time=33s)  22780 (time=47s)  28475 (time=62s)  34170 (time=78s)  39865 (time=93s)  45560 (time=110s)  51255 (time=125s)  56950 (time=143s)
  Iter 4	loss=42663.8789	uas=0.8692	las=0.8720	[143s]

 |U|^2: 787.462623 min: -0.897895	max: 1.230107
 |V|^2: 779.376156 min: -0.940640	max: 0.944435
 |W|^2: 161.188758 min: -2.757624	max: 1.714207
 |WL|^2: 87.761531 min: -1.170046	max: 1.549077

_____________________________________________

 Evaluation: data/chinese.test.lab.svd_0.3_R50

  Tokens: 4970
  Sentences: 867
  UAS=0.912676	LAS=0.871630	CAS=0.632065	[3.25s]

_____________________________________________

  5695 (time=11s)  11390 (time=26s)  17085 (time=39s)  22780 (time=53s)  28475 (time=67s)  34170 (time=83s)  39865 (time=98s)  45560 (time=114s)  51255 (time=129s)  56950 (time=144s)
  Iter 5	loss=31271.4232	uas=0.8990	las=0.8807	[144s]

 |U|^2: 844.924362 min: -0.941295	max: 1.241114
 |V|^2: 858.563784 min: -0.962109	max: 0.989048
 |W|^2: 179.476179 min: -2.899907	max: 1.835019
 |WL|^2: 103.524020 min: -1.304748	max: 1.654100

_____________________________________________

 Evaluation: data/chinese.test.lab.svd_0.3_R50

  Tokens: 4970
  Sentences: 867
  UAS=0.911268	LAS=0.872233	CAS=0.635525	[1.81s]

_____________________________________________

  5695 (time=9s)  11390 (time=20s)  17085 (time=34s)  22780 (time=49s)  28475 (time=64s)  34170 (time=80s)  39865 (time=97s)  45560 (time=114s)  51255 (time=131s)  56950 (time=147s)
  Iter 6	loss=23782.0190	uas=0.9179	las=0.8897	[147s]

 |U|^2: 888.067602 min: -0.978631	max: 1.281076
 |V|^2: 923.914521 min: -0.992801	max: 1.036328
 |W|^2: 191.720840 min: -2.983288	max: 1.923273
 |WL|^2: 118.454035 min: -1.420109	max: 1.770561

_____________________________________________

 Evaluation: data/chinese.test.lab.svd_0.3_R50

  Tokens: 4970
  Sentences: 867
  UAS=0.914085	LAS=0.876056	CAS=0.643599	[1.71s]

_____________________________________________

  5695 (time=9s)  11390 (time=18s)  17085 (time=31s)  22780 (time=44s)  28475 (time=57s)  34170 (time=71s)  39865 (time=86s)  45560 (time=102s)  51255 (time=117s)  56950 (time=132s)
  Iter 7	loss=18573.5389	uas=0.9309	las=0.8988	[132s]

 |U|^2: 921.145385 min: -0.999127	max: 1.315943
 |V|^2: 977.893469 min: -1.007767	max: 1.070411
 |W|^2: 200.277900 min: -3.046753	max: 1.974711
 |WL|^2: 131.954654 min: -1.507956	max: 1.858410

_____________________________________________

 Evaluation: data/chinese.test.lab.svd_0.3_R50

  Tokens: 4970
  Sentences: 867
  UAS=0.913682	LAS=0.875654	CAS=0.642445	[1.72s]

_____________________________________________

  5695 (time=9s)  11390 (time=18s)  17085 (time=30s)  22780 (time=44s)  28475 (time=59s)  34170 (time=74s)  39865 (time=89s)  45560 (time=105s)  51255 (time=120s)  56950 (time=134s)
  Iter 8	loss=14668.5724	uas=0.9406	las=0.9075	[134s]

 |U|^2: 946.361893 min: -1.022675	max: 1.378152
 |V|^2: 1021.414365 min: -1.016171	max: 1.131973
 |W|^2: 206.234545 min: -3.081835	max: 2.016023
 |WL|^2: 143.728313 min: -1.563167	max: 1.917394

_____________________________________________

 Evaluation: data/chinese.test.lab.svd_0.3_R50

  Tokens: 4970
  Sentences: 867
  UAS=0.912676	LAS=0.875654	CAS=0.641292	[1.80s]

_____________________________________________

  5695 (time=8s)  11390 (time=17s)  17085 (time=30s)  22780 (time=44s)  28475 (time=58s)  34170 (time=75s)  39865 (time=89s)  45560 (time=106s)  51255 (time=120s)  56950 (time=135s)
  Iter 9	loss=11689.3418	uas=0.9483	las=0.9160	[135s]

 |U|^2: 965.885814 min: -1.066983	max: 1.398661
 |V|^2: 1055.908333 min: -1.028160	max: 1.171962
 |W|^2: 210.619991 min: -3.106413	max: 2.043519
 |WL|^2: 153.773182 min: -1.607312	max: 2.002753

_____________________________________________

 Evaluation: data/chinese.test.lab.svd_0.3_R50

  Tokens: 4970
  Sentences: 867
  UAS=0.911066	LAS=0.873642	CAS=0.634371	[1.83s]

_____________________________________________

  5695 (time=9s)  11390 (time=18s)  17085 (time=30s)  22780 (time=43s)  28475 (time=60s)  34170 (time=81s)  39865 (time=97s)  45560 (time=114s)  51255 (time=128s)  56950 (time=143s)
  Iter 10	loss=9451.0326	uas=0.9547	las=0.9241	[143s]

 |U|^2: 981.001632 min: -1.118542	max: 1.392310
 |V|^2: 1082.951918 min: -1.040708	max: 1.202940
 |W|^2: 213.811021 min: -3.124138	max: 2.065659
 |WL|^2: 162.070442 min: -1.632263	max: 2.021418

_____________________________________________

 Evaluation: data/chinese.test.lab.svd_0.3_R50

  Tokens: 4970
  Sentences: 867
  UAS=0.910664	LAS=0.874648	CAS=0.640138	[1.90s]

_____________________________________________

  5695 (time=9s)  11390 (time=18s)  17085 (time=31s)  22780 (time=45s)  28475 (time=59s)  34170 (time=75s)  39865 (time=92s)  45560 (time=108s)  51255 (time=123s)  56950 (time=138s)
  Iter 11	loss=7690.3106	uas=0.9592	las=0.9310	[138s]

 |U|^2: 992.986586 min: -1.176051	max: 1.410655
 |V|^2: 1104.031320 min: -1.051451	max: 1.229478
 |W|^2: 216.183516 min: -3.142398	max: 2.081885
 |WL|^2: 169.110545 min: -1.648081	max: 2.069299

_____________________________________________

 Evaluation: data/chinese.test.lab.svd_0.3_R50

  Tokens: 4970
  Sentences: 867
  UAS=0.911066	LAS=0.876056	CAS=0.644752	[1.91s]

_____________________________________________

  5695 (time=8s)  11390 (time=18s)  17085 (time=32s)  22780 (time=47s)  28475 (time=63s)  34170 (time=81s)  39865 (time=98s)  45560 (time=118s)  51255 (time=135s)  56950 (time=151s)
  Iter 12	loss=6399.2766	uas=0.9630	las=0.9370	[151s]

 |U|^2: 1002.964333 min: -1.212053	max: 1.445957
 |V|^2: 1121.033279 min: -1.059116	max: 1.241625
 |W|^2: 218.053051 min: -3.151965	max: 2.095609
 |WL|^2: 175.226777 min: -1.657894	max: 2.093677

_____________________________________________

 Evaluation: data/chinese.test.lab.svd_0.3_R50

  Tokens: 4970
  Sentences: 867
  UAS=0.910463	LAS=0.875050	CAS=0.641292	[1.76s]

_____________________________________________

  5695 (time=9s)  11390 (time=18s)  17085 (time=30s)  22780 (time=43s)  28475 (time=57s)  34170 (time=73s)  39865 (time=90s)  45560 (time=107s)  51255 (time=122s)  56950 (time=138s)
  Iter 13	loss=5360.9752	uas=0.9664	las=0.9425	[138s]

 |U|^2: 1011.423502 min: -1.244785	max: 1.452956
 |V|^2: 1134.916508 min: -1.068843	max: 1.280562
 |W|^2: 219.498047 min: -3.161373	max: 2.102769
 |WL|^2: 180.626485 min: -1.665735	max: 2.125961

_____________________________________________

 Evaluation: data/chinese.test.lab.svd_0.3_R50

  Tokens: 4970
  Sentences: 867
  UAS=0.910060	LAS=0.875252	CAS=0.641292	[2.59s]

_____________________________________________

  5695 (time=11s)  11390 (time=23s)  17085 (time=39s)  22780 (time=54s)  28475 (time=71s)  34170 (time=88s)  39865 (time=106s)  45560 (time=125s)  51255 (time=143s)  56950 (time=160s)
  Iter 14	loss=4578.9142	uas=0.9691	las=0.9468	[160s]

 |U|^2: 1018.277243 min: -1.275697	max: 1.485481
 |V|^2: 1146.035159 min: -1.076064	max: 1.296600
 |W|^2: 220.608872 min: -3.165322	max: 2.111287
 |WL|^2: 185.044367 min: -1.675472	max: 2.145979

_____________________________________________

 Evaluation: data/chinese.test.lab.svd_0.3_R50

  Tokens: 4970
  Sentences: 867
  UAS=0.908853	LAS=0.874044	CAS=0.641292	[2.11s]

_____________________________________________

  5695 (time=9s)  11390 (time=19s)  17085 (time=30s)  22780 (time=43s)  28475 (time=55s)  34170 (time=70s)  39865 (time=85s)  45560 (time=103s)  51255 (time=117s)  56950 (time=131s)
  Iter 15	loss=3911.4758	uas=0.9708	las=0.9513	[131s]

 |U|^2: 1024.089363 min: -1.301833	max: 1.499769
 |V|^2: 1155.072641 min: -1.082757	max: 1.305036
 |W|^2: 221.524851 min: -3.169237	max: 2.114360
 |WL|^2: 188.823678 min: -1.680046	max: 2.161584

_____________________________________________

 Evaluation: data/chinese.test.lab.svd_0.3_R50

  Tokens: 4970
  Sentences: 867
  UAS=0.908249	LAS=0.873441	CAS=0.638985	[2.08s]

_____________________________________________

  5695 (time=8s)  11390 (time=17s)  17085 (time=28s)  22780 (time=42s)  28475 (time=55s)  34170 (time=70s)  39865 (time=85s)  45560 (time=101s)  51255 (time=115s)  56950 (time=130s)
  Iter 16	loss=3424.1370	uas=0.9725	las=0.9547	[130s]

 |U|^2: 1029.156255 min: -1.326634	max: 1.517052
 |V|^2: 1162.751799 min: -1.089624	max: 1.321512
 |W|^2: 222.303617 min: -3.172802	max: 2.118985
 |WL|^2: 192.128687 min: -1.682874	max: 2.180345

_____________________________________________

 Evaluation: data/chinese.test.lab.svd_0.3_R50

  Tokens: 4970
  Sentences: 867
  UAS=0.907847	LAS=0.872636	CAS=0.635525	[1.87s]

_____________________________________________

  5695 (time=9s)  11390 (time=18s)  17085 (time=30s)  22780 (time=43s)  28475 (time=56s)  34170 (time=70s)  39865 (time=85s)  45560 (time=102s)  51255 (time=116s)  56950 (time=131s)
  Iter 17	loss=3016.6155	uas=0.9738	las=0.9576	[131s]

 |U|^2: 1033.494324 min: -1.342375	max: 1.533192
 |V|^2: 1169.160987 min: -1.097110	max: 1.335550
 |W|^2: 222.913076 min: -3.175922	max: 2.120720
 |WL|^2: 194.974248 min: -1.686252	max: 2.194198

_____________________________________________

 Evaluation: data/chinese.test.lab.svd_0.3_R50

  Tokens: 4970
  Sentences: 867
  UAS=0.907646	LAS=0.872435	CAS=0.634371	[1.87s]

_____________________________________________

  5695 (time=8s)  11390 (time=18s)  17085 (time=30s)  22780 (time=42s)  28475 (time=55s)  34170 (time=69s)  39865 (time=83s)  45560 (time=98s)  51255 (time=112s)  56950 (time=126s)
  Iter 18	loss=2694.4011	uas=0.9750	las=0.9597	[126s]

 |U|^2: 1037.186678 min: -1.359016	max: 1.550785
 |V|^2: 1174.612922 min: -1.102787	max: 1.356557
 |W|^2: 223.417339 min: -3.177150	max: 2.123128
 |WL|^2: 197.363764 min: -1.686291	max: 2.203299

_____________________________________________

 Evaluation: data/chinese.test.lab.svd_0.3_R50

  Tokens: 4970
  Sentences: 867
  UAS=0.907646	LAS=0.872435	CAS=0.635525	[1.82s]

_____________________________________________

  5695 (time=8s)  11390 (time=18s)  17085 (time=30s)  22780 (time=43s)  28475 (time=56s)  34170 (time=70s)  39865 (time=85s)  45560 (time=100s)  51255 (time=115s)  56950 (time=129s)
  Iter 19	loss=2429.1047	uas=0.9759	las=0.9620	[129s]

 |U|^2: 1040.451747 min: -1.375160	max: 1.560079
 |V|^2: 1179.383807 min: -1.107665	max: 1.370915
 |W|^2: 223.829000 min: -3.178025	max: 2.124887
 |WL|^2: 199.480844 min: -1.686568	max: 2.216980

_____________________________________________

 Evaluation: data/chinese.test.lab.svd_0.3_R50

  Tokens: 4970
  Sentences: 867
  UAS=0.907847	LAS=0.872032	CAS=0.634371	[1.83s]

_____________________________________________

  5695 (time=8s)  11390 (time=18s)  17085 (time=30s)  22780 (time=43s)  28475 (time=56s)  34170 (time=70s)  39865 (time=85s)  45560 (time=101s)  51255 (time=116s)  56950 (time=131s)
  Iter 20	loss=2215.1970	uas=0.9768	las=0.9641	[131s]

 |U|^2: 1043.258709 min: -1.386097	max: 1.568923
 |V|^2: 1183.522455 min: -1.110838	max: 1.384278
 |W|^2: 224.187936 min: -3.179241	max: 2.126202
 |WL|^2: 201.251893 min: -1.686506	max: 2.224663

_____________________________________________

 Evaluation: data/chinese.test.lab.svd_0.3_R50

  Tokens: 4970
  Sentences: 867
  UAS=0.907445	LAS=0.871831	CAS=0.635525	[1.89s]

_____________________________________________


Training took 2914630 ms.
=============================================

 Evaluating: data/chinese.test.lab.svd_0.3_R50
  Tokens: 4970
  Sentences: 867
  UAS=0.907445	LAS=0.871831	CAS=0.635525	[1.75s]
