------
FLAGS
------
train-file: data/chinese.train.lab.randInit_0.3_R50
test-file: data/chinese.test.lab.randInit_0.3_R50
model-name: runs/chinese.model.lab.randInit_0.3_R50
output-file: null
train: true
test: true
iters: 20
label: true
max-sent: -1
C: 0.01
label-loss-type: 0
gamma: 0.3 0.3
R: 50
word-vector:null
projective: false
pruning: true
hill-climbing converge (train): 300
hill-climbing converge (test): 100
thread: 4
file format: CONLL-X
feature hash bits: 30

use consecutive siblings: false
use grandparent: false
use head bigram: false
use grand siblings: false
use tri-siblings: false
use great-grandparent: false
use parent-sibling-child: false
use high-order: false
model: Basic
------

Creating dictionaries ... 
Filtered DEPLABEL (85-->53)
4 8
Lexical items: 40577 (16 bits)
Tag/label items: 331 (9 bits)  53 (6 bits)
Flag Bits: 10
Creation took [2745 ms]
Creating Alphabet ... [7450 ms]
Hash collision: 0.5621% (36863 / 6558064)
Num of CONLL fine POS tags: 304
Num of CONLL coarse POS tags: 23
Num of labels: 53
Num of Syntactic Features: 218243 1073741823
Creating instances ... 1000 2000 3000 4000 5000 6000 7000 8000 9000 10000 11000 12000 13000 14000 15000 16000 17000 18000 19000 20000 21000 22000 23000 24000 25000 26000 27000 28000 29000 30000 31000 32000 33000 34000 35000 36000 37000 38000 39000 40000 41000 42000 43000 44000 45000 46000 47000 48000 49000 50000 51000 52000 53000 54000 55000 56000 56957 [1682 ms]
=============================================
 Training:
=============================================
Running MIRA ... 
  5695 (time=27s)  11390 (time=47s)  17085 (time=68s)  22780 (time=91s)  28475 (time=114s)  34170 (time=138s)  39865 (time=161s)  45560 (time=184s)  51255 (time=209s)  56950 (time=235s)
  Iter 1	loss=172116.0062	uas=0.6411	las=0.7148	[235s]

 |U|^2: 244.482267 min: -0.906373	max: 0.774332
 |V|^2: 143.652125 min: -0.878932	max: 0.813282
 |W|^2: 62.278534 min: -1.318231	max: 1.058527
 |WL|^2: 63.373191 min: -0.940522	max: 1.043174

_____________________________________________

 Evaluation: data/chinese.test.lab.randInit_0.3_R50

  Tokens: 4970
  Sentences: 867
  UAS=0.874447	LAS=0.816901	CAS=0.540946	[4.97s]

_____________________________________________

  5695 (time=15s)  11390 (time=33s)  17085 (time=53s)  22780 (time=78s)  28475 (time=99s)  34170 (time=120s)  39865 (time=142s)  45560 (time=165s)  51255 (time=187s)  56950 (time=212s)
  Iter 2	loss=106844.6484	uas=0.7458	las=0.8287	[212s]

 |U|^2: 437.710542 min: -1.064096	max: 0.744576
 |V|^2: 278.601164 min: -0.817074	max: 0.728973
 |W|^2: 78.452553 min: -1.845620	max: 1.469034
 |WL|^2: 73.330487 min: -1.072062	max: 1.328952

_____________________________________________

 Evaluation: data/chinese.test.lab.randInit_0.3_R50

  Tokens: 4970
  Sentences: 867
  UAS=0.890342	LAS=0.842254	CAS=0.583622	[2.89s]

_____________________________________________

  5695 (time=20s)  11390 (time=40s)  17085 (time=58s)  22780 (time=78s)  28475 (time=97s)  34170 (time=117s)  39865 (time=139s)  45560 (time=162s)  51255 (time=182s)  56950 (time=203s)
  Iter 3	loss=79771.5806	uas=0.7819	las=0.8516	[203s]

 |U|^2: 611.384363 min: -1.125271	max: 0.789442
 |V|^2: 420.525425 min: -0.775991	max: 0.759698
 |W|^2: 102.094618 min: -2.489201	max: 1.864691
 |WL|^2: 83.259769 min: -1.252909	max: 1.593922

_____________________________________________

 Evaluation: data/chinese.test.lab.randInit_0.3_R50

  Tokens: 4970
  Sentences: 867
  UAS=0.901610	LAS=0.856137	CAS=0.602076	[2.43s]

_____________________________________________

  5695 (time=13s)  11390 (time=28s)  17085 (time=49s)  22780 (time=72s)  28475 (time=91s)  34170 (time=111s)  39865 (time=137s)  45560 (time=161s)  51255 (time=183s)  56950 (time=206s)
  Iter 4	loss=59460.4404	uas=0.8156	las=0.8636	[206s]

 |U|^2: 739.665951 min: -1.167023	max: 0.921590
 |V|^2: 537.440550 min: -0.779263	max: 0.824387
 |W|^2: 129.717478 min: -3.072084	max: 2.208510
 |WL|^2: 93.710809 min: -1.364223	max: 1.821765

_____________________________________________

 Evaluation: data/chinese.test.lab.randInit_0.3_R50

  Tokens: 4970
  Sentences: 867
  UAS=0.908249	LAS=0.865594	CAS=0.620531	[3.54s]

_____________________________________________

  5695 (time=14s)  11390 (time=26s)  17085 (time=46s)  22780 (time=65s)  28475 (time=83s)  34170 (time=103s)  39865 (time=122s)  45560 (time=143s)  51255 (time=163s)  56950 (time=183s)
  Iter 5	loss=44319.7358	uas=0.8512	las=0.8722	[183s]

 |U|^2: 827.290871 min: -1.209870	max: 1.020572
 |V|^2: 626.285561 min: -0.923093	max: 0.914307
 |W|^2: 154.524636 min: -3.488187	max: 2.571986
 |WL|^2: 104.573527 min: -1.509431	max: 2.044611

_____________________________________________

 Evaluation: data/chinese.test.lab.randInit_0.3_R50

  Tokens: 4970
  Sentences: 867
  UAS=0.910865	LAS=0.869618	CAS=0.626298	[2.45s]

_____________________________________________

  5695 (time=15s)  11390 (time=29s)  17085 (time=45s)  22780 (time=63s)  28475 (time=81s)  34170 (time=101s)  39865 (time=121s)  45560 (time=143s)  51255 (time=163s)  56950 (time=184s)
  Iter 6	loss=33516.9693	uas=0.8807	las=0.8795	[184s]

 |U|^2: 890.688115 min: -1.260547	max: 1.132508
 |V|^2: 697.434359 min: -1.078225	max: 0.958140
 |W|^2: 173.439010 min: -3.769136	max: 2.802186
 |WL|^2: 115.987181 min: -1.585526	max: 2.244660

_____________________________________________

 Evaluation: data/chinese.test.lab.randInit_0.3_R50

  Tokens: 4970
  Sentences: 867
  UAS=0.913883	LAS=0.873843	CAS=0.637832	[2.56s]

_____________________________________________

  5695 (time=12s)  11390 (time=25s)  17085 (time=43s)  22780 (time=62s)  28475 (time=80s)  34170 (time=100s)  39865 (time=120s)  45560 (time=141s)  51255 (time=160s)  56950 (time=181s)
  Iter 7	loss=26083.2380	uas=0.9018	las=0.8853	[181s]

 |U|^2: 939.406960 min: -1.322042	max: 1.237151
 |V|^2: 757.216065 min: -1.215762	max: 0.989860
 |W|^2: 187.290599 min: -3.974989	max: 2.967623
 |WL|^2: 127.098044 min: -1.659518	max: 2.396429

_____________________________________________

 Evaluation: data/chinese.test.lab.randInit_0.3_R50

  Tokens: 4970
  Sentences: 867
  UAS=0.915694	LAS=0.876459	CAS=0.644752	[2.52s]

_____________________________________________

  5695 (time=12s)  11390 (time=25s)  17085 (time=42s)  22780 (time=60s)  28475 (time=77s)  34170 (time=96s)  39865 (time=116s)  45560 (time=136s)  51255 (time=154s)  56950 (time=173s)
  Iter 8	loss=20518.3435	uas=0.9169	las=0.8932	[173s]

 |U|^2: 977.200972 min: -1.450407	max: 1.374107
 |V|^2: 807.842128 min: -1.357348	max: 1.034823
 |W|^2: 196.983779 min: -4.126234	max: 3.091997
 |WL|^2: 138.125895 min: -1.691169	max: 2.507311

_____________________________________________

 Evaluation: data/chinese.test.lab.randInit_0.3_R50

  Tokens: 4970
  Sentences: 867
  UAS=0.916901	LAS=0.878672	CAS=0.649366	[2.48s]

_____________________________________________

  5695 (time=11s)  11390 (time=23s)  17085 (time=39s)  22780 (time=56s)  28475 (time=73s)  34170 (time=92s)  39865 (time=112s)  45560 (time=132s)  51255 (time=150s)  56950 (time=167s)
  Iter 9	loss=16364.4942	uas=0.9292	las=0.9012	[167s]

 |U|^2: 1006.605466 min: -1.549698	max: 1.477262
 |V|^2: 850.272305 min: -1.460999	max: 1.125436
 |W|^2: 203.879206 min: -4.232880	max: 3.166949
 |WL|^2: 148.354350 min: -1.759586	max: 2.598188

_____________________________________________

 Evaluation: data/chinese.test.lab.randInit_0.3_R50

  Tokens: 4970
  Sentences: 867
  UAS=0.916901	LAS=0.879477	CAS=0.651672	[2.03s]

_____________________________________________

  5695 (time=10s)  11390 (time=21s)  17085 (time=34s)  22780 (time=49s)  28475 (time=64s)  34170 (time=80s)  39865 (time=96s)  45560 (time=113s)  51255 (time=130s)  56950 (time=146s)
  Iter 10	loss=13150.2103	uas=0.9377	las=0.9100	[146s]

 |U|^2: 1029.388571 min: -1.642245	max: 1.568544
 |V|^2: 884.677408 min: -1.559427	max: 1.212033
 |W|^2: 208.926424 min: -4.309117	max: 3.227007
 |WL|^2: 157.204483 min: -1.798025	max: 2.659744

_____________________________________________

 Evaluation: data/chinese.test.lab.randInit_0.3_R50

  Tokens: 4970
  Sentences: 867
  UAS=0.915895	LAS=0.878471	CAS=0.647059	[1.97s]

_____________________________________________

  5695 (time=9s)  11390 (time=20s)  17085 (time=33s)  22780 (time=48s)  28475 (time=63s)  34170 (time=78s)  39865 (time=94s)  45560 (time=114s)  51255 (time=130s)  56950 (time=147s)
  Iter 11	loss=10646.4332	uas=0.9452	las=0.9187	[147s]

 |U|^2: 1047.456244 min: -1.721600	max: 1.646737
 |V|^2: 912.271196 min: -1.649485	max: 1.281972
 |W|^2: 212.684262 min: -4.369029	max: 3.274730
 |WL|^2: 165.143606 min: -1.836853	max: 2.705834

_____________________________________________

 Evaluation: data/chinese.test.lab.randInit_0.3_R50

  Tokens: 4970
  Sentences: 867
  UAS=0.915895	LAS=0.878471	CAS=0.648212	[2.14s]

_____________________________________________

  5695 (time=10s)  11390 (time=20s)  17085 (time=39s)  22780 (time=55s)  28475 (time=71s)  34170 (time=87s)  39865 (time=105s)  45560 (time=124s)  51255 (time=140s)  56950 (time=158s)
  Iter 12	loss=8601.7657	uas=0.9516	las=0.9265	[158s]

 |U|^2: 1061.529242 min: -1.780557	max: 1.722427
 |V|^2: 933.954244 min: -1.717260	max: 1.342212
 |W|^2: 215.602794 min: -4.420791	max: 3.305575
 |WL|^2: 171.711103 min: -1.850502	max: 2.738518

_____________________________________________

 Evaluation: data/chinese.test.lab.randInit_0.3_R50

  Tokens: 4970
  Sentences: 867
  UAS=0.914085	LAS=0.877062	CAS=0.649366	[1.99s]

_____________________________________________

  5695 (time=10s)  11390 (time=21s)  17085 (time=34s)  22780 (time=49s)  28475 (time=63s)  34170 (time=78s)  39865 (time=94s)  45560 (time=115s)  51255 (time=130s)  56950 (time=146s)
  Iter 13	loss=7096.5408	uas=0.9560	las=0.9334	[146s]

 |U|^2: 1072.751237 min: -1.834256	max: 1.778338
 |V|^2: 951.037671 min: -1.778895	max: 1.390147
 |W|^2: 217.815954 min: -4.458277	max: 3.333673
 |WL|^2: 177.288428 min: -1.878823	max: 2.767411

_____________________________________________

 Evaluation: data/chinese.test.lab.randInit_0.3_R50

  Tokens: 4970
  Sentences: 867
  UAS=0.912676	LAS=0.876459	CAS=0.647059	[1.93s]

_____________________________________________

  5695 (time=9s)  11390 (time=19s)  17085 (time=32s)  22780 (time=48s)  28475 (time=62s)  34170 (time=79s)  39865 (time=95s)  45560 (time=112s)  51255 (time=127s)  56950 (time=143s)
  Iter 14	loss=5895.4183	uas=0.9595	las=0.9399	[143s]

 |U|^2: 1081.819926 min: -1.875359	max: 1.830065
 |V|^2: 964.490831 min: -1.832049	max: 1.431997
 |W|^2: 219.521346 min: -4.488473	max: 3.353445
 |WL|^2: 181.982925 min: -1.892507	max: 2.785301

_____________________________________________

 Evaluation: data/chinese.test.lab.randInit_0.3_R50

  Tokens: 4970
  Sentences: 867
  UAS=0.911871	LAS=0.875252	CAS=0.643599	[1.85s]

_____________________________________________

  5695 (time=9s)  11390 (time=20s)  17085 (time=33s)  22780 (time=46s)  28475 (time=61s)  34170 (time=76s)  39865 (time=92s)  45560 (time=108s)  51255 (time=124s)  56950 (time=140s)
  Iter 15	loss=5004.7240	uas=0.9629	las=0.9451	[140s]

 |U|^2: 1089.032430 min: -1.908244	max: 1.871465
 |V|^2: 975.243563 min: -1.868461	max: 1.466557
 |W|^2: 220.868481 min: -4.514026	max: 3.370210
 |WL|^2: 185.765044 min: -1.899899	max: 2.800848

_____________________________________________

 Evaluation: data/chinese.test.lab.randInit_0.3_R50

  Tokens: 4970
  Sentences: 867
  UAS=0.911871	LAS=0.875654	CAS=0.644752	[2.00s]

_____________________________________________

  5695 (time=9s)  11390 (time=19s)  17085 (time=32s)  22780 (time=46s)  28475 (time=61s)  34170 (time=78s)  39865 (time=95s)  45560 (time=112s)  51255 (time=131s)  56950 (time=147s)
  Iter 16	loss=4293.1394	uas=0.9653	las=0.9493	[147s]

 |U|^2: 1095.014092 min: -1.934090	max: 1.909115
 |V|^2: 983.977253 min: -1.899151	max: 1.488285
 |W|^2: 221.934301 min: -4.534008	max: 3.383147
 |WL|^2: 188.955124 min: -1.913776	max: 2.810252

_____________________________________________

 Evaluation: data/chinese.test.lab.randInit_0.3_R50

  Tokens: 4970
  Sentences: 867
  UAS=0.912676	LAS=0.876056	CAS=0.643599	[2.02s]

_____________________________________________

  5695 (time=9s)  11390 (time=19s)  17085 (time=32s)  22780 (time=46s)  28475 (time=59s)  34170 (time=74s)  39865 (time=90s)  45560 (time=106s)  51255 (time=121s)  56950 (time=137s)
  Iter 17	loss=3741.2358	uas=0.9680	las=0.9530	[137s]

 |U|^2: 1100.105738 min: -1.954359	max: 1.939158
 |V|^2: 991.273690 min: -1.928039	max: 1.510226
 |W|^2: 222.808949 min: -4.550463	max: 3.393603
 |WL|^2: 191.668461 min: -1.920503	max: 2.819548

_____________________________________________

 Evaluation: data/chinese.test.lab.randInit_0.3_R50

  Tokens: 4970
  Sentences: 867
  UAS=0.911670	LAS=0.875050	CAS=0.643599	[1.99s]

_____________________________________________

  5695 (time=10s)  11390 (time=20s)  17085 (time=33s)  22780 (time=47s)  28475 (time=61s)  34170 (time=76s)  39865 (time=91s)  45560 (time=107s)  51255 (time=122s)  56950 (time=137s)
  Iter 18	loss=3317.8942	uas=0.9699	las=0.9560	[137s]

 |U|^2: 1104.401708 min: -1.970552	max: 1.965975
 |V|^2: 997.445275 min: -1.948554	max: 1.524489
 |W|^2: 223.535638 min: -4.562862	max: 3.403902
 |WL|^2: 193.921863 min: -1.930615	max: 2.826289

_____________________________________________

 Evaluation: data/chinese.test.lab.randInit_0.3_R50

  Tokens: 4970
  Sentences: 867
  UAS=0.911066	LAS=0.874447	CAS=0.643599	[2.04s]

_____________________________________________

  5695 (time=10s)  11390 (time=21s)  17085 (time=34s)  22780 (time=47s)  28475 (time=61s)  34170 (time=76s)  39865 (time=96s)  45560 (time=121s)  51255 (time=142s)  56950 (time=165s)
  Iter 19	loss=2964.6885	uas=0.9716	las=0.9586	[165s]

 |U|^2: 1108.108042 min: -1.982651	max: 1.987893
 |V|^2: 1002.744984 min: -1.965886	max: 1.544499
 |W|^2: 224.114097 min: -4.573571	max: 3.411156
 |WL|^2: 195.847288 min: -1.931883	max: 2.832618

_____________________________________________

 Evaluation: data/chinese.test.lab.randInit_0.3_R50

  Tokens: 4970
  Sentences: 867
  UAS=0.910664	LAS=0.874447	CAS=0.643599	[2.92s]

_____________________________________________

  5695 (time=13s)  11390 (time=24s)  17085 (time=39s)  22780 (time=54s)  28475 (time=68s)  34170 (time=84s)  39865 (time=100s)  45560 (time=117s)  51255 (time=133s)  56950 (time=149s)
  Iter 20	loss=2700.7054	uas=0.9726	las=0.9607	[149s]

 |U|^2: 1111.314050 min: -1.991890	max: 2.006210
 |V|^2: 1007.354076 min: -1.979107	max: 1.561566
 |W|^2: 224.609109 min: -4.582664	max: 3.417337
 |WL|^2: 197.442076 min: -1.934614	max: 2.836978

_____________________________________________

 Evaluation: data/chinese.test.lab.randInit_0.3_R50

  Tokens: 4970
  Sentences: 867
  UAS=0.910463	LAS=0.873843	CAS=0.641292	[2.05s]

_____________________________________________


Training took 3466990 ms.
=============================================

 Evaluating: data/chinese.test.lab.randInit_0.3_R50
  Tokens: 4970
  Sentences: 867
  UAS=0.910463	LAS=0.873843	CAS=0.641292	[1.93s]
