------
FLAGS
------
train-file: data/czech.train.lab.randInit_0.3_R50
test-file: data/czech.test.lab.randInit_0.3_R50
model-name: runs/czech.model.lab.randInit_0.3_R50
output-file: null
train: true
test: true
iters: 20
label: true
max-sent: -1
C: 0.01
label-loss-type: 0
gamma: 0.3 0.3
R: 50
word-vector:null
projective: false
pruning: true
hill-climbing converge (train): 300
hill-climbing converge (test): 100
thread: 4
file format: CONLL-X
feature hash bits: 30

use consecutive siblings: false
use grandparent: false
use head bigram: false
use grand siblings: false
use tri-siblings: false
use great-grandparent: false
use parent-sibling-child: false
use high-order: false
model: Basic
------

Creating dictionaries ... 
Filtered DEPLABEL (84-->47)
4 8
Lexical items: 178617 (18 bits)
Tag/label items: 142 (8 bits)  47 (6 bits)
Flag Bits: 10
Creation took [9607 ms]
Creating Alphabet ... [83364 ms]
Hash collision: 6.5531% (5266242 / 80362019)
Num of CONLL fine POS tags: 64
Num of CONLL coarse POS tags: 13
Num of labels: 47
Num of Syntactic Features: 933986 1073741823
Creating instances ... 1000 2000 3000 4000 5000 6000 7000 8000 9000 10000 11000 12000 13000 14000 15000 16000 17000 18000 19000 20000 21000 22000 23000 24000 25000 26000 27000 28000 29000 30000 31000 32000 33000 34000 35000 36000 37000 38000 39000 40000 41000 42000 43000 44000 45000 46000 47000 48000 49000 50000 51000 52000 53000 54000 55000 56000 57000 58000 59000 60000 61000 62000 63000 64000 65000 66000 67000 68000 69000 70000 71000 72000 72703 [8117 ms]
=============================================
 Training:
=============================================
Running MIRA ... 
  7270 (time=235s)  14540 (time=465s)  21810 (time=745s)  29080 (time=1001s)  36350 (time=1289s)  43620 (time=1541s)  50890 (time=1785s)  58160 (time=2026s)  65430 (time=2263s)  72700 (time=2539s)
  Iter 1	loss=722712.2934	uas=0.6315	las=0.7837	[2540s]

 |U|^2: 384.667730 min: -0.915555	max: 0.833809
 |V|^2: 397.708749 min: -1.017326	max: 0.998651
 |W|^2: 44.626548 min: -0.586332	max: 0.590713
 |WL|^2: 61.735618 min: -0.435117	max: 0.452893

_____________________________________________

 Evaluation: data/czech.test.lab.randInit_0.3_R50

  Tokens: 5000
  Sentences: 365
  UAS=0.862200	LAS=0.788800	CAS=0.254795	[12.48s]

_____________________________________________

  7270 (time=196s)  14540 (time=429s)  21810 (time=677s)  29080 (time=925s)  36350 (time=1171s)  43620 (time=1409s)  50890 (time=1636s)  58160 (time=1865s)  65430 (time=2103s)  72700 (time=2361s)
  Iter 2	loss=511098.8483	uas=0.7185	las=0.8285	[2362s]

 |U|^2: 757.087854 min: -0.863154	max: 0.775314
 |V|^2: 736.595174 min: -0.907780	max: 0.922710
 |W|^2: 54.234965 min: -0.733304	max: 0.708075
 |WL|^2: 75.184653 min: -0.574745	max: 0.616128

_____________________________________________

 Evaluation: data/czech.test.lab.randInit_0.3_R50

  Tokens: 5000
  Sentences: 365
  UAS=0.871200	LAS=0.799800	CAS=0.268493	[11.50s]

_____________________________________________

  7270 (time=189s)  14540 (time=414s)  21810 (time=658s)  29080 (time=984s)  36350 (time=1300s)  43620 (time=1620s)  50890 (time=1902s)  58160 (time=2175s)  65430 (time=2461s)  72700 (time=2769s)
  Iter 3	loss=413728.8662	uas=0.7544	las=0.8435	[2769s]

 |U|^2: 1188.388971 min: -0.787311	max: 0.773479
 |V|^2: 1112.028512 min: -0.873457	max: 0.790552
 |W|^2: 74.933416 min: -0.840266	max: 0.868597
 |WL|^2: 93.230123 min: -0.707568	max: 0.698148

_____________________________________________

 Evaluation: data/czech.test.lab.randInit_0.3_R50

  Tokens: 5000
  Sentences: 365
  UAS=0.870600	LAS=0.800000	CAS=0.273973	[13.63s]

_____________________________________________

  7270 (time=226s)  14540 (time=476s)  21810 (time=765s)  29080 (time=1036s)  36350 (time=1311s)  43620 (time=1583s)  50890 (time=1853s)  58160 (time=2128s)  65430 (time=2390s)  72700 (time=2689s)
  Iter 4	loss=344934.3544	uas=0.7823	las=0.8534	[2689s]

 |U|^2: 1626.637154 min: -0.729665	max: 0.742163
 |V|^2: 1490.359035 min: -0.848922	max: 0.715969
 |W|^2: 106.766431 min: -1.031113	max: 1.034993
 |WL|^2: 116.570243 min: -0.853866	max: 0.802337

_____________________________________________

 Evaluation: data/czech.test.lab.randInit_0.3_R50

  Tokens: 5000
  Sentences: 365
  UAS=0.874000	LAS=0.804000	CAS=0.282192	[12.62s]

_____________________________________________

  7270 (time=200s)  14540 (time=433s)  21810 (time=718s)  29080 (time=984s)  36350 (time=1245s)  43620 (time=1500s)  50890 (time=1754s)  58160 (time=2008s)  65430 (time=2253s)  72700 (time=2548s)
  Iter 5	loss=291230.0294	uas=0.8068	las=0.8614	[2548s]

 |U|^2: 2025.554370 min: -0.703112	max: 0.739538
 |V|^2: 1842.901588 min: -0.829238	max: 0.675212
 |W|^2: 145.981095 min: -1.183587	max: 1.232723
 |WL|^2: 145.957142 min: -0.936071	max: 0.988913

_____________________________________________

 Evaluation: data/czech.test.lab.randInit_0.3_R50

  Tokens: 5000
  Sentences: 365
  UAS=0.875800	LAS=0.806400	CAS=0.282192	[12.91s]

_____________________________________________

  7270 (time=215s)  14540 (time=461s)  21810 (time=735s)  29080 (time=991s)  36350 (time=1257s)  43620 (time=1522s)  50890 (time=1771s)  58160 (time=2007s)  65430 (time=2265s)  72700 (time=2553s)
  Iter 6	loss=248420.7538	uas=0.8270	las=0.8685	[2553s]

 |U|^2: 2374.591411 min: -0.688357	max: 0.692122
 |V|^2: 2163.060254 min: -0.812284	max: 0.643296
 |W|^2: 185.596123 min: -1.312519	max: 1.383727
 |WL|^2: 182.191874 min: -1.054485	max: 1.228081

_____________________________________________

 Evaluation: data/czech.test.lab.randInit_0.3_R50

  Tokens: 5000
  Sentences: 365
  UAS=0.877200	LAS=0.808400	CAS=0.282192	[12.76s]

_____________________________________________

  7270 (time=213s)  14540 (time=450s)  21810 (time=713s)  29080 (time=972s)  36350 (time=1230s)  43620 (time=1490s)  50890 (time=1756s)  58160 (time=2012s)  65430 (time=2281s)  72700 (time=2571s)
  Iter 7	loss=214136.2672	uas=0.8444	las=0.8752	[2571s]

 |U|^2: 2681.091881 min: -0.704773	max: 0.703420
 |V|^2: 2457.581877 min: -0.827476	max: 0.633437
 |W|^2: 223.353188 min: -1.440147	max: 1.510962
 |WL|^2: 222.813300 min: -1.171358	max: 1.452032

_____________________________________________

 Evaluation: data/czech.test.lab.randInit_0.3_R50

  Tokens: 5000
  Sentences: 365
  UAS=0.879000	LAS=0.810200	CAS=0.282192	[13.38s]

_____________________________________________

  7270 (time=206s)  14540 (time=436s)  21810 (time=692s)  29080 (time=947s)  36350 (time=1210s)  43620 (time=1480s)  50890 (time=1754s)  58160 (time=2003s)  65430 (time=2249s)  72700 (time=2536s)
  Iter 8	loss=186886.0649	uas=0.8575	las=0.8818	[2537s]

 |U|^2: 2954.160321 min: -0.708312	max: 0.684030
 |V|^2: 2730.616232 min: -0.857261	max: 0.655875
 |W|^2: 257.643497 min: -1.548074	max: 1.642926
 |WL|^2: 266.233101 min: -1.259136	max: 1.626276

_____________________________________________

 Evaluation: data/czech.test.lab.randInit_0.3_R50

  Tokens: 5000
  Sentences: 365
  UAS=0.879600	LAS=0.811600	CAS=0.287671	[14.54s]

_____________________________________________

  7270 (time=201s)  14540 (time=436s)  21810 (time=705s)  29080 (time=949s)  36350 (time=1210s)  43620 (time=1496s)  50890 (time=1758s)  58160 (time=2008s)  65430 (time=2275s)  72700 (time=2558s)
  Iter 9	loss=164583.1261	uas=0.8679	las=0.8883	[2558s]

 |U|^2: 3199.231793 min: -0.695020	max: 0.675589
 |V|^2: 2982.111750 min: -0.843191	max: 0.634998
 |W|^2: 288.217814 min: -1.643836	max: 1.749826
 |WL|^2: 310.607771 min: -1.351863	max: 1.751972

_____________________________________________

 Evaluation: data/czech.test.lab.randInit_0.3_R50

  Tokens: 5000
  Sentences: 365
  UAS=0.879800	LAS=0.812400	CAS=0.290411	[12.77s]

_____________________________________________

  7270 (time=215s)  14540 (time=458s)  21810 (time=735s)  29080 (time=998s)  36350 (time=1272s)  43620 (time=1530s)  50890 (time=1793s)  58160 (time=2051s)  65430 (time=2286s)  72700 (time=2561s)
  Iter 10	loss=145780.1562	uas=0.8772	las=0.8949	[2561s]

 |U|^2: 3416.833690 min: -0.672345	max: 0.646602
 |V|^2: 3210.516655 min: -0.870472	max: 0.616671
 |W|^2: 315.399988 min: -1.798574	max: 1.841759
 |WL|^2: 354.208974 min: -1.424727	max: 1.849680

_____________________________________________

 Evaluation: data/czech.test.lab.randInit_0.3_R50

  Tokens: 5000
  Sentences: 365
  UAS=0.879800	LAS=0.812600	CAS=0.293151	[11.87s]

_____________________________________________

  7270 (time=199s)  14540 (time=426s)  21810 (time=683s)  29080 (time=926s)  36350 (time=1176s)  43620 (time=1436s)  50890 (time=1680s)  58160 (time=1915s)  65430 (time=2169s)  72700 (time=2440s)
  Iter 11	loss=130292.5404	uas=0.8845	las=0.9009	[2440s]

 |U|^2: 3609.670984 min: -0.669899	max: 0.640952
 |V|^2: 3415.136170 min: -0.851620	max: 0.622348
 |W|^2: 338.686781 min: -1.917089	max: 1.904339
 |WL|^2: 396.327743 min: -1.508913	max: 1.920238

_____________________________________________

 Evaluation: data/czech.test.lab.randInit_0.3_R50

  Tokens: 5000
  Sentences: 365
  UAS=0.880600	LAS=0.813800	CAS=0.293151	[12.23s]

_____________________________________________

  7270 (time=208s)  14540 (time=436s)  21810 (time=683s)  29080 (time=914s)  36350 (time=1190s)  43620 (time=1428s)  50890 (time=1656s)  58160 (time=1884s)  65430 (time=2134s)  72700 (time=2395s)
  Iter 12	loss=117279.4138	uas=0.8907	las=0.9066	[2395s]

 |U|^2: 3782.771446 min: -0.668879	max: 0.639394
 |V|^2: 3598.934623 min: -0.867595	max: 0.615763
 |W|^2: 360.250583 min: -2.048141	max: 1.956727
 |WL|^2: 436.288454 min: -1.594474	max: 2.034285

_____________________________________________

 Evaluation: data/czech.test.lab.randInit_0.3_R50

  Tokens: 5000
  Sentences: 365
  UAS=0.880400	LAS=0.814200	CAS=0.295890	[12.54s]

_____________________________________________

  7270 (time=193s)  14540 (time=413s)  21810 (time=660s)  29080 (time=908s)  36350 (time=1154s)  43620 (time=1404s)  50890 (time=1656s)  58160 (time=1867s)  65430 (time=2083s)  72700 (time=2318s)
  Iter 13	loss=106027.3862	uas=0.8960	las=0.9118	[2318s]

 |U|^2: 3936.911670 min: -0.671701	max: 0.646397
 |V|^2: 3762.767574 min: -0.835852	max: 0.618599
 |W|^2: 379.246629 min: -2.164769	max: 2.077136
 |WL|^2: 474.484967 min: -1.675594	max: 2.114173

_____________________________________________

 Evaluation: data/czech.test.lab.randInit_0.3_R50

  Tokens: 5000
  Sentences: 365
  UAS=0.880600	LAS=0.814200	CAS=0.290411	[10.92s]

_____________________________________________

  7270 (time=168s)  14540 (time=363s)  21810 (time=578s)  29080 (time=796s)  36350 (time=1020s)  43620 (time=1243s)  50890 (time=1469s)  58160 (time=1680s)  65430 (time=1897s)  72700 (time=2133s)
  Iter 14	loss=96568.8646	uas=0.9013	las=0.9164	[2133s]

 |U|^2: 4075.305859 min: -0.654555	max: 0.644262
 |V|^2: 3910.049567 min: -0.852407	max: 0.636646
 |W|^2: 396.751902 min: -2.248313	max: 2.164287
 |WL|^2: 510.228557 min: -1.735339	max: 2.168085

_____________________________________________

 Evaluation: data/czech.test.lab.randInit_0.3_R50

  Tokens: 5000
  Sentences: 365
  UAS=0.880800	LAS=0.815000	CAS=0.290411	[10.92s]

_____________________________________________

  7270 (time=172s)  14540 (time=371s)  21810 (time=584s)  29080 (time=778s)  36350 (time=970s)  43620 (time=1153s)  50890 (time=1332s)  58160 (time=1521s)  65430 (time=1717s)  72700 (time=1939s)
  Iter 15	loss=88396.6244	uas=0.9054	las=0.9208	[1939s]

 |U|^2: 4199.528201 min: -0.657191	max: 0.642095
 |V|^2: 4042.097312 min: -0.876225	max: 0.635194
 |W|^2: 412.760476 min: -2.330749	max: 2.269156
 |WL|^2: 543.384759 min: -1.780910	max: 2.238408

_____________________________________________

 Evaluation: data/czech.test.lab.randInit_0.3_R50

  Tokens: 5000
  Sentences: 365
  UAS=0.881400	LAS=0.815400	CAS=0.293151	[11.49s]

_____________________________________________

  7270 (time=157s)  14540 (time=337s)  21810 (time=546s)  29080 (time=737s)  36350 (time=939s)  43620 (time=1140s)  50890 (time=1339s)  58160 (time=1525s)  65430 (time=1713s)  72700 (time=1936s)
  Iter 16	loss=81187.4049	uas=0.9093	las=0.9246	[1936s]

 |U|^2: 4311.921824 min: -0.645941	max: 0.645944
 |V|^2: 4161.158663 min: -0.871950	max: 0.646072
 |W|^2: 427.130705 min: -2.409299	max: 2.347737
 |WL|^2: 574.542642 min: -1.830132	max: 2.289811

_____________________________________________

 Evaluation: data/czech.test.lab.randInit_0.3_R50

  Tokens: 5000
  Sentences: 365
  UAS=0.881000	LAS=0.814800	CAS=0.293151	[13.07s]

_____________________________________________

  7270 (time=162s)  14540 (time=344s)  21810 (time=549s)  29080 (time=751s)  36350 (time=955s)  43620 (time=1152s)  50890 (time=1341s)  58160 (time=1531s)  65430 (time=1735s)  72700 (time=1964s)
  Iter 17	loss=75117.9462	uas=0.9130	las=0.9276	[1964s]

 |U|^2: 4413.501739 min: -0.638607	max: 0.645154
 |V|^2: 4268.367424 min: -0.855154	max: 0.650142
 |W|^2: 440.500923 min: -2.474697	max: 2.415081
 |WL|^2: 603.105759 min: -1.855564	max: 2.337726

_____________________________________________

 Evaluation: data/czech.test.lab.randInit_0.3_R50

  Tokens: 5000
  Sentences: 365
  UAS=0.881200	LAS=0.814400	CAS=0.290411	[11.34s]

_____________________________________________

  7270 (time=181s)  14540 (time=343s)  21810 (time=531s)  29080 (time=729s)  36350 (time=934s)  43620 (time=1154s)  50890 (time=1349s)  58160 (time=1527s)  65430 (time=1716s)  72700 (time=1946s)
  Iter 18	loss=69582.0752	uas=0.9157	las=0.9309	[1946s]

 |U|^2: 4505.722810 min: -0.636880	max: 0.646487
 |V|^2: 4365.912341 min: -0.844342	max: 0.659938
 |W|^2: 452.507506 min: -2.543599	max: 2.474823
 |WL|^2: 629.628902 min: -1.879357	max: 2.372197

_____________________________________________

 Evaluation: data/czech.test.lab.randInit_0.3_R50

  Tokens: 5000
  Sentences: 365
  UAS=0.881200	LAS=0.815200	CAS=0.287671	[13.74s]

_____________________________________________

  7270 (time=247s)  14540 (time=486s)  21810 (time=767s)  29080 (time=1018s)  36350 (time=1270s)  43620 (time=1530s)  50890 (time=1779s)  58160 (time=2016s)  65430 (time=2263s)  72700 (time=2533s)
  Iter 19	loss=64953.7304	uas=0.9185	las=0.9334	[2533s]

 |U|^2: 4589.948676 min: -0.634707	max: 0.645672
 |V|^2: 4454.598456 min: -0.840727	max: 0.668677
 |W|^2: 463.845963 min: -2.600574	max: 2.538642
 |WL|^2: 654.118046 min: -1.909662	max: 2.397886

_____________________________________________

 Evaluation: data/czech.test.lab.randInit_0.3_R50

  Tokens: 5000
  Sentences: 365
  UAS=0.881200	LAS=0.815600	CAS=0.287671	[14.22s]

_____________________________________________

  7270 (time=200s)  14540 (time=426s)  21810 (time=729s)  29080 (time=1034s)  36350 (time=1295s)  43620 (time=1533s)  50890 (time=1752s)  58160 (time=1986s)  65430 (time=2223s)  72700 (time=2480s)
  Iter 20	loss=60693.9615	uas=0.9213	las=0.9358	[2480s]

 |U|^2: 4667.958291 min: -0.633835	max: 0.644759
 |V|^2: 4536.548125 min: -0.834199	max: 0.680701
 |W|^2: 473.737122 min: -2.664787	max: 2.585446
 |WL|^2: 677.566141 min: -1.929464	max: 2.435109

_____________________________________________

 Evaluation: data/czech.test.lab.randInit_0.3_R50

  Tokens: 5000
  Sentences: 365
  UAS=0.880800	LAS=0.815000	CAS=0.287671	[13.10s]

_____________________________________________


Training took 48117112 ms.
=============================================

 Evaluating: data/czech.test.lab.randInit_0.3_R50
  Tokens: 5000
  Sentences: 365
  UAS=0.880800	LAS=0.815000	CAS=0.287671	[7.41s]
