------
FLAGS
------
train-file: data/danish.train.lab.svd_0.3_R50
test-file: data/danish.test.lab.svd_0.3_R50
model-name: runs/danish.model.lab.svd_0.3_R50
output-file: null
train: true
test: true
iters: 20
label: true
max-sent: -1
C: 0.01
label-loss-type: 0
gamma: 0.3 0.3
R: 50
word-vector:null
projective: false
pruning: true
hill-climbing converge (train): 300
hill-climbing converge (test): 100
thread: 4
file format: CONLL-X
feature hash bits: 30

use consecutive siblings: false
use grandparent: false
use head bigram: false
use grand siblings: false
use tri-siblings: false
use great-grandparent: false
use parent-sibling-child: false
use high-order: false
model: Basic
------

Creating dictionaries ... 
Filtered DEPLABEL (55-->40)
4 8
Lexical items: 18041 (15 bits)
Tag/label items: 88 (7 bits)  40 (6 bits)
Flag Bits: 10
Creation took [1087 ms]
Creating Alphabet ... [3019 ms]
Hash collision: 0.2926% (10051 / 3435129)
Num of CONLL fine POS tags: 26
Num of CONLL coarse POS tags: 11
Num of labels: 40
Num of Syntactic Features: 58045 1073741823
Creating instances ... 1000 2000 3000 4000 5000 5190 [376 ms]
=============================================
 Pre-training:
=============================================
Running MIRA ... 
  1000 (time=15s)  2000 (time=26s)  3000 (time=41s)  4000 (time=56s)  5000 (time=70s)
  Iter 1	loss=55756.9027	uas=0.5962	las=0.7579	[72s]

 |U|^2: 0.000000 min: Infinity	max: -Infinity
 |V|^2: 0.000000 min: Infinity	max: -Infinity
 |W|^2: 0.000000 min: Infinity	max: -Infinity
 |WL|^2: 0.000000 min: Infinity	max: -Infinity

Init tensor ... 
  Unfolding matrix: 816372 / (58045*870675)  0.00% entries.
  Rank: 50 (max:50)  Sigma: max=1.663023 cut=0.305984

 |U|^2: 50.000000 min: -0.648598	max: 0.925308
 |V|^2: 50.000000 min: -0.939652	max: 0.953455
 |W|^2: 11.656805 min: -1.489197	max: 0.365822

Pre-training took 81473 ms.
=============================================

=============================================
 Training:
=============================================
Running MIRA ... 
  1000 (time=16s)  2000 (time=32s)  3000 (time=54s)  4000 (time=73s)  5000 (time=88s)
  Iter 1	loss=51487.7571	uas=0.6333	las=0.7583	[92s]

 |U|^2: 121.307702 min: -0.715567	max: 1.026778
 |V|^2: 121.194252 min: -0.993905	max: 0.815480
 |W|^2: 19.689719 min: -0.951802	max: 0.815890
 |WL|^2: 10.664802 min: -0.452560	max: 0.634350

_____________________________________________

 Evaluation: data/danish.test.lab.svd_0.3_R50

  Tokens: 5010
  Sentences: 322
  UAS=0.884631	LAS=0.817565	CAS=0.170807	[4.83s]

_____________________________________________

  1000 (time=12s)  2000 (time=23s)  3000 (time=39s)  4000 (time=57s)  5000 (time=73s)
  Iter 2	loss=32450.5445	uas=0.7357	las=0.8404	[75s]

 |U|^2: 169.065004 min: -0.718092	max: 0.955691
 |V|^2: 169.129837 min: -0.970241	max: 0.854180
 |W|^2: 26.219813 min: -0.959144	max: 0.931451
 |WL|^2: 14.605846 min: -0.502130	max: 0.605364

_____________________________________________

 Evaluation: data/danish.test.lab.svd_0.3_R50

  Tokens: 5010
  Sentences: 322
  UAS=0.897405	LAS=0.836128	CAS=0.201863	[3.65s]

_____________________________________________

  1000 (time=11s)  2000 (time=22s)  3000 (time=38s)  4000 (time=59s)  5000 (time=78s)
  Iter 3	loss=24576.7924	uas=0.7794	las=0.8656	[81s]

 |U|^2: 212.355152 min: -0.741753	max: 0.981055
 |V|^2: 212.004379 min: -0.944967	max: 0.887415
 |W|^2: 34.300787 min: -1.018476	max: 0.999374
 |WL|^2: 17.912791 min: -0.514250	max: 0.623084

_____________________________________________

 Evaluation: data/danish.test.lab.svd_0.3_R50

  Tokens: 5010
  Sentences: 322
  UAS=0.902794	LAS=0.842914	CAS=0.208075	[5.29s]

_____________________________________________

  1000 (time=14s)  2000 (time=29s)  3000 (time=48s)  4000 (time=67s)  5000 (time=83s)
  Iter 4	loss=19347.0814	uas=0.8115	las=0.8817	[86s]

 |U|^2: 250.483386 min: -0.758244	max: 0.988813
 |V|^2: 250.290012 min: -0.970501	max: 0.877073
 |W|^2: 43.663947 min: -1.114528	max: 1.087827
 |WL|^2: 21.202993 min: -0.588987	max: 0.624274

_____________________________________________

 Evaluation: data/danish.test.lab.svd_0.3_R50

  Tokens: 5010
  Sentences: 322
  UAS=0.905589	LAS=0.848503	CAS=0.217391	[4.93s]

_____________________________________________

  1000 (time=13s)  2000 (time=27s)  3000 (time=44s)  4000 (time=62s)  5000 (time=76s)
  Iter 5	loss=15383.4720	uas=0.8379	las=0.8933	[79s]

 |U|^2: 282.109256 min: -0.751506	max: 0.990861
 |V|^2: 282.825386 min: -1.018495	max: 0.933712
 |W|^2: 53.003162 min: -1.184960	max: 1.155407
 |WL|^2: 24.635074 min: -0.690592	max: 0.640441

_____________________________________________

 Evaluation: data/danish.test.lab.svd_0.3_R50

  Tokens: 5010
  Sentences: 322
  UAS=0.907385	LAS=0.852695	CAS=0.232919	[4.04s]

_____________________________________________

  1000 (time=10s)  2000 (time=21s)  3000 (time=36s)  4000 (time=51s)  5000 (time=64s)
  Iter 6	loss=12422.3728	uas=0.8600	las=0.9017	[67s]

 |U|^2: 308.161417 min: -0.774897	max: 0.984261
 |V|^2: 311.223516 min: -1.036040	max: 0.945447
 |W|^2: 62.002175 min: -1.268883	max: 1.214742
 |WL|^2: 28.042211 min: -0.823984	max: 0.631171

_____________________________________________

 Evaluation: data/danish.test.lab.svd_0.3_R50

  Tokens: 5010
  Sentences: 322
  UAS=0.908982	LAS=0.854890	CAS=0.236025	[3.96s]

_____________________________________________

  1000 (time=10s)  2000 (time=20s)  3000 (time=35s)  4000 (time=51s)  5000 (time=65s)
  Iter 7	loss=10104.0600	uas=0.8777	las=0.9090	[68s]

 |U|^2: 329.305680 min: -0.771382	max: 0.981870
 |V|^2: 335.797586 min: -1.070113	max: 0.964429
 |W|^2: 69.684196 min: -1.350965	max: 1.248409
 |WL|^2: 31.576962 min: -0.893976	max: 0.630196

_____________________________________________

 Evaluation: data/danish.test.lab.svd_0.3_R50

  Tokens: 5010
  Sentences: 322
  UAS=0.908782	LAS=0.854890	CAS=0.236025	[4.05s]

_____________________________________________

  1000 (time=12s)  2000 (time=22s)  3000 (time=38s)  4000 (time=56s)  5000 (time=71s)
  Iter 8	loss=8285.4089	uas=0.8927	las=0.9152	[75s]

 |U|^2: 346.721569 min: -0.786940	max: 0.980878
 |V|^2: 356.760843 min: -1.106726	max: 0.983261
 |W|^2: 76.407191 min: -1.423800	max: 1.317529
 |WL|^2: 34.970470 min: -0.998974	max: 0.633838

_____________________________________________

 Evaluation: data/danish.test.lab.svd_0.3_R50

  Tokens: 5010
  Sentences: 322
  UAS=0.909780	LAS=0.857086	CAS=0.236025	[4.97s]

_____________________________________________

  1000 (time=14s)  2000 (time=30s)  3000 (time=48s)  4000 (time=66s)  5000 (time=82s)
  Iter 9	loss=6812.5305	uas=0.9049	las=0.9219	[85s]

 |U|^2: 361.188091 min: -0.790706	max: 0.986149
 |V|^2: 374.567139 min: -1.107485	max: 0.995519
 |W|^2: 82.090736 min: -1.501243	max: 1.310967
 |WL|^2: 38.302826 min: -1.094950	max: 0.686913

_____________________________________________

 Evaluation: data/danish.test.lab.svd_0.3_R50

  Tokens: 5010
  Sentences: 322
  UAS=0.910379	LAS=0.859082	CAS=0.239130	[4.58s]

_____________________________________________

  1000 (time=12s)  2000 (time=24s)  3000 (time=40s)  4000 (time=55s)  5000 (time=69s)
  Iter 10	loss=5652.0860	uas=0.9151	las=0.9264	[71s]

 |U|^2: 372.904225 min: -0.796375	max: 1.018696
 |V|^2: 389.040526 min: -1.152575	max: 1.004616
 |W|^2: 86.682465 min: -1.563163	max: 1.333503
 |WL|^2: 41.347798 min: -1.162311	max: 0.745078

_____________________________________________

 Evaluation: data/danish.test.lab.svd_0.3_R50

  Tokens: 5010
  Sentences: 322
  UAS=0.910180	LAS=0.859082	CAS=0.232919	[3.75s]

_____________________________________________

  1000 (time=9s)  2000 (time=20s)  3000 (time=34s)  4000 (time=50s)  5000 (time=63s)
  Iter 11	loss=4681.3335	uas=0.9247	las=0.9327	[66s]

 |U|^2: 382.812922 min: -0.802378	max: 1.041631
 |V|^2: 401.277720 min: -1.178098	max: 1.011226
 |W|^2: 90.684697 min: -1.596787	max: 1.355302
 |WL|^2: 44.210414 min: -1.225207	max: 0.782911

_____________________________________________

 Evaluation: data/danish.test.lab.svd_0.3_R50

  Tokens: 5010
  Sentences: 322
  UAS=0.909980	LAS=0.858882	CAS=0.239130	[3.80s]

_____________________________________________

  1000 (time=10s)  2000 (time=21s)  3000 (time=35s)  4000 (time=51s)  5000 (time=66s)
  Iter 12	loss=3996.2975	uas=0.9311	las=0.9365	[69s]

 |U|^2: 391.168784 min: -0.819596	max: 1.063252
 |V|^2: 411.512042 min: -1.208849	max: 1.019527
 |W|^2: 94.105673 min: -1.642689	max: 1.359313
 |WL|^2: 46.758761 min: -1.267570	max: 0.827019

_____________________________________________

 Evaluation: data/danish.test.lab.svd_0.3_R50

  Tokens: 5010
  Sentences: 322
  UAS=0.910379	LAS=0.859481	CAS=0.242236	[5.28s]

_____________________________________________

  1000 (time=15s)  2000 (time=28s)  3000 (time=46s)  4000 (time=66s)  5000 (time=82s)
  Iter 13	loss=3385.3243	uas=0.9371	las=0.9407	[84s]

 |U|^2: 398.076745 min: -0.820866	max: 1.072207
 |V|^2: 419.888649 min: -1.237878	max: 1.024438
 |W|^2: 96.916940 min: -1.676596	max: 1.375601
 |WL|^2: 48.988221 min: -1.311645	max: 0.859259

_____________________________________________

 Evaluation: data/danish.test.lab.svd_0.3_R50

  Tokens: 5010
  Sentences: 322
  UAS=0.910379	LAS=0.858683	CAS=0.242236	[4.86s]

_____________________________________________

  1000 (time=12s)  2000 (time=23s)  3000 (time=37s)  4000 (time=55s)  5000 (time=71s)
  Iter 14	loss=2911.4070	uas=0.9425	las=0.9447	[75s]

 |U|^2: 404.125895 min: -0.821047	max: 1.082455
 |V|^2: 427.045168 min: -1.260451	max: 1.033322
 |W|^2: 99.294546 min: -1.710086	max: 1.386185
 |WL|^2: 51.100361 min: -1.342511	max: 0.886508

_____________________________________________

 Evaluation: data/danish.test.lab.svd_0.3_R50

  Tokens: 5010
  Sentences: 322
  UAS=0.910180	LAS=0.858683	CAS=0.236025	[5.01s]

_____________________________________________

  1000 (time=13s)  2000 (time=29s)  3000 (time=46s)  4000 (time=64s)  5000 (time=80s)
  Iter 15	loss=2497.2224	uas=0.9463	las=0.9476	[82s]

 |U|^2: 409.366585 min: -0.830981	max: 1.096717
 |V|^2: 433.219727 min: -1.285695	max: 1.039429
 |W|^2: 101.381304 min: -1.735852	max: 1.385191
 |WL|^2: 53.019594 min: -1.374344	max: 0.912348

_____________________________________________

 Evaluation: data/danish.test.lab.svd_0.3_R50

  Tokens: 5010
  Sentences: 322
  UAS=0.910778	LAS=0.859281	CAS=0.236025	[3.42s]

_____________________________________________

  1000 (time=10s)  2000 (time=23s)  3000 (time=38s)  4000 (time=54s)  5000 (time=68s)
  Iter 16	loss=2179.0487	uas=0.9505	las=0.9513	[71s]

 |U|^2: 414.028876 min: -0.842481	max: 1.112201
 |V|^2: 438.625287 min: -1.313821	max: 1.040184
 |W|^2: 103.197407 min: -1.760524	max: 1.389136
 |WL|^2: 54.809733 min: -1.391766	max: 0.930169

_____________________________________________

 Evaluation: data/danish.test.lab.svd_0.3_R50

  Tokens: 5010
  Sentences: 322
  UAS=0.911178	LAS=0.860279	CAS=0.236025	[3.53s]

_____________________________________________

  1000 (time=10s)  2000 (time=19s)  3000 (time=33s)  4000 (time=48s)  5000 (time=62s)
  Iter 17	loss=1890.9491	uas=0.9539	las=0.9543	[64s]

 |U|^2: 417.969894 min: -0.852517	max: 1.122210
 |V|^2: 443.158740 min: -1.336494	max: 1.046007
 |W|^2: 104.647838 min: -1.780076	max: 1.389418
 |WL|^2: 56.435702 min: -1.421044	max: 0.955759

_____________________________________________

 Evaluation: data/danish.test.lab.svd_0.3_R50

  Tokens: 5010
  Sentences: 322
  UAS=0.911377	LAS=0.860279	CAS=0.236025	[3.47s]

_____________________________________________

  1000 (time=9s)  2000 (time=19s)  3000 (time=32s)  4000 (time=47s)  5000 (time=68s)
  Iter 18	loss=1656.4133	uas=0.9570	las=0.9559	[70s]

 |U|^2: 421.516811 min: -0.870639	max: 1.124928
 |V|^2: 447.136789 min: -1.359845	max: 1.048215
 |W|^2: 105.931198 min: -1.794107	max: 1.390123
 |WL|^2: 57.934894 min: -1.442296	max: 0.969361

_____________________________________________

 Evaluation: data/danish.test.lab.svd_0.3_R50

  Tokens: 5010
  Sentences: 322
  UAS=0.912176	LAS=0.860679	CAS=0.232919	[3.66s]

_____________________________________________

  1000 (time=9s)  2000 (time=19s)  3000 (time=34s)  4000 (time=48s)  5000 (time=60s)
  Iter 19	loss=1474.1256	uas=0.9595	las=0.9578	[62s]

 |U|^2: 424.608925 min: -0.885819	max: 1.128622
 |V|^2: 450.605105 min: -1.375257	max: 1.050778
 |W|^2: 107.070388 min: -1.805422	max: 1.394071
 |WL|^2: 59.246471 min: -1.466124	max: 0.984379

_____________________________________________

 Evaluation: data/danish.test.lab.svd_0.3_R50

  Tokens: 5010
  Sentences: 322
  UAS=0.912176	LAS=0.860479	CAS=0.229814	[3.59s]

_____________________________________________

  1000 (time=9s)  2000 (time=19s)  3000 (time=33s)  4000 (time=48s)  5000 (time=61s)
  Iter 20	loss=1290.8459	uas=0.9616	las=0.9603	[63s]

 |U|^2: 427.473345 min: -0.901850	max: 1.142278
 |V|^2: 453.746264 min: -1.394043	max: 1.053610
 |W|^2: 108.079268 min: -1.818198	max: 1.397105
 |WL|^2: 60.554589 min: -1.475929	max: 0.998737

_____________________________________________

 Evaluation: data/danish.test.lab.svd_0.3_R50

  Tokens: 5010
  Sentences: 322
  UAS=0.911577	LAS=0.859880	CAS=0.229814	[3.46s]

_____________________________________________


Training took 1626208 ms.
=============================================

 Evaluating: data/danish.test.lab.svd_0.3_R50
  Tokens: 5010
  Sentences: 322
  UAS=0.911577	LAS=0.859880	CAS=0.229814	[5.32s]
