------
FLAGS
------
train-file: data/danish.train.lab.randInit_0.3_R50
test-file: data/danish.test.lab.randInit_0.3_R50
model-name: runs/danish.model.lab.randInit_0.3_R50
output-file: null
train: true
test: true
iters: 20
label: true
max-sent: -1
C: 0.01
label-loss-type: 0
gamma: 0.3 0.3
R: 50
word-vector:null
projective: false
pruning: true
hill-climbing converge (train): 300
hill-climbing converge (test): 100
thread: 4
file format: CONLL-X
feature hash bits: 30

use consecutive siblings: false
use grandparent: false
use head bigram: false
use grand siblings: false
use tri-siblings: false
use great-grandparent: false
use parent-sibling-child: false
use high-order: false
model: Basic
------

Creating dictionaries ... 
Filtered DEPLABEL (55-->40)
4 8
Lexical items: 18041 (15 bits)
Tag/label items: 88 (7 bits)  40 (6 bits)
Flag Bits: 10
Creation took [1462 ms]
Creating Alphabet ... [3536 ms]
Hash collision: 0.2926% (10051 / 3435129)
Num of CONLL fine POS tags: 26
Num of CONLL coarse POS tags: 11
Num of labels: 40
Num of Syntactic Features: 58045 1073741823
Creating instances ... 1000 2000 3000 4000 5000 5190 [352 ms]
=============================================
 Training:
=============================================
Running MIRA ... 
  1000 (time=25s)  2000 (time=40s)  3000 (time=58s)  4000 (time=80s)  5000 (time=97s)
  Iter 1	loss=55006.7976	uas=0.5827	las=0.7445	[100s]

 |U|^2: 69.088298 min: -0.382105	max: 0.547096
 |V|^2: 71.523913 min: -0.450889	max: 0.440267
 |W|^2: 54.100108 min: -0.662644	max: 0.613069
 |WL|^2: 50.453630 min: -0.224650	max: 0.268793

_____________________________________________

 Evaluation: data/danish.test.lab.randInit_0.3_R50

  Tokens: 5010
  Sentences: 322
  UAS=0.867864	LAS=0.801996	CAS=0.158385	[5.18s]

_____________________________________________

  1000 (time=12s)  2000 (time=26s)  3000 (time=44s)  4000 (time=63s)  5000 (time=86s)
  Iter 2	loss=34313.8915	uas=0.7155	las=0.8349	[90s]

 |U|^2: 94.315110 min: -0.483305	max: 0.560492
 |V|^2: 96.432140 min: -0.576630	max: 0.592741
 |W|^2: 58.188311 min: -0.697615	max: 0.712862
 |WL|^2: 51.137670 min: -0.205931	max: 0.297395

_____________________________________________

 Evaluation: data/danish.test.lab.randInit_0.3_R50

  Tokens: 5010
  Sentences: 322
  UAS=0.889222	LAS=0.825948	CAS=0.192547	[5.61s]

_____________________________________________

  1000 (time=16s)  2000 (time=30s)  3000 (time=48s)  4000 (time=67s)  5000 (time=83s)
  Iter 3	loss=26649.6288	uas=0.7607	las=0.8618	[86s]

 |U|^2: 122.605441 min: -0.603525	max: 0.530468
 |V|^2: 124.210648 min: -0.659936	max: 0.657679
 |W|^2: 63.098181 min: -0.768030	max: 0.789606
 |WL|^2: 52.035107 min: -0.240383	max: 0.378816

_____________________________________________

 Evaluation: data/danish.test.lab.randInit_0.3_R50

  Tokens: 5010
  Sentences: 322
  UAS=0.893812	LAS=0.833333	CAS=0.211180	[4.10s]

_____________________________________________

  1000 (time=12s)  2000 (time=24s)  3000 (time=40s)  4000 (time=59s)  5000 (time=74s)
  Iter 4	loss=21708.4525	uas=0.7924	las=0.8766	[76s]

 |U|^2: 152.276021 min: -0.630925	max: 0.499552
 |V|^2: 153.413420 min: -0.719985	max: 0.709112
 |W|^2: 69.196588 min: -0.861362	max: 0.846804
 |WL|^2: 52.798276 min: -0.271412	max: 0.438799

_____________________________________________

 Evaluation: data/danish.test.lab.randInit_0.3_R50

  Tokens: 5010
  Sentences: 322
  UAS=0.898403	LAS=0.839721	CAS=0.211180	[4.24s]

_____________________________________________

  1000 (time=11s)  2000 (time=24s)  3000 (time=40s)  4000 (time=57s)  5000 (time=72s)
  Iter 5	loss=17902.8205	uas=0.8150	las=0.8881	[75s]

 |U|^2: 182.210674 min: -0.681230	max: 0.476368
 |V|^2: 182.862467 min: -0.716497	max: 0.762192
 |W|^2: 76.356666 min: -1.040385	max: 0.970728
 |WL|^2: 53.803480 min: -0.296531	max: 0.458898

_____________________________________________

 Evaluation: data/danish.test.lab.randInit_0.3_R50

  Tokens: 5010
  Sentences: 322
  UAS=0.900798	LAS=0.843513	CAS=0.220497	[4.33s]

_____________________________________________

  1000 (time=12s)  2000 (time=23s)  3000 (time=39s)  4000 (time=56s)  5000 (time=71s)
  Iter 6	loss=14987.3478	uas=0.8361	las=0.8963	[74s]

 |U|^2: 210.404423 min: -0.680609	max: 0.479018
 |V|^2: 210.190570 min: -0.694451	max: 0.773594
 |W|^2: 84.371635 min: -1.139722	max: 1.118695
 |WL|^2: 54.888580 min: -0.334761	max: 0.471048

_____________________________________________

 Evaluation: data/danish.test.lab.randInit_0.3_R50

  Tokens: 5010
  Sentences: 322
  UAS=0.902595	LAS=0.846108	CAS=0.220497	[4.58s]

_____________________________________________

  1000 (time=12s)  2000 (time=24s)  3000 (time=42s)  4000 (time=59s)  5000 (time=73s)
  Iter 7	loss=12514.4684	uas=0.8536	las=0.9030	[76s]

 |U|^2: 234.776704 min: -0.695002	max: 0.470479
 |V|^2: 234.237764 min: -0.672103	max: 0.799652
 |W|^2: 92.844848 min: -1.298465	max: 1.237169
 |WL|^2: 56.054797 min: -0.347197	max: 0.486987

_____________________________________________

 Evaluation: data/danish.test.lab.randInit_0.3_R50

  Tokens: 5010
  Sentences: 322
  UAS=0.904591	LAS=0.847106	CAS=0.226708	[4.16s]

_____________________________________________

  1000 (time=12s)  2000 (time=27s)  3000 (time=47s)  4000 (time=70s)  5000 (time=89s)
  Iter 8	loss=10483.9495	uas=0.8696	las=0.9088	[92s]

 |U|^2: 254.917588 min: -0.701986	max: 0.486540
 |V|^2: 254.567332 min: -0.638630	max: 0.789568
 |W|^2: 101.011852 min: -1.441497	max: 1.348388
 |WL|^2: 57.465651 min: -0.407507	max: 0.515891

_____________________________________________

 Evaluation: data/danish.test.lab.randInit_0.3_R50

  Tokens: 5010
  Sentences: 322
  UAS=0.905190	LAS=0.848902	CAS=0.229814	[4.26s]

_____________________________________________

  1000 (time=14s)  2000 (time=29s)  3000 (time=48s)  4000 (time=69s)  5000 (time=88s)
  Iter 9	loss=8859.9205	uas=0.8841	las=0.9146	[91s]

 |U|^2: 271.378720 min: -0.693173	max: 0.507508
 |V|^2: 271.515317 min: -0.627540	max: 0.790791
 |W|^2: 108.418375 min: -1.561177	max: 1.455548
 |WL|^2: 58.868427 min: -0.423014	max: 0.527472

_____________________________________________

 Evaluation: data/danish.test.lab.randInit_0.3_R50

  Tokens: 5010
  Sentences: 322
  UAS=0.906786	LAS=0.850699	CAS=0.236025	[6.53s]

_____________________________________________

  1000 (time=11s)  2000 (time=23s)  3000 (time=39s)  4000 (time=57s)  5000 (time=72s)
  Iter 10	loss=7543.2927	uas=0.8970	las=0.9187	[75s]

 |U|^2: 284.920898 min: -0.696191	max: 0.520577
 |V|^2: 285.894741 min: -0.640730	max: 0.785275
 |W|^2: 114.534355 min: -1.644240	max: 1.528792
 |WL|^2: 60.562157 min: -0.465838	max: 0.553201

_____________________________________________

 Evaluation: data/danish.test.lab.randInit_0.3_R50

  Tokens: 5010
  Sentences: 322
  UAS=0.908782	LAS=0.853493	CAS=0.245342	[4.23s]

_____________________________________________

  1000 (time=11s)  2000 (time=22s)  3000 (time=38s)  4000 (time=54s)  5000 (time=69s)
  Iter 11	loss=6486.0705	uas=0.9054	las=0.9236	[72s]

 |U|^2: 296.697123 min: -0.705839	max: 0.526540
 |V|^2: 299.051240 min: -0.643452	max: 0.794851
 |W|^2: 120.156720 min: -1.741004	max: 1.599950
 |WL|^2: 62.418499 min: -0.516948	max: 0.577418

_____________________________________________

 Evaluation: data/danish.test.lab.randInit_0.3_R50

  Tokens: 5010
  Sentences: 322
  UAS=0.908383	LAS=0.853693	CAS=0.248447	[5.56s]

_____________________________________________

  1000 (time=12s)  2000 (time=23s)  3000 (time=42s)  4000 (time=59s)  5000 (time=75s)
  Iter 12	loss=5566.4796	uas=0.9146	las=0.9267	[78s]

 |U|^2: 306.917767 min: -0.694364	max: 0.551986
 |V|^2: 311.040781 min: -0.648972	max: 0.797551
 |W|^2: 124.984167 min: -1.807199	max: 1.661629
 |WL|^2: 64.393846 min: -0.577719	max: 0.584084

_____________________________________________

 Evaluation: data/danish.test.lab.randInit_0.3_R50

  Tokens: 5010
  Sentences: 322
  UAS=0.907784	LAS=0.853293	CAS=0.248447	[4.55s]

_____________________________________________

  1000 (time=14s)  2000 (time=27s)  3000 (time=42s)  4000 (time=61s)  5000 (time=75s)
  Iter 13	loss=4834.5104	uas=0.9222	las=0.9299	[78s]

 |U|^2: 315.844251 min: -0.692234	max: 0.561514
 |V|^2: 322.145281 min: -0.662860	max: 0.804329
 |W|^2: 128.998797 min: -1.864469	max: 1.708538
 |WL|^2: 66.524022 min: -0.617873	max: 0.601773

_____________________________________________

 Evaluation: data/danish.test.lab.randInit_0.3_R50

  Tokens: 5010
  Sentences: 322
  UAS=0.908383	LAS=0.853493	CAS=0.248447	[4.22s]

_____________________________________________

  1000 (time=14s)  2000 (time=29s)  3000 (time=46s)  4000 (time=62s)  5000 (time=76s)
  Iter 14	loss=4197.9227	uas=0.9284	las=0.9326	[79s]

 |U|^2: 323.764266 min: -0.681615	max: 0.597459
 |V|^2: 332.454397 min: -0.665799	max: 0.813634
 |W|^2: 132.424242 min: -1.918746	max: 1.746092
 |WL|^2: 68.728023 min: -0.667703	max: 0.638693

_____________________________________________

 Evaluation: data/danish.test.lab.randInit_0.3_R50

  Tokens: 5010
  Sentences: 322
  UAS=0.908583	LAS=0.854491	CAS=0.248447	[7.25s]

_____________________________________________

  1000 (time=13s)  2000 (time=23s)  3000 (time=39s)  4000 (time=57s)  5000 (time=73s)
  Iter 15	loss=3639.6797	uas=0.9335	las=0.9349	[76s]

 |U|^2: 330.826750 min: -0.672402	max: 0.611037
 |V|^2: 341.839853 min: -0.675020	max: 0.820338
 |W|^2: 135.407909 min: -1.964836	max: 1.778590
 |WL|^2: 70.906467 min: -0.713219	max: 0.695126

_____________________________________________

 Evaluation: data/danish.test.lab.randInit_0.3_R50

  Tokens: 5010
  Sentences: 322
  UAS=0.907585	LAS=0.853892	CAS=0.251553	[4.62s]

_____________________________________________

  1000 (time=11s)  2000 (time=22s)  3000 (time=37s)  4000 (time=54s)  5000 (time=68s)
  Iter 16	loss=3166.9838	uas=0.9373	las=0.9389	[70s]

 |U|^2: 336.966584 min: -0.669475	max: 0.624428
 |V|^2: 350.234176 min: -0.678920	max: 0.823772
 |W|^2: 137.852778 min: -1.994625	max: 1.810208
 |WL|^2: 73.101714 min: -0.758231	max: 0.762008

_____________________________________________

 Evaluation: data/danish.test.lab.randInit_0.3_R50

  Tokens: 5010
  Sentences: 322
  UAS=0.907385	LAS=0.853892	CAS=0.251553	[4.55s]

_____________________________________________

  1000 (time=10s)  2000 (time=22s)  3000 (time=37s)  4000 (time=53s)  5000 (time=66s)
  Iter 17	loss=2725.5915	uas=0.9423	las=0.9414	[69s]

 |U|^2: 342.307917 min: -0.665652	max: 0.654695
 |V|^2: 357.563501 min: -0.682350	max: 0.829544
 |W|^2: 139.885074 min: -2.024016	max: 1.835134
 |WL|^2: 75.243099 min: -0.798882	max: 0.802056

_____________________________________________

 Evaluation: data/danish.test.lab.randInit_0.3_R50

  Tokens: 5010
  Sentences: 322
  UAS=0.906786	LAS=0.854491	CAS=0.251553	[4.39s]

_____________________________________________

  1000 (time=11s)  2000 (time=22s)  3000 (time=37s)  4000 (time=53s)  5000 (time=68s)
  Iter 18	loss=2401.5247	uas=0.9458	las=0.9448	[71s]

 |U|^2: 347.046425 min: -0.656147	max: 0.670419
 |V|^2: 363.991298 min: -0.689650	max: 0.834128
 |W|^2: 141.708372 min: -2.053102	max: 1.854410
 |WL|^2: 77.187895 min: -0.831405	max: 0.841764

_____________________________________________

 Evaluation: data/danish.test.lab.randInit_0.3_R50

  Tokens: 5010
  Sentences: 322
  UAS=0.907186	LAS=0.855090	CAS=0.251553	[4.53s]

_____________________________________________

  1000 (time=11s)  2000 (time=22s)  3000 (time=37s)  4000 (time=57s)  5000 (time=76s)
  Iter 19	loss=2118.2401	uas=0.9487	las=0.9471	[79s]

 |U|^2: 351.124761 min: -0.652682	max: 0.684743
 |V|^2: 369.519203 min: -0.694106	max: 0.837514
 |W|^2: 143.216647 min: -2.075605	max: 1.871330
 |WL|^2: 78.985244 min: -0.852128	max: 0.865804

_____________________________________________

 Evaluation: data/danish.test.lab.randInit_0.3_R50

  Tokens: 5010
  Sentences: 322
  UAS=0.906387	LAS=0.853892	CAS=0.245342	[5.07s]

_____________________________________________

  1000 (time=14s)  2000 (time=29s)  3000 (time=49s)  4000 (time=69s)  5000 (time=87s)
  Iter 20	loss=1839.7132	uas=0.9521	las=0.9499	[91s]

 |U|^2: 354.620490 min: -0.655786	max: 0.695920
 |V|^2: 374.182181 min: -0.698548	max: 0.835883
 |W|^2: 144.475237 min: -2.086582	max: 1.883110
 |WL|^2: 80.589890 min: -0.873018	max: 0.881690

_____________________________________________

 Evaluation: data/danish.test.lab.randInit_0.3_R50

  Tokens: 5010
  Sentences: 322
  UAS=0.906387	LAS=0.853892	CAS=0.245342	[4.98s]

_____________________________________________


Training took 1754977 ms.
=============================================

 Evaluating: data/danish.test.lab.randInit_0.3_R50
  Tokens: 5010
  Sentences: 322
  UAS=0.906387	LAS=0.853892	CAS=0.245342	[4.19s]
