------
FLAGS
------
train-file: data/dutch.train.lab.svd_0.3_R50
test-file: data/dutch.test.lab.svd_0.3_R50
model-name: runs/dutch.model.lab.svd_0.3_R50
output-file: null
train: true
test: true
iters: 20
label: true
max-sent: -1
C: 0.01
label-loss-type: 0
gamma: 0.3 0.3
R: 50
word-vector:null
projective: false
pruning: true
hill-climbing converge (train): 300
hill-climbing converge (test): 100
thread: 4
file format: CONLL-X
feature hash bits: 30

use consecutive siblings: false
use grandparent: false
use head bigram: false
use grand siblings: false
use tri-siblings: false
use great-grandparent: false
use parent-sibling-child: false
use high-order: false
model: Basic
------

Creating dictionaries ... 
Filtered DEPLABEL (28-->23)
4 8
Lexical items: 48493 (16 bits)
Tag/label items: 634 (10 bits)  23 (5 bits)
Flag Bits: 9
Creation took [2098 ms]
Creating Alphabet ... [11078 ms]
Hash collision: 1.1444% (153976 / 13454282)
Num of CONLL fine POS tags: 303
Num of CONLL coarse POS tags: 14
Num of labels: 23
Num of Syntactic Features: 253650 1073741823
Creating instances ... 1000 2000 3000 4000 5000 6000 7000 8000 9000 10000 11000 12000 13000 13349 [1102 ms]
=============================================
 Pre-training:
=============================================
Running MIRA ... 
  1334 (time=7s)  2668 (time=17s)  4002 (time=23s)  5336 (time=35s)  6670 (time=50s)  8004 (time=65s)  9338 (time=81s)  10672 (time=96s)  12006 (time=107s)  13340 (time=118s)
  Iter 1	loss=89286.9159	uas=0.6596	las=0.8079	[118s]

 |U|^2: 0.000000 min: Infinity	max: -Infinity
 |V|^2: 0.000000 min: Infinity	max: -Infinity
 |W|^2: 0.000000 min: Infinity	max: -Infinity
 |WL|^2: 0.000000 min: Infinity	max: -Infinity

Init tensor ... 
  Unfolding matrix: 5974777 / (253650*3804750)  0.00% entries.
  Rank: 50 (max:50)  Sigma: max=1.610432 cut=0.330640

 |U|^2: 50.000000 min: -0.723482	max: 0.790925
 |V|^2: 50.000000 min: -0.560980	max: 0.851169
 |W|^2: 12.701159 min: -1.170270	max: 0.648978

Pre-training took 156265 ms.
=============================================

=============================================
 Training:
=============================================
Running MIRA ... 
  1334 (time=6s)  2668 (time=13s)  4002 (time=20s)  5336 (time=34s)  6670 (time=52s)  8004 (time=69s)  9338 (time=87s)  10672 (time=104s)  12006 (time=123s)  13340 (time=140s)
  Iter 1	loss=83590.2337	uas=0.6869	las=0.8162	[141s]

 |U|^2: 142.053955 min: -0.845857	max: 0.760173
 |V|^2: 149.070853 min: -0.506349	max: 0.844339
 |W|^2: 20.536821 min: -0.626659	max: 0.758253
 |WL|^2: 9.904143 min: -0.511499	max: 0.392330

_____________________________________________

 Evaluation: data/dutch.test.lab.svd_0.3_R50

  Tokens: 4998
  Sentences: 386
  UAS=0.825730	LAS=0.782913	CAS=0.225389	[5.34s]

_____________________________________________

  1334 (time=6s)  2668 (time=15s)  4002 (time=25s)  5336 (time=42s)  6670 (time=64s)  8004 (time=84s)  9338 (time=105s)  10672 (time=130s)  12006 (time=144s)  13340 (time=159s)
  Iter 2	loss=48060.4439	uas=0.7779	las=0.8800	[159s]

 |U|^2: 201.371081 min: -0.843368	max: 0.711192
 |V|^2: 208.621219 min: -0.517295	max: 0.757422
 |W|^2: 29.842992 min: -0.730273	max: 0.826596
 |WL|^2: 12.962272 min: -0.593250	max: 0.421527

_____________________________________________

 Evaluation: data/dutch.test.lab.svd_0.3_R50

  Tokens: 4998
  Sentences: 386
  UAS=0.841737	LAS=0.802521	CAS=0.238342	[3.82s]

_____________________________________________

  1334 (time=6s)  2668 (time=14s)  4002 (time=20s)  5336 (time=32s)  6670 (time=51s)  8004 (time=71s)  9338 (time=87s)  10672 (time=104s)  12006 (time=118s)  13340 (time=130s)
  Iter 3	loss=32027.2409	uas=0.8204	las=0.9002	[130s]

 |U|^2: 246.647597 min: -0.838844	max: 0.739379
 |V|^2: 251.874306 min: -0.553272	max: 0.735415
 |W|^2: 40.732892 min: -0.852218	max: 0.968704
 |WL|^2: 16.032795 min: -0.651646	max: 0.453856

_____________________________________________

 Evaluation: data/dutch.test.lab.svd_0.3_R50

  Tokens: 4998
  Sentences: 386
  UAS=0.848739	LAS=0.812725	CAS=0.243523	[3.56s]

_____________________________________________

  1334 (time=4s)  2668 (time=10s)  4002 (time=16s)  5336 (time=28s)  6670 (time=50s)  8004 (time=71s)  9338 (time=94s)  10672 (time=113s)  12006 (time=134s)  13340 (time=150s)
  Iter 4	loss=22786.6022	uas=0.8523	las=0.9148	[150s]

 |U|^2: 279.967886 min: -0.837816	max: 0.765680
 |V|^2: 283.137568 min: -0.545592	max: 0.724373
 |W|^2: 50.444677 min: -0.948015	max: 1.052798
 |WL|^2: 19.094668 min: -0.696102	max: 0.472965

_____________________________________________

 Evaluation: data/dutch.test.lab.svd_0.3_R50

  Tokens: 4998
  Sentences: 386
  UAS=0.852541	LAS=0.816527	CAS=0.261658	[4.89s]

_____________________________________________

  1334 (time=5s)  2668 (time=13s)  4002 (time=20s)  5336 (time=34s)  6670 (time=54s)  8004 (time=73s)  9338 (time=92s)  10672 (time=109s)  12006 (time=124s)  13340 (time=137s)
  Iter 5	loss=16703.4024	uas=0.8770	las=0.9270	[137s]

 |U|^2: 305.260901 min: -0.854154	max: 0.787238
 |V|^2: 306.506844 min: -0.556045	max: 0.713629
 |W|^2: 59.394682 min: -1.073854	max: 1.108572
 |WL|^2: 21.918937 min: -0.771107	max: 0.504191

_____________________________________________

 Evaluation: data/dutch.test.lab.svd_0.3_R50

  Tokens: 4998
  Sentences: 386
  UAS=0.851941	LAS=0.817927	CAS=0.269430	[3.71s]

_____________________________________________

  1334 (time=4s)  2668 (time=10s)  4002 (time=17s)  5336 (time=29s)  6670 (time=46s)  8004 (time=63s)  9338 (time=81s)  10672 (time=98s)  12006 (time=111s)  13340 (time=123s)
  Iter 6	loss=12647.5499	uas=0.8966	las=0.9355	[123s]

 |U|^2: 324.548272 min: -0.865720	max: 0.800702
 |V|^2: 324.004687 min: -0.577458	max: 0.714476
 |W|^2: 66.796144 min: -1.155233	max: 1.163958
 |WL|^2: 24.490019 min: -0.803437	max: 0.531951

_____________________________________________

 Evaluation: data/dutch.test.lab.svd_0.3_R50

  Tokens: 4998
  Sentences: 386
  UAS=0.853141	LAS=0.820128	CAS=0.259067	[3.35s]

_____________________________________________

  1334 (time=4s)  2668 (time=9s)  4002 (time=15s)  5336 (time=26s)  6670 (time=42s)  8004 (time=57s)  9338 (time=73s)  10672 (time=89s)  12006 (time=101s)  13340 (time=113s)
  Iter 7	loss=9768.3120	uas=0.9113	las=0.9426	[113s]

 |U|^2: 339.671191 min: -0.873497	max: 0.806525
 |V|^2: 337.539951 min: -0.580699	max: 0.710236
 |W|^2: 72.706617 min: -1.225410	max: 1.198069
 |WL|^2: 26.996312 min: -0.830906	max: 0.583700

_____________________________________________

 Evaluation: data/dutch.test.lab.svd_0.3_R50

  Tokens: 4998
  Sentences: 386
  UAS=0.853541	LAS=0.820728	CAS=0.259067	[3.47s]

_____________________________________________

  1334 (time=4s)  2668 (time=9s)  4002 (time=16s)  5336 (time=27s)  6670 (time=44s)  8004 (time=60s)  9338 (time=76s)  10672 (time=93s)  12006 (time=106s)  13340 (time=118s)
  Iter 8	loss=7725.0136	uas=0.9225	las=0.9487	[118s]

 |U|^2: 351.878141 min: -0.884875	max: 0.801551
 |V|^2: 348.424306 min: -0.590868	max: 0.719067
 |W|^2: 77.608228 min: -1.288777	max: 1.220078
 |WL|^2: 29.318404 min: -0.867407	max: 0.613077

_____________________________________________

 Evaluation: data/dutch.test.lab.svd_0.3_R50

  Tokens: 4998
  Sentences: 386
  UAS=0.854542	LAS=0.822129	CAS=0.259067	[3.51s]

_____________________________________________

  1334 (time=4s)  2668 (time=9s)  4002 (time=16s)  5336 (time=31s)  6670 (time=50s)  8004 (time=70s)  9338 (time=89s)  10672 (time=111s)  12006 (time=126s)  13340 (time=140s)
  Iter 9	loss=6217.3034	uas=0.9311	las=0.9534	[140s]

 |U|^2: 361.696091 min: -0.889679	max: 0.800109
 |V|^2: 357.174220 min: -0.606174	max: 0.712503
 |W|^2: 81.626078 min: -1.336901	max: 1.230721
 |WL|^2: 31.409648 min: -0.892787	max: 0.636295

_____________________________________________

 Evaluation: data/dutch.test.lab.svd_0.3_R50

  Tokens: 4998
  Sentences: 386
  UAS=0.855342	LAS=0.822929	CAS=0.259067	[4.69s]

_____________________________________________

  1334 (time=5s)  2668 (time=12s)  4002 (time=18s)  5336 (time=30s)  6670 (time=46s)  8004 (time=62s)  9338 (time=90s)  10672 (time=108s)  12006 (time=121s)  13340 (time=132s)
  Iter 10	loss=5062.3369	uas=0.9383	las=0.9571	[132s]

 |U|^2: 369.756886 min: -0.896638	max: 0.810184
 |V|^2: 364.363530 min: -0.612384	max: 0.709302
 |W|^2: 84.897967 min: -1.377766	max: 1.246113
 |WL|^2: 33.400918 min: -0.900852	max: 0.662317

_____________________________________________

 Evaluation: data/dutch.test.lab.svd_0.3_R50

  Tokens: 4998
  Sentences: 386
  UAS=0.855742	LAS=0.823729	CAS=0.261658	[3.47s]

_____________________________________________

  1334 (time=5s)  2668 (time=13s)  4002 (time=20s)  5336 (time=31s)  6670 (time=47s)  8004 (time=62s)  9338 (time=78s)  10672 (time=93s)  12006 (time=106s)  13340 (time=117s)
  Iter 11	loss=4173.9953	uas=0.9441	las=0.9612	[117s]

 |U|^2: 376.415477 min: -0.901786	max: 0.812733
 |V|^2: 370.337303 min: -0.623659	max: 0.710836
 |W|^2: 87.580994 min: -1.408233	max: 1.255778
 |WL|^2: 35.209586 min: -0.922134	max: 0.684872

_____________________________________________

 Evaluation: data/dutch.test.lab.svd_0.3_R50

  Tokens: 4998
  Sentences: 386
  UAS=0.856142	LAS=0.823930	CAS=0.261658	[3.72s]

_____________________________________________

  1334 (time=4s)  2668 (time=10s)  4002 (time=15s)  5336 (time=26s)  6670 (time=41s)  8004 (time=55s)  9338 (time=70s)  10672 (time=85s)  12006 (time=97s)  13340 (time=108s)
  Iter 12	loss=3492.9162	uas=0.9491	las=0.9638	[108s]

 |U|^2: 381.977344 min: -0.898210	max: 0.819380
 |V|^2: 375.313949 min: -0.632456	max: 0.711472
 |W|^2: 89.825704 min: -1.427239	max: 1.262386
 |WL|^2: 36.813302 min: -0.931376	max: 0.700026

_____________________________________________

 Evaluation: data/dutch.test.lab.svd_0.3_R50

  Tokens: 4998
  Sentences: 386
  UAS=0.856543	LAS=0.824330	CAS=0.259067	[3.58s]

_____________________________________________

  1334 (time=4s)  2668 (time=9s)  4002 (time=14s)  5336 (time=24s)  6670 (time=40s)  8004 (time=54s)  9338 (time=70s)  10672 (time=84s)  12006 (time=96s)  13340 (time=106s)
  Iter 13	loss=2969.9245	uas=0.9528	las=0.9658	[106s]

 |U|^2: 386.691873 min: -0.905072	max: 0.824805
 |V|^2: 379.537894 min: -0.642682	max: 0.714015
 |W|^2: 91.707945 min: -1.448897	max: 1.270282
 |WL|^2: 38.228177 min: -0.947701	max: 0.711912

_____________________________________________

 Evaluation: data/dutch.test.lab.svd_0.3_R50

  Tokens: 4998
  Sentences: 386
  UAS=0.855942	LAS=0.823729	CAS=0.259067	[3.45s]

_____________________________________________

  1334 (time=3s)  2668 (time=9s)  4002 (time=14s)  5336 (time=24s)  6670 (time=39s)  8004 (time=54s)  9338 (time=69s)  10672 (time=83s)  12006 (time=96s)  13340 (time=106s)
  Iter 14	loss=2550.7739	uas=0.9565	las=0.9678	[106s]

 |U|^2: 390.693306 min: -0.908974	max: 0.828578
 |V|^2: 383.116292 min: -0.645089	max: 0.715354
 |W|^2: 93.259352 min: -1.466201	max: 1.275697
 |WL|^2: 39.487305 min: -0.968483	max: 0.721938

_____________________________________________

 Evaluation: data/dutch.test.lab.svd_0.3_R50

  Tokens: 4998
  Sentences: 386
  UAS=0.855942	LAS=0.823930	CAS=0.256477	[3.38s]

_____________________________________________

  1334 (time=3s)  2668 (time=8s)  4002 (time=14s)  5336 (time=24s)  6670 (time=39s)  8004 (time=55s)  9338 (time=71s)  10672 (time=85s)  12006 (time=98s)  13340 (time=109s)
  Iter 15	loss=2205.9233	uas=0.9592	las=0.9695	[109s]

 |U|^2: 394.131945 min: -0.911086	max: 0.832804
 |V|^2: 386.186369 min: -0.653658	max: 0.717603
 |W|^2: 94.593646 min: -1.480854	max: 1.283352
 |WL|^2: 40.596167 min: -0.985653	max: 0.724934

_____________________________________________

 Evaluation: data/dutch.test.lab.svd_0.3_R50

  Tokens: 4998
  Sentences: 386
  UAS=0.855342	LAS=0.823529	CAS=0.259067	[3.61s]

_____________________________________________

  1334 (time=4s)  2668 (time=10s)  4002 (time=15s)  5336 (time=26s)  6670 (time=42s)  8004 (time=57s)  9338 (time=73s)  10672 (time=89s)  12006 (time=101s)  13340 (time=111s)
  Iter 16	loss=1936.9760	uas=0.9612	las=0.9713	[111s]

 |U|^2: 397.184065 min: -0.916496	max: 0.838268
 |V|^2: 388.897119 min: -0.661134	max: 0.719529
 |W|^2: 95.712388 min: -1.492700	max: 1.288402
 |WL|^2: 41.651853 min: -0.996360	max: 0.737935

_____________________________________________

 Evaluation: data/dutch.test.lab.svd_0.3_R50

  Tokens: 4998
  Sentences: 386
  UAS=0.855342	LAS=0.823930	CAS=0.261658	[3.66s]

_____________________________________________

  1334 (time=4s)  2668 (time=9s)  4002 (time=15s)  5336 (time=26s)  6670 (time=42s)  8004 (time=58s)  9338 (time=75s)  10672 (time=91s)  12006 (time=105s)  13340 (time=117s)
  Iter 17	loss=1717.3142	uas=0.9631	las=0.9723	[117s]

 |U|^2: 399.862525 min: -0.916362	max: 0.839556
 |V|^2: 391.264536 min: -0.661775	max: 0.719899
 |W|^2: 96.656027 min: -1.503030	max: 1.293503
 |WL|^2: 42.596506 min: -1.005290	max: 0.744218

_____________________________________________

 Evaluation: data/dutch.test.lab.svd_0.3_R50

  Tokens: 4998
  Sentences: 386
  UAS=0.853942	LAS=0.822529	CAS=0.261658	[4.14s]

_____________________________________________

  1334 (time=5s)  2668 (time=10s)  4002 (time=16s)  5336 (time=28s)  6670 (time=45s)  8004 (time=62s)  9338 (time=80s)  10672 (time=96s)  12006 (time=109s)  13340 (time=121s)
  Iter 18	loss=1526.5595	uas=0.9653	las=0.9735	[122s]

 |U|^2: 402.257530 min: -0.918880	max: 0.841680
 |V|^2: 393.350177 min: -0.667587	max: 0.721880
 |W|^2: 97.476200 min: -1.511693	max: 1.297061
 |WL|^2: 43.451884 min: -1.011668	max: 0.747889

_____________________________________________

 Evaluation: data/dutch.test.lab.svd_0.3_R50

  Tokens: 4998
  Sentences: 386
  UAS=0.853741	LAS=0.822329	CAS=0.256477	[4.38s]

_____________________________________________

  1334 (time=4s)  2668 (time=10s)  4002 (time=16s)  5336 (time=28s)  6670 (time=44s)  8004 (time=59s)  9338 (time=76s)  10672 (time=94s)  12006 (time=113s)  13340 (time=125s)
  Iter 19	loss=1374.8616	uas=0.9663	las=0.9746	[125s]

 |U|^2: 404.422707 min: -0.921683	max: 0.847727
 |V|^2: 395.220216 min: -0.669700	max: 0.724997
 |W|^2: 98.193100 min: -1.519340	max: 1.300292
 |WL|^2: 44.227694 min: -1.020296	max: 0.753164

_____________________________________________

 Evaluation: data/dutch.test.lab.svd_0.3_R50

  Tokens: 4998
  Sentences: 386
  UAS=0.853942	LAS=0.822729	CAS=0.266839	[3.73s]

_____________________________________________

  1334 (time=4s)  2668 (time=10s)  4002 (time=16s)  5336 (time=27s)  6670 (time=43s)  8004 (time=61s)  9338 (time=77s)  10672 (time=93s)  12006 (time=106s)  13340 (time=118s)
  Iter 20	loss=1247.9898	uas=0.9674	las=0.9755	[118s]

 |U|^2: 406.389479 min: -0.919608	max: 0.845449
 |V|^2: 396.891425 min: -0.670993	max: 0.727390
 |W|^2: 98.810241 min: -1.524236	max: 1.304071
 |WL|^2: 44.935908 min: -1.026009	max: 0.755428

_____________________________________________

 Evaluation: data/dutch.test.lab.svd_0.3_R50

  Tokens: 4998
  Sentences: 386
  UAS=0.853541	LAS=0.822529	CAS=0.266839	[3.84s]

_____________________________________________


Training took 2616321 ms.
=============================================

 Evaluating: data/dutch.test.lab.svd_0.3_R50
  Tokens: 4998
  Sentences: 386
  UAS=0.853541	LAS=0.822529	CAS=0.266839	[3.64s]
