------
FLAGS
------
train-file: data/dutch.train.lab.randInit_0.3_R50_2
test-file: data/dutch.test.lab.randInit_0.3_R50_2
model-name: runs/dutch.model.lab.randInit_0.3_R50_2
output-file: null
train: true
test: true
iters: 20
label: true
max-sent: -1
C: 0.01
label-loss-type: 0
gamma: 0.3 0.3
R: 50
word-vector:null
projective: false
pruning: true
hill-climbing converge (train): 300
hill-climbing converge (test): 100
thread: 4
file format: CONLL-X
feature hash bits: 30

use consecutive siblings: false
use grandparent: false
use head bigram: false
use grand siblings: false
use tri-siblings: false
use great-grandparent: false
use parent-sibling-child: false
use high-order: false
model: Basic
------

Creating dictionaries ... 
Filtered DEPLABEL (28-->23)
4 8
Lexical items: 48493 (16 bits)
Tag/label items: 634 (10 bits)  23 (5 bits)
Flag Bits: 9
Creation took [2094 ms]
Creating Alphabet ... [12821 ms]
Hash collision: 1.1444% (153976 / 13454282)
Num of CONLL fine POS tags: 303
Num of CONLL coarse POS tags: 14
Num of labels: 23
Num of Syntactic Features: 253650 1073741823
Creating instances ... 1000 2000 3000 4000 5000 6000 7000 8000 9000 10000 11000 12000 13000 13349 [1110 ms]
=============================================
 Training:
=============================================
Running MIRA ... 
  1334 (time=14s)  2668 (time=24s)  4002 (time=32s)  5336 (time=51s)  6670 (time=76s)  8004 (time=99s)  9338 (time=123s)  10672 (time=148s)  12006 (time=168s)  13340 (time=189s)
  Iter 1	loss=87194.9796	uas=0.6667	las=0.8102	[189s]

 |U|^2: 77.881431 min: -0.435606	max: 0.437834
 |V|^2: 85.422963 min: -0.461850	max: 0.615151
 |W|^2: 53.103492 min: -0.716943	max: 0.660367
 |WL|^2: 50.538189 min: -0.255255	max: 0.178589

_____________________________________________

 Evaluation: data/dutch.test.lab.randInit_0.3_R50_2

  Tokens: 4998
  Sentences: 386
  UAS=0.820528	LAS=0.776911	CAS=0.220207	[5.07s]

_____________________________________________

  1334 (time=7s)  2668 (time=15s)  4002 (time=25s)  5336 (time=42s)  6670 (time=66s)  8004 (time=89s)  9338 (time=113s)  10672 (time=134s)  12006 (time=152s)  13340 (time=168s)
  Iter 2	loss=49528.8241	uas=0.7709	las=0.8783	[168s]

 |U|^2: 106.317212 min: -0.445969	max: 0.422200
 |V|^2: 118.546961 min: -0.599617	max: 0.683775
 |W|^2: 56.499121 min: -0.792001	max: 0.768853
 |WL|^2: 51.016060 min: -0.290564	max: 0.192330

_____________________________________________

 Evaluation: data/dutch.test.lab.randInit_0.3_R50_2

  Tokens: 4998
  Sentences: 386
  UAS=0.833533	LAS=0.794918	CAS=0.230570	[5.25s]

_____________________________________________

  1334 (time=6s)  2668 (time=15s)  4002 (time=24s)  5336 (time=40s)  6670 (time=68s)  8004 (time=91s)  9338 (time=113s)  10672 (time=136s)  12006 (time=155s)  13340 (time=174s)
  Iter 3	loss=34358.8424	uas=0.8057	las=0.8981	[174s]

 |U|^2: 136.639724 min: -0.460935	max: 0.407557
 |V|^2: 150.410851 min: -0.615170	max: 0.688837
 |W|^2: 62.014928 min: -0.843117	max: 0.788831
 |WL|^2: 51.680769 min: -0.288163	max: 0.193333

_____________________________________________

 Evaluation: data/dutch.test.lab.randInit_0.3_R50_2

  Tokens: 4998
  Sentences: 386
  UAS=0.842937	LAS=0.806122	CAS=0.238342	[5.45s]

_____________________________________________

  1334 (time=7s)  2668 (time=15s)  4002 (time=25s)  5336 (time=40s)  6670 (time=60s)  8004 (time=79s)  9338 (time=99s)  10672 (time=120s)  12006 (time=137s)  13340 (time=151s)
  Iter 4	loss=25085.3137	uas=0.8317	las=0.9125	[151s]

 |U|^2: 166.166077 min: -0.449040	max: 0.409030
 |V|^2: 178.777418 min: -0.622522	max: 0.691415
 |W|^2: 69.441138 min: -0.953962	max: 0.862722
 |WL|^2: 52.369287 min: -0.304556	max: 0.217192

_____________________________________________

 Evaluation: data/dutch.test.lab.randInit_0.3_R50_2

  Tokens: 4998
  Sentences: 386
  UAS=0.844138	LAS=0.809524	CAS=0.243523	[4.58s]

_____________________________________________

  1334 (time=5s)  2668 (time=13s)  4002 (time=20s)  5336 (time=37s)  6670 (time=56s)  8004 (time=75s)  9338 (time=94s)  10672 (time=113s)  12006 (time=128s)  13340 (time=142s)
  Iter 5	loss=18956.3496	uas=0.8547	las=0.9239	[142s]

 |U|^2: 191.613407 min: -0.408083	max: 0.398817
 |V|^2: 202.055647 min: -0.624636	max: 0.678363
 |W|^2: 77.009452 min: -1.073390	max: 0.971266
 |WL|^2: 53.210167 min: -0.317034	max: 0.248418

_____________________________________________

 Evaluation: data/dutch.test.lab.randInit_0.3_R50_2

  Tokens: 4998
  Sentences: 386
  UAS=0.848139	LAS=0.814326	CAS=0.256477	[4.64s]

_____________________________________________

  1334 (time=5s)  2668 (time=13s)  4002 (time=20s)  5336 (time=33s)  6670 (time=52s)  8004 (time=70s)  9338 (time=89s)  10672 (time=108s)  12006 (time=123s)  13340 (time=136s)
  Iter 6	loss=14632.1056	uas=0.8740	las=0.9321	[137s]

 |U|^2: 212.393812 min: -0.414031	max: 0.400115
 |V|^2: 220.931481 min: -0.624868	max: 0.667276
 |W|^2: 84.543057 min: -1.239231	max: 1.060013
 |WL|^2: 54.195772 min: -0.323885	max: 0.272986

_____________________________________________

 Evaluation: data/dutch.test.lab.randInit_0.3_R50_2

  Tokens: 4998
  Sentences: 386
  UAS=0.847539	LAS=0.814526	CAS=0.251295	[4.32s]

_____________________________________________

  1334 (time=5s)  2668 (time=12s)  4002 (time=19s)  5336 (time=32s)  6670 (time=50s)  8004 (time=66s)  9338 (time=82s)  10672 (time=98s)  12006 (time=111s)  13340 (time=123s)
  Iter 7	loss=11516.5996	uas=0.8906	las=0.9391	[123s]

 |U|^2: 229.304192 min: -0.412429	max: 0.395081
 |V|^2: 235.940048 min: -0.626073	max: 0.668379
 |W|^2: 91.598400 min: -1.390040	max: 1.162069
 |WL|^2: 55.253128 min: -0.341395	max: 0.303549

_____________________________________________

 Evaluation: data/dutch.test.lab.randInit_0.3_R50_2

  Tokens: 4998
  Sentences: 386
  UAS=0.847339	LAS=0.814526	CAS=0.253886	[3.58s]

_____________________________________________

  1334 (time=4s)  2668 (time=11s)  4002 (time=19s)  5336 (time=34s)  6670 (time=56s)  8004 (time=78s)  9338 (time=101s)  10672 (time=122s)  12006 (time=138s)  13340 (time=154s)
  Iter 8	loss=9168.6721	uas=0.9046	las=0.9444	[155s]

 |U|^2: 242.643507 min: -0.420780	max: 0.400578
 |V|^2: 247.632349 min: -0.625435	max: 0.660711
 |W|^2: 97.642042 min: -1.506453	max: 1.252376
 |WL|^2: 56.350415 min: -0.359902	max: 0.334895

_____________________________________________

 Evaluation: data/dutch.test.lab.randInit_0.3_R50_2

  Tokens: 4998
  Sentences: 386
  UAS=0.849540	LAS=0.816727	CAS=0.261658	[4.37s]

_____________________________________________

  1334 (time=5s)  2668 (time=12s)  4002 (time=19s)  5336 (time=32s)  6670 (time=53s)  8004 (time=71s)  9338 (time=90s)  10672 (time=108s)  12006 (time=122s)  13340 (time=135s)
  Iter 9	loss=7466.6831	uas=0.9149	las=0.9482	[135s]

 |U|^2: 253.285626 min: -0.423097	max: 0.397032
 |V|^2: 256.777982 min: -0.629454	max: 0.653334
 |W|^2: 102.464476 min: -1.605222	max: 1.292187
 |WL|^2: 57.553967 min: -0.401579	max: 0.366784

_____________________________________________

 Evaluation: data/dutch.test.lab.randInit_0.3_R50_2

  Tokens: 4998
  Sentences: 386
  UAS=0.850940	LAS=0.817927	CAS=0.261658	[4.13s]

_____________________________________________

  1334 (time=4s)  2668 (time=11s)  4002 (time=17s)  5336 (time=30s)  6670 (time=48s)  8004 (time=65s)  9338 (time=83s)  10672 (time=99s)  12006 (time=113s)  13340 (time=125s)
  Iter 10	loss=6144.9424	uas=0.9234	las=0.9522	[125s]

 |U|^2: 262.279391 min: -0.421020	max: 0.402023
 |V|^2: 264.368514 min: -0.629066	max: 0.648183
 |W|^2: 106.658278 min: -1.681150	max: 1.343399
 |WL|^2: 58.809592 min: -0.436292	max: 0.381367

_____________________________________________

 Evaluation: data/dutch.test.lab.randInit_0.3_R50_2

  Tokens: 4998
  Sentences: 386
  UAS=0.851140	LAS=0.818527	CAS=0.259067	[4.19s]

_____________________________________________

  1334 (time=4s)  2668 (time=11s)  4002 (time=17s)  5336 (time=30s)  6670 (time=52s)  8004 (time=71s)  9338 (time=93s)  10672 (time=113s)  12006 (time=130s)  13340 (time=145s)
  Iter 11	loss=5150.6411	uas=0.9305	las=0.9558	[145s]

 |U|^2: 269.691880 min: -0.441774	max: 0.397939
 |V|^2: 270.561627 min: -0.628201	max: 0.649729
 |W|^2: 110.056400 min: -1.749101	max: 1.371463
 |WL|^2: 60.006926 min: -0.469665	max: 0.402416

_____________________________________________

 Evaluation: data/dutch.test.lab.randInit_0.3_R50_2

  Tokens: 4998
  Sentences: 386
  UAS=0.850940	LAS=0.817527	CAS=0.256477	[4.80s]

_____________________________________________

  1334 (time=5s)  2668 (time=13s)  4002 (time=21s)  5336 (time=38s)  6670 (time=68s)  8004 (time=87s)  9338 (time=105s)  10672 (time=122s)  12006 (time=135s)  13340 (time=147s)
  Iter 12	loss=4367.2054	uas=0.9362	las=0.9581	[147s]

 |U|^2: 276.192550 min: -0.454135	max: 0.396311
 |V|^2: 275.921461 min: -0.627053	max: 0.652121
 |W|^2: 112.984685 min: -1.799987	max: 1.400660
 |WL|^2: 61.273308 min: -0.504322	max: 0.416551

_____________________________________________

 Evaluation: data/dutch.test.lab.randInit_0.3_R50_2

  Tokens: 4998
  Sentences: 386
  UAS=0.851741	LAS=0.817727	CAS=0.256477	[4.08s]

_____________________________________________

  1334 (time=4s)  2668 (time=13s)  4002 (time=21s)  5336 (time=34s)  6670 (time=56s)  8004 (time=77s)  9338 (time=99s)  10672 (time=118s)  12006 (time=132s)  13340 (time=144s)
  Iter 13	loss=3744.3902	uas=0.9405	las=0.9608	[144s]

 |U|^2: 281.698380 min: -0.466761	max: 0.389810
 |V|^2: 280.388881 min: -0.626608	max: 0.653554
 |W|^2: 115.279569 min: -1.839902	max: 1.428102
 |WL|^2: 62.523345 min: -0.536453	max: 0.433099

_____________________________________________

 Evaluation: data/dutch.test.lab.randInit_0.3_R50_2

  Tokens: 4998
  Sentences: 386
  UAS=0.851741	LAS=0.817527	CAS=0.256477	[4.07s]

_____________________________________________

  1334 (time=4s)  2668 (time=10s)  4002 (time=16s)  5336 (time=28s)  6670 (time=46s)  8004 (time=62s)  9338 (time=82s)  10672 (time=100s)  12006 (time=115s)  13340 (time=127s)
  Iter 14	loss=3235.0018	uas=0.9444	las=0.9629	[127s]

 |U|^2: 286.606460 min: -0.482875	max: 0.390149
 |V|^2: 284.353575 min: -0.626293	max: 0.657089
 |W|^2: 117.320282 min: -1.872844	max: 1.443088
 |WL|^2: 63.715276 min: -0.569063	max: 0.439244

_____________________________________________

 Evaluation: data/dutch.test.lab.randInit_0.3_R50_2

  Tokens: 4998
  Sentences: 386
  UAS=0.849340	LAS=0.815926	CAS=0.246114	[4.11s]

_____________________________________________

  1334 (time=4s)  2668 (time=11s)  4002 (time=17s)  5336 (time=30s)  6670 (time=48s)  8004 (time=65s)  9338 (time=83s)  10672 (time=101s)  12006 (time=115s)  13340 (time=127s)
  Iter 15	loss=2827.4870	uas=0.9476	las=0.9643	[127s]

 |U|^2: 291.004381 min: -0.487872	max: 0.385506
 |V|^2: 287.898645 min: -0.626436	max: 0.659576
 |W|^2: 119.063875 min: -1.906122	max: 1.454796
 |WL|^2: 64.925024 min: -0.608691	max: 0.456183

_____________________________________________

 Evaluation: data/dutch.test.lab.randInit_0.3_R50_2

  Tokens: 4998
  Sentences: 386
  UAS=0.849140	LAS=0.815326	CAS=0.246114	[4.33s]

_____________________________________________

  1334 (time=4s)  2668 (time=10s)  4002 (time=17s)  5336 (time=29s)  6670 (time=47s)  8004 (time=63s)  9338 (time=80s)  10672 (time=97s)  12006 (time=111s)  13340 (time=127s)
  Iter 16	loss=2507.4243	uas=0.9506	las=0.9663	[127s]

 |U|^2: 294.863558 min: -0.496938	max: 0.381345
 |V|^2: 290.943777 min: -0.626241	max: 0.657068
 |W|^2: 120.492161 min: -1.927270	max: 1.475625
 |WL|^2: 66.034417 min: -0.631089	max: 0.474802

_____________________________________________

 Evaluation: data/dutch.test.lab.randInit_0.3_R50_2

  Tokens: 4998
  Sentences: 386
  UAS=0.850140	LAS=0.816727	CAS=0.246114	[4.70s]

_____________________________________________

  1334 (time=5s)  2668 (time=11s)  4002 (time=17s)  5336 (time=29s)  6670 (time=46s)  8004 (time=63s)  9338 (time=81s)  10672 (time=101s)  12006 (time=115s)  13340 (time=129s)
  Iter 17	loss=2249.8700	uas=0.9524	las=0.9672	[129s]

 |U|^2: 298.398054 min: -0.506455	max: 0.379122
 |V|^2: 293.729056 min: -0.626199	max: 0.658189
 |W|^2: 121.758079 min: -1.946467	max: 1.491415
 |WL|^2: 67.117481 min: -0.660308	max: 0.494320

_____________________________________________

 Evaluation: data/dutch.test.lab.randInit_0.3_R50_2

  Tokens: 4998
  Sentences: 386
  UAS=0.850340	LAS=0.816927	CAS=0.246114	[4.63s]

_____________________________________________

  1334 (time=5s)  2668 (time=12s)  4002 (time=19s)  5336 (time=30s)  6670 (time=49s)  8004 (time=65s)  9338 (time=84s)  10672 (time=103s)  12006 (time=119s)  13340 (time=131s)
  Iter 18	loss=2019.3339	uas=0.9545	las=0.9684	[131s]

 |U|^2: 301.640153 min: -0.515070	max: 0.377214
 |V|^2: 296.261271 min: -0.625830	max: 0.661251
 |W|^2: 122.887665 min: -1.963259	max: 1.507103
 |WL|^2: 68.141627 min: -0.682852	max: 0.515795

_____________________________________________

 Evaluation: data/dutch.test.lab.randInit_0.3_R50_2

  Tokens: 4998
  Sentences: 386
  UAS=0.850140	LAS=0.816727	CAS=0.246114	[4.02s]

_____________________________________________

  1334 (time=4s)  2668 (time=11s)  4002 (time=18s)  5336 (time=31s)  6670 (time=52s)  8004 (time=72s)  9338 (time=92s)  10672 (time=111s)  12006 (time=124s)  13340 (time=136s)
  Iter 19	loss=1817.2157	uas=0.9563	las=0.9702	[136s]

 |U|^2: 304.506193 min: -0.519833	max: 0.375512
 |V|^2: 298.483023 min: -0.625882	max: 0.663583
 |W|^2: 123.840676 min: -1.980572	max: 1.519397
 |WL|^2: 69.078921 min: -0.698922	max: 0.526412

_____________________________________________

 Evaluation: data/dutch.test.lab.randInit_0.3_R50_2

  Tokens: 4998
  Sentences: 386
  UAS=0.849740	LAS=0.815726	CAS=0.243523	[3.96s]

_____________________________________________

  1334 (time=4s)  2668 (time=10s)  4002 (time=16s)  5336 (time=28s)  6670 (time=45s)  8004 (time=60s)  9338 (time=80s)  10672 (time=99s)  12006 (time=113s)  13340 (time=126s)
  Iter 20	loss=1656.3104	uas=0.9580	las=0.9706	[126s]

 |U|^2: 307.232745 min: -0.525421	max: 0.375316
 |V|^2: 300.593605 min: -0.625465	max: 0.665562
 |W|^2: 124.682122 min: -1.993885	max: 1.531142
 |WL|^2: 70.046712 min: -0.711844	max: 0.543984

_____________________________________________

 Evaluation: data/dutch.test.lab.randInit_0.3_R50_2

  Tokens: 4998
  Sentences: 386
  UAS=0.848539	LAS=0.814726	CAS=0.235751	[4.29s]

_____________________________________________


Training took 2992833 ms.
=============================================

 Evaluating: data/dutch.test.lab.randInit_0.3_R50_2
  Tokens: 4998
  Sentences: 386
  UAS=0.848539	LAS=0.814726	CAS=0.235751	[4.95s]
