------
FLAGS
------
train-file: data/english09.train.lab.randInit_0.3_R50
test-file: data/english09.test.lab.randInit_0.3_R50
model-name: runs/english09.model.lab.randInit_0.3_R50
output-file: null
train: true
test: true
iters: 20
label: true
max-sent: -1
C: 0.01
label-loss-type: 0
gamma: 0.3 0.3
R: 50
word-vector:null
projective: false
pruning: true
hill-climbing converge (train): 300
hill-climbing converge (test): 100
thread: 4
file format: CONLL-09
feature hash bits: 30

use consecutive siblings: false
use grandparent: false
use head bigram: false
use grand siblings: false
use tri-siblings: false
use great-grandparent: false
use parent-sibling-child: false
use high-order: false
model: Basic
------

Warning: couldn't find coarse POS map for this language
Creating dictionaries ... 
Filtered DEPLABEL (71-->36)
4 8
Lexical items: 59147 (16 bits)
Tag/label items: 98 (7 bits)  36 (6 bits)
Flag Bits: 10
Creation took [5344 ms]
Creating Alphabet ... [18804 ms]
Hash collision: 1.1989% (168992 / 14095473)
Num of CONLL fine POS tags: 47
Num of CONLL coarse POS tags: 47
Num of labels: 36
Num of Syntactic Features: 234155 1073741823
Creating instances ... 1000 2000 3000 4000 5000 6000 7000 8000 9000 10000 11000 12000 13000 14000 15000 16000 17000 18000 19000 20000 21000 22000 23000 24000 25000 26000 27000 28000 29000 30000 31000 32000 33000 34000 35000 36000 37000 38000 39000 39279 [3680 ms]
=============================================
 Training:
=============================================
Running MIRA ... 
  3927 (time=58s)  7854 (time=111s)  11781 (time=161s)  15708 (time=211s)  19635 (time=260s)  23562 (time=309s)  27489 (time=358s)  31416 (time=405s)  35343 (time=455s)  39270 (time=504s)
  Iter 1	loss=402475.5165	uas=0.6895	las=0.8451	[504s]

 |U|^2: 412.291946 min: -0.983413	max: 0.680178
 |V|^2: 410.674393 min: -0.802686	max: 0.591461
 |W|^2: 61.944869 min: -1.076008	max: 0.726407
 |WL|^2: 63.671511 min: -0.472505	max: 0.848022

_____________________________________________

 Evaluation: data/english09.test.lab.randInit_0.3_R50

  Tokens: 50129
  Sentences: 2399
  UAS=0.900736	LAS=0.864210	CAS=0.201751	[25.76s]

_____________________________________________

  3927 (time=50s)  7854 (time=102s)  11781 (time=152s)  15708 (time=203s)  19635 (time=254s)  23562 (time=306s)  27489 (time=357s)  31416 (time=408s)  35343 (time=459s)  39270 (time=509s)
  Iter 2	loss=276992.3312	uas=0.7699	las=0.8939	[509s]

 |U|^2: 751.520236 min: -1.070590	max: 0.648335
 |V|^2: 738.693963 min: -0.798493	max: 0.631778
 |W|^2: 74.357111 min: -1.155996	max: 0.903742
 |WL|^2: 72.199788 min: -0.420344	max: 0.993532

_____________________________________________

 Evaluation: data/english09.test.lab.randInit_0.3_R50

  Tokens: 50129
  Sentences: 2399
  UAS=0.910132	LAS=0.876539	CAS=0.230513	[30.39s]

_____________________________________________

  3927 (time=50s)  7854 (time=102s)  11781 (time=152s)  15708 (time=204s)  19635 (time=253s)  23562 (time=304s)  27489 (time=354s)  31416 (time=404s)  35343 (time=457s)  39270 (time=508s)
  Iter 3	loss=224723.9367	uas=0.7956	las=0.9053	[508s]

 |U|^2: 1121.579720 min: -1.112559	max: 0.691519
 |V|^2: 1068.255287 min: -0.756748	max: 0.662720
 |W|^2: 94.631185 min: -1.187918	max: 1.016720
 |WL|^2: 81.670139 min: -0.431563	max: 1.075200

_____________________________________________

 Evaluation: data/english09.test.lab.randInit_0.3_R50

  Tokens: 50129
  Sentences: 2399
  UAS=0.915239	LAS=0.883022	CAS=0.242184	[27.11s]

_____________________________________________

  3927 (time=50s)  7854 (time=102s)  11781 (time=152s)  15708 (time=202s)  19635 (time=251s)  23562 (time=301s)  27489 (time=350s)  31416 (time=399s)  35343 (time=450s)  39270 (time=500s)
  Iter 4	loss=186143.8086	uas=0.8144	las=0.9124	[500s]

 |U|^2: 1481.376871 min: -1.078392	max: 0.682554
 |V|^2: 1373.659497 min: -0.776902	max: 0.663392
 |W|^2: 123.604358 min: -1.296522	max: 1.158153
 |WL|^2: 92.098885 min: -0.493622	max: 1.140750

_____________________________________________

 Evaluation: data/english09.test.lab.randInit_0.3_R50

  Tokens: 50129
  Sentences: 2399
  UAS=0.917792	LAS=0.886493	CAS=0.248020	[27.48s]

_____________________________________________

  3927 (time=51s)  7854 (time=103s)  11781 (time=152s)  15708 (time=202s)  19635 (time=251s)  23562 (time=300s)  27489 (time=349s)  31416 (time=398s)  35343 (time=448s)  39270 (time=498s)
  Iter 5	loss=154876.9134	uas=0.8324	las=0.9180	[498s]

 |U|^2: 1791.938718 min: -1.032124	max: 0.626271
 |V|^2: 1631.509234 min: -0.795728	max: 0.650523
 |W|^2: 157.994964 min: -1.484771	max: 1.296831
 |WL|^2: 104.077584 min: -0.558096	max: 1.211287

_____________________________________________

 Evaluation: data/english09.test.lab.randInit_0.3_R50

  Tokens: 50129
  Sentences: 2399
  UAS=0.919169	LAS=0.888647	CAS=0.255523	[27.60s]

_____________________________________________

  3927 (time=50s)  7854 (time=102s)  11781 (time=152s)  15708 (time=202s)  19635 (time=250s)  23562 (time=300s)  27489 (time=350s)  31416 (time=398s)  35343 (time=448s)  39270 (time=497s)
  Iter 6	loss=129493.9071	uas=0.8497	las=0.9229	[497s]

 |U|^2: 2043.619256 min: -0.993946	max: 0.598370
 |V|^2: 1838.624511 min: -0.852130	max: 0.639179
 |W|^2: 195.104073 min: -1.622308	max: 1.408579
 |WL|^2: 117.401222 min: -0.605943	max: 1.274593

_____________________________________________

 Evaluation: data/english09.test.lab.randInit_0.3_R50

  Tokens: 50129
  Sentences: 2399
  UAS=0.920725	LAS=0.890622	CAS=0.261776	[27.23s]

_____________________________________________

  3927 (time=50s)  7854 (time=102s)  11781 (time=152s)  15708 (time=201s)  19635 (time=249s)  23562 (time=298s)  27489 (time=346s)  31416 (time=395s)  35343 (time=444s)  39270 (time=494s)
  Iter 7	loss=109454.5319	uas=0.8656	las=0.9272	[494s]

 |U|^2: 2246.716253 min: -0.977761	max: 0.585941
 |V|^2: 2004.854843 min: -0.883158	max: 0.632639
 |W|^2: 230.349484 min: -1.808999	max: 1.498526
 |WL|^2: 132.182395 min: -0.651960	max: 1.335071

_____________________________________________

 Evaluation: data/english09.test.lab.randInit_0.3_R50

  Tokens: 50129
  Sentences: 2399
  UAS=0.921423	LAS=0.891520	CAS=0.263860	[27.60s]

_____________________________________________

  3927 (time=49s)  7854 (time=100s)  11781 (time=149s)  15708 (time=199s)  19635 (time=247s)  23562 (time=295s)  27489 (time=344s)  31416 (time=391s)  35343 (time=444s)  39270 (time=506s)
  Iter 8	loss=93879.3061	uas=0.8789	las=0.9312	[506s]

 |U|^2: 2415.688068 min: -0.953633	max: 0.589003
 |V|^2: 2142.649706 min: -0.900047	max: 0.620658
 |W|^2: 262.769971 min: -1.943546	max: 1.569009
 |WL|^2: 147.770842 min: -0.710535	max: 1.374322

_____________________________________________

 Evaluation: data/english09.test.lab.randInit_0.3_R50

  Tokens: 50129
  Sentences: 2399
  UAS=0.921862	LAS=0.892058	CAS=0.265527	[31.20s]

_____________________________________________

  3927 (time=56s)  7854 (time=112s)  11781 (time=164s)  15708 (time=219s)  19635 (time=269s)  23562 (time=321s)  27489 (time=372s)  31416 (time=425s)  35343 (time=477s)  39270 (time=529s)
  Iter 9	loss=81534.3592	uas=0.8898	las=0.9348	[529s]

 |U|^2: 2559.880892 min: -0.940181	max: 0.591734
 |V|^2: 2260.010179 min: -0.920750	max: 0.628152
 |W|^2: 291.463078 min: -2.065083	max: 1.641972
 |WL|^2: 163.724688 min: -0.768424	max: 1.409287

_____________________________________________

 Evaluation: data/english09.test.lab.randInit_0.3_R50

  Tokens: 50129
  Sentences: 2399
  UAS=0.922101	LAS=0.892617	CAS=0.263860	[29.61s]

_____________________________________________

  3927 (time=51s)  7854 (time=106s)  11781 (time=158s)  15708 (time=211s)  19635 (time=262s)  23562 (time=323s)  27489 (time=390s)  31416 (time=444s)  35343 (time=504s)  39270 (time=569s)
  Iter 10	loss=71891.5428	uas=0.8978	las=0.9383	[569s]

 |U|^2: 2685.562278 min: -0.927370	max: 0.592629
 |V|^2: 2361.769453 min: -0.931894	max: 0.635866
 |W|^2: 316.360595 min: -2.142295	max: 1.689600
 |WL|^2: 180.124296 min: -0.810279	max: 1.419202

_____________________________________________

 Evaluation: data/english09.test.lab.randInit_0.3_R50

  Tokens: 50129
  Sentences: 2399
  UAS=0.922181	LAS=0.892856	CAS=0.263860	[32.50s]

_____________________________________________

  3927 (time=66s)  7854 (time=118s)  11781 (time=167s)  15708 (time=216s)  19635 (time=265s)  23562 (time=313s)  27489 (time=362s)  31416 (time=410s)  35343 (time=460s)  39270 (time=525s)
  Iter 11	loss=64026.8376	uas=0.9046	las=0.9418	[525s]

 |U|^2: 2798.260876 min: -0.910488	max: 0.594480
 |V|^2: 2452.203618 min: -0.957085	max: 0.648238
 |W|^2: 338.723222 min: -2.243515	max: 1.720659
 |WL|^2: 196.788084 min: -0.887773	max: 1.460863

_____________________________________________

 Evaluation: data/english09.test.lab.randInit_0.3_R50

  Tokens: 50129
  Sentences: 2399
  UAS=0.922320	LAS=0.893156	CAS=0.264277	[27.55s]

_____________________________________________

  3927 (time=49s)  7854 (time=99s)  11781 (time=147s)  15708 (time=196s)  19635 (time=244s)  23562 (time=293s)  27489 (time=343s)  31416 (time=392s)  35343 (time=445s)  39270 (time=495s)
  Iter 12	loss=57585.2713	uas=0.9102	las=0.9444	[495s]

 |U|^2: 2898.739450 min: -0.894165	max: 0.597775
 |V|^2: 2532.136969 min: -0.964344	max: 0.648970
 |W|^2: 358.057191 min: -2.309029	max: 1.784562
 |WL|^2: 212.940737 min: -0.942261	max: 1.511667

_____________________________________________

 Evaluation: data/english09.test.lab.randInit_0.3_R50

  Tokens: 50129
  Sentences: 2399
  UAS=0.922420	LAS=0.893355	CAS=0.262609	[28.93s]

_____________________________________________

  3927 (time=49s)  7854 (time=100s)  11781 (time=149s)  15708 (time=199s)  19635 (time=247s)  23562 (time=296s)  27489 (time=345s)  31416 (time=392s)  35343 (time=442s)  39270 (time=491s)
  Iter 13	loss=52332.9362	uas=0.9150	las=0.9468	[491s]

 |U|^2: 2990.123281 min: -0.891469	max: 0.596713
 |V|^2: 2604.560803 min: -0.959306	max: 0.648371
 |W|^2: 375.510863 min: -2.390455	max: 1.848774
 |WL|^2: 228.788815 min: -0.994941	max: 1.547775

_____________________________________________

 Evaluation: data/english09.test.lab.randInit_0.3_R50

  Tokens: 50129
  Sentences: 2399
  UAS=0.922101	LAS=0.893275	CAS=0.263026	[28.02s]

_____________________________________________

  3927 (time=49s)  7854 (time=100s)  11781 (time=149s)  15708 (time=198s)  19635 (time=246s)  23562 (time=295s)  27489 (time=343s)  31416 (time=391s)  35343 (time=440s)  39270 (time=489s)
  Iter 14	loss=47774.6329	uas=0.9192	las=0.9494	[490s]

 |U|^2: 3072.922339 min: -0.880030	max: 0.598746
 |V|^2: 2669.972709 min: -0.975084	max: 0.650175
 |W|^2: 391.225866 min: -2.440712	max: 1.922894
 |WL|^2: 244.035810 min: -1.033196	max: 1.598071

_____________________________________________

 Evaluation: data/english09.test.lab.randInit_0.3_R50

  Tokens: 50129
  Sentences: 2399
  UAS=0.921802	LAS=0.893056	CAS=0.261359	[28.20s]

_____________________________________________

  3927 (time=49s)  7854 (time=99s)  11781 (time=147s)  15708 (time=196s)  19635 (time=245s)  23562 (time=298s)  27489 (time=348s)  31416 (time=399s)  35343 (time=453s)  39270 (time=504s)
  Iter 15	loss=44053.9243	uas=0.9224	las=0.9515	[504s]

 |U|^2: 3148.309891 min: -0.875055	max: 0.599891
 |V|^2: 2729.345686 min: -0.972877	max: 0.650236
 |W|^2: 405.060400 min: -2.487289	max: 1.979014
 |WL|^2: 258.596103 min: -1.078935	max: 1.643313

_____________________________________________

 Evaluation: data/english09.test.lab.randInit_0.3_R50

  Tokens: 50129
  Sentences: 2399
  UAS=0.921722	LAS=0.892956	CAS=0.261359	[29.07s]

_____________________________________________

  3927 (time=51s)  7854 (time=104s)  11781 (time=156s)  15708 (time=209s)  19635 (time=260s)  23562 (time=312s)  27489 (time=363s)  31416 (time=416s)  35343 (time=473s)  39270 (time=528s)
  Iter 16	loss=40809.3671	uas=0.9252	las=0.9538	[528s]

 |U|^2: 3217.326642 min: -0.879402	max: 0.599095
 |V|^2: 2783.647964 min: -0.970810	max: 0.652351
 |W|^2: 417.640703 min: -2.519894	max: 2.025666
 |WL|^2: 272.301259 min: -1.111901	max: 1.662737

_____________________________________________

 Evaluation: data/english09.test.lab.randInit_0.3_R50

  Tokens: 50129
  Sentences: 2399
  UAS=0.921403	LAS=0.892836	CAS=0.259692	[32.36s]

_____________________________________________

  3927 (time=60s)  7854 (time=118s)  11781 (time=176s)  15708 (time=235s)  19635 (time=291s)  23562 (time=346s)  27489 (time=400s)  31416 (time=458s)  35343 (time=519s)  39270 (time=582s)
  Iter 17	loss=38087.3801	uas=0.9275	las=0.9554	[582s]

 |U|^2: 3281.086768 min: -0.877939	max: 0.598764
 |V|^2: 2833.961920 min: -0.981123	max: 0.652764
 |W|^2: 429.266114 min: -2.553527	max: 2.078318
 |WL|^2: 285.698743 min: -1.159457	max: 1.703765

_____________________________________________

 Evaluation: data/english09.test.lab.randInit_0.3_R50

  Tokens: 50129
  Sentences: 2399
  UAS=0.920804	LAS=0.892218	CAS=0.257190	[48.58s]

_____________________________________________

  3927 (time=72s)  7854 (time=134s)  11781 (time=192s)  15708 (time=246s)  19635 (time=298s)  23562 (time=353s)  27489 (time=409s)  31416 (time=478s)  35343 (time=544s)  39270 (time=599s)
  Iter 18	loss=35741.0945	uas=0.9298	las=0.9569	[599s]

 |U|^2: 3340.141495 min: -0.877797	max: 0.597737
 |V|^2: 2880.562737 min: -0.981568	max: 0.652958
 |W|^2: 439.804258 min: -2.590403	max: 2.113168
 |WL|^2: 298.478023 min: -1.200861	max: 1.733563

_____________________________________________

 Evaluation: data/english09.test.lab.randInit_0.3_R50

  Tokens: 50129
  Sentences: 2399
  UAS=0.920565	LAS=0.892118	CAS=0.255940	[31.18s]

_____________________________________________

  3927 (time=65s)  7854 (time=120s)  11781 (time=175s)  15708 (time=230s)  19635 (time=285s)  23562 (time=340s)  27489 (time=396s)  31416 (time=451s)  35343 (time=506s)  39270 (time=564s)
  Iter 19	loss=33589.1673	uas=0.9316	las=0.9587	[565s]

 |U|^2: 3394.672660 min: -0.874918	max: 0.602041
 |V|^2: 2923.640100 min: -0.984271	max: 0.655625
 |W|^2: 449.214559 min: -2.619339	max: 2.152672
 |WL|^2: 310.630628 min: -1.220606	max: 1.741952

_____________________________________________

 Evaluation: data/english09.test.lab.randInit_0.3_R50

  Tokens: 50129
  Sentences: 2399
  UAS=0.920326	LAS=0.891999	CAS=0.258024	[31.33s]

_____________________________________________

  3927 (time=61s)  7854 (time=136s)  11781 (time=194s)  15708 (time=266s)  19635 (time=325s)  23562 (time=376s)  27489 (time=428s)  31416 (time=484s)  35343 (time=541s)  39270 (time=596s)
  Iter 20	loss=31861.3923	uas=0.9331	las=0.9600	[596s]

 |U|^2: 3445.496340 min: -0.873164	max: 0.602001
 |V|^2: 2963.631915 min: -0.996962	max: 0.655112
 |W|^2: 458.108140 min: -2.641343	max: 2.192720
 |WL|^2: 321.724697 min: -1.238433	max: 1.749895

_____________________________________________

 Evaluation: data/english09.test.lab.randInit_0.3_R50

  Tokens: 50129
  Sentences: 2399
  UAS=0.920186	LAS=0.891959	CAS=0.258858	[29.58s]

_____________________________________________


Training took 11145948 ms.
=============================================

 Evaluating: data/english09.test.lab.randInit_0.3_R50
  Tokens: 50129
  Sentences: 2399
  UAS=0.920186	LAS=0.891959	CAS=0.258858	[31.76s]
