------
FLAGS
------
train-file: data/english08.train.lab.randInit_0.3_R50_2
test-file: data/english08.test.lab.randInit_0.3_R50_2
model-name: runs/english08.model.lab.randInit_0.3_R50_2
output-file: null
train: true
test: true
iters: 20
label: true
max-sent: -1
C: 0.01
label-loss-type: 0
gamma: 0.3 0.3
R: 50
word-vector:null
projective: false
pruning: true
hill-climbing converge (train): 300
hill-climbing converge (test): 100
thread: 4
file format: CONLL-X
feature hash bits: 30

use consecutive siblings: false
use grandparent: false
use head bigram: false
use grand siblings: false
use tri-siblings: false
use great-grandparent: false
use parent-sibling-child: false
use high-order: false
model: Basic
------

Creating dictionaries ... 
Filtered DEPLABEL (71-->36)
4 8
Lexical items: 59147 (16 bits)
Tag/label items: 98 (7 bits)  36 (6 bits)
Flag Bits: 10
Creation took [5560 ms]
Creating Alphabet ... [25085 ms]
Hash collision: 1.1989% (169005 / 14096161)
Num of CONLL fine POS tags: 47
Num of CONLL coarse POS tags: 47
Num of labels: 36
Num of Syntactic Features: 234155 1073741823
Creating instances ... 1000 2000 3000 4000 5000 6000 7000 8000 9000 10000 11000 12000 13000 14000 15000 16000 17000 18000 19000 20000 21000 22000 23000 24000 25000 26000 27000 28000 29000 30000 31000 32000 33000 34000 35000 36000 37000 38000 39000 39279 [4306 ms]
=============================================
 Training:
=============================================
Running MIRA ... 
  3927 (time=83s)  7854 (time=155s)  11781 (time=225s)  15708 (time=290s)  19635 (time=358s)  23562 (time=422s)  27489 (time=482s)  31416 (time=547s)  35343 (time=612s)  39270 (time=673s)
  Iter 1	loss=404133.7897	uas=0.6879	las=0.8440	[673s]

 |U|^2: 404.091986 min: -0.871539	max: 0.781007
 |V|^2: 399.782189 min: -0.752232	max: 0.642163
 |W|^2: 61.834559 min: -0.882248	max: 1.020097
 |WL|^2: 63.863626 min: -0.534371	max: 0.990033

_____________________________________________

 Evaluation: data/english08.test.lab.randInit_0.3_R50_2

  Tokens: 50129
  Sentences: 2399
  UAS=0.899818	LAS=0.862754	CAS=0.194664	[34.26s]

_____________________________________________

  3927 (time=61s)  7854 (time=124s)  11781 (time=185s)  15708 (time=245s)  19635 (time=303s)  23562 (time=363s)  27489 (time=422s)  31416 (time=481s)  35343 (time=541s)  39270 (time=601s)
  Iter 2	loss=277724.9167	uas=0.7694	las=0.8936	[601s]

 |U|^2: 742.676014 min: -0.890139	max: 0.683357
 |V|^2: 720.812274 min: -0.876037	max: 0.638768
 |W|^2: 73.692044 min: -0.966121	max: 1.070810
 |WL|^2: 72.809813 min: -0.706560	max: 1.183847

_____________________________________________

 Evaluation: data/english08.test.lab.randInit_0.3_R50_2

  Tokens: 50129
  Sentences: 2399
  UAS=0.910232	LAS=0.876359	CAS=0.227178	[32.33s]

_____________________________________________

  3927 (time=60s)  7854 (time=121s)  11781 (time=181s)  15708 (time=251s)  19635 (time=311s)  23562 (time=376s)  27489 (time=434s)  31416 (time=493s)  35343 (time=559s)  39270 (time=642s)
  Iter 3	loss=225290.5790	uas=0.7952	las=0.9051	[642s]

 |U|^2: 1110.028800 min: -0.888047	max: 0.621363
 |V|^2: 1047.112823 min: -0.936547	max: 0.679933
 |W|^2: 94.336656 min: -1.046676	max: 1.182452
 |WL|^2: 82.389205 min: -0.823184	max: 1.324554

_____________________________________________

 Evaluation: data/english08.test.lab.randInit_0.3_R50_2

  Tokens: 50129
  Sentences: 2399
  UAS=0.914740	LAS=0.882503	CAS=0.238433	[45.53s]

_____________________________________________

  3927 (time=69s)  7854 (time=145s)  11781 (time=221s)  15708 (time=282s)  19635 (time=341s)  23562 (time=405s)  27489 (time=470s)  31416 (time=535s)  35343 (time=598s)  39270 (time=658s)
  Iter 4	loss=186856.1635	uas=0.8135	las=0.9124	[658s]

 |U|^2: 1470.950881 min: -0.836209	max: 0.651848
 |V|^2: 1352.164877 min: -0.954912	max: 0.701079
 |W|^2: 121.930053 min: -1.092853	max: 1.296038
 |WL|^2: 92.765430 min: -0.858088	max: 1.389410

_____________________________________________

 Evaluation: data/english08.test.lab.randInit_0.3_R50_2

  Tokens: 50129
  Sentences: 2399
  UAS=0.917234	LAS=0.886014	CAS=0.246353	[31.06s]

_____________________________________________

  3927 (time=55s)  7854 (time=112s)  11781 (time=168s)  15708 (time=223s)  19635 (time=278s)  23562 (time=331s)  27489 (time=386s)  31416 (time=438s)  35343 (time=492s)  39270 (time=557s)
  Iter 5	loss=156027.4160	uas=0.8310	las=0.9179	[557s]

 |U|^2: 1788.080713 min: -0.805742	max: 0.636769
 |V|^2: 1613.195901 min: -0.953102	max: 0.670427
 |W|^2: 155.917916 min: -1.199855	max: 1.415848
 |WL|^2: 104.681199 min: -0.927127	max: 1.485329

_____________________________________________

 Evaluation: data/english08.test.lab.randInit_0.3_R50_2

  Tokens: 50129
  Sentences: 2399
  UAS=0.918231	LAS=0.887670	CAS=0.246769	[31.69s]

_____________________________________________

  3927 (time=60s)  7854 (time=126s)  11781 (time=188s)  15708 (time=250s)  19635 (time=305s)  23562 (time=361s)  27489 (time=419s)  31416 (time=477s)  35343 (time=531s)  39270 (time=586s)
  Iter 6	loss=130918.4827	uas=0.8484	las=0.9225	[586s]

 |U|^2: 2047.368174 min: -0.765620	max: 0.637622
 |V|^2: 1823.888826 min: -0.947223	max: 0.666419
 |W|^2: 191.814334 min: -1.292631	max: 1.566565
 |WL|^2: 117.238979 min: -0.981068	max: 1.520939

_____________________________________________

 Evaluation: data/english08.test.lab.randInit_0.3_R50_2

  Tokens: 50129
  Sentences: 2399
  UAS=0.919607	LAS=0.889385	CAS=0.251355	[29.09s]

_____________________________________________

  3927 (time=53s)  7854 (time=109s)  11781 (time=165s)  15708 (time=225s)  19635 (time=281s)  23562 (time=337s)  27489 (time=393s)  31416 (time=451s)  35343 (time=509s)  39270 (time=569s)
  Iter 7	loss=110954.2333	uas=0.8636	las=0.9267	[569s]

 |U|^2: 2259.425983 min: -0.722977	max: 0.625127
 |V|^2: 1994.440205 min: -0.933181	max: 0.647997
 |W|^2: 227.493935 min: -1.362003	max: 1.680284
 |WL|^2: 130.974011 min: -1.058646	max: 1.551265

_____________________________________________

 Evaluation: data/english08.test.lab.randInit_0.3_R50_2

  Tokens: 50129
  Sentences: 2399
  UAS=0.920465	LAS=0.890463	CAS=0.257607	[32.02s]

_____________________________________________

  3927 (time=57s)  7854 (time=117s)  11781 (time=177s)  15708 (time=239s)  19635 (time=294s)  23562 (time=350s)  27489 (time=405s)  31416 (time=459s)  35343 (time=517s)  39270 (time=573s)
  Iter 8	loss=95197.2704	uas=0.8770	las=0.9308	[574s]

 |U|^2: 2435.996975 min: -0.699041	max: 0.626879
 |V|^2: 2135.073747 min: -0.932951	max: 0.648884
 |W|^2: 259.516928 min: -1.457439	max: 1.810783
 |WL|^2: 146.460836 min: -1.100511	max: 1.612404

_____________________________________________

 Evaluation: data/english08.test.lab.randInit_0.3_R50_2

  Tokens: 50129
  Sentences: 2399
  UAS=0.921084	LAS=0.891320	CAS=0.257190	[31.93s]

_____________________________________________

  3927 (time=57s)  7854 (time=116s)  11781 (time=175s)  15708 (time=231s)  19635 (time=285s)  23562 (time=342s)  27489 (time=398s)  31416 (time=453s)  35343 (time=510s)  39270 (time=566s)
  Iter 9	loss=82814.6104	uas=0.8876	las=0.9345	[566s]

 |U|^2: 2585.885080 min: -0.693499	max: 0.625071
 |V|^2: 2254.334229 min: -0.923173	max: 0.646989
 |W|^2: 288.412516 min: -1.554543	max: 1.947484
 |WL|^2: 161.935455 min: -1.199425	max: 1.667284

_____________________________________________

 Evaluation: data/english08.test.lab.randInit_0.3_R50_2

  Tokens: 50129
  Sentences: 2399
  UAS=0.921124	LAS=0.891620	CAS=0.259692	[33.21s]

_____________________________________________

  3927 (time=57s)  7854 (time=118s)  11781 (time=181s)  15708 (time=239s)  19635 (time=293s)  23562 (time=348s)  27489 (time=406s)  31416 (time=462s)  35343 (time=520s)  39270 (time=576s)
  Iter 10	loss=72902.4552	uas=0.8963	las=0.9376	[576s]

 |U|^2: 2716.911002 min: -0.681285	max: 0.624587
 |V|^2: 2358.056757 min: -0.932031	max: 0.643416
 |W|^2: 314.210020 min: -1.674864	max: 2.036808
 |WL|^2: 177.746934 min: -1.244562	max: 1.689723

_____________________________________________

 Evaluation: data/english08.test.lab.randInit_0.3_R50_2

  Tokens: 50129
  Sentences: 2399
  UAS=0.920964	LAS=0.891620	CAS=0.259275	[31.75s]

_____________________________________________

  3927 (time=58s)  7854 (time=115s)  11781 (time=171s)  15708 (time=227s)  19635 (time=282s)  23562 (time=337s)  27489 (time=394s)  31416 (time=451s)  35343 (time=508s)  39270 (time=563s)
  Iter 11	loss=64921.3626	uas=0.9029	las=0.9409	[564s]

 |U|^2: 2833.106577 min: -0.682554	max: 0.623778
 |V|^2: 2449.335233 min: -0.938539	max: 0.649917
 |W|^2: 336.956193 min: -1.752787	max: 2.110098
 |WL|^2: 193.633293 min: -1.310815	max: 1.719640

_____________________________________________

 Evaluation: data/english08.test.lab.randInit_0.3_R50_2

  Tokens: 50129
  Sentences: 2399
  UAS=0.921084	LAS=0.892019	CAS=0.260942	[31.79s]

_____________________________________________

  3927 (time=55s)  7854 (time=111s)  11781 (time=164s)  15708 (time=218s)  19635 (time=268s)  23562 (time=320s)  27489 (time=373s)  31416 (time=425s)  35343 (time=480s)  39270 (time=534s)
  Iter 12	loss=58383.3622	uas=0.9090	las=0.9439	[534s]

 |U|^2: 2937.144430 min: -0.680962	max: 0.624312
 |V|^2: 2530.341892 min: -0.932644	max: 0.656987
 |W|^2: 356.707362 min: -1.817958	max: 2.188435
 |WL|^2: 209.268938 min: -1.386359	max: 1.758090

_____________________________________________

 Evaluation: data/english08.test.lab.randInit_0.3_R50_2

  Tokens: 50129
  Sentences: 2399
  UAS=0.921143	LAS=0.892098	CAS=0.261359	[34.71s]

_____________________________________________

  3927 (time=56s)  7854 (time=113s)  11781 (time=170s)  15708 (time=230s)  19635 (time=285s)  23562 (time=348s)  27489 (time=423s)  31416 (time=481s)  35343 (time=538s)  39270 (time=592s)
  Iter 13	loss=52983.5196	uas=0.9138	las=0.9465	[593s]

 |U|^2: 3031.433622 min: -0.679901	max: 0.629271
 |V|^2: 2603.370765 min: -0.942965	max: 0.652929
 |W|^2: 374.641356 min: -1.883009	max: 2.233690
 |WL|^2: 224.377290 min: -1.451363	max: 1.801135

_____________________________________________

 Evaluation: data/english08.test.lab.randInit_0.3_R50_2

  Tokens: 50129
  Sentences: 2399
  UAS=0.921283	LAS=0.892238	CAS=0.260942	[31.94s]

_____________________________________________

  3927 (time=56s)  7854 (time=113s)  11781 (time=168s)  15708 (time=222s)  19635 (time=274s)  23562 (time=328s)  27489 (time=383s)  31416 (time=435s)  35343 (time=489s)  39270 (time=543s)
  Iter 14	loss=48381.8196	uas=0.9182	las=0.9487	[543s]

 |U|^2: 3117.030765 min: -0.680737	max: 0.626230
 |V|^2: 2669.630171 min: -0.949076	max: 0.668028
 |W|^2: 390.398981 min: -1.953759	max: 2.301903
 |WL|^2: 239.468910 min: -1.504659	max: 1.855526

_____________________________________________

 Evaluation: data/english08.test.lab.randInit_0.3_R50_2

  Tokens: 50129
  Sentences: 2399
  UAS=0.921323	LAS=0.892517	CAS=0.260525	[30.53s]

_____________________________________________

  3927 (time=54s)  7854 (time=110s)  11781 (time=163s)  15708 (time=217s)  19635 (time=268s)  23562 (time=321s)  27489 (time=375s)  31416 (time=431s)  35343 (time=488s)  39270 (time=543s)
  Iter 15	loss=44576.6184	uas=0.9213	las=0.9511	[543s]

 |U|^2: 3194.977341 min: -0.674399	max: 0.626142
 |V|^2: 2729.717387 min: -0.950680	max: 0.670209
 |W|^2: 404.806756 min: -1.998104	max: 2.329790
 |WL|^2: 253.468662 min: -1.537937	max: 1.886525

_____________________________________________

 Evaluation: data/english08.test.lab.randInit_0.3_R50_2

  Tokens: 50129
  Sentences: 2399
  UAS=0.921143	LAS=0.892497	CAS=0.259275	[31.35s]

_____________________________________________

  3927 (time=55s)  7854 (time=110s)  11781 (time=163s)  15708 (time=218s)  19635 (time=271s)  23562 (time=328s)  27489 (time=381s)  31416 (time=434s)  35343 (time=488s)  39270 (time=541s)
  Iter 16	loss=41352.3754	uas=0.9245	las=0.9533	[542s]

 |U|^2: 3266.519555 min: -0.673509	max: 0.626846
 |V|^2: 2784.756828 min: -0.955254	max: 0.670578
 |W|^2: 417.459269 min: -2.060676	max: 2.385844
 |WL|^2: 267.296343 min: -1.575161	max: 1.922158

_____________________________________________

 Evaluation: data/english08.test.lab.randInit_0.3_R50_2

  Tokens: 50129
  Sentences: 2399
  UAS=0.920804	LAS=0.892138	CAS=0.258024	[32.69s]

_____________________________________________

  3927 (time=54s)  7854 (time=110s)  11781 (time=165s)  15708 (time=218s)  19635 (time=270s)  23562 (time=323s)  27489 (time=377s)  31416 (time=429s)  35343 (time=485s)  39270 (time=539s)
  Iter 17	loss=38517.2692	uas=0.9270	las=0.9550	[539s]

 |U|^2: 3332.030561 min: -0.670518	max: 0.635965
 |V|^2: 2835.322164 min: -0.952033	max: 0.676607
 |W|^2: 429.682135 min: -2.088923	max: 2.426786
 |WL|^2: 279.821055 min: -1.609655	max: 1.948301

_____________________________________________

 Evaluation: data/english08.test.lab.randInit_0.3_R50_2

  Tokens: 50129
  Sentences: 2399
  UAS=0.920206	LAS=0.891580	CAS=0.255106	[31.72s]

_____________________________________________

  3927 (time=57s)  7854 (time=114s)  11781 (time=169s)  15708 (time=223s)  19635 (time=275s)  23562 (time=328s)  27489 (time=381s)  31416 (time=435s)  35343 (time=490s)  39270 (time=543s)
  Iter 18	loss=36097.2814	uas=0.9292	las=0.9566	[543s]

 |U|^2: 3393.033701 min: -0.669431	max: 0.637093
 |V|^2: 2882.278118 min: -0.956118	max: 0.681140
 |W|^2: 440.452171 min: -2.123257	max: 2.458977
 |WL|^2: 292.265218 min: -1.646933	max: 1.961885

_____________________________________________

 Evaluation: data/english08.test.lab.randInit_0.3_R50_2

  Tokens: 50129
  Sentences: 2399
  UAS=0.920186	LAS=0.891640	CAS=0.255940	[29.99s]

_____________________________________________

  3927 (time=53s)  7854 (time=120s)  11781 (time=191s)  15708 (time=255s)  19635 (time=306s)  23562 (time=357s)  27489 (time=408s)  31416 (time=458s)  35343 (time=510s)  39270 (time=562s)
  Iter 19	loss=33987.4355	uas=0.9312	las=0.9579	[562s]

 |U|^2: 3449.208119 min: -0.666265	max: 0.640609
 |V|^2: 2925.599661 min: -0.956055	max: 0.683836
 |W|^2: 450.301519 min: -2.171798	max: 2.481424
 |WL|^2: 303.745612 min: -1.670972	max: 1.987261

_____________________________________________

 Evaluation: data/english08.test.lab.randInit_0.3_R50_2

  Tokens: 50129
  Sentences: 2399
  UAS=0.919986	LAS=0.891360	CAS=0.256774	[29.27s]

_____________________________________________

  3927 (time=52s)  7854 (time=104s)  11781 (time=156s)  15708 (time=208s)  19635 (time=258s)  23562 (time=309s)  27489 (time=360s)  31416 (time=410s)  35343 (time=461s)  39270 (time=513s)
  Iter 20	loss=32097.1219	uas=0.9328	las=0.9593	[514s]

 |U|^2: 3501.556953 min: -0.665085	max: 0.644229
 |V|^2: 2966.236968 min: -0.961315	max: 0.686437
 |W|^2: 459.462238 min: -2.204277	max: 2.511791
 |WL|^2: 314.806583 min: -1.686234	max: 2.005886

_____________________________________________

 Evaluation: data/english08.test.lab.randInit_0.3_R50_2

  Tokens: 50129
  Sentences: 2399
  UAS=0.919847	LAS=0.891121	CAS=0.254689	[28.69s]

_____________________________________________


Training took 12181032 ms.
=============================================

 Evaluating: data/english08.test.lab.randInit_0.3_R50_2
  Tokens: 50129
  Sentences: 2399
  UAS=0.919847	LAS=0.891121	CAS=0.254689	[31.10s]
