------
FLAGS
------
train-file: data/english08.train.lab.randInit_0.3_R50
test-file: data/english08.test.lab.randInit_0.3_R50
model-name: runs/english08.model.lab.randInit_0.3_R50
output-file: null
train: true
test: true
iters: 20
label: true
max-sent: -1
C: 0.01
label-loss-type: 0
gamma: 0.3 0.3
R: 50
word-vector:null
projective: false
pruning: true
hill-climbing converge (train): 300
hill-climbing converge (test): 100
thread: 4
file format: CONLL-X
feature hash bits: 30

use consecutive siblings: false
use grandparent: false
use head bigram: false
use grand siblings: false
use tri-siblings: false
use great-grandparent: false
use parent-sibling-child: false
use high-order: false
model: Basic
------

Creating dictionaries ... 
Filtered DEPLABEL (71-->36)
4 8
Lexical items: 59147 (16 bits)
Tag/label items: 98 (7 bits)  36 (6 bits)
Flag Bits: 10
Creation took [5257 ms]
Creating Alphabet ... [26001 ms]
Hash collision: 1.1989% (169005 / 14096161)
Num of CONLL fine POS tags: 47
Num of CONLL coarse POS tags: 47
Num of labels: 36
Num of Syntactic Features: 234155 1073741823
Creating instances ... 1000 2000 3000 4000 5000 6000 7000 8000 9000 10000 11000 12000 13000 14000 15000 16000 17000 18000 19000 20000 21000 22000 23000 24000 25000 26000 27000 28000 29000 30000 31000 32000 33000 34000 35000 36000 37000 38000 39000 39279 [4098 ms]
=============================================
 Training:
=============================================
Running MIRA ... 
  3927 (time=88s)  7854 (time=164s)  11781 (time=242s)  15708 (time=307s)  19635 (time=366s)  23562 (time=419s)  27489 (time=471s)  31416 (time=521s)  35343 (time=577s)  39270 (time=629s)
  Iter 1	loss=403152.8300	uas=0.6899	las=0.8438	[629s]

 |U|^2: 414.174612 min: -0.769216	max: 0.865975
 |V|^2: 399.519023 min: -0.805685	max: 0.787660
 |W|^2: 62.974697 min: -1.059258	max: 0.986454
 |WL|^2: 64.037710 min: -0.907237	max: 0.412786

_____________________________________________

 Evaluation: data/english08.test.lab.randInit_0.3_R50

  Tokens: 50129
  Sentences: 2399
  UAS=0.900417	LAS=0.863392	CAS=0.195498	[26.84s]

_____________________________________________

  3927 (time=51s)  7854 (time=104s)  11781 (time=157s)  15708 (time=212s)  19635 (time=263s)  23562 (time=315s)  27489 (time=368s)  31416 (time=421s)  35343 (time=474s)  39270 (time=527s)
  Iter 2	loss=277639.3752	uas=0.7695	las=0.8934	[527s]

 |U|^2: 749.621538 min: -0.762858	max: 1.002525
 |V|^2: 720.668831 min: -0.727230	max: 0.795238
 |W|^2: 75.343842 min: -1.181533	max: 1.030371
 |WL|^2: 73.067416 min: -1.146191	max: 0.466563

_____________________________________________

 Evaluation: data/english08.test.lab.randInit_0.3_R50

  Tokens: 50129
  Sentences: 2399
  UAS=0.910750	LAS=0.877037	CAS=0.226761	[32.03s]

_____________________________________________

  3927 (time=58s)  7854 (time=120s)  11781 (time=192s)  15708 (time=279s)  19635 (time=354s)  23562 (time=419s)  27489 (time=479s)  31416 (time=538s)  35343 (time=600s)  39270 (time=663s)
  Iter 3	loss=225399.6469	uas=0.7950	las=0.9051	[663s]

 |U|^2: 1111.415783 min: -0.740829	max: 1.029744
 |V|^2: 1048.205233 min: -0.652361	max: 0.778269
 |W|^2: 96.251085 min: -1.344756	max: 1.163037
 |WL|^2: 82.336807 min: -1.312170	max: 0.502453

_____________________________________________

 Evaluation: data/english08.test.lab.randInit_0.3_R50

  Tokens: 50129
  Sentences: 2399
  UAS=0.914820	LAS=0.882623	CAS=0.240934	[34.77s]

_____________________________________________

  3927 (time=60s)  7854 (time=127s)  11781 (time=192s)  15708 (time=263s)  19635 (time=331s)  23562 (time=399s)  27489 (time=468s)  31416 (time=547s)  35343 (time=620s)  39270 (time=703s)
  Iter 4	loss=187208.5261	uas=0.8135	las=0.9125	[703s]

 |U|^2: 1465.566896 min: -0.732787	max: 1.013130
 |V|^2: 1354.315792 min: -0.646030	max: 0.810454
 |W|^2: 123.372302 min: -1.495561	max: 1.256277
 |WL|^2: 91.978929 min: -1.400061	max: 0.536853

_____________________________________________

 Evaluation: data/english08.test.lab.randInit_0.3_R50

  Tokens: 50129
  Sentences: 2399
  UAS=0.917473	LAS=0.885854	CAS=0.246353	[48.78s]

_____________________________________________

  3927 (time=77s)  7854 (time=144s)  11781 (time=207s)  15708 (time=281s)  19635 (time=343s)  23562 (time=407s)  27489 (time=470s)  31416 (time=533s)  35343 (time=599s)  39270 (time=666s)
  Iter 5	loss=156534.7247	uas=0.8309	las=0.9182	[666s]

 |U|^2: 1778.199349 min: -0.702248	max: 0.949166
 |V|^2: 1618.546959 min: -0.626005	max: 0.811930
 |W|^2: 157.134786 min: -1.701252	max: 1.420415
 |WL|^2: 103.204164 min: -1.476109	max: 0.570786

_____________________________________________

 Evaluation: data/english08.test.lab.randInit_0.3_R50

  Tokens: 50129
  Sentences: 2399
  UAS=0.919169	LAS=0.888049	CAS=0.248854	[36.44s]

_____________________________________________

  3927 (time=64s)  7854 (time=129s)  11781 (time=195s)  15708 (time=259s)  19635 (time=327s)  23562 (time=394s)  27489 (time=459s)  31416 (time=523s)  35343 (time=589s)  39270 (time=652s)
  Iter 6	loss=131311.0626	uas=0.8477	las=0.9226	[653s]

 |U|^2: 2035.902009 min: -0.658750	max: 0.907574
 |V|^2: 1832.333042 min: -0.647236	max: 0.795545
 |W|^2: 193.648789 min: -1.812656	max: 1.567942
 |WL|^2: 115.763025 min: -1.557310	max: 0.624918

_____________________________________________

 Evaluation: data/english08.test.lab.randInit_0.3_R50

  Tokens: 50129
  Sentences: 2399
  UAS=0.919887	LAS=0.889106	CAS=0.254273	[34.93s]

_____________________________________________

  3927 (time=62s)  7854 (time=129s)  11781 (time=192s)  15708 (time=258s)  19635 (time=323s)  23562 (time=398s)  27489 (time=470s)  31416 (time=566s)  35343 (time=667s)  39270 (time=764s)
  Iter 7	loss=111228.3918	uas=0.8636	las=0.9270	[764s]

 |U|^2: 2246.484573 min: -0.659337	max: 0.875198
 |V|^2: 2005.948415 min: -0.660362	max: 0.819161
 |W|^2: 229.541759 min: -1.944111	max: 1.705213
 |WL|^2: 129.820704 min: -1.613538	max: 0.651702

_____________________________________________

 Evaluation: data/english08.test.lab.randInit_0.3_R50

  Tokens: 50129
  Sentences: 2399
  UAS=0.920385	LAS=0.890143	CAS=0.258858	[54.55s]

_____________________________________________

  3927 (time=90s)  7854 (time=185s)  11781 (time=279s)  15708 (time=361s)  19635 (time=441s)  23562 (time=516s)  27489 (time=585s)  31416 (time=655s)  35343 (time=728s)  39270 (time=799s)
  Iter 8	loss=95236.4741	uas=0.8766	las=0.9307	[799s]

 |U|^2: 2420.221094 min: -0.639366	max: 0.854466
 |V|^2: 2148.260526 min: -0.667646	max: 0.867451
 |W|^2: 262.928407 min: -2.023408	max: 1.792935
 |WL|^2: 144.271716 min: -1.708756	max: 0.688995

_____________________________________________

 Evaluation: data/english08.test.lab.randInit_0.3_R50

  Tokens: 50129
  Sentences: 2399
  UAS=0.920565	LAS=0.890642	CAS=0.260525	[38.39s]

_____________________________________________

  3927 (time=68s)  7854 (time=136s)  11781 (time=206s)  15708 (time=271s)  19635 (time=350s)  23562 (time=414s)  27489 (time=478s)  31416 (time=538s)  35343 (time=603s)  39270 (time=675s)
  Iter 9	loss=82803.5843	uas=0.8872	las=0.9344	[675s]

 |U|^2: 2568.467645 min: -0.635998	max: 0.837584
 |V|^2: 2268.907192 min: -0.680752	max: 0.859068
 |W|^2: 292.759675 min: -2.106582	max: 1.888175
 |WL|^2: 159.862990 min: -1.784786	max: 0.762697

_____________________________________________

 Evaluation: data/english08.test.lab.randInit_0.3_R50

  Tokens: 50129
  Sentences: 2399
  UAS=0.920764	LAS=0.891181	CAS=0.261359	[41.49s]

_____________________________________________

  3927 (time=75s)  7854 (time=145s)  11781 (time=206s)  15708 (time=269s)  19635 (time=344s)  23562 (time=415s)  27489 (time=478s)  31416 (time=538s)  35343 (time=599s)  39270 (time=659s)
  Iter 10	loss=72886.3504	uas=0.8961	las=0.9379	[659s]

 |U|^2: 2696.481986 min: -0.596472	max: 0.825214
 |V|^2: 2372.181318 min: -0.679125	max: 0.869725
 |W|^2: 318.100167 min: -2.158488	max: 1.964848
 |WL|^2: 175.049718 min: -1.825143	max: 0.802196

_____________________________________________

 Evaluation: data/english08.test.lab.randInit_0.3_R50

  Tokens: 50129
  Sentences: 2399
  UAS=0.921143	LAS=0.891839	CAS=0.264694	[32.30s]

_____________________________________________

  3927 (time=57s)  7854 (time=124s)  11781 (time=184s)  15708 (time=246s)  19635 (time=303s)  23562 (time=369s)  27489 (time=429s)  31416 (time=487s)  35343 (time=550s)  39270 (time=613s)
  Iter 11	loss=64876.4444	uas=0.9037	las=0.9409	[614s]

 |U|^2: 2810.603409 min: -0.612219	max: 0.823237
 |V|^2: 2463.718532 min: -0.679372	max: 0.876880
 |W|^2: 340.462259 min: -2.198859	max: 2.042332
 |WL|^2: 190.870092 min: -1.872221	max: 0.835419

_____________________________________________

 Evaluation: data/english08.test.lab.randInit_0.3_R50

  Tokens: 50129
  Sentences: 2399
  UAS=0.921143	LAS=0.892039	CAS=0.265527	[36.49s]

_____________________________________________

  3927 (time=70s)  7854 (time=143s)  11781 (time=217s)  15708 (time=285s)  19635 (time=345s)  23562 (time=406s)  27489 (time=469s)  31416 (time=526s)  35343 (time=586s)  39270 (time=644s)
  Iter 12	loss=58266.3197	uas=0.9092	las=0.9437	[644s]

 |U|^2: 2913.150219 min: -0.615222	max: 0.816692
 |V|^2: 2545.170090 min: -0.680894	max: 0.884908
 |W|^2: 360.545941 min: -2.245056	max: 2.098464
 |WL|^2: 206.730208 min: -1.936750	max: 0.893416

_____________________________________________

 Evaluation: data/english08.test.lab.randInit_0.3_R50

  Tokens: 50129
  Sentences: 2399
  UAS=0.920924	LAS=0.891879	CAS=0.265110	[37.01s]

_____________________________________________

  3927 (time=74s)  7854 (time=142s)  11781 (time=197s)  15708 (time=253s)  19635 (time=312s)  23562 (time=370s)  27489 (time=428s)  31416 (time=489s)  35343 (time=547s)  39270 (time=604s)
  Iter 13	loss=52803.5403	uas=0.9139	las=0.9467	[605s]

 |U|^2: 3005.924667 min: -0.620306	max: 0.811693
 |V|^2: 2618.298482 min: -0.679312	max: 0.896952
 |W|^2: 378.263108 min: -2.281254	max: 2.149857
 |WL|^2: 222.173395 min: -1.977844	max: 0.922779

_____________________________________________

 Evaluation: data/english08.test.lab.randInit_0.3_R50

  Tokens: 50129
  Sentences: 2399
  UAS=0.920784	LAS=0.892039	CAS=0.266361	[33.32s]

_____________________________________________

  3927 (time=57s)  7854 (time=116s)  11781 (time=182s)  15708 (time=244s)  19635 (time=302s)  23562 (time=361s)  27489 (time=418s)  31416 (time=475s)  35343 (time=534s)  39270 (time=592s)
  Iter 14	loss=48418.1409	uas=0.9179	las=0.9490	[592s]

 |U|^2: 3090.304575 min: -0.624227	max: 0.807713
 |V|^2: 2684.716983 min: -0.674665	max: 0.900219
 |W|^2: 394.066125 min: -2.300351	max: 2.201445
 |WL|^2: 237.298898 min: -2.016819	max: 0.940148

_____________________________________________

 Evaluation: data/english08.test.lab.randInit_0.3_R50

  Tokens: 50129
  Sentences: 2399
  UAS=0.920784	LAS=0.892198	CAS=0.267612	[33.05s]

_____________________________________________

  3927 (time=59s)  7854 (time=117s)  11781 (time=172s)  15708 (time=228s)  19635 (time=283s)  23562 (time=339s)  27489 (time=394s)  31416 (time=447s)  35343 (time=504s)  39270 (time=560s)
  Iter 15	loss=44547.8214	uas=0.9218	las=0.9513	[560s]

 |U|^2: 3167.502159 min: -0.622249	max: 0.798434
 |V|^2: 2744.955051 min: -0.686038	max: 0.915633
 |W|^2: 407.963306 min: -2.331187	max: 2.238648
 |WL|^2: 251.930425 min: -2.084754	max: 0.965300

_____________________________________________

 Evaluation: data/english08.test.lab.randInit_0.3_R50

  Tokens: 50129
  Sentences: 2399
  UAS=0.920924	LAS=0.892338	CAS=0.267195	[32.82s]

_____________________________________________

  3927 (time=58s)  7854 (time=116s)  11781 (time=173s)  15708 (time=236s)  19635 (time=305s)  23562 (time=369s)  27489 (time=433s)  31416 (time=487s)  35343 (time=542s)  39270 (time=596s)
  Iter 16	loss=41129.6496	uas=0.9244	las=0.9534	[596s]

 |U|^2: 3237.890749 min: -0.619102	max: 0.796250
 |V|^2: 2800.096372 min: -0.693882	max: 0.915437
 |W|^2: 420.902950 min: -2.348114	max: 2.281986
 |WL|^2: 265.790823 min: -2.125139	max: 0.983651

_____________________________________________

 Evaluation: data/english08.test.lab.randInit_0.3_R50

  Tokens: 50129
  Sentences: 2399
  UAS=0.920944	LAS=0.892298	CAS=0.268028	[31.77s]

_____________________________________________

  3927 (time=53s)  7854 (time=108s)  11781 (time=169s)  15708 (time=225s)  19635 (time=276s)  23562 (time=331s)  27489 (time=385s)  31416 (time=438s)  35343 (time=493s)  39270 (time=548s)
  Iter 17	loss=38411.0541	uas=0.9268	las=0.9552	[548s]

 |U|^2: 3302.501077 min: -0.627217	max: 0.791855
 |V|^2: 2850.673839 min: -0.699120	max: 0.917638
 |W|^2: 432.636485 min: -2.368902	max: 2.314408
 |WL|^2: 278.760436 min: -2.145247	max: 1.017150

_____________________________________________

 Evaluation: data/english08.test.lab.randInit_0.3_R50

  Tokens: 50129
  Sentences: 2399
  UAS=0.920665	LAS=0.891899	CAS=0.267195	[37.99s]

_____________________________________________

  3927 (time=55s)  7854 (time=113s)  11781 (time=169s)  15708 (time=226s)  19635 (time=283s)  23562 (time=340s)  27489 (time=396s)  31416 (time=451s)  35343 (time=506s)  39270 (time=558s)
  Iter 18	loss=35873.0860	uas=0.9296	las=0.9570	[559s]

 |U|^2: 3361.892701 min: -0.633550	max: 0.789851
 |V|^2: 2897.118770 min: -0.697548	max: 0.919635
 |W|^2: 443.108533 min: -2.385325	max: 2.344572
 |WL|^2: 290.992441 min: -2.151612	max: 1.014340

_____________________________________________

 Evaluation: data/english08.test.lab.randInit_0.3_R50

  Tokens: 50129
  Sentences: 2399
  UAS=0.920605	LAS=0.891999	CAS=0.267195	[29.95s]

_____________________________________________

  3927 (time=53s)  7854 (time=110s)  11781 (time=166s)  15708 (time=222s)  19635 (time=276s)  23562 (time=330s)  27489 (time=383s)  31416 (time=447s)  35343 (time=505s)  39270 (time=564s)
  Iter 19	loss=33788.2594	uas=0.9315	las=0.9582	[564s]

 |U|^2: 3417.056350 min: -0.637913	max: 0.792372
 |V|^2: 2940.402219 min: -0.696118	max: 0.922047
 |W|^2: 452.811470 min: -2.405286	max: 2.369503
 |WL|^2: 302.665498 min: -2.188867	max: 1.042067

_____________________________________________

 Evaluation: data/english08.test.lab.randInit_0.3_R50

  Tokens: 50129
  Sentences: 2399
  UAS=0.920206	LAS=0.891759	CAS=0.266778	[32.24s]

_____________________________________________

  3927 (time=56s)  7854 (time=127s)  11781 (time=185s)  15708 (time=243s)  19635 (time=314s)  23562 (time=372s)  27489 (time=428s)  31416 (time=480s)  35343 (time=535s)  39270 (time=591s)
  Iter 20	loss=31888.8025	uas=0.9330	las=0.9595	[591s]

 |U|^2: 3468.544444 min: -0.627496	max: 0.790510
 |V|^2: 2980.899447 min: -0.697457	max: 0.924199
 |W|^2: 461.945022 min: -2.409397	max: 2.388477
 |WL|^2: 313.693421 min: -2.221412	max: 1.050723

_____________________________________________

 Evaluation: data/english08.test.lab.randInit_0.3_R50

  Tokens: 50129
  Sentences: 2399
  UAS=0.920046	LAS=0.891480	CAS=0.265110	[30.72s]

_____________________________________________


Training took 13388650 ms.
=============================================

 Evaluating: data/english08.test.lab.randInit_0.3_R50
  Tokens: 50129
  Sentences: 2399
  UAS=0.920046	LAS=0.891480	CAS=0.265110	[33.18s]
