------
FLAGS
------
train-file: data/english08.train.lab.svd_0.3_R50
test-file: data/english08.test.lab.svd_0.3_R50
model-name: runs/english08.model.lab.svd_0.3_R50
output-file: null
train: true
test: true
iters: 20
label: true
max-sent: -1
C: 0.01
label-loss-type: 0
gamma: 0.3 0.3
R: 50
word-vector:null
projective: false
pruning: true
hill-climbing converge (train): 300
hill-climbing converge (test): 100
thread: 4
file format: CONLL-X
feature hash bits: 30

use consecutive siblings: false
use grandparent: false
use head bigram: false
use grand siblings: false
use tri-siblings: false
use great-grandparent: false
use parent-sibling-child: false
use high-order: false
model: Basic
------

Creating dictionaries ... 
Filtered DEPLABEL (71-->36)
4 8
Lexical items: 59147 (16 bits)
Tag/label items: 98 (7 bits)  36 (6 bits)
Flag Bits: 10
Creation took [5250 ms]
Creating Alphabet ... [21880 ms]
Hash collision: 1.1989% (169005 / 14096161)
Num of CONLL fine POS tags: 47
Num of CONLL coarse POS tags: 47
Num of labels: 36
Num of Syntactic Features: 234155 1073741823
Creating instances ... 1000 2000 3000 4000 5000 6000 7000 8000 9000 10000 11000 12000 13000 14000 15000 16000 17000 18000 19000 20000 21000 22000 23000 24000 25000 26000 27000 28000 29000 30000 31000 32000 33000 34000 35000 36000 37000 38000 39000 39279 [3614 ms]
=============================================
 Pre-training:
=============================================
Running MIRA ... 
  3927 (time=68s)  7854 (time=132s)  11781 (time=186s)  15708 (time=245s)  19635 (time=293s)  23562 (time=341s)  27489 (time=390s)  31416 (time=436s)  35343 (time=483s)  39270 (time=531s)
  Iter 1	loss=422671.8386	uas=0.6876	las=0.8561	[531s]

 |U|^2: 0.000000 min: Infinity	max: -Infinity
 |V|^2: 0.000000 min: Infinity	max: -Infinity
 |W|^2: 0.000000 min: Infinity	max: -Infinity
 |WL|^2: 0.000000 min: Infinity	max: -Infinity

Init tensor ... 
  Unfolding matrix: 6455523 / (234155*3512325)  0.00% entries.
  Rank: 50 (max:50)  Sigma: max=6.424012 cut=0.945982

 |U|^2: 50.000000 min: -0.993831	max: 0.552422
 |V|^2: 50.000000 min: -0.991448	max: 0.992825
 |W|^2: 107.082057 min: -5.485287	max: 1.529912

Pre-training took 568201 ms.
=============================================

=============================================
 Training:
=============================================
Running MIRA ... 
  3927 (time=64s)  7854 (time=125s)  11781 (time=185s)  15708 (time=241s)  19635 (time=297s)  23562 (time=351s)  27489 (time=406s)  31416 (time=458s)  35343 (time=513s)  39270 (time=568s)
  Iter 1	loss=395945.5111	uas=0.6943	las=0.8553	[568s]

 |U|^2: 710.870240 min: -0.858555	max: 0.723886
 |V|^2: 629.006566 min: -0.870629	max: 1.007596
 |W|^2: 43.789565 min: -0.852519	max: 0.844717
 |WL|^2: 56.784957 min: -0.741816	max: 0.982355

_____________________________________________

 Evaluation: data/english08.test.lab.svd_0.3_R50

  Tokens: 50129
  Sentences: 2399
  UAS=0.906721	LAS=0.871412	CAS=0.218008	[28.77s]

_____________________________________________

  3927 (time=58s)  7854 (time=118s)  11781 (time=175s)  15708 (time=231s)  19635 (time=285s)  23562 (time=345s)  27489 (time=402s)  31416 (time=463s)  35343 (time=519s)  39270 (time=576s)
  Iter 2	loss=270393.3882	uas=0.7723	las=0.8986	[576s]

 |U|^2: 1234.636075 min: -0.858458	max: 0.698478
 |V|^2: 1071.940380 min: -1.014567	max: 0.950154
 |W|^2: 59.151585 min: -0.954011	max: 1.001506
 |WL|^2: 77.088955 min: -0.843782	max: 1.094849

_____________________________________________

 Evaluation: data/english08.test.lab.svd_0.3_R50

  Tokens: 50129
  Sentences: 2399
  UAS=0.914501	LAS=0.881965	CAS=0.238433	[29.72s]

_____________________________________________

  3927 (time=56s)  7854 (time=120s)  11781 (time=192s)  15708 (time=263s)  19635 (time=330s)  23562 (time=395s)  27489 (time=468s)  31416 (time=525s)  35343 (time=581s)  39270 (time=639s)
  Iter 3	loss=212079.5939	uas=0.8028	las=0.9095	[639s]

 |U|^2: 1686.224663 min: -0.868181	max: 0.640979
 |V|^2: 1439.398732 min: -1.067141	max: 0.918911
 |W|^2: 82.462478 min: -1.118701	max: 1.184175
 |WL|^2: 96.639296 min: -0.913141	max: 1.209082

_____________________________________________

 Evaluation: data/english08.test.lab.svd_0.3_R50

  Tokens: 50129
  Sentences: 2399
  UAS=0.918351	LAS=0.886992	CAS=0.253856	[30.08s]

_____________________________________________

  3927 (time=57s)  7854 (time=115s)  11781 (time=171s)  15708 (time=226s)  19635 (time=281s)  23562 (time=336s)  27489 (time=395s)  31416 (time=451s)  35343 (time=510s)  39270 (time=568s)
  Iter 4	loss=170317.3588	uas=0.8277	las=0.9167	[569s]

 |U|^2: 2042.749924 min: -0.877733	max: 0.607232
 |V|^2: 1724.485938 min: -1.074845	max: 0.888082
 |W|^2: 111.557001 min: -1.214349	max: 1.335851
 |WL|^2: 117.212487 min: -0.937466	max: 1.318416

_____________________________________________

 Evaluation: data/english08.test.lab.svd_0.3_R50

  Tokens: 50129
  Sentences: 2399
  UAS=0.919627	LAS=0.889345	CAS=0.263860	[30.72s]

_____________________________________________

  3927 (time=55s)  7854 (time=112s)  11781 (time=169s)  15708 (time=222s)  19635 (time=278s)  23562 (time=333s)  27489 (time=389s)  31416 (time=446s)  35343 (time=502s)  39270 (time=554s)
  Iter 5	loss=139013.2915	uas=0.8497	las=0.9226	[555s]

 |U|^2: 2317.799676 min: -0.881190	max: 0.580287
 |V|^2: 1945.415023 min: -1.056183	max: 0.875924
 |W|^2: 144.358634 min: -1.351694	max: 1.535098
 |WL|^2: 137.417390 min: -0.974767	max: 1.388707

_____________________________________________

 Evaluation: data/english08.test.lab.svd_0.3_R50

  Tokens: 50129
  Sentences: 2399
  UAS=0.920565	LAS=0.890522	CAS=0.263026	[29.90s]

_____________________________________________

  3927 (time=54s)  7854 (time=110s)  11781 (time=162s)  15708 (time=215s)  19635 (time=268s)  23562 (time=319s)  27489 (time=372s)  31416 (time=429s)  35343 (time=482s)  39270 (time=534s)
  Iter 6	loss=115660.4196	uas=0.8676	las=0.9275	[535s]

 |U|^2: 2534.004934 min: -0.895965	max: 0.591768
 |V|^2: 2120.865531 min: -1.043566	max: 0.909626
 |W|^2: 174.589133 min: -1.433452	max: 1.694502
 |WL|^2: 158.104516 min: -1.025852	max: 1.484193

_____________________________________________

 Evaluation: data/english08.test.lab.svd_0.3_R50

  Tokens: 50129
  Sentences: 2399
  UAS=0.921503	LAS=0.891679	CAS=0.262609	[31.59s]

_____________________________________________

  3927 (time=54s)  7854 (time=107s)  11781 (time=159s)  15708 (time=211s)  19635 (time=261s)  23562 (time=312s)  27489 (time=363s)  31416 (time=413s)  35343 (time=465s)  39270 (time=517s)
  Iter 7	loss=98095.0266	uas=0.8817	las=0.9319	[518s]

 |U|^2: 2711.529624 min: -0.898163	max: 0.601313
 |V|^2: 2266.223403 min: -1.052131	max: 0.936769
 |W|^2: 201.798124 min: -1.576487	max: 1.838815
 |WL|^2: 178.750701 min: -1.078253	max: 1.591514

_____________________________________________

 Evaluation: data/english08.test.lab.svd_0.3_R50

  Tokens: 50129
  Sentences: 2399
  UAS=0.921423	LAS=0.892358	CAS=0.264694	[27.59s]

_____________________________________________

  3927 (time=51s)  7854 (time=105s)  11781 (time=156s)  15708 (time=209s)  19635 (time=260s)  23562 (time=312s)  27489 (time=363s)  31416 (time=412s)  35343 (time=464s)  39270 (time=516s)
  Iter 8	loss=84726.0288	uas=0.8927	las=0.9360	[516s]

 |U|^2: 2860.988491 min: -0.893818	max: 0.603874
 |V|^2: 2389.072818 min: -1.054188	max: 0.964085
 |W|^2: 225.476238 min: -1.711053	max: 1.938070
 |WL|^2: 198.670552 min: -1.091180	max: 1.680469

_____________________________________________

 Evaluation: data/english08.test.lab.svd_0.3_R50

  Tokens: 50129
  Sentences: 2399
  UAS=0.921423	LAS=0.892657	CAS=0.266778	[27.60s]

_____________________________________________

  3927 (time=51s)  7854 (time=104s)  11781 (time=155s)  15708 (time=207s)  19635 (time=262s)  23562 (time=312s)  27489 (time=363s)  31416 (time=415s)  35343 (time=467s)  39270 (time=523s)
  Iter 9	loss=74328.8378	uas=0.9013	las=0.9395	[523s]

 |U|^2: 2990.722226 min: -0.902043	max: 0.601568
 |V|^2: 2496.612823 min: -1.049427	max: 0.981121
 |W|^2: 247.151262 min: -1.855080	max: 2.024533
 |WL|^2: 218.149909 min: -1.120581	max: 1.727691

_____________________________________________

 Evaluation: data/english08.test.lab.svd_0.3_R50

  Tokens: 50129
  Sentences: 2399
  UAS=0.921562	LAS=0.892956	CAS=0.264277	[29.40s]

_____________________________________________

  3927 (time=54s)  7854 (time=107s)  11781 (time=160s)  15708 (time=214s)  19635 (time=269s)  23562 (time=321s)  27489 (time=374s)  31416 (time=429s)  35343 (time=487s)  39270 (time=541s)
  Iter 10	loss=66068.0246	uas=0.9082	las=0.9428	[541s]

 |U|^2: 3103.829259 min: -0.908165	max: 0.609710
 |V|^2: 2589.982196 min: -1.048692	max: 0.987582
 |W|^2: 265.401501 min: -1.951607	max: 2.105334
 |WL|^2: 236.709050 min: -1.149200	max: 1.795147

_____________________________________________

 Evaluation: data/english08.test.lab.svd_0.3_R50

  Tokens: 50129
  Sentences: 2399
  UAS=0.921702	LAS=0.893235	CAS=0.265527	[29.70s]

_____________________________________________

  3927 (time=54s)  7854 (time=107s)  11781 (time=158s)  15708 (time=212s)  19635 (time=264s)  23562 (time=317s)  27489 (time=368s)  31416 (time=419s)  35343 (time=470s)  39270 (time=520s)
  Iter 11	loss=59136.5742	uas=0.9140	las=0.9459	[520s]

 |U|^2: 3204.528789 min: -0.908735	max: 0.612253
 |V|^2: 2673.240475 min: -1.054813	max: 1.000324
 |W|^2: 282.223174 min: -2.050181	max: 2.161897
 |WL|^2: 254.730117 min: -1.173661	max: 1.854534

_____________________________________________

 Evaluation: data/english08.test.lab.svd_0.3_R50

  Tokens: 50129
  Sentences: 2399
  UAS=0.921443	LAS=0.893036	CAS=0.265944	[27.73s]

_____________________________________________

  3927 (time=50s)  7854 (time=102s)  11781 (time=153s)  15708 (time=206s)  19635 (time=255s)  23562 (time=306s)  27489 (time=357s)  31416 (time=406s)  35343 (time=457s)  39270 (time=508s)
  Iter 12	loss=53534.6603	uas=0.9186	las=0.9486	[508s]

 |U|^2: 3294.320522 min: -0.904453	max: 0.618178
 |V|^2: 2747.163244 min: -1.061179	max: 1.007177
 |W|^2: 297.264788 min: -2.138879	max: 2.215612
 |WL|^2: 271.325958 min: -1.207460	max: 1.908680

_____________________________________________

 Evaluation: data/english08.test.lab.svd_0.3_R50

  Tokens: 50129
  Sentences: 2399
  UAS=0.921004	LAS=0.892617	CAS=0.264277	[29.61s]

_____________________________________________

  3927 (time=51s)  7854 (time=103s)  11781 (time=153s)  15708 (time=204s)  19635 (time=257s)  23562 (time=312s)  27489 (time=366s)  31416 (time=423s)  35343 (time=478s)  39270 (time=539s)
  Iter 13	loss=48825.0947	uas=0.9229	las=0.9511	[539s]

 |U|^2: 3374.947820 min: -0.907185	max: 0.616996
 |V|^2: 2813.302636 min: -1.067370	max: 1.013731
 |W|^2: 310.781213 min: -2.214617	max: 2.257608
 |WL|^2: 286.943600 min: -1.250012	max: 1.968666

_____________________________________________

 Evaluation: data/english08.test.lab.svd_0.3_R50

  Tokens: 50129
  Sentences: 2399
  UAS=0.920744	LAS=0.892477	CAS=0.264277	[30.86s]

_____________________________________________

  3927 (time=59s)  7854 (time=119s)  11781 (time=181s)  15708 (time=241s)  19635 (time=300s)  23562 (time=366s)  27489 (time=431s)  31416 (time=493s)  35343 (time=551s)  39270 (time=609s)
  Iter 14	loss=44859.3968	uas=0.9261	las=0.9533	[609s]

 |U|^2: 3447.548878 min: -0.909430	max: 0.621097
 |V|^2: 2872.947545 min: -1.080751	max: 1.022293
 |W|^2: 323.278000 min: -2.292702	max: 2.303437
 |WL|^2: 301.130698 min: -1.266362	max: 2.021058

_____________________________________________

 Evaluation: data/english08.test.lab.svd_0.3_R50

  Tokens: 50129
  Sentences: 2399
  UAS=0.920545	LAS=0.892158	CAS=0.263026	[39.88s]

_____________________________________________

  3927 (time=69s)  7854 (time=137s)  11781 (time=196s)  15708 (time=250s)  19635 (time=303s)  23562 (time=356s)  27489 (time=410s)  31416 (time=461s)  35343 (time=515s)  39270 (time=567s)
  Iter 15	loss=41331.2136	uas=0.9295	las=0.9553	[567s]

 |U|^2: 3514.129012 min: -0.907970	max: 0.624336
 |V|^2: 2927.552231 min: -1.085552	max: 1.012067
 |W|^2: 334.627743 min: -2.351022	max: 2.332981
 |WL|^2: 314.835847 min: -1.279332	max: 2.069999

_____________________________________________

 Evaluation: data/english08.test.lab.svd_0.3_R50

  Tokens: 50129
  Sentences: 2399
  UAS=0.920126	LAS=0.891600	CAS=0.261359	[28.87s]

_____________________________________________

  3927 (time=51s)  7854 (time=103s)  11781 (time=165s)  15708 (time=232s)  19635 (time=287s)  23562 (time=336s)  27489 (time=385s)  31416 (time=433s)  35343 (time=483s)  39270 (time=533s)
  Iter 16	loss=38524.6881	uas=0.9322	las=0.9571	[533s]

 |U|^2: 3574.468630 min: -0.907626	max: 0.627687
 |V|^2: 2977.069751 min: -1.086725	max: 1.018594
 |W|^2: 344.539222 min: -2.395002	max: 2.364459
 |WL|^2: 327.599365 min: -1.299603	max: 2.117199

_____________________________________________

 Evaluation: data/english08.test.lab.svd_0.3_R50

  Tokens: 50129
  Sentences: 2399
  UAS=0.920086	LAS=0.891580	CAS=0.259275	[28.65s]

_____________________________________________

  3927 (time=50s)  7854 (time=102s)  11781 (time=151s)  15708 (time=202s)  19635 (time=251s)  23562 (time=300s)  27489 (time=349s)  31416 (time=397s)  35343 (time=447s)  39270 (time=498s)
  Iter 17	loss=35962.2532	uas=0.9344	las=0.9585	[499s]

 |U|^2: 3629.808229 min: -0.907414	max: 0.629939
 |V|^2: 3022.463812 min: -1.095368	max: 1.029681
 |W|^2: 353.932348 min: -2.448291	max: 2.396694
 |WL|^2: 339.279222 min: -1.325819	max: 2.160786

_____________________________________________

 Evaluation: data/english08.test.lab.svd_0.3_R50

  Tokens: 50129
  Sentences: 2399
  UAS=0.920086	LAS=0.891640	CAS=0.257607	[27.77s]

_____________________________________________

  3927 (time=63s)  7854 (time=121s)  11781 (time=176s)  15708 (time=229s)  19635 (time=279s)  23562 (time=331s)  27489 (time=382s)  31416 (time=431s)  35343 (time=483s)  39270 (time=534s)
  Iter 18	loss=33848.8380	uas=0.9361	las=0.9602	[534s]

 |U|^2: 3680.871204 min: -0.908386	max: 0.636700
 |V|^2: 3064.389481 min: -1.101108	max: 1.026665
 |W|^2: 362.605848 min: -2.483719	max: 2.428647
 |WL|^2: 349.985666 min: -1.327052	max: 2.194468

_____________________________________________

 Evaluation: data/english08.test.lab.svd_0.3_R50

  Tokens: 50129
  Sentences: 2399
  UAS=0.919927	LAS=0.891560	CAS=0.257607	[28.16s]

_____________________________________________

  3927 (time=55s)  7854 (time=109s)  11781 (time=162s)  15708 (time=215s)  19635 (time=266s)  23562 (time=317s)  27489 (time=369s)  31416 (time=418s)  35343 (time=470s)  39270 (time=521s)
  Iter 19	loss=32078.8844	uas=0.9378	las=0.9614	[521s]

 |U|^2: 3728.736340 min: -0.906260	max: 0.645901
 |V|^2: 3103.583103 min: -1.104215	max: 1.035831
 |W|^2: 370.446658 min: -2.520964	max: 2.462016
 |WL|^2: 360.409448 min: -1.351346	max: 2.234726

_____________________________________________

 Evaluation: data/english08.test.lab.svd_0.3_R50

  Tokens: 50129
  Sentences: 2399
  UAS=0.919887	LAS=0.891500	CAS=0.256774	[27.56s]

_____________________________________________

  3927 (time=55s)  7854 (time=108s)  11781 (time=159s)  15708 (time=213s)  19635 (time=268s)  23562 (time=320s)  27489 (time=370s)  31416 (time=421s)  35343 (time=473s)  39270 (time=524s)
  Iter 20	loss=30370.4688	uas=0.9392	las=0.9624	[524s]

 |U|^2: 3772.719455 min: -0.905034	max: 0.642389
 |V|^2: 3139.691102 min: -1.109088	max: 1.043493
 |W|^2: 377.814606 min: -2.556252	max: 2.482566
 |WL|^2: 369.608360 min: -1.357976	max: 2.265801

_____________________________________________

 Evaluation: data/english08.test.lab.svd_0.3_R50

  Tokens: 50129
  Sentences: 2399
  UAS=0.919587	LAS=0.891161	CAS=0.256774	[27.66s]

_____________________________________________


Training took 11538872 ms.
=============================================

 Evaluating: data/english08.test.lab.svd_0.3_R50
  Tokens: 50129
  Sentences: 2399
  UAS=0.919587	LAS=0.891161	CAS=0.256774	[29.04s]
