------
FLAGS
------
train-file: data/english09.train.lab.randInit_0.3_R70
test-file: data/english09.test.lab.randInit_0.3_R70
model-name: runs/english09.model.lab.randInit_0.3_R70
output-file: null
train: true
test: true
iters: 20
label: true
max-sent: -1
C: 0.01
label-loss-type: 0
gamma: 0.3 0.3
R: 70
word-vector:null
projective: false
pruning: true
hill-climbing converge (train): 300
hill-climbing converge (test): 100
thread: 4
file format: CONLL-09
feature hash bits: 30

use consecutive siblings: false
use grandparent: false
use head bigram: false
use grand siblings: false
use tri-siblings: false
use great-grandparent: false
use parent-sibling-child: false
use high-order: false
model: Basic
------

Warning: couldn't find coarse POS map for this language
Creating dictionaries ... 
Filtered DEPLABEL (71-->36)
4 8
Lexical items: 59147 (16 bits)
Tag/label items: 98 (7 bits)  36 (6 bits)
Flag Bits: 10
Creation took [5091 ms]
Creating Alphabet ... [23281 ms]
Hash collision: 1.1989% (168992 / 14095473)
Num of CONLL fine POS tags: 47
Num of CONLL coarse POS tags: 47
Num of labels: 36
Num of Syntactic Features: 234155 1073741823
Creating instances ... 1000 2000 3000 4000 5000 6000 7000 8000 9000 10000 11000 12000 13000 14000 15000 16000 17000 18000 19000 20000 21000 22000 23000 24000 25000 26000 27000 28000 29000 30000 31000 32000 33000 34000 35000 36000 37000 38000 39000 39279 [4070 ms]
=============================================
 Training:
=============================================
Running MIRA ... 
  3927 (time=76s)  7854 (time=141s)  11781 (time=204s)  15708 (time=268s)  19635 (time=324s)  23562 (time=380s)  27489 (time=436s)  31416 (time=491s)  35343 (time=551s)  39270 (time=609s)
  Iter 1	loss=402217.0368	uas=0.6904	las=0.8446	[609s]

 |U|^2: 438.072298 min: -0.688673	max: 0.923183
 |V|^2: 452.322638 min: -0.734871	max: 0.751579
 |W|^2: 81.339470 min: -1.051063	max: 0.700591
 |WL|^2: 86.459311 min: -0.822858	max: 0.510735

_____________________________________________

 Evaluation: data/english09.test.lab.randInit_0.3_R70

  Tokens: 50129
  Sentences: 2399
  UAS=0.900816	LAS=0.864011	CAS=0.205085	[41.37s]

_____________________________________________

  3927 (time=61s)  7854 (time=122s)  11781 (time=187s)  15708 (time=247s)  19635 (time=303s)  23562 (time=358s)  27489 (time=414s)  31416 (time=475s)  35343 (time=534s)  39270 (time=593s)
  Iter 2	loss=275397.7838	uas=0.7715	las=0.8940	[593s]

 |U|^2: 793.463177 min: -0.689121	max: 0.863433
 |V|^2: 806.974748 min: -0.782029	max: 0.683375
 |W|^2: 96.744489 min: -1.032457	max: 0.841845
 |WL|^2: 97.704166 min: -0.977397	max: 0.585552

_____________________________________________

 Evaluation: data/english09.test.lab.randInit_0.3_R70

  Tokens: 50129
  Sentences: 2399
  UAS=0.910810	LAS=0.877197	CAS=0.231763	[33.46s]

_____________________________________________

  3927 (time=59s)  7854 (time=118s)  11781 (time=177s)  15708 (time=235s)  19635 (time=290s)  23562 (time=358s)  27489 (time=428s)  31416 (time=496s)  35343 (time=563s)  39270 (time=634s)
  Iter 3	loss=222002.6791	uas=0.7974	las=0.9058	[634s]

 |U|^2: 1178.840751 min: -0.691691	max: 0.854749
 |V|^2: 1160.604464 min: -0.835566	max: 0.696987
 |W|^2: 122.735165 min: -1.123077	max: 0.970882
 |WL|^2: 109.876437 min: -1.083248	max: 0.696242

_____________________________________________

 Evaluation: data/english09.test.lab.randInit_0.3_R70

  Tokens: 50129
  Sentences: 2399
  UAS=0.915179	LAS=0.883002	CAS=0.240934	[29.17s]

_____________________________________________

  3927 (time=62s)  7854 (time=126s)  11781 (time=187s)  15708 (time=257s)  19635 (time=327s)  23562 (time=399s)  27489 (time=469s)  31416 (time=531s)  35343 (time=587s)  39270 (time=642s)
  Iter 4	loss=182361.4699	uas=0.8172	las=0.9129	[642s]

 |U|^2: 1547.752019 min: -0.675906	max: 0.839299
 |V|^2: 1481.125512 min: -0.830733	max: 0.665988
 |W|^2: 157.706701 min: -1.285896	max: 1.147182
 |WL|^2: 123.110158 min: -1.119250	max: 0.726249

_____________________________________________

 Evaluation: data/english09.test.lab.randInit_0.3_R70

  Tokens: 50129
  Sentences: 2399
  UAS=0.917832	LAS=0.886493	CAS=0.251772	[30.04s]

_____________________________________________

  3927 (time=54s)  7854 (time=109s)  11781 (time=164s)  15708 (time=218s)  19635 (time=269s)  23562 (time=324s)  27489 (time=381s)  31416 (time=434s)  35343 (time=490s)  39270 (time=543s)
  Iter 5	loss=150070.2737	uas=0.8366	las=0.9185	[544s]

 |U|^2: 1857.783780 min: -0.669103	max: 0.819156
 |V|^2: 1741.984308 min: -0.837791	max: 0.658530
 |W|^2: 198.677954 min: -1.456297	max: 1.257085
 |WL|^2: 138.221936 min: -1.179124	max: 0.781227

_____________________________________________

 Evaluation: data/english09.test.lab.randInit_0.3_R70

  Tokens: 50129
  Sentences: 2399
  UAS=0.919089	LAS=0.888528	CAS=0.257190	[28.06s]

_____________________________________________

  3927 (time=52s)  7854 (time=104s)  11781 (time=155s)  15708 (time=206s)  19635 (time=256s)  23562 (time=307s)  27489 (time=359s)  31416 (time=410s)  35343 (time=462s)  39270 (time=515s)
  Iter 6	loss=124280.7390	uas=0.8549	las=0.9235	[515s]

 |U|^2: 2107.146432 min: -0.663308	max: 0.802461
 |V|^2: 1948.495598 min: -0.830297	max: 0.657304
 |W|^2: 241.347113 min: -1.550370	max: 1.398346
 |WL|^2: 155.372773 min: -1.245924	max: 0.852034

_____________________________________________

 Evaluation: data/english09.test.lab.randInit_0.3_R70

  Tokens: 50129
  Sentences: 2399
  UAS=0.919927	LAS=0.889685	CAS=0.256774	[27.72s]

_____________________________________________

  3927 (time=51s)  7854 (time=104s)  11781 (time=155s)  15708 (time=206s)  19635 (time=256s)  23562 (time=307s)  27489 (time=358s)  31416 (time=407s)  35343 (time=459s)  39270 (time=510s)
  Iter 7	loss=104051.7922	uas=0.8711	las=0.9277	[511s]

 |U|^2: 2306.839283 min: -0.644538	max: 0.791226
 |V|^2: 2114.128470 min: -0.850166	max: 0.661108
 |W|^2: 281.615819 min: -1.692861	max: 1.529505
 |WL|^2: 173.252849 min: -1.322421	max: 0.904743

_____________________________________________

 Evaluation: data/english09.test.lab.randInit_0.3_R70

  Tokens: 50129
  Sentences: 2399
  UAS=0.919807	LAS=0.890223	CAS=0.257607	[27.93s]

_____________________________________________

  3927 (time=52s)  7854 (time=106s)  11781 (time=158s)  15708 (time=212s)  19635 (time=261s)  23562 (time=312s)  27489 (time=362s)  31416 (time=411s)  35343 (time=462s)  39270 (time=512s)
  Iter 8	loss=88589.8323	uas=0.8843	las=0.9316	[513s]

 |U|^2: 2472.470428 min: -0.637923	max: 0.784899
 |V|^2: 2250.951601 min: -0.853515	max: 0.665869
 |W|^2: 316.399807 min: -1.786556	max: 1.618042
 |WL|^2: 192.421449 min: -1.431553	max: 1.009554

_____________________________________________

 Evaluation: data/english09.test.lab.randInit_0.3_R70

  Tokens: 50129
  Sentences: 2399
  UAS=0.920286	LAS=0.890882	CAS=0.260525	[28.33s]

_____________________________________________

  3927 (time=50s)  7854 (time=102s)  11781 (time=153s)  15708 (time=204s)  19635 (time=255s)  23562 (time=305s)  27489 (time=357s)  31416 (time=407s)  35343 (time=459s)  39270 (time=510s)
  Iter 9	loss=76599.3579	uas=0.8948	las=0.9356	[510s]

 |U|^2: 2614.933246 min: -0.635009	max: 0.785483
 |V|^2: 2368.364594 min: -0.863806	max: 0.693772
 |W|^2: 346.796144 min: -1.906147	max: 1.694449
 |WL|^2: 212.420930 min: -1.497285	max: 1.048068

_____________________________________________

 Evaluation: data/english09.test.lab.randInit_0.3_R70

  Tokens: 50129
  Sentences: 2399
  UAS=0.920585	LAS=0.891380	CAS=0.259692	[28.29s]

_____________________________________________

  3927 (time=51s)  7854 (time=103s)  11781 (time=154s)  15708 (time=204s)  19635 (time=254s)  23562 (time=305s)  27489 (time=355s)  31416 (time=406s)  35343 (time=457s)  39270 (time=507s)
  Iter 10	loss=67176.3514	uas=0.9031	las=0.9392	[507s]

 |U|^2: 2738.876225 min: -0.637503	max: 0.781576
 |V|^2: 2469.751899 min: -0.865851	max: 0.705599
 |W|^2: 373.143596 min: -1.977218	max: 1.733313
 |WL|^2: 231.864999 min: -1.600119	max: 1.109534

_____________________________________________

 Evaluation: data/english09.test.lab.randInit_0.3_R70

  Tokens: 50129
  Sentences: 2399
  UAS=0.920565	LAS=0.891440	CAS=0.261776	[27.73s]

_____________________________________________

  3927 (time=51s)  7854 (time=103s)  11781 (time=154s)  15708 (time=205s)  19635 (time=254s)  23562 (time=305s)  27489 (time=355s)  31416 (time=406s)  35343 (time=457s)  39270 (time=507s)
  Iter 11	loss=59511.2383	uas=0.9097	las=0.9426	[507s]

 |U|^2: 2848.504594 min: -0.635434	max: 0.780580
 |V|^2: 2558.720501 min: -0.869660	max: 0.722609
 |W|^2: 396.095037 min: -2.053311	max: 1.779596
 |WL|^2: 250.780938 min: -1.669530	max: 1.118504

_____________________________________________

 Evaluation: data/english09.test.lab.randInit_0.3_R70

  Tokens: 50129
  Sentences: 2399
  UAS=0.920824	LAS=0.891719	CAS=0.263026	[27.94s]

_____________________________________________

  3927 (time=51s)  7854 (time=103s)  11781 (time=154s)  15708 (time=205s)  19635 (time=254s)  23562 (time=304s)  27489 (time=355s)  31416 (time=406s)  35343 (time=456s)  39270 (time=506s)
  Iter 12	loss=53386.4144	uas=0.9150	las=0.9457	[507s]

 |U|^2: 2946.550382 min: -0.631658	max: 0.777236
 |V|^2: 2638.118650 min: -0.881979	max: 0.738868
 |W|^2: 416.493843 min: -2.106353	max: 1.837215
 |WL|^2: 269.009332 min: -1.728487	max: 1.145886

_____________________________________________

 Evaluation: data/english09.test.lab.randInit_0.3_R70

  Tokens: 50129
  Sentences: 2399
  UAS=0.920705	LAS=0.891699	CAS=0.263443	[27.75s]

_____________________________________________

  3927 (time=50s)  7854 (time=102s)  11781 (time=152s)  15708 (time=203s)  19635 (time=251s)  23562 (time=301s)  27489 (time=350s)  31416 (time=399s)  35343 (time=450s)  39270 (time=500s)
  Iter 13	loss=48274.9873	uas=0.9194	las=0.9484	[500s]

 |U|^2: 3034.124834 min: -0.634629	max: 0.773737
 |V|^2: 2708.576275 min: -0.887289	max: 0.745877
 |W|^2: 434.282373 min: -2.163620	max: 1.919681
 |WL|^2: 286.451255 min: -1.785733	max: 1.162306

_____________________________________________

 Evaluation: data/english09.test.lab.randInit_0.3_R70

  Tokens: 50129
  Sentences: 2399
  UAS=0.921203	LAS=0.892438	CAS=0.263026	[28.17s]

_____________________________________________

  3927 (time=50s)  7854 (time=102s)  11781 (time=152s)  15708 (time=203s)  19635 (time=252s)  23562 (time=303s)  27489 (time=354s)  31416 (time=404s)  35343 (time=455s)  39270 (time=507s)
  Iter 14	loss=44091.5193	uas=0.9230	las=0.9513	[507s]

 |U|^2: 3113.296897 min: -0.632691	max: 0.771403
 |V|^2: 2772.226507 min: -0.883321	max: 0.758068
 |W|^2: 450.005125 min: -2.205318	max: 1.994893
 |WL|^2: 303.081725 min: -1.827811	max: 1.173092

_____________________________________________

 Evaluation: data/english09.test.lab.randInit_0.3_R70

  Tokens: 50129
  Sentences: 2399
  UAS=0.921203	LAS=0.892597	CAS=0.263860	[28.30s]

_____________________________________________

  3927 (time=51s)  7854 (time=104s)  11781 (time=155s)  15708 (time=206s)  19635 (time=257s)  23562 (time=307s)  27489 (time=357s)  31416 (time=408s)  35343 (time=460s)  39270 (time=510s)
  Iter 15	loss=40496.0590	uas=0.9264	las=0.9535	[510s]

 |U|^2: 3185.113849 min: -0.632502	max: 0.769425
 |V|^2: 2829.948541 min: -0.875645	max: 0.771044
 |W|^2: 464.142506 min: -2.247876	max: 2.060516
 |WL|^2: 319.039645 min: -1.874962	max: 1.181022

_____________________________________________

 Evaluation: data/english09.test.lab.randInit_0.3_R70

  Tokens: 50129
  Sentences: 2399
  UAS=0.921124	LAS=0.892637	CAS=0.262193	[27.68s]

_____________________________________________

  3927 (time=50s)  7854 (time=103s)  11781 (time=154s)  15708 (time=205s)  19635 (time=255s)  23562 (time=304s)  27489 (time=353s)  31416 (time=402s)  35343 (time=452s)  39270 (time=502s)
  Iter 16	loss=37620.0325	uas=0.9288	las=0.9552	[502s]

 |U|^2: 3250.190570 min: -0.632774	max: 0.768080
 |V|^2: 2882.118364 min: -0.874274	max: 0.780992
 |W|^2: 476.908829 min: -2.288844	max: 2.120514
 |WL|^2: 333.519439 min: -1.909283	max: 1.177497

_____________________________________________

 Evaluation: data/english09.test.lab.randInit_0.3_R70

  Tokens: 50129
  Sentences: 2399
  UAS=0.921084	LAS=0.892617	CAS=0.261359	[28.06s]

_____________________________________________

  3927 (time=50s)  7854 (time=102s)  11781 (time=152s)  15708 (time=202s)  19635 (time=251s)  23562 (time=300s)  27489 (time=349s)  31416 (time=398s)  35343 (time=449s)  39270 (time=499s)
  Iter 17	loss=35008.9761	uas=0.9314	las=0.9572	[499s]

 |U|^2: 3310.432414 min: -0.631320	max: 0.772213
 |V|^2: 2930.551611 min: -0.872805	max: 0.791153
 |W|^2: 488.431749 min: -2.325213	max: 2.172057
 |WL|^2: 347.785665 min: -1.937124	max: 1.207646

_____________________________________________

 Evaluation: data/english09.test.lab.randInit_0.3_R70

  Tokens: 50129
  Sentences: 2399
  UAS=0.920784	LAS=0.892238	CAS=0.259275	[27.59s]

_____________________________________________

  3927 (time=49s)  7854 (time=101s)  11781 (time=152s)  15708 (time=203s)  19635 (time=253s)  23562 (time=306s)  27489 (time=357s)  31416 (time=406s)  35343 (time=457s)  39270 (time=507s)
  Iter 18	loss=32796.3587	uas=0.9333	las=0.9589	[507s]

 |U|^2: 3365.463936 min: -0.629059	max: 0.772926
 |V|^2: 2974.863884 min: -0.872293	max: 0.794761
 |W|^2: 499.154448 min: -2.356079	max: 2.219182
 |WL|^2: 360.512257 min: -1.963155	max: 1.239618

_____________________________________________

 Evaluation: data/english09.test.lab.randInit_0.3_R70

  Tokens: 50129
  Sentences: 2399
  UAS=0.920864	LAS=0.892497	CAS=0.259692	[28.61s]

_____________________________________________

  3927 (time=51s)  7854 (time=103s)  11781 (time=153s)  15708 (time=204s)  19635 (time=253s)  23562 (time=304s)  27489 (time=355s)  31416 (time=405s)  35343 (time=457s)  39270 (time=509s)
  Iter 19	loss=30885.4304	uas=0.9352	las=0.9602	[509s]

 |U|^2: 3416.664123 min: -0.631211	max: 0.773803
 |V|^2: 3015.968871 min: -0.872352	max: 0.803091
 |W|^2: 508.838574 min: -2.389350	max: 2.260963
 |WL|^2: 372.547419 min: -1.983502	max: 1.251254

_____________________________________________

 Evaluation: data/english09.test.lab.randInit_0.3_R70

  Tokens: 50129
  Sentences: 2399
  UAS=0.920904	LAS=0.892457	CAS=0.260525	[29.47s]

_____________________________________________

  3927 (time=50s)  7854 (time=103s)  11781 (time=153s)  15708 (time=204s)  19635 (time=253s)  23562 (time=303s)  27489 (time=352s)  31416 (time=401s)  35343 (time=451s)  39270 (time=501s)
  Iter 20	loss=29362.2222	uas=0.9367	las=0.9614	[501s]

 |U|^2: 3464.493860 min: -0.629398	max: 0.771153
 |V|^2: 3054.571563 min: -0.866711	max: 0.814878
 |W|^2: 517.906594 min: -2.418545	max: 2.303131
 |WL|^2: 383.852996 min: -1.992721	max: 1.288384

_____________________________________________

 Evaluation: data/english09.test.lab.randInit_0.3_R70

  Tokens: 50129
  Sentences: 2399
  UAS=0.920705	LAS=0.892238	CAS=0.260942	[28.61s]

_____________________________________________


Training took 11264190 ms.
=============================================

 Evaluating: data/english09.test.lab.randInit_0.3_R70
  Tokens: 50129
  Sentences: 2399
  UAS=0.920705	LAS=0.892238	CAS=0.260942	[30.56s]
