------
FLAGS
------
train-file: data/german.train.lab.randInit_0.3_R50_2
test-file: data/german.test.lab.randInit_0.3_R50_2
model-name: runs/german.model.lab.randInit_0.3_R50_2
output-file: null
train: true
test: true
iters: 20
label: true
max-sent: -1
C: 0.01
label-loss-type: 0
gamma: 0.3 0.3
R: 50
word-vector:null
projective: false
pruning: true
hill-climbing converge (train): 300
hill-climbing converge (test): 100
thread: 4
file format: CONLL-X
feature hash bits: 30

use consecutive siblings: false
use grandparent: false
use head bigram: false
use grand siblings: false
use tri-siblings: false
use great-grandparent: false
use parent-sibling-child: false
use high-order: false
model: Basic
------

Creating dictionaries ... 
Filtered DEPLABEL (48-->37)
4 8
Lexical items: 71115 (17 bits)
Tag/label items: 114 (7 bits)  37 (6 bits)
Flag Bits: 10
Creation took [3195 ms]
Creating Alphabet ... [13155 ms]
Hash collision: 0.7414% (64645 / 8719862)
Num of CONLL fine POS tags: 55
Num of CONLL coarse POS tags: 55
Num of labels: 37
Num of Syntactic Features: 230825 1073741823
Creating instances ... 1000 2000 3000 4000 5000 6000 7000 8000 9000 10000 11000 12000 13000 14000 15000 16000 17000 18000 19000 20000 21000 22000 23000 24000 25000 26000 27000 28000 29000 30000 31000 32000 33000 34000 35000 36000 37000 38000 39000 39216 [1876 ms]
=============================================
 Training:
=============================================
Running MIRA ... 
  3921 (time=52s)  7842 (time=101s)  11763 (time=142s)  15684 (time=185s)  19605 (time=228s)  23526 (time=267s)  27447 (time=302s)  31368 (time=335s)  35289 (time=369s)  39210 (time=403s)
  Iter 1	loss=329235.8547	uas=0.6414	las=0.8307	[403s]

 |U|^2: 220.713746 min: -0.925200	max: 0.683232
 |V|^2: 242.196106 min: -0.949127	max: 0.959123
 |W|^2: 65.161825 min: -0.963714	max: 0.988198
 |WL|^2: 57.348406 min: -0.530328	max: 0.424392

_____________________________________________

 Evaluation: data/german.test.lab.randInit_0.3_R50_2

  Tokens: 5008
  Sentences: 357
  UAS=0.887580	LAS=0.844848	CAS=0.268908	[2.29s]

_____________________________________________

  3921 (time=45s)  7842 (time=90s)  11763 (time=137s)  15684 (time=175s)  19605 (time=211s)  23526 (time=260s)  27447 (time=299s)  31368 (time=340s)  35289 (time=373s)  39210 (time=414s)
  Iter 2	loss=236558.4816	uas=0.7311	las=0.8779	[414s]

 |U|^2: 418.860665 min: -0.982303	max: 0.777982
 |V|^2: 480.788623 min: -0.854714	max: 1.087378
 |W|^2: 75.503823 min: -1.017083	max: 1.028246
 |WL|^2: 65.257481 min: -0.663604	max: 0.568545

_____________________________________________

 Evaluation: data/german.test.lab.randInit_0.3_R50_2

  Tokens: 5008
  Sentences: 357
  UAS=0.897364	LAS=0.857827	CAS=0.305322	[3.48s]

_____________________________________________

  3921 (time=44s)  7842 (time=86s)  11763 (time=121s)  15684 (time=155s)  19605 (time=190s)  23526 (time=225s)  27447 (time=259s)  31368 (time=294s)  35289 (time=329s)  39210 (time=361s)
  Iter 3	loss=195750.8927	uas=0.7605	las=0.8911	[361s]

 |U|^2: 663.363109 min: -0.944067	max: 0.837286
 |V|^2: 761.233444 min: -0.702815	max: 1.141442
 |W|^2: 92.171909 min: -1.085417	max: 1.173738
 |WL|^2: 73.439894 min: -0.802666	max: 0.716540

_____________________________________________

 Evaluation: data/german.test.lab.randInit_0.3_R50_2

  Tokens: 5008
  Sentences: 357
  UAS=0.901158	LAS=0.864018	CAS=0.324930	[2.49s]

_____________________________________________

  3921 (time=37s)  7842 (time=80s)  11763 (time=127s)  15684 (time=171s)  19605 (time=213s)  23526 (time=251s)  27447 (time=285s)  31368 (time=323s)  35289 (time=354s)  39210 (time=385s)
  Iter 4	loss=164763.2119	uas=0.7819	las=0.8997	[385s]

 |U|^2: 942.050227 min: -0.935795	max: 0.876780
 |V|^2: 1064.670307 min: -0.726597	max: 1.075741
 |W|^2: 115.082262 min: -1.173883	max: 1.276147
 |WL|^2: 82.822974 min: -0.896017	max: 0.821225

_____________________________________________

 Evaluation: data/german.test.lab.randInit_0.3_R50_2

  Tokens: 5008
  Sentences: 357
  UAS=0.903554	LAS=0.868011	CAS=0.344538	[2.41s]

_____________________________________________

  3921 (time=32s)  7842 (time=63s)  11763 (time=94s)  15684 (time=123s)  19605 (time=153s)  23526 (time=185s)  27447 (time=215s)  31368 (time=245s)  35289 (time=278s)  39210 (time=308s)
  Iter 5	loss=138958.9119	uas=0.8003	las=0.9064	[308s]

 |U|^2: 1226.585488 min: -0.916625	max: 0.918494
 |V|^2: 1361.122893 min: -0.784546	max: 1.034408
 |W|^2: 144.538113 min: -1.319756	max: 1.448607
 |WL|^2: 93.611921 min: -0.986523	max: 0.912901

_____________________________________________

 Evaluation: data/german.test.lab.randInit_0.3_R50_2

  Tokens: 5008
  Sentences: 357
  UAS=0.907149	LAS=0.872804	CAS=0.361345	[2.16s]

_____________________________________________

  3921 (time=31s)  7842 (time=61s)  11763 (time=93s)  15684 (time=123s)  19605 (time=154s)  23526 (time=185s)  27447 (time=215s)  31368 (time=246s)  35289 (time=278s)  39210 (time=307s)
  Iter 6	loss=116255.0867	uas=0.8181	las=0.9121	[308s]

 |U|^2: 1482.413651 min: -0.887536	max: 0.946716
 |V|^2: 1620.165142 min: -0.786536	max: 1.035187
 |W|^2: 181.778653 min: -1.497642	max: 1.595419
 |WL|^2: 106.023255 min: -1.062067	max: 0.979026

_____________________________________________

 Evaluation: data/german.test.lab.randInit_0.3_R50_2

  Tokens: 5008
  Sentences: 357
  UAS=0.906949	LAS=0.874201	CAS=0.358543	[2.14s]

_____________________________________________

  3921 (time=31s)  7842 (time=60s)  11763 (time=91s)  15684 (time=121s)  19605 (time=152s)  23526 (time=184s)  27447 (time=213s)  31368 (time=244s)  35289 (time=274s)  39210 (time=304s)
  Iter 7	loss=96532.2554	uas=0.8376	las=0.9169	[304s]

 |U|^2: 1690.107400 min: -0.879133	max: 0.962526
 |V|^2: 1829.171756 min: -0.759206	max: 1.018206
 |W|^2: 223.527718 min: -1.620970	max: 1.732106
 |WL|^2: 119.523838 min: -1.175597	max: 1.073598

_____________________________________________

 Evaluation: data/german.test.lab.randInit_0.3_R50_2

  Tokens: 5008
  Sentences: 357
  UAS=0.908147	LAS=0.876398	CAS=0.358543	[2.30s]

_____________________________________________

  3921 (time=32s)  7842 (time=61s)  11763 (time=94s)  15684 (time=123s)  19605 (time=154s)  23526 (time=186s)  27447 (time=215s)  31368 (time=243s)  35289 (time=272s)  39210 (time=301s)
  Iter 8	loss=80397.7291	uas=0.8553	las=0.9214	[301s]

 |U|^2: 1853.898648 min: -0.866144	max: 0.966967
 |V|^2: 1994.719100 min: -0.735722	max: 1.004816
 |W|^2: 265.140803 min: -1.793297	max: 1.874407
 |WL|^2: 133.987982 min: -1.268075	max: 1.133052

_____________________________________________

 Evaluation: data/german.test.lab.randInit_0.3_R50_2

  Tokens: 5008
  Sentences: 357
  UAS=0.909545	LAS=0.878195	CAS=0.369748	[2.10s]

_____________________________________________

  3921 (time=32s)  7842 (time=60s)  11763 (time=89s)  15684 (time=118s)  19605 (time=148s)  23526 (time=179s)  27447 (time=208s)  31368 (time=238s)  35289 (time=268s)  39210 (time=297s)
  Iter 9	loss=67501.5981	uas=0.8711	las=0.9256	[297s]

 |U|^2: 1983.822500 min: -0.881365	max: 0.949605
 |V|^2: 2127.449177 min: -0.711378	max: 0.992449
 |W|^2: 302.723002 min: -2.011362	max: 2.045628
 |WL|^2: 148.669698 min: -1.361052	max: 1.177469

_____________________________________________

 Evaluation: data/german.test.lab.randInit_0.3_R50_2

  Tokens: 5008
  Sentences: 357
  UAS=0.910144	LAS=0.878395	CAS=0.366947	[2.23s]

_____________________________________________

  3921 (time=31s)  7842 (time=60s)  11763 (time=90s)  15684 (time=119s)  19605 (time=149s)  23526 (time=181s)  27447 (time=212s)  31368 (time=242s)  35289 (time=272s)  39210 (time=301s)
  Iter 10	loss=57265.2678	uas=0.8839	las=0.9293	[301s]

 |U|^2: 2090.016950 min: -0.864767	max: 0.941279
 |V|^2: 2237.431350 min: -0.709892	max: 0.978553
 |W|^2: 335.970721 min: -2.205667	max: 2.227868
 |WL|^2: 163.833478 min: -1.446661	max: 1.210190

_____________________________________________

 Evaluation: data/german.test.lab.randInit_0.3_R50_2

  Tokens: 5008
  Sentences: 357
  UAS=0.910543	LAS=0.879393	CAS=0.380952	[2.18s]

_____________________________________________

  3921 (time=30s)  7842 (time=60s)  11763 (time=90s)  15684 (time=119s)  19605 (time=149s)  23526 (time=180s)  27447 (time=209s)  31368 (time=239s)  35289 (time=271s)  39210 (time=302s)
  Iter 11	loss=49115.6322	uas=0.8939	las=0.9333	[302s]

 |U|^2: 2178.408473 min: -0.852336	max: 0.940090
 |V|^2: 2329.953900 min: -0.698060	max: 0.967445
 |W|^2: 365.202290 min: -2.388988	max: 2.405414
 |WL|^2: 178.645975 min: -1.523043	max: 1.290457

_____________________________________________

 Evaluation: data/german.test.lab.randInit_0.3_R50_2

  Tokens: 5008
  Sentences: 357
  UAS=0.910743	LAS=0.879593	CAS=0.372549	[2.33s]

_____________________________________________

  3921 (time=32s)  7842 (time=63s)  11763 (time=95s)  15684 (time=126s)  19605 (time=158s)  23526 (time=190s)  27447 (time=223s)  31368 (time=254s)  35289 (time=283s)  39210 (time=313s)
  Iter 12	loss=42604.6158	uas=0.9030	las=0.9368	[313s]

 |U|^2: 2253.137045 min: -0.861050	max: 0.937771
 |V|^2: 2409.103557 min: -0.692697	max: 0.962145
 |W|^2: 390.445284 min: -2.537084	max: 2.533950
 |WL|^2: 192.666732 min: -1.573523	max: 1.356002

_____________________________________________

 Evaluation: data/german.test.lab.randInit_0.3_R50_2

  Tokens: 5008
  Sentences: 357
  UAS=0.911741	LAS=0.880192	CAS=0.375350	[2.32s]

_____________________________________________

  3921 (time=33s)  7842 (time=65s)  11763 (time=96s)  15684 (time=126s)  19605 (time=157s)  23526 (time=188s)  27447 (time=219s)  31368 (time=250s)  35289 (time=281s)  39210 (time=311s)
  Iter 13	loss=37179.3579	uas=0.9102	las=0.9398	[311s]

 |U|^2: 2317.813025 min: -0.858655	max: 0.933084
 |V|^2: 2477.623421 min: -0.689164	max: 0.954918
 |W|^2: 412.389255 min: -2.666023	max: 2.649480
 |WL|^2: 206.428530 min: -1.621220	max: 1.423802

_____________________________________________

 Evaluation: data/german.test.lab.randInit_0.3_R50_2

  Tokens: 5008
  Sentences: 357
  UAS=0.911741	LAS=0.879992	CAS=0.375350	[2.38s]

_____________________________________________

  3921 (time=42s)  7842 (time=83s)  11763 (time=126s)  15684 (time=158s)  19605 (time=189s)  23526 (time=221s)  27447 (time=252s)  31368 (time=284s)  35289 (time=315s)  39210 (time=345s)
  Iter 14	loss=32714.6722	uas=0.9164	las=0.9432	[345s]

 |U|^2: 2373.785869 min: -0.843278	max: 0.929161
 |V|^2: 2536.869441 min: -0.684799	max: 0.947618
 |W|^2: 431.123620 min: -2.767716	max: 2.749162
 |WL|^2: 219.371502 min: -1.648630	max: 1.453147

_____________________________________________

 Evaluation: data/german.test.lab.randInit_0.3_R50_2

  Tokens: 5008
  Sentences: 357
  UAS=0.911342	LAS=0.879992	CAS=0.375350	[2.38s]

_____________________________________________

  3921 (time=32s)  7842 (time=65s)  11763 (time=96s)  15684 (time=125s)  19605 (time=155s)  23526 (time=186s)  27447 (time=217s)  31368 (time=249s)  35289 (time=279s)  39210 (time=310s)
  Iter 15	loss=29030.6112	uas=0.9217	las=0.9463	[310s]

 |U|^2: 2423.711830 min: -0.852009	max: 0.920063
 |V|^2: 2589.502283 min: -0.679657	max: 0.942177
 |W|^2: 447.705041 min: -2.859115	max: 2.833126
 |WL|^2: 231.900626 min: -1.690696	max: 1.506491

_____________________________________________

 Evaluation: data/german.test.lab.randInit_0.3_R50_2

  Tokens: 5008
  Sentences: 357
  UAS=0.910942	LAS=0.879992	CAS=0.380952	[2.43s]

_____________________________________________

  3921 (time=33s)  7842 (time=63s)  11763 (time=93s)  15684 (time=122s)  19605 (time=155s)  23526 (time=189s)  27447 (time=220s)  31368 (time=251s)  35289 (time=281s)  39210 (time=310s)
  Iter 16	loss=25863.0245	uas=0.9260	las=0.9489	[310s]

 |U|^2: 2467.548990 min: -0.852612	max: 0.923210
 |V|^2: 2635.493927 min: -0.679983	max: 0.940348
 |W|^2: 462.357154 min: -2.937807	max: 2.908211
 |WL|^2: 243.223063 min: -1.707962	max: 1.537312

_____________________________________________

 Evaluation: data/german.test.lab.randInit_0.3_R50_2

  Tokens: 5008
  Sentences: 357
  UAS=0.911342	LAS=0.880391	CAS=0.383754	[2.29s]

_____________________________________________

  3921 (time=39s)  7842 (time=80s)  11763 (time=118s)  15684 (time=153s)  19605 (time=190s)  23526 (time=228s)  27447 (time=263s)  31368 (time=300s)  35289 (time=336s)  39210 (time=372s)
  Iter 17	loss=23173.0512	uas=0.9300	las=0.9520	[372s]

 |U|^2: 2507.033033 min: -0.845816	max: 0.919354
 |V|^2: 2676.669599 min: -0.674569	max: 0.935029
 |W|^2: 475.361686 min: -3.002704	max: 2.977064
 |WL|^2: 254.027555 min: -1.737673	max: 1.569792

_____________________________________________

 Evaluation: data/german.test.lab.randInit_0.3_R50_2

  Tokens: 5008
  Sentences: 357
  UAS=0.910543	LAS=0.879193	CAS=0.378151	[2.78s]

_____________________________________________

  3921 (time=37s)  7842 (time=73s)  11763 (time=109s)  15684 (time=143s)  19605 (time=180s)  23526 (time=219s)  27447 (time=254s)  31368 (time=292s)  35289 (time=329s)  39210 (time=364s)
  Iter 18	loss=20818.2761	uas=0.9338	las=0.9546	[364s]

 |U|^2: 2541.919563 min: -0.855497	max: 0.918959
 |V|^2: 2712.775608 min: -0.669431	max: 0.930788
 |W|^2: 486.817820 min: -3.063707	max: 3.034079
 |WL|^2: 263.796619 min: -1.749897	max: 1.592499

_____________________________________________

 Evaluation: data/german.test.lab.randInit_0.3_R50_2

  Tokens: 5008
  Sentences: 357
  UAS=0.909944	LAS=0.878794	CAS=0.380952	[2.55s]

_____________________________________________

  3921 (time=45s)  7842 (time=80s)  11763 (time=113s)  15684 (time=145s)  19605 (time=183s)  23526 (time=216s)  27447 (time=247s)  31368 (time=281s)  35289 (time=313s)  39210 (time=352s)
  Iter 19	loss=18805.4602	uas=0.9367	las=0.9568	[352s]

 |U|^2: 2573.149167 min: -0.856016	max: 0.919116
 |V|^2: 2744.989344 min: -0.667405	max: 0.930159
 |W|^2: 497.120498 min: -3.113758	max: 3.089115
 |WL|^2: 272.656635 min: -1.765954	max: 1.612717

_____________________________________________

 Evaluation: data/german.test.lab.randInit_0.3_R50_2

  Tokens: 5008
  Sentences: 357
  UAS=0.909145	LAS=0.878195	CAS=0.380952	[2.19s]

_____________________________________________

  3921 (time=33s)  7842 (time=65s)  11763 (time=95s)  15684 (time=124s)  19605 (time=155s)  23526 (time=187s)  27447 (time=215s)  31368 (time=245s)  35289 (time=274s)  39210 (time=303s)
  Iter 20	loss=17094.0363	uas=0.9393	las=0.9590	[303s]

 |U|^2: 2601.246293 min: -0.842299	max: 0.917098
 |V|^2: 2773.894107 min: -0.662180	max: 0.928112
 |W|^2: 506.309837 min: -3.154069	max: 3.136191
 |WL|^2: 280.918052 min: -1.786974	max: 1.639627

_____________________________________________

 Evaluation: data/german.test.lab.randInit_0.3_R50_2

  Tokens: 5008
  Sentences: 357
  UAS=0.909145	LAS=0.878195	CAS=0.383754	[2.29s]

_____________________________________________


Training took 6771410 ms.
=============================================

 Evaluating: data/german.test.lab.randInit_0.3_R50_2
  Tokens: 5008
  Sentences: 357
  UAS=0.909145	LAS=0.878195	CAS=0.383754	[2.36s]
