------
FLAGS
------
train-file: data/german.train.lab.svd_0.3_R50
test-file: data/german.test.lab.svd_0.3_R50
model-name: runs/german.model.lab.svd_0.3_R50
output-file: null
train: true
test: true
iters: 20
label: true
max-sent: -1
C: 0.01
label-loss-type: 0
gamma: 0.3 0.3
R: 50
word-vector:null
projective: false
pruning: true
hill-climbing converge (train): 300
hill-climbing converge (test): 100
thread: 4
file format: CONLL-X
feature hash bits: 30

use consecutive siblings: false
use grandparent: false
use head bigram: false
use grand siblings: false
use tri-siblings: false
use great-grandparent: false
use parent-sibling-child: false
use high-order: false
model: Basic
------

Creating dictionaries ... 
Filtered DEPLABEL (48-->37)
4 8
Lexical items: 71115 (17 bits)
Tag/label items: 114 (7 bits)  37 (6 bits)
Flag Bits: 10
Creation took [3257 ms]
Creating Alphabet ... [11852 ms]
Hash collision: 0.7414% (64645 / 8719862)
Num of CONLL fine POS tags: 55
Num of CONLL coarse POS tags: 55
Num of labels: 37
Num of Syntactic Features: 230825 1073741823
Creating instances ... 1000 2000 3000 4000 5000 6000 7000 8000 9000 10000 11000 12000 13000 14000 15000 16000 17000 18000 19000 20000 21000 22000 23000 24000 25000 26000 27000 28000 29000 30000 31000 32000 33000 34000 35000 36000 37000 38000 39000 39216 [2172 ms]
=============================================
 Pre-training:
=============================================
Running MIRA ... 
  3921 (time=41s)  7842 (time=74s)  11763 (time=106s)  15684 (time=134s)  19605 (time=164s)  23526 (time=201s)  27447 (time=235s)  31368 (time=266s)  35289 (time=300s)  39210 (time=335s)
  Iter 1	loss=334311.5605	uas=0.6745	las=0.8495	[335s]

 |U|^2: 0.000000 min: Infinity	max: -Infinity
 |V|^2: 0.000000 min: Infinity	max: -Infinity
 |W|^2: 0.000000 min: Infinity	max: -Infinity
 |WL|^2: 0.000000 min: Infinity	max: -Infinity

Init tensor ... 
  Unfolding matrix: 3225895 / (230825*3462375)  0.00% entries.
  Rank: 50 (max:50)  Sigma: max=5.034365 cut=0.887494

 |U|^2: 50.000000 min: -0.701102	max: 0.961505
 |V|^2: 50.000000 min: -0.991589	max: 0.991292
 |W|^2: 79.795326 min: -4.705968	max: 0.993841

Pre-training took 365634 ms.
=============================================

=============================================
 Training:
=============================================
Running MIRA ... 
  3921 (time=41s)  7842 (time=85s)  11763 (time=124s)  15684 (time=161s)  19605 (time=193s)  23526 (time=228s)  27447 (time=262s)  31368 (time=295s)  35289 (time=330s)  39210 (time=368s)
  Iter 1	loss=317198.6135	uas=0.6704	las=0.8396	[368s]

 |U|^2: 467.819069 min: -1.233032	max: 1.070768
 |V|^2: 536.557531 min: -0.975518	max: 1.150841
 |W|^2: 43.415331 min: -1.158091	max: 0.789819
 |WL|^2: 39.137910 min: -0.713613	max: 0.631139

_____________________________________________

 Evaluation: data/german.test.lab.svd_0.3_R50

  Tokens: 5008
  Sentences: 357
  UAS=0.896965	LAS=0.855032	CAS=0.299720	[2.70s]

_____________________________________________

  3921 (time=42s)  7842 (time=80s)  11763 (time=116s)  15684 (time=148s)  19605 (time=182s)  23526 (time=221s)  27447 (time=252s)  31368 (time=283s)  35289 (time=313s)  39210 (time=343s)
  Iter 2	loss=225197.7934	uas=0.7453	las=0.8836	[343s]

 |U|^2: 820.394671 min: -1.248732	max: 1.000186
 |V|^2: 924.803752 min: -1.054604	max: 1.173640
 |W|^2: 58.999527 min: -1.306374	max: 0.896844
 |WL|^2: 58.352511 min: -0.854333	max: 0.722691

_____________________________________________

 Evaluation: data/german.test.lab.svd_0.3_R50

  Tokens: 5008
  Sentences: 357
  UAS=0.901757	LAS=0.864217	CAS=0.336134	[2.03s]

_____________________________________________

  3921 (time=30s)  7842 (time=62s)  11763 (time=94s)  15684 (time=124s)  19605 (time=156s)  23526 (time=189s)  27447 (time=219s)  31368 (time=250s)  35289 (time=281s)  39210 (time=313s)
  Iter 3	loss=181069.2421	uas=0.7751	las=0.8962	[313s]

 |U|^2: 1188.305736 min: -1.186800	max: 0.907586
 |V|^2: 1301.234938 min: -1.092842	max: 1.099260
 |W|^2: 80.729306 min: -1.464632	max: 1.006615
 |WL|^2: 76.260765 min: -0.969050	max: 0.812816

_____________________________________________

 Evaluation: data/german.test.lab.svd_0.3_R50

  Tokens: 5008
  Sentences: 357
  UAS=0.905351	LAS=0.870008	CAS=0.344538	[2.53s]

_____________________________________________

  3921 (time=31s)  7842 (time=62s)  11763 (time=93s)  15684 (time=128s)  19605 (time=160s)  23526 (time=193s)  27447 (time=225s)  31368 (time=258s)  35289 (time=290s)  39210 (time=322s)
  Iter 4	loss=146881.6691	uas=0.7995	las=0.9049	[322s]

 |U|^2: 1522.592926 min: -1.143423	max: 0.869060
 |V|^2: 1627.445628 min: -1.109098	max: 0.970897
 |W|^2: 110.469388 min: -1.657362	max: 1.153110
 |WL|^2: 94.953998 min: -1.045582	max: 0.858670

_____________________________________________

 Evaluation: data/german.test.lab.svd_0.3_R50

  Tokens: 5008
  Sentences: 357
  UAS=0.907149	LAS=0.872604	CAS=0.347339	[2.16s]

_____________________________________________

  3921 (time=32s)  7842 (time=63s)  11763 (time=93s)  15684 (time=124s)  19605 (time=155s)  23526 (time=187s)  27447 (time=217s)  31368 (time=246s)  35289 (time=276s)  39210 (time=306s)
  Iter 5	loss=118729.7474	uas=0.8235	las=0.9118	[306s]

 |U|^2: 1791.827276 min: -1.118621	max: 0.846740
 |V|^2: 1885.721328 min: -1.118012	max: 0.969875
 |W|^2: 150.211973 min: -1.826633	max: 1.299619
 |WL|^2: 114.413587 min: -1.171546	max: 0.949514

_____________________________________________

 Evaluation: data/german.test.lab.svd_0.3_R50

  Tokens: 5008
  Sentences: 357
  UAS=0.906350	LAS=0.872404	CAS=0.344538	[2.05s]

_____________________________________________

  3921 (time=31s)  7842 (time=61s)  11763 (time=91s)  15684 (time=126s)  19605 (time=157s)  23526 (time=188s)  27447 (time=216s)  31368 (time=245s)  35289 (time=274s)  39210 (time=302s)
  Iter 6	loss=96024.3054	uas=0.8466	las=0.9180	[303s]

 |U|^2: 1998.965185 min: -1.144658	max: 0.851562
 |V|^2: 2084.320432 min: -1.124235	max: 0.948718
 |W|^2: 190.609520 min: -1.972757	max: 1.427723
 |WL|^2: 135.062520 min: -1.254297	max: 1.007835

_____________________________________________

 Evaluation: data/german.test.lab.svd_0.3_R50

  Tokens: 5008
  Sentences: 357
  UAS=0.907149	LAS=0.874401	CAS=0.344538	[2.07s]

_____________________________________________

  3921 (time=30s)  7842 (time=59s)  11763 (time=87s)  15684 (time=115s)  19605 (time=143s)  23526 (time=173s)  27447 (time=201s)  31368 (time=232s)  35289 (time=260s)  39210 (time=287s)
  Iter 7	loss=78409.9430	uas=0.8656	las=0.9234	[287s]

 |U|^2: 2159.665396 min: -1.102154	max: 0.846152
 |V|^2: 2239.991608 min: -1.112637	max: 0.926577
 |W|^2: 229.052507 min: -2.094271	max: 1.615746
 |WL|^2: 154.814072 min: -1.338025	max: 1.103631

_____________________________________________

 Evaluation: data/german.test.lab.svd_0.3_R50

  Tokens: 5008
  Sentences: 357
  UAS=0.905551	LAS=0.873203	CAS=0.344538	[1.97s]

_____________________________________________

  3921 (time=29s)  7842 (time=57s)  11763 (time=86s)  15684 (time=116s)  19605 (time=148s)  23526 (time=177s)  27447 (time=204s)  31368 (time=233s)  35289 (time=260s)  39210 (time=288s)
  Iter 8	loss=65218.8016	uas=0.8807	las=0.9283	[288s]

 |U|^2: 2288.800684 min: -1.094641	max: 0.846575
 |V|^2: 2366.138373 min: -1.119086	max: 0.938901
 |W|^2: 263.265284 min: -2.176477	max: 1.814689
 |WL|^2: 173.929993 min: -1.382653	max: 1.175729

_____________________________________________

 Evaluation: data/german.test.lab.svd_0.3_R50

  Tokens: 5008
  Sentences: 357
  UAS=0.905751	LAS=0.874601	CAS=0.347339	[2.11s]

_____________________________________________

  3921 (time=29s)  7842 (time=57s)  11763 (time=85s)  15684 (time=112s)  19605 (time=139s)  23526 (time=168s)  27447 (time=195s)  31368 (time=222s)  35289 (time=250s)  39210 (time=276s)
  Iter 9	loss=54849.4799	uas=0.8928	las=0.9331	[276s]

 |U|^2: 2394.273323 min: -1.075346	max: 0.837362
 |V|^2: 2469.800935 min: -1.121521	max: 0.921901
 |W|^2: 293.060126 min: -2.300998	max: 1.947581
 |WL|^2: 192.149999 min: -1.447535	max: 1.240406

_____________________________________________

 Evaluation: data/german.test.lab.svd_0.3_R50

  Tokens: 5008
  Sentences: 357
  UAS=0.905551	LAS=0.874601	CAS=0.352941	[1.92s]

_____________________________________________

  3921 (time=28s)  7842 (time=55s)  11763 (time=83s)  15684 (time=110s)  19605 (time=137s)  23526 (time=165s)  27447 (time=192s)  31368 (time=220s)  35289 (time=247s)  39210 (time=274s)
  Iter 10	loss=46588.0516	uas=0.9033	las=0.9372	[274s]

 |U|^2: 2482.139436 min: -1.052869	max: 0.842755
 |V|^2: 2556.026230 min: -1.123795	max: 0.917103
 |W|^2: 318.579989 min: -2.424995	max: 2.061344
 |WL|^2: 209.202905 min: -1.539666	max: 1.326523

_____________________________________________

 Evaluation: data/german.test.lab.svd_0.3_R50

  Tokens: 5008
  Sentences: 357
  UAS=0.905950	LAS=0.875399	CAS=0.352941	[2.00s]

_____________________________________________

  3921 (time=29s)  7842 (time=56s)  11763 (time=84s)  15684 (time=110s)  19605 (time=138s)  23526 (time=167s)  27447 (time=195s)  31368 (time=223s)  35289 (time=250s)  39210 (time=277s)
  Iter 11	loss=39862.5482	uas=0.9113	las=0.9413	[277s]

 |U|^2: 2555.532176 min: -1.052507	max: 0.837839
 |V|^2: 2627.846922 min: -1.126581	max: 0.911712
 |W|^2: 340.833791 min: -2.537805	max: 2.170902
 |WL|^2: 224.563757 min: -1.601204	max: 1.374437

_____________________________________________

 Evaluation: data/german.test.lab.svd_0.3_R50

  Tokens: 5008
  Sentences: 357
  UAS=0.905751	LAS=0.876198	CAS=0.352941	[2.04s]

_____________________________________________

  3921 (time=29s)  7842 (time=56s)  11763 (time=83s)  15684 (time=109s)  19605 (time=136s)  23526 (time=165s)  27447 (time=191s)  31368 (time=219s)  35289 (time=245s)  39210 (time=272s)
  Iter 12	loss=34559.3679	uas=0.9185	las=0.9453	[272s]

 |U|^2: 2618.056839 min: -1.044667	max: 0.832318
 |V|^2: 2688.750957 min: -1.128129	max: 0.908029
 |W|^2: 360.163387 min: -2.632048	max: 2.245085
 |WL|^2: 238.447417 min: -1.657204	max: 1.422141

_____________________________________________

 Evaluation: data/german.test.lab.svd_0.3_R50

  Tokens: 5008
  Sentences: 357
  UAS=0.905551	LAS=0.876398	CAS=0.352941	[1.95s]

_____________________________________________

  3921 (time=28s)  7842 (time=55s)  11763 (time=82s)  15684 (time=108s)  19605 (time=136s)  23526 (time=164s)  27447 (time=190s)  31368 (time=223s)  35289 (time=249s)  39210 (time=275s)
  Iter 13	loss=30116.2887	uas=0.9244	las=0.9487	[275s]

 |U|^2: 2672.054235 min: -1.077043	max: 0.831405
 |V|^2: 2740.936292 min: -1.128767	max: 0.922184
 |W|^2: 377.128781 min: -2.715801	max: 2.323480
 |WL|^2: 251.274031 min: -1.704683	max: 1.474642

_____________________________________________

 Evaluation: data/german.test.lab.svd_0.3_R50

  Tokens: 5008
  Sentences: 357
  UAS=0.905950	LAS=0.877196	CAS=0.355742	[1.99s]

_____________________________________________

  3921 (time=28s)  7842 (time=54s)  11763 (time=82s)  15684 (time=110s)  19605 (time=137s)  23526 (time=165s)  27447 (time=194s)  31368 (time=223s)  35289 (time=250s)  39210 (time=279s)
  Iter 14	loss=26535.4986	uas=0.9294	las=0.9519	[279s]

 |U|^2: 2718.450660 min: -1.077689	max: 0.826239
 |V|^2: 2785.543817 min: -1.127903	max: 0.955331
 |W|^2: 391.841122 min: -2.782656	max: 2.380808
 |WL|^2: 262.538786 min: -1.756085	max: 1.511079

_____________________________________________

 Evaluation: data/german.test.lab.svd_0.3_R50

  Tokens: 5008
  Sentences: 357
  UAS=0.905751	LAS=0.877196	CAS=0.355742	[2.08s]

_____________________________________________

  3921 (time=28s)  7842 (time=55s)  11763 (time=82s)  15684 (time=109s)  19605 (time=137s)  23526 (time=164s)  27447 (time=192s)  31368 (time=221s)  35289 (time=247s)  39210 (time=274s)
  Iter 15	loss=23442.6074	uas=0.9339	las=0.9549	[274s]

 |U|^2: 2759.147508 min: -1.102691	max: 0.823016
 |V|^2: 2824.358617 min: -1.127547	max: 0.971345
 |W|^2: 404.655695 min: -2.847009	max: 2.440150
 |WL|^2: 272.982765 min: -1.795147	max: 1.543405

_____________________________________________

 Evaluation: data/german.test.lab.svd_0.3_R50

  Tokens: 5008
  Sentences: 357
  UAS=0.905751	LAS=0.877196	CAS=0.361345	[2.06s]

_____________________________________________

  3921 (time=29s)  7842 (time=64s)  11763 (time=93s)  15684 (time=124s)  19605 (time=152s)  23526 (time=182s)  27447 (time=210s)  31368 (time=239s)  35289 (time=267s)  39210 (time=295s)
  Iter 16	loss=20893.5354	uas=0.9376	las=0.9575	[295s]

 |U|^2: 2794.613593 min: -1.109590	max: 0.817513
 |V|^2: 2858.044933 min: -1.128572	max: 0.985316
 |W|^2: 415.997102 min: -2.901923	max: 2.482655
 |WL|^2: 282.158834 min: -1.825750	max: 1.579040

_____________________________________________

 Evaluation: data/german.test.lab.svd_0.3_R50

  Tokens: 5008
  Sentences: 357
  UAS=0.904752	LAS=0.875998	CAS=0.361345	[2.05s]

_____________________________________________

  3921 (time=28s)  7842 (time=56s)  11763 (time=82s)  15684 (time=108s)  19605 (time=136s)  23526 (time=165s)  27447 (time=193s)  31368 (time=221s)  35289 (time=249s)  39210 (time=275s)
  Iter 17	loss=18715.5264	uas=0.9409	las=0.9598	[275s]

 |U|^2: 2825.926205 min: -1.116608	max: 0.816380
 |V|^2: 2887.609910 min: -1.127867	max: 0.988030
 |W|^2: 425.931485 min: -2.945729	max: 2.527197
 |WL|^2: 290.454141 min: -1.848464	max: 1.599255

_____________________________________________

 Evaluation: data/german.test.lab.svd_0.3_R50

  Tokens: 5008
  Sentences: 357
  UAS=0.904153	LAS=0.875000	CAS=0.358543	[2.02s]

_____________________________________________

  3921 (time=28s)  7842 (time=55s)  11763 (time=83s)  15684 (time=108s)  19605 (time=135s)  23526 (time=163s)  27447 (time=189s)  31368 (time=215s)  35289 (time=242s)  39210 (time=268s)
  Iter 18	loss=16829.0227	uas=0.9437	las=0.9621	[268s]

 |U|^2: 2853.918447 min: -1.122440	max: 0.814676
 |V|^2: 2913.890398 min: -1.127929	max: 1.013998
 |W|^2: 434.891243 min: -2.985278	max: 2.563563
 |WL|^2: 298.075801 min: -1.888475	max: 1.622300

_____________________________________________

 Evaluation: data/german.test.lab.svd_0.3_R50

  Tokens: 5008
  Sentences: 357
  UAS=0.903754	LAS=0.874800	CAS=0.358543	[1.98s]

_____________________________________________

  3921 (time=27s)  7842 (time=54s)  11763 (time=80s)  15684 (time=106s)  19605 (time=134s)  23526 (time=162s)  27447 (time=188s)  31368 (time=216s)  35289 (time=242s)  39210 (time=268s)
  Iter 19	loss=15219.6625	uas=0.9467	las=0.9643	[268s]

 |U|^2: 2878.837869 min: -1.128053	max: 0.813786
 |V|^2: 2937.117916 min: -1.127466	max: 1.015536
 |W|^2: 442.508611 min: -3.015760	max: 2.594725
 |WL|^2: 305.218051 min: -1.920537	max: 1.638022

_____________________________________________

 Evaluation: data/german.test.lab.svd_0.3_R50

  Tokens: 5008
  Sentences: 357
  UAS=0.903355	LAS=0.874401	CAS=0.358543	[1.96s]

_____________________________________________

  3921 (time=27s)  7842 (time=53s)  11763 (time=80s)  15684 (time=105s)  19605 (time=132s)  23526 (time=160s)  27447 (time=186s)  31368 (time=213s)  35289 (time=239s)  39210 (time=265s)
  Iter 20	loss=13888.3328	uas=0.9493	las=0.9655	[265s]

 |U|^2: 2901.210584 min: -1.137179	max: 0.811077
 |V|^2: 2957.936889 min: -1.127993	max: 1.018587
 |W|^2: 449.410272 min: -3.044135	max: 2.624064
 |WL|^2: 311.571532 min: -1.937907	max: 1.663617

_____________________________________________

 Evaluation: data/german.test.lab.svd_0.3_R50

  Tokens: 5008
  Sentences: 357
  UAS=0.903155	LAS=0.874401	CAS=0.355742	[1.98s]

_____________________________________________


Training took 5925410 ms.
=============================================

 Evaluating: data/german.test.lab.svd_0.3_R50
  Tokens: 5008
  Sentences: 357
  UAS=0.903155	LAS=0.874401	CAS=0.355742	[2.08s]
