------
FLAGS
------
train-file: data/german.train.lab.randInit_0.3_R50_3
test-file: data/german.test.lab.randInit_0.3_R50_3
model-name: runs/german.model.lab.randInit_0.3_R50_3
output-file: null
train: true
test: true
iters: 20
label: true
max-sent: -1
C: 0.01
label-loss-type: 0
gamma: 0.3 0.3
R: 50
word-vector:null
projective: false
pruning: true
hill-climbing converge (train): 300
hill-climbing converge (test): 100
thread: 4
file format: CONLL-X
feature hash bits: 30

use consecutive siblings: false
use grandparent: false
use head bigram: false
use grand siblings: false
use tri-siblings: false
use great-grandparent: false
use parent-sibling-child: false
use high-order: false
model: Basic
------

Creating dictionaries ... 
Filtered DEPLABEL (48-->37)
4 8
Lexical items: 71115 (17 bits)
Tag/label items: 114 (7 bits)  37 (6 bits)
Flag Bits: 10
Creation took [4018 ms]
Creating Alphabet ... [13219 ms]
Hash collision: 0.7414% (64645 / 8719862)
Num of CONLL fine POS tags: 55
Num of CONLL coarse POS tags: 55
Num of labels: 37
Num of Syntactic Features: 230825 1073741823
Creating instances ... 1000 2000 3000 4000 5000 6000 7000 8000 9000 10000 11000 12000 13000 14000 15000 16000 17000 18000 19000 20000 21000 22000 23000 24000 25000 26000 27000 28000 29000 30000 31000 32000 33000 34000 35000 36000 37000 38000 39000 39216 [2030 ms]
=============================================
 Training:
=============================================
Running MIRA ... 
  3921 (time=48s)  7842 (time=93s)  11763 (time=137s)  15684 (time=178s)  19605 (time=218s)  23526 (time=258s)  27447 (time=293s)  31368 (time=328s)  35289 (time=362s)  39210 (time=394s)
  Iter 1	loss=328940.9438	uas=0.6420	las=0.8311	[394s]

 |U|^2: 215.892668 min: -0.830040	max: 0.922648
 |V|^2: 250.652200 min: -1.051048	max: 0.687192
 |W|^2: 66.938238 min: -0.811309	max: 0.877034
 |WL|^2: 57.599474 min: -0.379308	max: 0.391846

_____________________________________________

 Evaluation: data/german.test.lab.randInit_0.3_R50_3

  Tokens: 5008
  Sentences: 357
  UAS=0.887181	LAS=0.844050	CAS=0.268908	[2.31s]

_____________________________________________

  3921 (time=34s)  7842 (time=67s)  11763 (time=100s)  15684 (time=132s)  19605 (time=171s)  23526 (time=205s)  27447 (time=240s)  31368 (time=272s)  35289 (time=303s)  39210 (time=333s)
  Iter 2	loss=236661.5948	uas=0.7315	las=0.8781	[333s]

 |U|^2: 405.738651 min: -0.854733	max: 0.958996
 |V|^2: 494.591273 min: -1.115043	max: 0.898008
 |W|^2: 80.544431 min: -0.938471	max: 1.074878
 |WL|^2: 65.731093 min: -0.558804	max: 0.570797

_____________________________________________

 Evaluation: data/german.test.lab.randInit_0.3_R50_3

  Tokens: 5008
  Sentences: 357
  UAS=0.897165	LAS=0.857029	CAS=0.308123	[2.30s]

_____________________________________________

  3921 (time=32s)  7842 (time=67s)  11763 (time=99s)  15684 (time=129s)  19605 (time=160s)  23526 (time=192s)  27447 (time=223s)  31368 (time=255s)  35289 (time=286s)  39210 (time=319s)
  Iter 3	loss=195945.0283	uas=0.7608	las=0.8908	[319s]

 |U|^2: 640.787117 min: -0.874673	max: 0.953379
 |V|^2: 778.152875 min: -1.192972	max: 0.856145
 |W|^2: 99.352626 min: -0.990319	max: 1.253499
 |WL|^2: 74.673390 min: -0.657756	max: 0.679094

_____________________________________________

 Evaluation: data/german.test.lab.randInit_0.3_R50_3

  Tokens: 5008
  Sentences: 357
  UAS=0.900759	LAS=0.864217	CAS=0.330532	[2.26s]

_____________________________________________

  3921 (time=32s)  7842 (time=64s)  11763 (time=99s)  15684 (time=130s)  19605 (time=161s)  23526 (time=193s)  27447 (time=224s)  31368 (time=257s)  35289 (time=288s)  39210 (time=319s)
  Iter 4	loss=165142.7241	uas=0.7821	las=0.8996	[319s]

 |U|^2: 912.655766 min: -0.849579	max: 0.926197
 |V|^2: 1085.268210 min: -1.214632	max: 0.866408
 |W|^2: 123.598296 min: -1.137115	max: 1.411904
 |WL|^2: 84.844075 min: -0.781401	max: 0.844869

_____________________________________________

 Evaluation: data/german.test.lab.randInit_0.3_R50_3

  Tokens: 5008
  Sentences: 357
  UAS=0.904952	LAS=0.869609	CAS=0.338936	[2.22s]

_____________________________________________

  3921 (time=32s)  7842 (time=63s)  11763 (time=96s)  15684 (time=127s)  19605 (time=158s)  23526 (time=190s)  27447 (time=222s)  31368 (time=257s)  35289 (time=288s)  39210 (time=320s)
  Iter 5	loss=139498.6356	uas=0.8002	las=0.9061	[320s]

 |U|^2: 1194.030791 min: -0.799680	max: 0.890912
 |V|^2: 1387.787482 min: -1.213994	max: 0.845337
 |W|^2: 155.063357 min: -1.275384	max: 1.561367
 |WL|^2: 95.955517 min: -0.874092	max: 0.902572

_____________________________________________

 Evaluation: data/german.test.lab.randInit_0.3_R50_3

  Tokens: 5008
  Sentences: 357
  UAS=0.907548	LAS=0.873602	CAS=0.341737	[2.32s]

_____________________________________________

  3921 (time=34s)  7842 (time=67s)  11763 (time=99s)  15684 (time=129s)  19605 (time=160s)  23526 (time=192s)  27447 (time=223s)  31368 (time=254s)  35289 (time=286s)  39210 (time=316s)
  Iter 6	loss=116865.5873	uas=0.8182	las=0.9119	[316s]

 |U|^2: 1449.226219 min: -0.789183	max: 0.861704
 |V|^2: 1655.277119 min: -1.212849	max: 0.806492
 |W|^2: 193.651362 min: -1.464331	max: 1.734791
 |WL|^2: 108.796547 min: -0.987518	max: 1.019311

_____________________________________________

 Evaluation: data/german.test.lab.randInit_0.3_R50_3

  Tokens: 5008
  Sentences: 357
  UAS=0.907548	LAS=0.874800	CAS=0.333333	[2.35s]

_____________________________________________

  3921 (time=32s)  7842 (time=63s)  11763 (time=95s)  15684 (time=125s)  19605 (time=157s)  23526 (time=189s)  27447 (time=220s)  31368 (time=252s)  35289 (time=282s)  39210 (time=312s)
  Iter 7	loss=97319.5055	uas=0.8365	las=0.9166	[312s]

 |U|^2: 1659.528430 min: -0.813493	max: 0.865112
 |V|^2: 1874.902726 min: -1.207970	max: 0.794837
 |W|^2: 236.731724 min: -1.616839	max: 1.876558
 |WL|^2: 123.079558 min: -1.120822	max: 1.121014

_____________________________________________

 Evaluation: data/german.test.lab.randInit_0.3_R50_3

  Tokens: 5008
  Sentences: 357
  UAS=0.909145	LAS=0.876797	CAS=0.338936	[2.13s]

_____________________________________________

  3921 (time=31s)  7842 (time=61s)  11763 (time=92s)  15684 (time=122s)  19605 (time=154s)  23526 (time=185s)  27447 (time=215s)  31368 (time=247s)  35289 (time=281s)  39210 (time=321s)
  Iter 8	loss=81201.9669	uas=0.8545	las=0.9210	[321s]

 |U|^2: 1826.536772 min: -0.820830	max: 0.841791
 |V|^2: 2049.768034 min: -1.215665	max: 0.772876
 |W|^2: 278.969654 min: -1.801248	max: 1.997078
 |WL|^2: 138.368496 min: -1.207528	max: 1.206254

_____________________________________________

 Evaluation: data/german.test.lab.randInit_0.3_R50_3

  Tokens: 5008
  Sentences: 357
  UAS=0.909744	LAS=0.877796	CAS=0.338936	[3.33s]

_____________________________________________

  3921 (time=42s)  7842 (time=82s)  11763 (time=123s)  15684 (time=160s)  19605 (time=193s)  23526 (time=224s)  27447 (time=253s)  31368 (time=284s)  35289 (time=313s)  39210 (time=342s)
  Iter 9	loss=68236.5358	uas=0.8698	las=0.9253	[342s]

 |U|^2: 1959.737307 min: -0.811393	max: 0.854267
 |V|^2: 2191.401868 min: -1.209775	max: 0.760346
 |W|^2: 317.642697 min: -2.044627	max: 2.086448
 |WL|^2: 154.174594 min: -1.306251	max: 1.289486

_____________________________________________

 Evaluation: data/german.test.lab.randInit_0.3_R50_3

  Tokens: 5008
  Sentences: 357
  UAS=0.909145	LAS=0.877196	CAS=0.338936	[2.42s]

_____________________________________________

  3921 (time=29s)  7842 (time=58s)  11763 (time=87s)  15684 (time=121s)  19605 (time=156s)  23526 (time=197s)  27447 (time=235s)  31368 (time=275s)  35289 (time=310s)  39210 (time=347s)
  Iter 10	loss=57896.9794	uas=0.8824	las=0.9291	[347s]

 |U|^2: 2067.707641 min: -0.811251	max: 0.851020
 |V|^2: 2307.874266 min: -1.206192	max: 0.752320
 |W|^2: 352.251258 min: -2.245465	max: 2.248533
 |WL|^2: 169.366425 min: -1.390826	max: 1.363797

_____________________________________________

 Evaluation: data/german.test.lab.randInit_0.3_R50_3

  Tokens: 5008
  Sentences: 357
  UAS=0.910144	LAS=0.878794	CAS=0.350140	[3.32s]

_____________________________________________

  3921 (time=46s)  7842 (time=83s)  11763 (time=122s)  15684 (time=155s)  19605 (time=187s)  23526 (time=224s)  27447 (time=254s)  31368 (time=287s)  35289 (time=319s)  39210 (time=352s)
  Iter 11	loss=49702.3350	uas=0.8934	las=0.9332	[352s]

 |U|^2: 2157.311332 min: -0.805559	max: 0.846274
 |V|^2: 2405.661037 min: -1.203759	max: 0.743786
 |W|^2: 382.217087 min: -2.420184	max: 2.423578
 |WL|^2: 184.551084 min: -1.426095	max: 1.461088

_____________________________________________

 Evaluation: data/german.test.lab.randInit_0.3_R50_3

  Tokens: 5008
  Sentences: 357
  UAS=0.909545	LAS=0.877796	CAS=0.355742	[2.26s]

_____________________________________________

  3921 (time=31s)  7842 (time=60s)  11763 (time=95s)  15684 (time=129s)  19605 (time=161s)  23526 (time=193s)  27447 (time=224s)  31368 (time=256s)  35289 (time=286s)  39210 (time=317s)
  Iter 12	loss=43061.9022	uas=0.9019	las=0.9366	[317s]

 |U|^2: 2232.740852 min: -0.801556	max: 0.843758
 |V|^2: 2488.339028 min: -1.202461	max: 0.736059
 |W|^2: 408.332847 min: -2.555350	max: 2.567976
 |WL|^2: 198.770163 min: -1.488953	max: 1.542864

_____________________________________________

 Evaluation: data/german.test.lab.randInit_0.3_R50_3

  Tokens: 5008
  Sentences: 357
  UAS=0.909345	LAS=0.877995	CAS=0.355742	[2.24s]

_____________________________________________

  3921 (time=31s)  7842 (time=60s)  11763 (time=90s)  15684 (time=119s)  19605 (time=149s)  23526 (time=179s)  27447 (time=208s)  31368 (time=237s)  35289 (time=267s)  39210 (time=297s)
  Iter 13	loss=37596.7196	uas=0.9094	las=0.9402	[297s]

 |U|^2: 2297.407922 min: -0.793896	max: 0.844756
 |V|^2: 2559.942271 min: -1.200818	max: 0.729162
 |W|^2: 431.421513 min: -2.682823	max: 2.693723
 |WL|^2: 212.096697 min: -1.518872	max: 1.595628

_____________________________________________

 Evaluation: data/german.test.lab.randInit_0.3_R50_3

  Tokens: 5008
  Sentences: 357
  UAS=0.908347	LAS=0.877596	CAS=0.350140	[2.15s]

_____________________________________________

  3921 (time=30s)  7842 (time=60s)  11763 (time=88s)  15684 (time=117s)  19605 (time=148s)  23526 (time=178s)  27447 (time=207s)  31368 (time=237s)  35289 (time=266s)  39210 (time=294s)
  Iter 14	loss=33037.9894	uas=0.9157	las=0.9431	[294s]

 |U|^2: 2353.935059 min: -0.792920	max: 0.841567
 |V|^2: 2622.614263 min: -1.198045	max: 0.721244
 |W|^2: 451.420120 min: -2.782314	max: 2.823567
 |WL|^2: 225.321844 min: -1.565897	max: 1.650427

_____________________________________________

 Evaluation: data/german.test.lab.randInit_0.3_R50_3

  Tokens: 5008
  Sentences: 357
  UAS=0.908147	LAS=0.878195	CAS=0.352941	[2.23s]

_____________________________________________

  3921 (time=31s)  7842 (time=60s)  11763 (time=88s)  15684 (time=116s)  19605 (time=146s)  23526 (time=176s)  27447 (time=204s)  31368 (time=234s)  35289 (time=263s)  39210 (time=292s)
  Iter 15	loss=29308.4151	uas=0.9206	las=0.9463	[292s]

 |U|^2: 2403.361800 min: -0.793301	max: 0.845291
 |V|^2: 2677.254467 min: -1.198346	max: 0.718886
 |W|^2: 468.862851 min: -2.860496	max: 2.917097
 |WL|^2: 237.578705 min: -1.589003	max: 1.709973

_____________________________________________

 Evaluation: data/german.test.lab.randInit_0.3_R50_3

  Tokens: 5008
  Sentences: 357
  UAS=0.906749	LAS=0.876997	CAS=0.355742	[2.17s]

_____________________________________________

  3921 (time=32s)  7842 (time=66s)  11763 (time=96s)  15684 (time=125s)  19605 (time=155s)  23526 (time=189s)  27447 (time=218s)  31368 (time=248s)  35289 (time=276s)  39210 (time=303s)
  Iter 16	loss=26214.5595	uas=0.9252	las=0.9489	[304s]

 |U|^2: 2447.298824 min: -0.786994	max: 0.845616
 |V|^2: 2725.732298 min: -1.197149	max: 0.717262
 |W|^2: 484.264905 min: -2.943956	max: 3.010773
 |WL|^2: 249.090910 min: -1.608463	max: 1.755379

_____________________________________________

 Evaluation: data/german.test.lab.randInit_0.3_R50_3

  Tokens: 5008
  Sentences: 357
  UAS=0.906749	LAS=0.876797	CAS=0.355742	[2.20s]

_____________________________________________

  3921 (time=30s)  7842 (time=59s)  11763 (time=89s)  15684 (time=118s)  19605 (time=148s)  23526 (time=178s)  27447 (time=211s)  31368 (time=240s)  35289 (time=268s)  39210 (time=296s)
  Iter 17	loss=23465.7183	uas=0.9295	las=0.9516	[296s]

 |U|^2: 2486.124118 min: -0.788177	max: 0.834780
 |V|^2: 2768.442686 min: -1.195575	max: 0.712647
 |W|^2: 497.943241 min: -3.013577	max: 3.089784
 |WL|^2: 259.530573 min: -1.626207	max: 1.788963

_____________________________________________

 Evaluation: data/german.test.lab.randInit_0.3_R50_3

  Tokens: 5008
  Sentences: 357
  UAS=0.906350	LAS=0.876597	CAS=0.355742	[2.18s]

_____________________________________________

  3921 (time=30s)  7842 (time=60s)  11763 (time=89s)  15684 (time=119s)  19605 (time=150s)  23526 (time=181s)  27447 (time=210s)  31368 (time=240s)  35289 (time=268s)  39210 (time=297s)
  Iter 18	loss=21158.4306	uas=0.9328	las=0.9540	[297s]

 |U|^2: 2521.316468 min: -0.786413	max: 0.835216
 |V|^2: 2806.748037 min: -1.195702	max: 0.712195
 |W|^2: 510.121851 min: -3.072546	max: 3.168412
 |WL|^2: 269.522204 min: -1.649714	max: 1.817102

_____________________________________________

 Evaluation: data/german.test.lab.randInit_0.3_R50_3

  Tokens: 5008
  Sentences: 357
  UAS=0.905950	LAS=0.876398	CAS=0.347339	[2.31s]

_____________________________________________

  3921 (time=30s)  7842 (time=58s)  11763 (time=86s)  15684 (time=115s)  19605 (time=143s)  23526 (time=174s)  27447 (time=202s)  31368 (time=231s)  35289 (time=260s)  39210 (time=288s)
  Iter 19	loss=19115.5862	uas=0.9362	las=0.9565	[288s]

 |U|^2: 2552.901135 min: -0.785364	max: 0.840910
 |V|^2: 2841.034389 min: -1.195209	max: 0.707753
 |W|^2: 520.764384 min: -3.121190	max: 3.239132
 |WL|^2: 278.913528 min: -1.659090	max: 1.835709

_____________________________________________

 Evaluation: data/german.test.lab.randInit_0.3_R50_3

  Tokens: 5008
  Sentences: 357
  UAS=0.905351	LAS=0.875599	CAS=0.344538	[2.15s]

_____________________________________________

  3921 (time=31s)  7842 (time=62s)  11763 (time=94s)  15684 (time=125s)  19605 (time=171s)  23526 (time=207s)  27447 (time=239s)  31368 (time=271s)  35289 (time=303s)  39210 (time=343s)
  Iter 20	loss=17413.8216	uas=0.9389	las=0.9587	[343s]

 |U|^2: 2581.695803 min: -0.786638	max: 0.839605
 |V|^2: 2872.102782 min: -1.193876	max: 0.704750
 |W|^2: 530.660657 min: -3.159830	max: 3.305130
 |WL|^2: 287.489278 min: -1.671867	max: 1.865253

_____________________________________________

 Evaluation: data/german.test.lab.randInit_0.3_R50_3

  Tokens: 5008
  Sentences: 357
  UAS=0.904952	LAS=0.875000	CAS=0.347339	[3.39s]

_____________________________________________


Training took 6509302 ms.
=============================================

 Evaluating: data/german.test.lab.randInit_0.3_R50_3
  Tokens: 5008
  Sentences: 357
  UAS=0.904952	LAS=0.875000	CAS=0.347339	[2.28s]
