------
FLAGS
------
train-file: data/german.train.lab.randInit_0.3_R50
test-file: data/german.test.lab.randInit_0.3_R50
model-name: runs/german.model.lab.randInit_0.3_R50
output-file: null
train: true
test: true
iters: 20
label: true
max-sent: -1
C: 0.01
label-loss-type: 0
gamma: 0.3 0.3
R: 50
word-vector:null
projective: false
pruning: true
hill-climbing converge (train): 300
hill-climbing converge (test): 100
thread: 4
file format: CONLL-X
feature hash bits: 30

use consecutive siblings: false
use grandparent: false
use head bigram: false
use grand siblings: false
use tri-siblings: false
use great-grandparent: false
use parent-sibling-child: false
use high-order: false
model: Basic
------

Creating dictionaries ... 
Filtered DEPLABEL (48-->37)
4 8
Lexical items: 71115 (17 bits)
Tag/label items: 114 (7 bits)  37 (6 bits)
Flag Bits: 10
Creation took [4176 ms]
Creating Alphabet ... [15445 ms]
Hash collision: 0.7414% (64645 / 8719862)
Num of CONLL fine POS tags: 55
Num of CONLL coarse POS tags: 55
Num of labels: 37
Num of Syntactic Features: 230825 1073741823
Creating instances ... 1000 2000 3000 4000 5000 6000 7000 8000 9000 10000 11000 12000 13000 14000 15000 16000 17000 18000 19000 20000 21000 22000 23000 24000 25000 26000 27000 28000 29000 30000 31000 32000 33000 34000 35000 36000 37000 38000 39000 39216 [2255 ms]
=============================================
 Training:
=============================================
Running MIRA ... 
  3921 (time=62s)  7842 (time=105s)  11763 (time=148s)  15684 (time=189s)  19605 (time=231s)  23526 (time=274s)  27447 (time=319s)  31368 (time=360s)  35289 (time=400s)  39210 (time=439s)
  Iter 1	loss=329689.4292	uas=0.6398	las=0.8305	[439s]

 |U|^2: 201.867953 min: -0.683698	max: 0.808432
 |V|^2: 239.905972 min: -0.747906	max: 1.197908
 |W|^2: 64.725638 min: -0.725027	max: 0.984875
 |WL|^2: 56.267256 min: -0.362259	max: 0.414554

_____________________________________________

 Evaluation: data/german.test.lab.randInit_0.3_R50

  Tokens: 5008
  Sentences: 357
  UAS=0.886781	LAS=0.843850	CAS=0.277311	[3.25s]

_____________________________________________

  3921 (time=42s)  7842 (time=81s)  11763 (time=119s)  15684 (time=157s)  19605 (time=197s)  23526 (time=236s)  27447 (time=274s)  31368 (time=311s)  35289 (time=348s)  39210 (time=384s)
  Iter 2	loss=237134.2431	uas=0.7307	las=0.8775	[384s]

 |U|^2: 385.060315 min: -0.785318	max: 0.823162
 |V|^2: 474.680551 min: -0.763008	max: 1.189413
 |W|^2: 75.362005 min: -0.808639	max: 1.054673
 |WL|^2: 64.017465 min: -0.475773	max: 0.462627

_____________________________________________

 Evaluation: data/german.test.lab.randInit_0.3_R50

  Tokens: 5008
  Sentences: 357
  UAS=0.896166	LAS=0.855631	CAS=0.299720	[2.44s]

_____________________________________________

  3921 (time=42s)  7842 (time=85s)  11763 (time=125s)  15684 (time=159s)  19605 (time=191s)  23526 (time=224s)  27447 (time=256s)  31368 (time=290s)  35289 (time=323s)  39210 (time=355s)
  Iter 3	loss=196553.3163	uas=0.7595	las=0.8905	[355s]

 |U|^2: 613.689527 min: -0.803973	max: 0.843868
 |V|^2: 746.866722 min: -0.758245	max: 1.180908
 |W|^2: 92.676067 min: -0.866920	max: 1.149638
 |WL|^2: 72.374810 min: -0.568290	max: 0.530378

_____________________________________________

 Evaluation: data/german.test.lab.randInit_0.3_R50

  Tokens: 5008
  Sentences: 357
  UAS=0.901158	LAS=0.864217	CAS=0.322129	[2.17s]

_____________________________________________

  3921 (time=31s)  7842 (time=63s)  11763 (time=94s)  15684 (time=127s)  19605 (time=158s)  23526 (time=193s)  27447 (time=224s)  31368 (time=257s)  35289 (time=289s)  39210 (time=320s)
  Iter 4	loss=166120.0060	uas=0.7808	las=0.8992	[320s]

 |U|^2: 879.342725 min: -0.829231	max: 0.851318
 |V|^2: 1044.411107 min: -0.780360	max: 1.177540
 |W|^2: 115.901354 min: -1.002050	max: 1.323030
 |WL|^2: 81.783882 min: -0.645561	max: 0.620721

_____________________________________________

 Evaluation: data/german.test.lab.randInit_0.3_R50

  Tokens: 5008
  Sentences: 357
  UAS=0.904153	LAS=0.868810	CAS=0.336134	[2.26s]

_____________________________________________

  3921 (time=43s)  7842 (time=86s)  11763 (time=128s)  15684 (time=164s)  19605 (time=199s)  23526 (time=235s)  27447 (time=269s)  31368 (time=299s)  35289 (time=328s)  39210 (time=357s)
  Iter 5	loss=140654.5943	uas=0.7989	las=0.9060	[357s]

 |U|^2: 1156.479883 min: -0.822019	max: 0.806999
 |V|^2: 1342.403514 min: -0.761464	max: 1.119778
 |W|^2: 146.322276 min: -1.088767	max: 1.474051
 |WL|^2: 92.511382 min: -0.717226	max: 0.723981

_____________________________________________

 Evaluation: data/german.test.lab.randInit_0.3_R50

  Tokens: 5008
  Sentences: 357
  UAS=0.906949	LAS=0.872804	CAS=0.352941	[2.12s]

_____________________________________________

  3921 (time=30s)  7842 (time=61s)  11763 (time=91s)  15684 (time=120s)  19605 (time=150s)  23526 (time=182s)  27447 (time=214s)  31368 (time=246s)  35289 (time=276s)  39210 (time=306s)
  Iter 6	loss=118531.3426	uas=0.8161	las=0.9114	[306s]

 |U|^2: 1414.127224 min: -0.839152	max: 0.808523
 |V|^2: 1609.505741 min: -0.752377	max: 1.058262
 |W|^2: 182.666935 min: -1.204194	max: 1.602206
 |WL|^2: 105.101838 min: -0.826059	max: 0.862007

_____________________________________________

 Evaluation: data/german.test.lab.randInit_0.3_R50

  Tokens: 5008
  Sentences: 357
  UAS=0.907947	LAS=0.874401	CAS=0.352941	[2.18s]

_____________________________________________

  3921 (time=35s)  7842 (time=66s)  11763 (time=96s)  15684 (time=125s)  19605 (time=161s)  23526 (time=194s)  27447 (time=223s)  31368 (time=253s)  35289 (time=283s)  39210 (time=312s)
  Iter 7	loss=99016.9625	uas=0.8340	las=0.9163	[312s]

 |U|^2: 1631.320000 min: -0.821767	max: 0.773013
 |V|^2: 1830.450450 min: -0.734651	max: 1.020320
 |W|^2: 224.185976 min: -1.414459	max: 1.777833
 |WL|^2: 119.583949 min: -0.963261	max: 0.950405

_____________________________________________

 Evaluation: data/german.test.lab.randInit_0.3_R50

  Tokens: 5008
  Sentences: 357
  UAS=0.908946	LAS=0.876198	CAS=0.361345	[2.14s]

_____________________________________________

  3921 (time=31s)  7842 (time=60s)  11763 (time=91s)  15684 (time=126s)  19605 (time=171s)  23526 (time=215s)  27447 (time=246s)  31368 (time=278s)  35289 (time=312s)  39210 (time=353s)
  Iter 8	loss=82584.6261	uas=0.8521	las=0.9208	[353s]

 |U|^2: 1803.291752 min: -0.805826	max: 0.739538
 |V|^2: 2004.455137 min: -0.713604	max: 0.988610
 |W|^2: 264.920598 min: -1.599806	max: 2.059231
 |WL|^2: 134.441428 min: -1.106038	max: 1.057762

_____________________________________________

 Evaluation: data/german.test.lab.randInit_0.3_R50

  Tokens: 5008
  Sentences: 357
  UAS=0.907348	LAS=0.875000	CAS=0.355742	[3.30s]

_____________________________________________

  3921 (time=45s)  7842 (time=83s)  11763 (time=125s)  15684 (time=163s)  19605 (time=199s)  23526 (time=240s)  27447 (time=280s)  31368 (time=319s)  35289 (time=357s)  39210 (time=392s)
  Iter 9	loss=69346.1959	uas=0.8676	las=0.9244	[392s]

 |U|^2: 1940.834923 min: -0.801680	max: 0.716183
 |V|^2: 2144.568054 min: -0.694907	max: 0.901524
 |W|^2: 302.929844 min: -1.786588	max: 2.276610
 |WL|^2: 149.585281 min: -1.196318	max: 1.126840

_____________________________________________

 Evaluation: data/german.test.lab.randInit_0.3_R50

  Tokens: 5008
  Sentences: 357
  UAS=0.908147	LAS=0.875799	CAS=0.355742	[2.30s]

_____________________________________________

  3921 (time=34s)  7842 (time=66s)  11763 (time=99s)  15684 (time=134s)  19605 (time=166s)  23526 (time=199s)  27447 (time=230s)  31368 (time=262s)  35289 (time=293s)  39210 (time=322s)
  Iter 10	loss=58841.1714	uas=0.8810	las=0.9288	[322s]

 |U|^2: 2052.680943 min: -0.793462	max: 0.708008
 |V|^2: 2260.022323 min: -0.675691	max: 0.903158
 |W|^2: 336.565963 min: -1.917010	max: 2.487532
 |WL|^2: 165.054814 min: -1.301530	max: 1.201251

_____________________________________________

 Evaluation: data/german.test.lab.randInit_0.3_R50

  Tokens: 5008
  Sentences: 357
  UAS=0.908147	LAS=0.876398	CAS=0.361345	[2.21s]

_____________________________________________

  3921 (time=31s)  7842 (time=64s)  11763 (time=96s)  15684 (time=126s)  19605 (time=158s)  23526 (time=189s)  27447 (time=220s)  31368 (time=251s)  35289 (time=283s)  39210 (time=312s)
  Iter 11	loss=50261.5077	uas=0.8923	las=0.9323	[313s]

 |U|^2: 2144.689901 min: -0.790894	max: 0.712229
 |V|^2: 2356.144513 min: -0.680316	max: 0.899212
 |W|^2: 366.003662 min: -2.039273	max: 2.669866
 |WL|^2: 179.735329 min: -1.388616	max: 1.269392

_____________________________________________

 Evaluation: data/german.test.lab.randInit_0.3_R50

  Tokens: 5008
  Sentences: 357
  UAS=0.908746	LAS=0.877196	CAS=0.361345	[2.31s]

_____________________________________________

  3921 (time=32s)  7842 (time=64s)  11763 (time=94s)  15684 (time=124s)  19605 (time=156s)  23526 (time=189s)  27447 (time=221s)  31368 (time=255s)  35289 (time=285s)  39210 (time=315s)
  Iter 12	loss=43452.8473	uas=0.9011	las=0.9360	[315s]

 |U|^2: 2222.747749 min: -0.784205	max: 0.707219
 |V|^2: 2438.274141 min: -0.674929	max: 0.893103
 |W|^2: 391.987224 min: -2.121485	max: 2.816221
 |WL|^2: 193.989197 min: -1.486889	max: 1.346435

_____________________________________________

 Evaluation: data/german.test.lab.randInit_0.3_R50

  Tokens: 5008
  Sentences: 357
  UAS=0.909345	LAS=0.877796	CAS=0.358543	[2.19s]

_____________________________________________

  3921 (time=32s)  7842 (time=63s)  11763 (time=93s)  15684 (time=124s)  19605 (time=155s)  23526 (time=187s)  27447 (time=218s)  31368 (time=249s)  35289 (time=280s)  39210 (time=310s)
  Iter 13	loss=37828.7155	uas=0.9092	las=0.9397	[311s]

 |U|^2: 2288.649612 min: -0.782754	max: 0.728838
 |V|^2: 2508.040838 min: -0.664954	max: 0.895334
 |W|^2: 413.922564 min: -2.239438	max: 2.942433
 |WL|^2: 207.428392 min: -1.543301	max: 1.383007

_____________________________________________

 Evaluation: data/german.test.lab.randInit_0.3_R50

  Tokens: 5008
  Sentences: 357
  UAS=0.909744	LAS=0.878794	CAS=0.364146	[2.30s]

_____________________________________________

  3921 (time=31s)  7842 (time=62s)  11763 (time=93s)  15684 (time=123s)  19605 (time=155s)  23526 (time=189s)  27447 (time=226s)  31368 (time=265s)  35289 (time=297s)  39210 (time=328s)
  Iter 14	loss=33227.5150	uas=0.9153	las=0.9427	[328s]

 |U|^2: 2345.662210 min: -0.779741	max: 0.748475
 |V|^2: 2568.491445 min: -0.660907	max: 0.892859
 |W|^2: 433.252228 min: -2.338930	max: 3.050825
 |WL|^2: 219.763929 min: -1.598230	max: 1.424302

_____________________________________________

 Evaluation: data/german.test.lab.randInit_0.3_R50

  Tokens: 5008
  Sentences: 357
  UAS=0.909545	LAS=0.878594	CAS=0.361345	[2.69s]

_____________________________________________

  3921 (time=32s)  7842 (time=63s)  11763 (time=93s)  15684 (time=124s)  19605 (time=155s)  23526 (time=191s)  27447 (time=224s)  31368 (time=256s)  35289 (time=305s)  39210 (time=341s)
  Iter 15	loss=29346.0962	uas=0.9207	las=0.9457	[341s]

 |U|^2: 2395.372524 min: -0.777562	max: 0.761580
 |V|^2: 2621.272288 min: -0.652773	max: 0.894638
 |W|^2: 449.797111 min: -2.415107	max: 3.148302
 |WL|^2: 231.653202 min: -1.639308	max: 1.472061

_____________________________________________

 Evaluation: data/german.test.lab.randInit_0.3_R50

  Tokens: 5008
  Sentences: 357
  UAS=0.909744	LAS=0.878994	CAS=0.366947	[4.29s]

_____________________________________________

  3921 (time=42s)  7842 (time=75s)  11763 (time=107s)  15684 (time=140s)  19605 (time=172s)  23526 (time=206s)  27447 (time=238s)  31368 (time=271s)  35289 (time=304s)  39210 (time=337s)
  Iter 16	loss=26123.3066	uas=0.9255	las=0.9485	[337s]

 |U|^2: 2439.164832 min: -0.773554	max: 0.755524
 |V|^2: 2667.727726 min: -0.656182	max: 0.894257
 |W|^2: 464.630664 min: -2.489395	max: 3.224099
 |WL|^2: 242.452586 min: -1.679100	max: 1.504848

_____________________________________________

 Evaluation: data/german.test.lab.randInit_0.3_R50

  Tokens: 5008
  Sentences: 357
  UAS=0.909944	LAS=0.879593	CAS=0.364146	[2.52s]

_____________________________________________

  3921 (time=33s)  7842 (time=62s)  11763 (time=93s)  15684 (time=122s)  19605 (time=162s)  23526 (time=206s)  27447 (time=243s)  31368 (time=285s)  35289 (time=332s)  39210 (time=371s)
  Iter 17	loss=23270.1989	uas=0.9300	las=0.9513	[371s]

 |U|^2: 2477.546994 min: -0.771584	max: 0.776368
 |V|^2: 2708.533707 min: -0.660973	max: 0.894362
 |W|^2: 477.483389 min: -2.542652	max: 3.292944
 |WL|^2: 252.398944 min: -1.717229	max: 1.540067

_____________________________________________

 Evaluation: data/german.test.lab.randInit_0.3_R50

  Tokens: 5008
  Sentences: 357
  UAS=0.909944	LAS=0.879593	CAS=0.364146	[4.09s]

_____________________________________________

  3921 (time=37s)  7842 (time=69s)  11763 (time=101s)  15684 (time=137s)  19605 (time=168s)  23526 (time=199s)  27447 (time=229s)  31368 (time=261s)  35289 (time=291s)  39210 (time=322s)
  Iter 18	loss=20954.4569	uas=0.9335	las=0.9541	[322s]

 |U|^2: 2511.930685 min: -0.769504	max: 0.789697
 |V|^2: 2744.962201 min: -0.662773	max: 0.895415
 |W|^2: 488.968565 min: -2.599511	max: 3.354908
 |WL|^2: 261.699963 min: -1.745824	max: 1.565472

_____________________________________________

 Evaluation: data/german.test.lab.randInit_0.3_R50

  Tokens: 5008
  Sentences: 357
  UAS=0.910144	LAS=0.879393	CAS=0.358543	[2.77s]

_____________________________________________

  3921 (time=32s)  7842 (time=62s)  11763 (time=93s)  15684 (time=121s)  19605 (time=152s)  23526 (time=182s)  27447 (time=211s)  31368 (time=243s)  35289 (time=274s)  39210 (time=302s)
  Iter 19	loss=18893.1561	uas=0.9368	las=0.9563	[302s]

 |U|^2: 2542.589885 min: -0.770703	max: 0.788723
 |V|^2: 2777.177676 min: -0.659761	max: 0.893879
 |W|^2: 499.029516 min: -2.647510	max: 3.409464
 |WL|^2: 270.254920 min: -1.777206	max: 1.587295

_____________________________________________

 Evaluation: data/german.test.lab.randInit_0.3_R50

  Tokens: 5008
  Sentences: 357
  UAS=0.909545	LAS=0.878794	CAS=0.355742	[2.19s]

_____________________________________________

  3921 (time=31s)  7842 (time=61s)  11763 (time=91s)  15684 (time=120s)  19605 (time=151s)  23526 (time=182s)  27447 (time=211s)  31368 (time=242s)  35289 (time=280s)  39210 (time=310s)
  Iter 20	loss=17116.2245	uas=0.9401	las=0.9586	[310s]

 |U|^2: 2569.824032 min: -0.770067	max: 0.794354
 |V|^2: 2805.757413 min: -0.657175	max: 0.892518
 |W|^2: 507.964134 min: -2.684432	max: 3.455638
 |WL|^2: 277.992691 min: -1.804695	max: 1.603593

_____________________________________________

 Evaluation: data/german.test.lab.randInit_0.3_R50

  Tokens: 5008
  Sentences: 357
  UAS=0.909744	LAS=0.878794	CAS=0.355742	[2.31s]

_____________________________________________


Training took 6902909 ms.
=============================================

 Evaluating: data/german.test.lab.randInit_0.3_R50
  Tokens: 5008
  Sentences: 357
  UAS=0.909744	LAS=0.878794	CAS=0.355742	[3.41s]
