------
FLAGS
------
train-file: data/portuguese.train.lab.randInit_0.3_R50_2
test-file: data/portuguese.test.lab.randInit_0.3_R50_2
model-name: runs/portuguese.model.lab.randInit_0.3_R50_2
output-file: null
train: true
test: true
iters: 20
label: true
max-sent: -1
C: 0.01
label-loss-type: 0
gamma: 0.3 0.3
R: 50
word-vector:null
projective: false
pruning: true
hill-climbing converge (train): 300
hill-climbing converge (test): 100
thread: 4
file format: CONLL-X
feature hash bits: 30

use consecutive siblings: false
use grandparent: false
use head bigram: false
use grand siblings: false
use tri-siblings: false
use great-grandparent: false
use parent-sibling-child: false
use high-order: false
model: Basic
------

Creating dictionaries ... 
Filtered DEPLABEL (57-->39)
4 8
Lexical items: 46745 (16 bits)
Tag/label items: 190 (8 bits)  39 (6 bits)
Flag Bits: 10
Creation took [2308 ms]
Creating Alphabet ... [8606 ms]
Hash collision: 0.7841% (71712 / 9145880)
Num of CONLL fine POS tags: 23
Num of CONLL coarse POS tags: 17
Num of labels: 39
Num of Syntactic Features: 211880 1073741823
Creating instances ... 1000 2000 3000 4000 5000 6000 7000 8000 9000 9071 [927 ms]
=============================================
 Training:
=============================================
Running MIRA ... 
  1000 (time=41s)  2000 (time=74s)  3000 (time=102s)  4000 (time=129s)  5000 (time=154s)  6000 (time=170s)  7000 (time=188s)  8000 (time=208s)  9000 (time=227s)
  Iter 1	loss=93343.6008	uas=0.6613	las=0.8390	[228s]

 |U|^2: 86.863134 min: -0.503605	max: 0.562339
 |V|^2: 85.723232 min: -0.473213	max: 0.326643
 |W|^2: 52.575316 min: -0.610106	max: 0.699723
 |WL|^2: 51.166018 min: -0.358995	max: 0.214543

_____________________________________________

 Evaluation: data/portuguese.test.lab.randInit_0.3_R50_2

  Tokens: 5009
  Sentences: 288
  UAS=0.897984	LAS=0.854262	CAS=0.239583	[6.77s]

_____________________________________________

  1000 (time=29s)  2000 (time=64s)  3000 (time=96s)  4000 (time=125s)  5000 (time=153s)  6000 (time=174s)  7000 (time=189s)  8000 (time=206s)  9000 (time=221s)
  Iter 2	loss=62574.5114	uas=0.7468	las=0.8940	[222s]

 |U|^2: 139.894000 min: -0.615664	max: 0.551409
 |V|^2: 129.724292 min: -0.490576	max: 0.417981
 |W|^2: 56.636355 min: -0.637948	max: 0.761812
 |WL|^2: 51.915400 min: -0.378122	max: 0.276224

_____________________________________________

 Evaluation: data/portuguese.test.lab.randInit_0.3_R50_2

  Tokens: 5009
  Sentences: 288
  UAS=0.904172	LAS=0.864045	CAS=0.253472	[4.65s]

_____________________________________________

  1000 (time=21s)  2000 (time=46s)  3000 (time=77s)  4000 (time=101s)  5000 (time=126s)  6000 (time=145s)  7000 (time=165s)  8000 (time=185s)  9000 (time=203s)
  Iter 3	loss=47677.5564	uas=0.7805	las=0.9078	[204s]

 |U|^2: 208.931284 min: -0.626990	max: 0.547022
 |V|^2: 179.360043 min: -0.493641	max: 0.488469
 |W|^2: 64.439030 min: -0.745567	max: 0.898275
 |WL|^2: 53.091560 min: -0.376479	max: 0.286715

_____________________________________________

 Evaluation: data/portuguese.test.lab.randInit_0.3_R50_2

  Tokens: 5009
  Sentences: 288
  UAS=0.908565	LAS=0.869435	CAS=0.277778	[7.39s]

_____________________________________________

  1000 (time=24s)  2000 (time=50s)  3000 (time=83s)  4000 (time=108s)  5000 (time=131s)  6000 (time=146s)  7000 (time=166s)  8000 (time=186s)  9000 (time=206s)
  Iter 4	loss=36946.2262	uas=0.8070	las=0.9169	[207s]

 |U|^2: 282.583909 min: -0.616863	max: 0.525861
 |V|^2: 226.343690 min: -0.460551	max: 0.507513
 |W|^2: 75.155128 min: -0.943335	max: 1.050156
 |WL|^2: 54.469459 min: -0.438845	max: 0.295316

_____________________________________________

 Evaluation: data/portuguese.test.lab.randInit_0.3_R50_2

  Tokens: 5009
  Sentences: 288
  UAS=0.911360	LAS=0.872829	CAS=0.281250	[7.14s]

_____________________________________________

  1000 (time=26s)  2000 (time=52s)  3000 (time=81s)  4000 (time=110s)  5000 (time=140s)  6000 (time=160s)  7000 (time=178s)  8000 (time=197s)  9000 (time=213s)
  Iter 5	loss=28760.8113	uas=0.8322	las=0.9252	[214s]

 |U|^2: 347.239165 min: -0.592667	max: 0.505839
 |V|^2: 264.505051 min: -0.456967	max: 0.479092
 |W|^2: 87.753713 min: -1.105781	max: 1.149805
 |WL|^2: 56.192053 min: -0.512794	max: 0.317680

_____________________________________________

 Evaluation: data/portuguese.test.lab.randInit_0.3_R50_2

  Tokens: 5009
  Sentences: 288
  UAS=0.911759	LAS=0.874426	CAS=0.284722	[5.91s]

_____________________________________________

  1000 (time=23s)  2000 (time=56s)  3000 (time=80s)  4000 (time=103s)  5000 (time=127s)  6000 (time=146s)  7000 (time=165s)  8000 (time=185s)  9000 (time=204s)
  Iter 6	loss=22413.5135	uas=0.8564	las=0.9310	[205s]

 |U|^2: 396.040164 min: -0.582518	max: 0.486062
 |V|^2: 292.830190 min: -0.477587	max: 0.473828
 |W|^2: 100.174329 min: -1.255329	max: 1.220624
 |WL|^2: 57.865123 min: -0.581808	max: 0.333159

_____________________________________________

 Evaluation: data/portuguese.test.lab.randInit_0.3_R50_2

  Tokens: 5009
  Sentences: 288
  UAS=0.912358	LAS=0.875424	CAS=0.281250	[6.75s]

_____________________________________________

  1000 (time=26s)  2000 (time=56s)  3000 (time=83s)  4000 (time=111s)  5000 (time=138s)  6000 (time=155s)  7000 (time=173s)  8000 (time=191s)  9000 (time=208s)
  Iter 7	loss=17867.4169	uas=0.8746	las=0.9368	[209s]

 |U|^2: 432.534241 min: -0.552599	max: 0.479396
 |V|^2: 314.871845 min: -0.491006	max: 0.461133
 |W|^2: 111.652919 min: -1.415838	max: 1.331654
 |WL|^2: 59.758745 min: -0.633287	max: 0.344968

_____________________________________________

 Evaluation: data/portuguese.test.lab.randInit_0.3_R50_2

  Tokens: 5009
  Sentences: 288
  UAS=0.913755	LAS=0.876822	CAS=0.284722	[5.94s]

_____________________________________________

  1000 (time=30s)  2000 (time=66s)  3000 (time=96s)  4000 (time=126s)  5000 (time=156s)  6000 (time=174s)  7000 (time=194s)  8000 (time=212s)  9000 (time=231s)
  Iter 8	loss=14448.3851	uas=0.8908	las=0.9410	[232s]

 |U|^2: 460.248550 min: -0.541791	max: 0.468866
 |V|^2: 332.344789 min: -0.502200	max: 0.457801
 |W|^2: 121.769600 min: -1.547899	max: 1.456079
 |WL|^2: 61.730913 min: -0.671289	max: 0.375655

_____________________________________________

 Evaluation: data/portuguese.test.lab.randInit_0.3_R50_2

  Tokens: 5009
  Sentences: 288
  UAS=0.914354	LAS=0.877421	CAS=0.295139	[6.26s]

_____________________________________________

  1000 (time=27s)  2000 (time=59s)  3000 (time=89s)  4000 (time=113s)  5000 (time=143s)  6000 (time=165s)  7000 (time=185s)  8000 (time=202s)  9000 (time=219s)
  Iter 9	loss=11966.6203	uas=0.9036	las=0.9451	[220s]

 |U|^2: 482.183205 min: -0.526887	max: 0.478948
 |V|^2: 346.675386 min: -0.502740	max: 0.453287
 |W|^2: 130.317201 min: -1.648045	max: 1.556186
 |WL|^2: 63.770961 min: -0.702578	max: 0.396272

_____________________________________________

 Evaluation: data/portuguese.test.lab.randInit_0.3_R50_2

  Tokens: 5009
  Sentences: 288
  UAS=0.914354	LAS=0.877820	CAS=0.302083	[5.36s]

_____________________________________________

  1000 (time=24s)  2000 (time=53s)  3000 (time=80s)  4000 (time=111s)  5000 (time=137s)  6000 (time=154s)  7000 (time=170s)  8000 (time=188s)  9000 (time=208s)
  Iter 10	loss=10087.8506	uas=0.9132	las=0.9488	[209s]

 |U|^2: 500.168617 min: -0.535217	max: 0.490674
 |V|^2: 358.890440 min: -0.501435	max: 0.456953
 |W|^2: 137.432300 min: -1.730400	max: 1.638985
 |WL|^2: 66.010325 min: -0.728270	max: 0.427229

_____________________________________________

 Evaluation: data/portuguese.test.lab.randInit_0.3_R50_2

  Tokens: 5009
  Sentences: 288
  UAS=0.913755	LAS=0.878219	CAS=0.298611	[6.88s]

_____________________________________________

  1000 (time=26s)  2000 (time=59s)  3000 (time=90s)  4000 (time=119s)  5000 (time=148s)  6000 (time=167s)  7000 (time=186s)  8000 (time=204s)  9000 (time=220s)
  Iter 11	loss=8549.4725	uas=0.9209	las=0.9521	[221s]

 |U|^2: 515.254427 min: -0.534723	max: 0.506385
 |V|^2: 369.542154 min: -0.508581	max: 0.471803
 |W|^2: 143.485775 min: -1.813500	max: 1.706415
 |WL|^2: 68.374875 min: -0.758735	max: 0.473691

_____________________________________________

 Evaluation: data/portuguese.test.lab.randInit_0.3_R50_2

  Tokens: 5009
  Sentences: 288
  UAS=0.914554	LAS=0.879018	CAS=0.291667	[6.33s]

_____________________________________________

  1000 (time=25s)  2000 (time=53s)  3000 (time=80s)  4000 (time=111s)  5000 (time=137s)  6000 (time=155s)  7000 (time=174s)  8000 (time=193s)  9000 (time=210s)
  Iter 12	loss=7378.4176	uas=0.9277	las=0.9546	[211s]

 |U|^2: 528.007937 min: -0.539826	max: 0.519551
 |V|^2: 378.690290 min: -0.508920	max: 0.480254
 |W|^2: 148.545155 min: -1.873524	max: 1.763981
 |WL|^2: 70.591749 min: -0.774127	max: 0.519642

_____________________________________________

 Evaluation: data/portuguese.test.lab.randInit_0.3_R50_2

  Tokens: 5009
  Sentences: 288
  UAS=0.913955	LAS=0.879417	CAS=0.291667	[5.64s]

_____________________________________________

  1000 (time=25s)  2000 (time=54s)  3000 (time=85s)  4000 (time=113s)  5000 (time=139s)  6000 (time=155s)  7000 (time=171s)  8000 (time=187s)  9000 (time=204s)
  Iter 13	loss=6395.0753	uas=0.9330	las=0.9574	[205s]

 |U|^2: 539.154028 min: -0.540573	max: 0.527226
 |V|^2: 386.909407 min: -0.513790	max: 0.478284
 |W|^2: 152.947556 min: -1.925697	max: 1.814787
 |WL|^2: 72.790625 min: -0.788941	max: 0.564539

_____________________________________________

 Evaluation: data/portuguese.test.lab.randInit_0.3_R50_2

  Tokens: 5009
  Sentences: 288
  UAS=0.913156	LAS=0.879217	CAS=0.295139	[5.71s]

_____________________________________________

  1000 (time=23s)  2000 (time=50s)  3000 (time=76s)  4000 (time=104s)  5000 (time=129s)  6000 (time=145s)  7000 (time=162s)  8000 (time=180s)  9000 (time=201s)
  Iter 14	loss=5605.7285	uas=0.9366	las=0.9596	[202s]

 |U|^2: 548.922601 min: -0.535403	max: 0.521464
 |V|^2: 394.291601 min: -0.517190	max: 0.474390
 |W|^2: 156.729403 min: -1.971126	max: 1.852884
 |WL|^2: 74.966405 min: -0.804743	max: 0.605846

_____________________________________________

 Evaluation: data/portuguese.test.lab.randInit_0.3_R50_2

  Tokens: 5009
  Sentences: 288
  UAS=0.913955	LAS=0.879617	CAS=0.288194	[7.20s]

_____________________________________________

  1000 (time=26s)  2000 (time=53s)  3000 (time=78s)  4000 (time=103s)  5000 (time=127s)  6000 (time=142s)  7000 (time=161s)  8000 (time=179s)  9000 (time=195s)
  Iter 15	loss=4956.5972	uas=0.9405	las=0.9619	[196s]

 |U|^2: 557.580417 min: -0.535388	max: 0.535988
 |V|^2: 400.969272 min: -0.520474	max: 0.478466
 |W|^2: 160.006687 min: -2.012978	max: 1.885949
 |WL|^2: 77.095900 min: -0.804908	max: 0.639619

_____________________________________________

 Evaluation: data/portuguese.test.lab.randInit_0.3_R50_2

  Tokens: 5009
  Sentences: 288
  UAS=0.913556	LAS=0.879417	CAS=0.281250	[7.89s]

_____________________________________________

  1000 (time=22s)  2000 (time=48s)  3000 (time=72s)  4000 (time=93s)  5000 (time=118s)  6000 (time=137s)  7000 (time=156s)  8000 (time=175s)  9000 (time=194s)
  Iter 16	loss=4387.0466	uas=0.9437	las=0.9636	[195s]

 |U|^2: 565.387517 min: -0.545748	max: 0.544667
 |V|^2: 407.107127 min: -0.523010	max: 0.477067
 |W|^2: 162.814893 min: -2.053685	max: 1.917163
 |WL|^2: 79.264134 min: -0.822561	max: 0.675279

_____________________________________________

 Evaluation: data/portuguese.test.lab.randInit_0.3_R50_2

  Tokens: 5009
  Sentences: 288
  UAS=0.914155	LAS=0.880216	CAS=0.284722	[6.31s]

_____________________________________________

  1000 (time=27s)  2000 (time=59s)  3000 (time=86s)  4000 (time=114s)  5000 (time=139s)  6000 (time=164s)  7000 (time=181s)  8000 (time=198s)  9000 (time=213s)
  Iter 17	loss=3886.8421	uas=0.9467	las=0.9657	[214s]

 |U|^2: 572.305412 min: -0.539201	max: 0.541245
 |V|^2: 412.657242 min: -0.526120	max: 0.481938
 |W|^2: 165.264628 min: -2.081935	max: 1.945739
 |WL|^2: 81.303302 min: -0.841380	max: 0.703912

_____________________________________________

 Evaluation: data/portuguese.test.lab.randInit_0.3_R50_2

  Tokens: 5009
  Sentences: 288
  UAS=0.913755	LAS=0.879816	CAS=0.277778	[4.93s]

_____________________________________________

  1000 (time=20s)  2000 (time=44s)  3000 (time=66s)  4000 (time=88s)  5000 (time=109s)  6000 (time=123s)  7000 (time=145s)  8000 (time=164s)  9000 (time=177s)
  Iter 18	loss=3490.4117	uas=0.9492	las=0.9673	[178s]

 |U|^2: 578.512031 min: -0.547080	max: 0.546618
 |V|^2: 417.666740 min: -0.528786	max: 0.485093
 |W|^2: 167.372069 min: -2.112916	max: 1.964076
 |WL|^2: 83.212273 min: -0.850531	max: 0.728096

_____________________________________________

 Evaluation: data/portuguese.test.lab.randInit_0.3_R50_2

  Tokens: 5009
  Sentences: 288
  UAS=0.913955	LAS=0.880216	CAS=0.277778	[4.71s]

_____________________________________________

  1000 (time=20s)  2000 (time=43s)  3000 (time=65s)  4000 (time=86s)  5000 (time=106s)  6000 (time=120s)  7000 (time=134s)  8000 (time=149s)  9000 (time=163s)
  Iter 19	loss=3146.3900	uas=0.9514	las=0.9693	[163s]

 |U|^2: 584.130675 min: -0.549521	max: 0.554666
 |V|^2: 422.273487 min: -0.532085	max: 0.489200
 |W|^2: 169.221648 min: -2.132599	max: 1.982427
 |WL|^2: 85.053716 min: -0.859739	max: 0.756048

_____________________________________________

 Evaluation: data/portuguese.test.lab.randInit_0.3_R50_2

  Tokens: 5009
  Sentences: 288
  UAS=0.914953	LAS=0.881014	CAS=0.277778	[4.67s]

_____________________________________________

  1000 (time=19s)  2000 (time=42s)  3000 (time=63s)  4000 (time=84s)  5000 (time=106s)  6000 (time=121s)  7000 (time=135s)  8000 (time=150s)  9000 (time=164s)
  Iter 20	loss=2885.6784	uas=0.9532	las=0.9702	[165s]

 |U|^2: 589.288539 min: -0.556188	max: 0.552993
 |V|^2: 426.561227 min: -0.534033	max: 0.492601
 |W|^2: 170.878309 min: -2.153141	max: 2.002294
 |WL|^2: 86.824529 min: -0.886827	max: 0.779638

_____________________________________________

 Evaluation: data/portuguese.test.lab.randInit_0.3_R50_2

  Tokens: 5009
  Sentences: 288
  UAS=0.913955	LAS=0.879816	CAS=0.277778	[4.80s]

_____________________________________________


Training took 4292671 ms.
=============================================

 Evaluating: data/portuguese.test.lab.randInit_0.3_R50_2
  Tokens: 5009
  Sentences: 288
  UAS=0.913955	LAS=0.879816	CAS=0.277778	[5.19s]
