------
FLAGS
------
train-file: data/slovene.train.lab.randInit_0.3_R70
test-file: data/slovene.test.lab.randInit_0.3_R70
model-name: runs/slovene.model.lab.randInit_0.3_R70
output-file: null
train: true
test: true
iters: 20
label: true
max-sent: -1
C: 0.01
label-loss-type: 0
gamma: 0.3 0.3
R: 70
word-vector:null
projective: false
pruning: true
hill-climbing converge (train): 300
hill-climbing converge (test): 100
thread: 4
file format: CONLL-X
feature hash bits: 30

use consecutive siblings: false
use grandparent: false
use head bigram: false
use grand siblings: false
use tri-siblings: false
use great-grandparent: false
use parent-sibling-child: false
use high-order: false
model: Basic
------

Creating dictionaries ... 
Filtered DEPLABEL (28-->25)
4 8
Lexical items: 11116 (14 bits)
Tag/label items: 98 (7 bits)  25 (5 bits)
Flag Bits: 9
Creation took [1809 ms]
Creating Alphabet ... [1700 ms]
Hash collision: 0.2549% (7487 / 2937359)
Num of CONLL fine POS tags: 30
Num of CONLL coarse POS tags: 13
Num of labels: 25
Num of Syntactic Features: 59890 1073741823
Creating instances ... 1000 1534 [150 ms]
=============================================
 Training:
=============================================
Running MIRA ... 
  1000 (time=25s)
  Iter 1	loss=25589.8559	uas=0.4200	las=0.5839	[34s]

 |U|^2: 70.813086 min: -0.104629	max: 0.106595
 |V|^2: 71.136189 min: -0.109529	max: 0.090884
 |W|^2: 70.350382 min: -0.486296	max: 0.569302
 |WL|^2: 70.006676 min: -0.094247	max: 0.093920

_____________________________________________

 Evaluation: data/slovene.test.lab.randInit_0.3_R70

  Tokens: 5004
  Sentences: 402
  UAS=0.805156	LAS=0.706035	CAS=0.156716	[5.53s]

_____________________________________________

  1000 (time=18s)
  Iter 2	loss=15539.8910	uas=0.5745	las=0.7447	[26s]

 |U|^2: 73.117679 min: -0.113539	max: 0.164380
 |V|^2: 74.093017 min: -0.140963	max: 0.132491
 |W|^2: 71.187061 min: -0.495947	max: 0.581029
 |WL|^2: 70.031531 min: -0.097926	max: 0.101948

_____________________________________________

 Evaluation: data/slovene.test.lab.randInit_0.3_R70

  Tokens: 5004
  Sentences: 402
  UAS=0.831135	LAS=0.737810	CAS=0.181592	[4.51s]

_____________________________________________

  1000 (time=16s)
  Iter 3	loss=11343.9205	uas=0.6393	las=0.7885	[24s]

 |U|^2: 77.580749 min: -0.126379	max: 0.190759
 |V|^2: 78.940781 min: -0.138732	max: 0.168744
 |W|^2: 72.716475 min: -0.544573	max: 0.657348
 |WL|^2: 70.065574 min: -0.098772	max: 0.109655

_____________________________________________

 Evaluation: data/slovene.test.lab.randInit_0.3_R70

  Tokens: 5004
  Sentences: 402
  UAS=0.836131	LAS=0.744604	CAS=0.199005	[4.97s]

_____________________________________________

  1000 (time=16s)
  Iter 4	loss=8705.7605	uas=0.6910	las=0.8133	[25s]

 |U|^2: 84.219124 min: -0.135304	max: 0.188371
 |V|^2: 85.337220 min: -0.154615	max: 0.217634
 |W|^2: 74.902192 min: -0.622470	max: 0.750587
 |WL|^2: 70.153094 min: -0.100649	max: 0.128263

_____________________________________________

 Evaluation: data/slovene.test.lab.randInit_0.3_R70

  Tokens: 5004
  Sentences: 402
  UAS=0.840727	LAS=0.750999	CAS=0.208955	[4.45s]

_____________________________________________

  1000 (time=15s)
  Iter 5	loss=6783.3805	uas=0.7283	las=0.8346	[23s]

 |U|^2: 92.432927 min: -0.155009	max: 0.181445
 |V|^2: 92.839762 min: -0.159952	max: 0.286230
 |W|^2: 78.036462 min: -0.755714	max: 0.897806
 |WL|^2: 70.288531 min: -0.122863	max: 0.144969

_____________________________________________

 Evaluation: data/slovene.test.lab.randInit_0.3_R70

  Tokens: 5004
  Sentences: 402
  UAS=0.840528	LAS=0.750799	CAS=0.211443	[4.52s]

_____________________________________________

  1000 (time=15s)
  Iter 6	loss=5310.8053	uas=0.7635	las=0.8529	[23s]

 |U|^2: 100.856096 min: -0.178215	max: 0.205037
 |V|^2: 100.499231 min: -0.185794	max: 0.346427
 |W|^2: 81.714247 min: -0.905140	max: 1.024659
 |WL|^2: 70.472641 min: -0.131255	max: 0.156236

_____________________________________________

 Evaluation: data/slovene.test.lab.randInit_0.3_R70

  Tokens: 5004
  Sentences: 402
  UAS=0.842126	LAS=0.752798	CAS=0.211443	[4.67s]

_____________________________________________

  1000 (time=15s)
  Iter 7	loss=4164.4270	uas=0.7955	las=0.8669	[23s]

 |U|^2: 108.289794 min: -0.190506	max: 0.213539
 |V|^2: 107.103884 min: -0.216714	max: 0.374896
 |W|^2: 85.265579 min: -1.002298	max: 1.145854
 |WL|^2: 70.670532 min: -0.149780	max: 0.170029

_____________________________________________

 Evaluation: data/slovene.test.lab.randInit_0.3_R70

  Tokens: 5004
  Sentences: 402
  UAS=0.841727	LAS=0.753397	CAS=0.211443	[4.86s]

_____________________________________________

  1000 (time=15s)
  Iter 8	loss=3309.4020	uas=0.8245	las=0.8798	[23s]

 |U|^2: 114.656090 min: -0.214347	max: 0.244025
 |V|^2: 112.766151 min: -0.245824	max: 0.397679
 |W|^2: 88.571362 min: -1.086590	max: 1.244574
 |WL|^2: 70.929342 min: -0.168054	max: 0.179661

_____________________________________________

 Evaluation: data/slovene.test.lab.randInit_0.3_R70

  Tokens: 5004
  Sentences: 402
  UAS=0.842126	LAS=0.753197	CAS=0.213930	[4.81s]

_____________________________________________

  1000 (time=15s)
  Iter 9	loss=2670.9698	uas=0.8439	las=0.8915	[23s]

 |U|^2: 119.738643 min: -0.226314	max: 0.255984
 |V|^2: 117.228742 min: -0.268442	max: 0.404874
 |W|^2: 91.375680 min: -1.155127	max: 1.295944
 |WL|^2: 71.199702 min: -0.181263	max: 0.181036

_____________________________________________

 Evaluation: data/slovene.test.lab.randInit_0.3_R70

  Tokens: 5004
  Sentences: 402
  UAS=0.842326	LAS=0.752998	CAS=0.218905	[4.31s]

_____________________________________________

  1000 (time=13s)
  Iter 10	loss=2162.7302	uas=0.8666	las=0.9015	[20s]

 |U|^2: 123.858313 min: -0.239133	max: 0.262448
 |V|^2: 120.859499 min: -0.297009	max: 0.415411
 |W|^2: 93.755128 min: -1.209767	max: 1.351189
 |WL|^2: 71.499517 min: -0.191379	max: 0.191644

_____________________________________________

 Evaluation: data/slovene.test.lab.randInit_0.3_R70

  Tokens: 5004
  Sentences: 402
  UAS=0.842526	LAS=0.753797	CAS=0.218905	[4.41s]

_____________________________________________

  1000 (time=13s)
  Iter 11	loss=1824.9587	uas=0.8791	las=0.9095	[20s]

 |U|^2: 127.209870 min: -0.258632	max: 0.278344
 |V|^2: 123.891796 min: -0.316261	max: 0.426796
 |W|^2: 95.767754 min: -1.262817	max: 1.377197
 |WL|^2: 71.791859 min: -0.204910	max: 0.199257

_____________________________________________

 Evaluation: data/slovene.test.lab.randInit_0.3_R70

  Tokens: 5004
  Sentences: 402
  UAS=0.842726	LAS=0.754197	CAS=0.221393	[4.29s]

_____________________________________________

  1000 (time=13s)
  Iter 12	loss=1534.8025	uas=0.8926	las=0.9147	[20s]

 |U|^2: 129.966523 min: -0.267341	max: 0.286897
 |V|^2: 126.411182 min: -0.328429	max: 0.435799
 |W|^2: 97.458724 min: -1.295455	max: 1.411702
 |WL|^2: 72.116916 min: -0.222824	max: 0.220313

_____________________________________________

 Evaluation: data/slovene.test.lab.randInit_0.3_R70

  Tokens: 5004
  Sentences: 402
  UAS=0.842726	LAS=0.754197	CAS=0.223881	[4.66s]

_____________________________________________

  1000 (time=16s)
  Iter 13	loss=1311.4157	uas=0.9028	las=0.9213	[25s]

 |U|^2: 132.265622 min: -0.275938	max: 0.297568
 |V|^2: 128.534623 min: -0.347658	max: 0.438272
 |W|^2: 98.850311 min: -1.318571	max: 1.430272
 |WL|^2: 72.457992 min: -0.237614	max: 0.227286

_____________________________________________

 Evaluation: data/slovene.test.lab.randInit_0.3_R70

  Tokens: 5004
  Sentences: 402
  UAS=0.842326	LAS=0.753797	CAS=0.221393	[6.30s]

_____________________________________________

  1000 (time=15s)
  Iter 14	loss=1143.0937	uas=0.9128	las=0.9257	[22s]

 |U|^2: 134.263476 min: -0.281166	max: 0.305509
 |V|^2: 130.395962 min: -0.359717	max: 0.441973
 |W|^2: 100.050017 min: -1.337580	max: 1.448835
 |WL|^2: 72.791797 min: -0.262460	max: 0.244242

_____________________________________________

 Evaluation: data/slovene.test.lab.randInit_0.3_R70

  Tokens: 5004
  Sentences: 402
  UAS=0.842326	LAS=0.753597	CAS=0.226368	[4.17s]

_____________________________________________

  1000 (time=12s)
  Iter 15	loss=1012.8564	uas=0.9201	las=0.9290	[19s]

 |U|^2: 135.854938 min: -0.286369	max: 0.311990
 |V|^2: 131.897938 min: -0.372202	max: 0.450975
 |W|^2: 100.968097 min: -1.352190	max: 1.462251
 |WL|^2: 73.105900 min: -0.280930	max: 0.253801

_____________________________________________

 Evaluation: data/slovene.test.lab.randInit_0.3_R70

  Tokens: 5004
  Sentences: 402
  UAS=0.842726	LAS=0.753797	CAS=0.228856	[4.15s]

_____________________________________________

  1000 (time=12s)
  Iter 16	loss=900.9126	uas=0.9276	las=0.9342	[19s]

 |U|^2: 137.225864 min: -0.290554	max: 0.320706
 |V|^2: 133.208843 min: -0.375622	max: 0.452085
 |W|^2: 101.726437 min: -1.368431	max: 1.476530
 |WL|^2: 73.426232 min: -0.292595	max: 0.262809

_____________________________________________

 Evaluation: data/slovene.test.lab.randInit_0.3_R70

  Tokens: 5004
  Sentences: 402
  UAS=0.842326	LAS=0.753197	CAS=0.228856	[4.26s]

_____________________________________________

  1000 (time=12s)
  Iter 17	loss=799.2489	uas=0.9317	las=0.9381	[19s]

 |U|^2: 138.428675 min: -0.296275	max: 0.324822
 |V|^2: 134.395380 min: -0.382640	max: 0.457098
 |W|^2: 102.418821 min: -1.378711	max: 1.490151
 |WL|^2: 73.715263 min: -0.302970	max: 0.269554

_____________________________________________

 Evaluation: data/slovene.test.lab.randInit_0.3_R70

  Tokens: 5004
  Sentences: 402
  UAS=0.842926	LAS=0.753797	CAS=0.231343	[4.32s]

_____________________________________________

  1000 (time=12s)
  Iter 18	loss=730.7226	uas=0.9376	las=0.9424	[19s]

 |U|^2: 139.464096 min: -0.298076	max: 0.328741
 |V|^2: 135.415319 min: -0.389036	max: 0.454389
 |W|^2: 102.951838 min: -1.391424	max: 1.496559
 |WL|^2: 74.006558 min: -0.303071	max: 0.275843

_____________________________________________

 Evaluation: data/slovene.test.lab.randInit_0.3_R70

  Tokens: 5004
  Sentences: 402
  UAS=0.842326	LAS=0.752598	CAS=0.223881	[4.54s]

_____________________________________________

  1000 (time=13s)
  Iter 19	loss=666.0637	uas=0.9410	las=0.9425	[21s]

 |U|^2: 140.448966 min: -0.304981	max: 0.333453
 |V|^2: 136.406196 min: -0.396044	max: 0.457875
 |W|^2: 103.450077 min: -1.399975	max: 1.507042
 |WL|^2: 74.313526 min: -0.312233	max: 0.282743

_____________________________________________

 Evaluation: data/slovene.test.lab.randInit_0.3_R70

  Tokens: 5004
  Sentences: 402
  UAS=0.843525	LAS=0.753797	CAS=0.223881	[4.60s]

_____________________________________________

  1000 (time=13s)
  Iter 20	loss=611.7871	uas=0.9459	las=0.9456	[20s]

 |U|^2: 141.269941 min: -0.310753	max: 0.334277
 |V|^2: 137.256840 min: -0.400726	max: 0.463110
 |W|^2: 103.828631 min: -1.404023	max: 1.518815
 |WL|^2: 74.607604 min: -0.317688	max: 0.287672

_____________________________________________

 Evaluation: data/slovene.test.lab.randInit_0.3_R70

  Tokens: 5004
  Sentences: 402
  UAS=0.843325	LAS=0.753197	CAS=0.223881	[4.34s]

_____________________________________________


Training took 597008 ms.
=============================================

 Evaluating: data/slovene.test.lab.randInit_0.3_R70
  Tokens: 5004
  Sentences: 402
  UAS=0.843325	LAS=0.753197	CAS=0.223881	[4.33s]
