------
FLAGS
------
train-file: data/slovene.train.lab.svd_0.3_R50
test-file: data/slovene.test.lab.svd_0.3_R50
model-name: runs/slovene.model.lab.svd_0.3_R50
output-file: null
train: true
test: true
iters: 20
label: true
max-sent: -1
C: 0.01
label-loss-type: 0
gamma: 0.3 0.3
R: 50
word-vector:null
projective: false
pruning: true
hill-climbing converge (train): 300
hill-climbing converge (test): 100
thread: 4
file format: CONLL-X
feature hash bits: 30

use consecutive siblings: false
use grandparent: false
use head bigram: false
use grand siblings: false
use tri-siblings: false
use great-grandparent: false
use parent-sibling-child: false
use high-order: false
model: Basic
------

Creating dictionaries ... 
Filtered DEPLABEL (28-->25)
4 8
Lexical items: 11116 (14 bits)
Tag/label items: 98 (7 bits)  25 (5 bits)
Flag Bits: 9
Creation took [960 ms]
Creating Alphabet ... [1712 ms]
Hash collision: 0.2549% (7487 / 2937359)
Num of CONLL fine POS tags: 30
Num of CONLL coarse POS tags: 13
Num of labels: 25
Num of Syntactic Features: 59890 1073741823
Creating instances ... 1000 1534 [225 ms]
=============================================
 Pre-training:
=============================================
Running MIRA ... 
  1000 (time=20s)
  Iter 1	loss=25802.5224	uas=0.4331	las=0.5908	[28s]

 |U|^2: 0.000000 min: Infinity	max: -Infinity
 |V|^2: 0.000000 min: Infinity	max: -Infinity
 |W|^2: 0.000000 min: Infinity	max: -Infinity
 |WL|^2: 0.000000 min: Infinity	max: -Infinity

Init tensor ... 
  Unfolding matrix: 1519082 / (59890*898350)  0.00% entries.
  Rank: 50 (max:50)  Sigma: max=0.864012 cut=0.148184

 |U|^2: 50.000000 min: -0.790104	max: 0.918932
 |V|^2: 50.000000 min: -0.793546	max: 0.656264
 |W|^2: 2.973057 min: -0.669909	max: 0.254511

Pre-training took 37085 ms.
=============================================

=============================================
 Training:
=============================================
Running MIRA ... 
  1000 (time=20s)
  Iter 1	loss=24248.9701	uas=0.4755	las=0.5968	[32s]

 |U|^2: 77.021993 min: -0.897258	max: 1.120033
 |V|^2: 77.464905 min: -0.675444	max: 0.658540
 |W|^2: 10.156384 min: -0.563054	max: 0.442533
 |WL|^2: 4.587532 min: -0.551806	max: 0.277339

_____________________________________________

 Evaluation: data/slovene.test.lab.svd_0.3_R50

  Tokens: 5004
  Sentences: 402
  UAS=0.829337	LAS=0.727818	CAS=0.179104	[6.84s]

_____________________________________________

  1000 (time=21s)
  Iter 2	loss=14386.4289	uas=0.6198	las=0.7493	[33s]

 |U|^2: 96.222432 min: -0.889798	max: 1.105174
 |V|^2: 95.076254 min: -0.725758	max: 0.693065
 |W|^2: 14.870770 min: -0.645076	max: 0.467080
 |WL|^2: 6.506657 min: -0.582365	max: 0.303132

_____________________________________________

 Evaluation: data/slovene.test.lab.svd_0.3_R50

  Tokens: 5004
  Sentences: 402
  UAS=0.843325	LAS=0.748002	CAS=0.203980	[7.55s]

_____________________________________________

  1000 (time=20s)
  Iter 3	loss=9808.3262	uas=0.6952	las=0.7933	[30s]

 |U|^2: 112.570036 min: -0.895462	max: 1.155183
 |V|^2: 109.454949 min: -0.761888	max: 0.719688
 |W|^2: 20.358537 min: -0.753007	max: 0.512272
 |WL|^2: 8.197250 min: -0.626574	max: 0.356861

_____________________________________________

 Evaluation: data/slovene.test.lab.svd_0.3_R50

  Tokens: 5004
  Sentences: 402
  UAS=0.847722	LAS=0.754197	CAS=0.223881	[6.39s]

_____________________________________________

  1000 (time=20s)
  Iter 4	loss=7088.2248	uas=0.7538	las=0.8204	[30s]

 |U|^2: 125.406468 min: -0.902859	max: 1.213502
 |V|^2: 120.796471 min: -0.783263	max: 0.747749
 |W|^2: 25.125619 min: -0.851839	max: 0.563544
 |WL|^2: 10.085037 min: -0.670021	max: 0.405486

_____________________________________________

 Evaluation: data/slovene.test.lab.svd_0.3_R50

  Tokens: 5004
  Sentences: 402
  UAS=0.847922	LAS=0.756395	CAS=0.228856	[6.44s]

_____________________________________________

  1000 (time=20s)
  Iter 5	loss=5242.7744	uas=0.7965	las=0.8437	[30s]

 |U|^2: 135.392037 min: -0.890776	max: 1.248741
 |V|^2: 129.839586 min: -0.795153	max: 0.772448
 |W|^2: 29.343721 min: -0.911722	max: 0.639189
 |WL|^2: 11.786303 min: -0.722809	max: 0.434510

_____________________________________________

 Evaluation: data/slovene.test.lab.svd_0.3_R50

  Tokens: 5004
  Sentences: 402
  UAS=0.847322	LAS=0.756395	CAS=0.231343	[6.33s]

_____________________________________________

  1000 (time=17s)
  Iter 6	loss=3978.2123	uas=0.8279	las=0.8610	[26s]

 |U|^2: 142.977981 min: -0.879102	max: 1.277364
 |V|^2: 136.799003 min: -0.813902	max: 0.794413
 |W|^2: 32.624331 min: -0.975856	max: 0.686153
 |WL|^2: 13.331670 min: -0.753173	max: 0.466189

_____________________________________________

 Evaluation: data/slovene.test.lab.svd_0.3_R50

  Tokens: 5004
  Sentences: 402
  UAS=0.848721	LAS=0.757594	CAS=0.228856	[5.86s]

_____________________________________________

  1000 (time=16s)
  Iter 7	loss=3094.2040	uas=0.8539	las=0.8768	[24s]

 |U|^2: 149.206764 min: -0.892598	max: 1.305691
 |V|^2: 142.638017 min: -0.846454	max: 0.801716
 |W|^2: 35.333721 min: -1.035563	max: 0.710818
 |WL|^2: 14.861014 min: -0.807813	max: 0.489495

_____________________________________________

 Evaluation: data/slovene.test.lab.svd_0.3_R50

  Tokens: 5004
  Sentences: 402
  UAS=0.849121	LAS=0.759392	CAS=0.231343	[5.38s]

_____________________________________________

  1000 (time=15s)
  Iter 8	loss=2445.8458	uas=0.8756	las=0.8933	[24s]

 |U|^2: 154.161613 min: -0.888876	max: 1.341887
 |V|^2: 147.323931 min: -0.883009	max: 0.812699
 |W|^2: 37.493212 min: -1.063829	max: 0.750821
 |WL|^2: 16.193770 min: -0.826359	max: 0.510587

_____________________________________________

 Evaluation: data/slovene.test.lab.svd_0.3_R50

  Tokens: 5004
  Sentences: 402
  UAS=0.847922	LAS=0.758793	CAS=0.231343	[6.03s]

_____________________________________________

  1000 (time=20s)
  Iter 9	loss=1991.1488	uas=0.8877	las=0.9030	[29s]

 |U|^2: 158.213476 min: -0.889185	max: 1.362071
 |V|^2: 151.205657 min: -0.897107	max: 0.827538
 |W|^2: 39.384639 min: -1.094437	max: 0.775968
 |WL|^2: 17.279110 min: -0.846927	max: 0.535791

_____________________________________________

 Evaluation: data/slovene.test.lab.svd_0.3_R50

  Tokens: 5004
  Sentences: 402
  UAS=0.847322	LAS=0.758193	CAS=0.228856	[5.98s]

_____________________________________________

  1000 (time=15s)
  Iter 10	loss=1665.7078	uas=0.9021	las=0.9121	[24s]

 |U|^2: 161.592789 min: -0.889293	max: 1.381349
 |V|^2: 154.450480 min: -0.918983	max: 0.834405
 |W|^2: 40.891258 min: -1.111583	max: 0.800630
 |WL|^2: 18.268588 min: -0.852537	max: 0.546831

_____________________________________________

 Evaluation: data/slovene.test.lab.svd_0.3_R50

  Tokens: 5004
  Sentences: 402
  UAS=0.846723	LAS=0.756795	CAS=0.231343	[5.33s]

_____________________________________________

  1000 (time=14s)
  Iter 11	loss=1397.9784	uas=0.9097	las=0.9174	[21s]

 |U|^2: 164.493292 min: -0.890967	max: 1.403363
 |V|^2: 157.241048 min: -0.936053	max: 0.843696
 |W|^2: 42.147825 min: -1.139046	max: 0.821716
 |WL|^2: 19.212419 min: -0.874682	max: 0.558353

_____________________________________________

 Evaluation: data/slovene.test.lab.svd_0.3_R50

  Tokens: 5004
  Sentences: 402
  UAS=0.845524	LAS=0.755196	CAS=0.231343	[8.09s]

_____________________________________________

  1000 (time=15s)
  Iter 12	loss=1211.9244	uas=0.9168	las=0.9243	[22s]

 |U|^2: 166.878889 min: -0.893294	max: 1.417425
 |V|^2: 159.579876 min: -0.934888	max: 0.843941
 |W|^2: 43.207496 min: -1.153713	max: 0.837855
 |WL|^2: 19.972069 min: -0.892733	max: 0.569094

_____________________________________________

 Evaluation: data/slovene.test.lab.svd_0.3_R50

  Tokens: 5004
  Sentences: 402
  UAS=0.844325	LAS=0.755596	CAS=0.231343	[5.76s]

_____________________________________________

  1000 (time=17s)
  Iter 13	loss=1040.5910	uas=0.9254	las=0.9320	[28s]

 |U|^2: 169.082120 min: -0.891807	max: 1.442523
 |V|^2: 161.765262 min: -0.948340	max: 0.844758
 |W|^2: 44.159856 min: -1.171309	max: 0.845936
 |WL|^2: 20.745196 min: -0.910222	max: 0.574975

_____________________________________________

 Evaluation: data/slovene.test.lab.svd_0.3_R50

  Tokens: 5004
  Sentences: 402
  UAS=0.843125	LAS=0.754396	CAS=0.228856	[6.42s]

_____________________________________________

  1000 (time=15s)
  Iter 14	loss=925.9726	uas=0.9295	las=0.9349	[22s]

 |U|^2: 170.844598 min: -0.895142	max: 1.456783
 |V|^2: 163.518633 min: -0.961646	max: 0.846386
 |W|^2: 44.867465 min: -1.178997	max: 0.860191
 |WL|^2: 21.368978 min: -0.925921	max: 0.581096

_____________________________________________

 Evaluation: data/slovene.test.lab.svd_0.3_R50

  Tokens: 5004
  Sentences: 402
  UAS=0.843725	LAS=0.755196	CAS=0.228856	[6.09s]

_____________________________________________

  1000 (time=17s)
  Iter 15	loss=825.5591	uas=0.9352	las=0.9366	[26s]

 |U|^2: 172.452106 min: -0.897787	max: 1.457417
 |V|^2: 165.142351 min: -0.965869	max: 0.851474
 |W|^2: 45.513088 min: -1.189440	max: 0.868580
 |WL|^2: 21.940023 min: -0.934189	max: 0.587784

_____________________________________________

 Evaluation: data/slovene.test.lab.svd_0.3_R50

  Tokens: 5004
  Sentences: 402
  UAS=0.842926	LAS=0.754197	CAS=0.228856	[5.89s]

_____________________________________________

  1000 (time=17s)
  Iter 16	loss=740.4727	uas=0.9392	las=0.9406	[25s]

 |U|^2: 173.978211 min: -0.899226	max: 1.469368
 |V|^2: 166.718967 min: -0.971850	max: 0.853475
 |W|^2: 46.060095 min: -1.200818	max: 0.872490
 |WL|^2: 22.580678 min: -0.948480	max: 0.590891

_____________________________________________

 Evaluation: data/slovene.test.lab.svd_0.3_R50

  Tokens: 5004
  Sentences: 402
  UAS=0.842726	LAS=0.753997	CAS=0.226368	[5.77s]

_____________________________________________

  1000 (time=13s)
  Iter 17	loss=663.5572	uas=0.9426	las=0.9433	[21s]

 |U|^2: 175.234539 min: -0.899246	max: 1.477318
 |V|^2: 168.028388 min: -0.976599	max: 0.851873
 |W|^2: 46.509330 min: -1.206935	max: 0.881309
 |WL|^2: 23.103887 min: -0.957751	max: 0.594106

_____________________________________________

 Evaluation: data/slovene.test.lab.svd_0.3_R50

  Tokens: 5004
  Sentences: 402
  UAS=0.842326	LAS=0.753597	CAS=0.226368	[6.66s]

_____________________________________________

  1000 (time=14s)
  Iter 18	loss=603.6626	uas=0.9458	las=0.9473	[21s]

 |U|^2: 176.437227 min: -0.902574	max: 1.485146
 |V|^2: 169.266380 min: -0.976403	max: 0.855104
 |W|^2: 46.939294 min: -1.213128	max: 0.886154
 |WL|^2: 23.590613 min: -0.971025	max: 0.596528

_____________________________________________

 Evaluation: data/slovene.test.lab.svd_0.3_R50

  Tokens: 5004
  Sentences: 402
  UAS=0.841926	LAS=0.753597	CAS=0.226368	[5.39s]

_____________________________________________

  1000 (time=13s)
  Iter 19	loss=547.5769	uas=0.9486	las=0.9506	[21s]

 |U|^2: 177.492664 min: -0.906745	max: 1.493728
 |V|^2: 170.392689 min: -0.981966	max: 0.854190
 |W|^2: 47.286405 min: -1.222170	max: 0.889949
 |WL|^2: 24.048644 min: -0.980115	max: 0.598559

_____________________________________________

 Evaluation: data/slovene.test.lab.svd_0.3_R50

  Tokens: 5004
  Sentences: 402
  UAS=0.841727	LAS=0.753397	CAS=0.226368	[5.29s]

_____________________________________________

  1000 (time=13s)
  Iter 20	loss=503.1580	uas=0.9515	las=0.9521	[20s]

 |U|^2: 178.465841 min: -0.903842	max: 1.498955
 |V|^2: 171.435221 min: -0.986913	max: 0.853873
 |W|^2: 47.576377 min: -1.225950	max: 0.891193
 |WL|^2: 24.503078 min: -0.995638	max: 0.599985

_____________________________________________

 Evaluation: data/slovene.test.lab.svd_0.3_R50

  Tokens: 5004
  Sentences: 402
  UAS=0.841327	LAS=0.753397	CAS=0.226368	[5.15s]

_____________________________________________


Training took 691704 ms.
=============================================

 Evaluating: data/slovene.test.lab.svd_0.3_R50
  Tokens: 5004
  Sentences: 402
  UAS=0.841327	LAS=0.753397	CAS=0.226368	[5.53s]
