------
FLAGS
------
train-file: data/slovene.train.lab.randInit_0.3_R70_2
test-file: data/slovene.test.lab.randInit_0.3_R70_2
model-name: runs/slovene.model.lab.randInit_0.3_R70_2
output-file: null
train: true
test: true
iters: 20
label: true
max-sent: -1
C: 0.01
label-loss-type: 0
gamma: 0.3 0.3
R: 70
word-vector:null
projective: false
pruning: true
hill-climbing converge (train): 300
hill-climbing converge (test): 100
thread: 4
file format: CONLL-X
feature hash bits: 30

use consecutive siblings: false
use grandparent: false
use head bigram: false
use grand siblings: false
use tri-siblings: false
use great-grandparent: false
use parent-sibling-child: false
use high-order: false
model: Basic
------

Creating dictionaries ... 
Filtered DEPLABEL (28-->25)
4 8
Lexical items: 11116 (14 bits)
Tag/label items: 98 (7 bits)  25 (5 bits)
Flag Bits: 9
Creation took [789 ms]
Creating Alphabet ... [1787 ms]
Hash collision: 0.2549% (7487 / 2937359)
Num of CONLL fine POS tags: 30
Num of CONLL coarse POS tags: 13
Num of labels: 25
Num of Syntactic Features: 59890 1073741823
Creating instances ... 1000 1534 [160 ms]
=============================================
 Training:
=============================================
Running MIRA ... 
  1000 (time=28s)
  Iter 1	loss=25552.3395	uas=0.4220	las=0.5833	[38s]

 |U|^2: 71.573299 min: -0.124050	max: 0.299017
 |V|^2: 72.369419 min: -0.146674	max: 0.230415
 |W|^2: 70.697954 min: -0.565685	max: 0.501810
 |WL|^2: 70.009976 min: -0.094518	max: 0.104752

_____________________________________________

 Evaluation: data/slovene.test.lab.randInit_0.3_R70_2

  Tokens: 5004
  Sentences: 402
  UAS=0.808153	LAS=0.709632	CAS=0.164179	[6.49s]

_____________________________________________

  1000 (time=20s)
  Iter 2	loss=15461.3767	uas=0.5799	las=0.7448	[29s]

 |U|^2: 74.658238 min: -0.189995	max: 0.344531
 |V|^2: 76.498925 min: -0.203663	max: 0.299164
 |W|^2: 71.582018 min: -0.622717	max: 0.523424
 |WL|^2: 70.060770 min: -0.111440	max: 0.159399

_____________________________________________

 Evaluation: data/slovene.test.lab.randInit_0.3_R70_2

  Tokens: 5004
  Sentences: 402
  UAS=0.828937	LAS=0.733813	CAS=0.179104	[5.05s]

_____________________________________________

  1000 (time=19s)
  Iter 3	loss=11234.5767	uas=0.6442	las=0.7881	[29s]

 |U|^2: 79.828828 min: -0.198978	max: 0.361474
 |V|^2: 82.242131 min: -0.247891	max: 0.329356
 |W|^2: 73.263498 min: -0.713757	max: 0.579724
 |WL|^2: 70.116472 min: -0.105261	max: 0.149745

_____________________________________________

 Evaluation: data/slovene.test.lab.randInit_0.3_R70_2

  Tokens: 5004
  Sentences: 402
  UAS=0.838729	LAS=0.745404	CAS=0.206468	[5.19s]

_____________________________________________

  1000 (time=18s)
  Iter 4	loss=8665.9274	uas=0.6921	las=0.8147	[26s]

 |U|^2: 86.976153 min: -0.231809	max: 0.327218
 |V|^2: 89.193755 min: -0.267862	max: 0.328234
 |W|^2: 75.777711 min: -0.832362	max: 0.640180
 |WL|^2: 70.185588 min: -0.106584	max: 0.174386

_____________________________________________

 Evaluation: data/slovene.test.lab.randInit_0.3_R70_2

  Tokens: 5004
  Sentences: 402
  UAS=0.841327	LAS=0.750000	CAS=0.211443	[4.47s]

_____________________________________________

  1000 (time=15s)
  Iter 5	loss=6734.5059	uas=0.7307	las=0.8354	[23s]

 |U|^2: 95.767919 min: -0.239617	max: 0.314251
 |V|^2: 97.001681 min: -0.290248	max: 0.326439
 |W|^2: 78.981882 min: -0.925504	max: 0.738763
 |WL|^2: 70.340074 min: -0.138323	max: 0.187145

_____________________________________________

 Evaluation: data/slovene.test.lab.randInit_0.3_R70_2

  Tokens: 5004
  Sentences: 402
  UAS=0.843925	LAS=0.751998	CAS=0.218905	[4.43s]

_____________________________________________

  1000 (time=14s)
  Iter 6	loss=5254.7985	uas=0.7669	las=0.8526	[21s]

 |U|^2: 104.530071 min: -0.246415	max: 0.277436
 |V|^2: 104.468453 min: -0.306733	max: 0.331551
 |W|^2: 82.547614 min: -1.026548	max: 0.825851
 |WL|^2: 70.529708 min: -0.159791	max: 0.218844

_____________________________________________

 Evaluation: data/slovene.test.lab.randInit_0.3_R70_2

  Tokens: 5004
  Sentences: 402
  UAS=0.845524	LAS=0.753797	CAS=0.221393	[4.63s]

_____________________________________________

  1000 (time=14s)
  Iter 7	loss=4089.6502	uas=0.7969	las=0.8659	[22s]

 |U|^2: 112.164249 min: -0.246075	max: 0.295721
 |V|^2: 110.986256 min: -0.317231	max: 0.321326
 |W|^2: 86.091524 min: -1.115735	max: 0.914732
 |WL|^2: 70.787868 min: -0.189183	max: 0.259577

_____________________________________________

 Evaluation: data/slovene.test.lab.randInit_0.3_R70_2

  Tokens: 5004
  Sentences: 402
  UAS=0.845324	LAS=0.755396	CAS=0.226368	[4.29s]

_____________________________________________

  1000 (time=14s)
  Iter 8	loss=3248.0595	uas=0.8285	las=0.8792	[21s]

 |U|^2: 118.338049 min: -0.274817	max: 0.322439
 |V|^2: 116.314269 min: -0.335360	max: 0.324101
 |W|^2: 89.166966 min: -1.170063	max: 0.963562
 |WL|^2: 71.108333 min: -0.206155	max: 0.280438

_____________________________________________

 Evaluation: data/slovene.test.lab.randInit_0.3_R70_2

  Tokens: 5004
  Sentences: 402
  UAS=0.845723	LAS=0.755995	CAS=0.228856	[4.44s]

_____________________________________________

  1000 (time=13s)
  Iter 9	loss=2613.3642	uas=0.8490	las=0.8917	[21s]

 |U|^2: 123.411405 min: -0.279044	max: 0.333625
 |V|^2: 120.760690 min: -0.333610	max: 0.328843
 |W|^2: 91.943872 min: -1.217723	max: 1.019763
 |WL|^2: 71.434406 min: -0.230072	max: 0.320812

_____________________________________________

 Evaluation: data/slovene.test.lab.randInit_0.3_R70_2

  Tokens: 5004
  Sentences: 402
  UAS=0.846123	LAS=0.756795	CAS=0.228856	[4.29s]

_____________________________________________

  1000 (time=16s)
  Iter 10	loss=2149.5598	uas=0.8659	las=0.9003	[23s]

 |U|^2: 127.395174 min: -0.289013	max: 0.360046
 |V|^2: 124.288180 min: -0.333737	max: 0.337820
 |W|^2: 94.231287 min: -1.255032	max: 1.072383
 |WL|^2: 71.730548 min: -0.238916	max: 0.332910

_____________________________________________

 Evaluation: data/slovene.test.lab.randInit_0.3_R70_2

  Tokens: 5004
  Sentences: 402
  UAS=0.844524	LAS=0.755396	CAS=0.233831	[4.10s]

_____________________________________________

  1000 (time=17s)
  Iter 11	loss=1786.1409	uas=0.8815	las=0.9090	[25s]

 |U|^2: 130.661221 min: -0.308185	max: 0.373856
 |V|^2: 127.218877 min: -0.336374	max: 0.362783
 |W|^2: 96.130532 min: -1.291950	max: 1.101246
 |WL|^2: 72.068046 min: -0.242105	max: 0.357965

_____________________________________________

 Evaluation: data/slovene.test.lab.randInit_0.3_R70_2

  Tokens: 5004
  Sentences: 402
  UAS=0.844924	LAS=0.754996	CAS=0.233831	[4.12s]

_____________________________________________

  1000 (time=13s)
  Iter 12	loss=1513.3222	uas=0.8957	las=0.9153	[20s]

 |U|^2: 133.354810 min: -0.323425	max: 0.390746
 |V|^2: 129.663029 min: -0.337391	max: 0.370934
 |W|^2: 97.703827 min: -1.311641	max: 1.132605
 |WL|^2: 72.429914 min: -0.260476	max: 0.373457

_____________________________________________

 Evaluation: data/slovene.test.lab.randInit_0.3_R70_2

  Tokens: 5004
  Sentences: 402
  UAS=0.844924	LAS=0.755795	CAS=0.233831	[4.30s]

_____________________________________________

  1000 (time=13s)
  Iter 13	loss=1307.4322	uas=0.9047	las=0.9210	[20s]

 |U|^2: 135.607123 min: -0.334603	max: 0.403530
 |V|^2: 131.726408 min: -0.337851	max: 0.386931
 |W|^2: 99.033991 min: -1.332824	max: 1.151734
 |WL|^2: 72.766860 min: -0.268649	max: 0.382260

_____________________________________________

 Evaluation: data/slovene.test.lab.randInit_0.3_R70_2

  Tokens: 5004
  Sentences: 402
  UAS=0.844924	LAS=0.755596	CAS=0.233831	[4.67s]

_____________________________________________

  1000 (time=14s)
  Iter 14	loss=1119.0858	uas=0.9148	las=0.9244	[21s]

 |U|^2: 137.520793 min: -0.338684	max: 0.407657
 |V|^2: 133.482841 min: -0.337245	max: 0.402524
 |W|^2: 100.156183 min: -1.351757	max: 1.169893
 |WL|^2: 73.109231 min: -0.275634	max: 0.390255

_____________________________________________

 Evaluation: data/slovene.test.lab.randInit_0.3_R70_2

  Tokens: 5004
  Sentences: 402
  UAS=0.845124	LAS=0.755795	CAS=0.233831	[4.75s]

_____________________________________________

  1000 (time=14s)
  Iter 15	loss=994.6887	uas=0.9197	las=0.9303	[22s]

 |U|^2: 139.155382 min: -0.348100	max: 0.412197
 |V|^2: 135.004390 min: -0.338594	max: 0.414487
 |W|^2: 101.100613 min: -1.367949	max: 1.190693
 |WL|^2: 73.431216 min: -0.287229	max: 0.397280

_____________________________________________

 Evaluation: data/slovene.test.lab.randInit_0.3_R70_2

  Tokens: 5004
  Sentences: 402
  UAS=0.846323	LAS=0.756395	CAS=0.231343	[5.60s]

_____________________________________________

  1000 (time=15s)
  Iter 16	loss=877.3297	uas=0.9282	las=0.9367	[23s]

 |U|^2: 140.511988 min: -0.351502	max: 0.416290
 |V|^2: 136.286803 min: -0.341747	max: 0.424926
 |W|^2: 101.866830 min: -1.388942	max: 1.195586
 |WL|^2: 73.733074 min: -0.304439	max: 0.399554

_____________________________________________

 Evaluation: data/slovene.test.lab.randInit_0.3_R70_2

  Tokens: 5004
  Sentences: 402
  UAS=0.846523	LAS=0.755995	CAS=0.228856	[6.42s]

_____________________________________________

  1000 (time=16s)
  Iter 17	loss=794.6593	uas=0.9311	las=0.9377	[25s]

 |U|^2: 141.705447 min: -0.358708	max: 0.412796
 |V|^2: 137.400240 min: -0.343948	max: 0.432788
 |W|^2: 102.498964 min: -1.397685	max: 1.203947
 |WL|^2: 74.031337 min: -0.315818	max: 0.403825

_____________________________________________

 Evaluation: data/slovene.test.lab.randInit_0.3_R70_2

  Tokens: 5004
  Sentences: 402
  UAS=0.846323	LAS=0.755795	CAS=0.228856	[6.38s]

_____________________________________________

  1000 (time=17s)
  Iter 18	loss=725.4106	uas=0.9384	las=0.9400	[25s]

 |U|^2: 142.836907 min: -0.364234	max: 0.415508
 |V|^2: 138.456042 min: -0.344152	max: 0.441417
 |W|^2: 103.095317 min: -1.404539	max: 1.215908
 |WL|^2: 74.323435 min: -0.330696	max: 0.420641

_____________________________________________

 Evaluation: data/slovene.test.lab.randInit_0.3_R70_2

  Tokens: 5004
  Sentences: 402
  UAS=0.846922	LAS=0.756595	CAS=0.228856	[5.65s]

_____________________________________________

  1000 (time=16s)
  Iter 19	loss=657.0347	uas=0.9417	las=0.9448	[24s]

 |U|^2: 143.789106 min: -0.365767	max: 0.416587
 |V|^2: 139.365101 min: -0.345590	max: 0.447152
 |W|^2: 103.552382 min: -1.411452	max: 1.222226
 |WL|^2: 74.622198 min: -0.338750	max: 0.429504

_____________________________________________

 Evaluation: data/slovene.test.lab.randInit_0.3_R70_2

  Tokens: 5004
  Sentences: 402
  UAS=0.846123	LAS=0.755596	CAS=0.223881	[5.94s]

_____________________________________________

  1000 (time=13s)
  Iter 20	loss=603.7122	uas=0.9444	las=0.9455	[20s]

 |U|^2: 144.668414 min: -0.366895	max: 0.411916
 |V|^2: 140.214669 min: -0.346076	max: 0.454688
 |W|^2: 103.951044 min: -1.421570	max: 1.226787
 |WL|^2: 74.928032 min: -0.346135	max: 0.436331

_____________________________________________

 Evaluation: data/slovene.test.lab.randInit_0.3_R70_2

  Tokens: 5004
  Sentences: 402
  UAS=0.845923	LAS=0.755596	CAS=0.221393	[5.16s]

_____________________________________________


Training took 635365 ms.
=============================================

 Evaluating: data/slovene.test.lab.randInit_0.3_R70_2
  Tokens: 5004
  Sentences: 402
  UAS=0.845923	LAS=0.755596	CAS=0.221393	[4.45s]
