------
FLAGS
------
train-file: data/slovene.train.lab.randInit_0.3_R50
test-file: data/slovene.test.lab.randInit_0.3_R50
model-name: runs/slovene.model.lab.randInit_0.3_R50
output-file: null
train: true
test: true
iters: 20
label: true
max-sent: -1
C: 0.01
label-loss-type: 0
gamma: 0.3 0.3
R: 50
word-vector:null
projective: false
pruning: true
hill-climbing converge (train): 300
hill-climbing converge (test): 100
thread: 4
file format: CONLL-X
feature hash bits: 30

use consecutive siblings: false
use grandparent: false
use head bigram: false
use grand siblings: false
use tri-siblings: false
use great-grandparent: false
use parent-sibling-child: false
use high-order: false
model: Basic
------

Creating dictionaries ... 
Filtered DEPLABEL (28-->25)
4 8
Lexical items: 11116 (14 bits)
Tag/label items: 98 (7 bits)  25 (5 bits)
Flag Bits: 9
Creation took [925 ms]
Creating Alphabet ... [2034 ms]
Hash collision: 0.2549% (7487 / 2937359)
Num of CONLL fine POS tags: 30
Num of CONLL coarse POS tags: 13
Num of labels: 25
Num of Syntactic Features: 59890 1073741823
Creating instances ... 1000 1534 [143 ms]
=============================================
 Training:
=============================================
Running MIRA ... 
  1000 (time=23s)
  Iter 1	loss=25598.2169	uas=0.4207	las=0.5841	[32s]

 |U|^2: 51.108460 min: -0.135232	max: 0.152658
 |V|^2: 51.844150 min: -0.111297	max: 0.116495
 |W|^2: 50.517773 min: -0.565960	max: 0.485395
 |WL|^2: 50.026783 min: -0.105719	max: 0.101211

_____________________________________________

 Evaluation: data/slovene.test.lab.randInit_0.3_R50

  Tokens: 5004
  Sentences: 402
  UAS=0.808353	LAS=0.710032	CAS=0.159204	[4.74s]

_____________________________________________

  1000 (time=18s)
  Iter 2	loss=15497.7821	uas=0.5779	las=0.7445	[28s]

 |U|^2: 53.987844 min: -0.196956	max: 0.210199
 |V|^2: 56.187441 min: -0.153640	max: 0.162214
 |W|^2: 51.436750 min: -0.673860	max: 0.485041
 |WL|^2: 50.088098 min: -0.121612	max: 0.141284

_____________________________________________

 Evaluation: data/slovene.test.lab.randInit_0.3_R50

  Tokens: 5004
  Sentences: 402
  UAS=0.831934	LAS=0.736411	CAS=0.179104	[6.37s]

_____________________________________________

  1000 (time=19s)
  Iter 3	loss=11261.3448	uas=0.6441	las=0.7889	[27s]

 |U|^2: 58.998756 min: -0.187869	max: 0.238824
 |V|^2: 62.266555 min: -0.240710	max: 0.201715
 |W|^2: 53.024328 min: -0.789584	max: 0.536185
 |WL|^2: 50.195680 min: -0.140246	max: 0.176328

_____________________________________________

 Evaluation: data/slovene.test.lab.randInit_0.3_R50

  Tokens: 5004
  Sentences: 402
  UAS=0.838729	LAS=0.746203	CAS=0.201493	[4.92s]

_____________________________________________

  1000 (time=16s)
  Iter 4	loss=8641.3111	uas=0.6943	las=0.8157	[25s]

 |U|^2: 65.505805 min: -0.237984	max: 0.273865
 |V|^2: 69.414148 min: -0.255702	max: 0.232381
 |W|^2: 55.177145 min: -0.873995	max: 0.591123
 |WL|^2: 50.342162 min: -0.165182	max: 0.192417

_____________________________________________

 Evaluation: data/slovene.test.lab.randInit_0.3_R50

  Tokens: 5004
  Sentences: 402
  UAS=0.841327	LAS=0.750799	CAS=0.206468	[5.15s]

_____________________________________________

  1000 (time=15s)
  Iter 5	loss=6719.2723	uas=0.7341	las=0.8350	[23s]

 |U|^2: 73.280534 min: -0.252972	max: 0.286890
 |V|^2: 77.356195 min: -0.280862	max: 0.229744
 |W|^2: 58.116053 min: -1.037545	max: 0.703045
 |WL|^2: 50.527719 min: -0.186578	max: 0.209614

_____________________________________________

 Evaluation: data/slovene.test.lab.randInit_0.3_R50

  Tokens: 5004
  Sentences: 402
  UAS=0.842526	LAS=0.751799	CAS=0.216418	[4.90s]

_____________________________________________

  1000 (time=15s)
  Iter 6	loss=5286.4162	uas=0.7663	las=0.8512	[23s]

 |U|^2: 81.093123 min: -0.294925	max: 0.282886
 |V|^2: 84.922454 min: -0.309628	max: 0.261127
 |W|^2: 61.328602 min: -1.195334	max: 0.774626
 |WL|^2: 50.724093 min: -0.209354	max: 0.214159

_____________________________________________

 Evaluation: data/slovene.test.lab.randInit_0.3_R50

  Tokens: 5004
  Sentences: 402
  UAS=0.844924	LAS=0.753997	CAS=0.213930	[4.81s]

_____________________________________________

  1000 (time=16s)
  Iter 7	loss=4143.0665	uas=0.7997	las=0.8661	[25s]

 |U|^2: 88.171950 min: -0.326460	max: 0.275600
 |V|^2: 91.432136 min: -0.325405	max: 0.259263
 |W|^2: 64.526260 min: -1.302441	max: 0.876768
 |WL|^2: 50.985468 min: -0.231379	max: 0.248236

_____________________________________________

 Evaluation: data/slovene.test.lab.randInit_0.3_R50

  Tokens: 5004
  Sentences: 402
  UAS=0.844924	LAS=0.754996	CAS=0.213930	[6.54s]

_____________________________________________

  1000 (time=15s)
  Iter 8	loss=3285.4614	uas=0.8245	las=0.8794	[22s]

 |U|^2: 94.180672 min: -0.343533	max: 0.285385
 |V|^2: 96.950500 min: -0.338771	max: 0.246631
 |W|^2: 67.600900 min: -1.410772	max: 0.933240
 |WL|^2: 51.237413 min: -0.267873	max: 0.257737

_____________________________________________

 Evaluation: data/slovene.test.lab.randInit_0.3_R50

  Tokens: 5004
  Sentences: 402
  UAS=0.847122	LAS=0.756994	CAS=0.223881	[4.18s]

_____________________________________________

  1000 (time=13s)
  Iter 9	loss=2631.3057	uas=0.8470	las=0.8915	[19s]

 |U|^2: 98.896372 min: -0.358695	max: 0.302116
 |V|^2: 101.182766 min: -0.350360	max: 0.257421
 |W|^2: 70.156797 min: -1.492711	max: 1.007864
 |WL|^2: 51.515370 min: -0.294942	max: 0.275595

_____________________________________________

 Evaluation: data/slovene.test.lab.randInit_0.3_R50

  Tokens: 5004
  Sentences: 402
  UAS=0.846123	LAS=0.756795	CAS=0.223881	[4.50s]

_____________________________________________

  1000 (time=16s)
  Iter 10	loss=2179.4498	uas=0.8668	las=0.9020	[25s]

 |U|^2: 102.673254 min: -0.369365	max: 0.306188
 |V|^2: 104.611071 min: -0.358247	max: 0.273403
 |W|^2: 72.278322 min: -1.545831	max: 1.056633
 |WL|^2: 51.795236 min: -0.326527	max: 0.283503

_____________________________________________

 Evaluation: data/slovene.test.lab.randInit_0.3_R50

  Tokens: 5004
  Sentences: 402
  UAS=0.847322	LAS=0.757394	CAS=0.223881	[6.36s]

_____________________________________________

  1000 (time=18s)
  Iter 11	loss=1819.6525	uas=0.8774	las=0.9090	[25s]

 |U|^2: 105.687624 min: -0.392060	max: 0.309066
 |V|^2: 107.383954 min: -0.360227	max: 0.285021
 |W|^2: 74.064660 min: -1.587129	max: 1.102354
 |WL|^2: 52.065710 min: -0.342851	max: 0.294647

_____________________________________________

 Evaluation: data/slovene.test.lab.randInit_0.3_R50

  Tokens: 5004
  Sentences: 402
  UAS=0.848122	LAS=0.757194	CAS=0.221393	[4.41s]

_____________________________________________

  1000 (time=15s)
  Iter 12	loss=1532.6170	uas=0.8918	las=0.9149	[21s]

 |U|^2: 108.416746 min: -0.396532	max: 0.320585
 |V|^2: 109.904073 min: -0.373285	max: 0.300469
 |W|^2: 75.733256 min: -1.633598	max: 1.134808
 |WL|^2: 52.366973 min: -0.367221	max: 0.310554

_____________________________________________

 Evaluation: data/slovene.test.lab.randInit_0.3_R50

  Tokens: 5004
  Sentences: 402
  UAS=0.848721	LAS=0.757594	CAS=0.223881	[4.44s]

_____________________________________________

  1000 (time=13s)
  Iter 13	loss=1318.4631	uas=0.9027	las=0.9201	[19s]

 |U|^2: 110.399632 min: -0.410429	max: 0.331934
 |V|^2: 111.746875 min: -0.379155	max: 0.304503
 |W|^2: 76.903175 min: -1.654666	max: 1.168115
 |WL|^2: 52.652019 min: -0.401621	max: 0.322543

_____________________________________________

 Evaluation: data/slovene.test.lab.randInit_0.3_R50

  Tokens: 5004
  Sentences: 402
  UAS=0.848521	LAS=0.756595	CAS=0.223881	[4.31s]

_____________________________________________

  1000 (time=16s)
  Iter 14	loss=1163.9399	uas=0.9111	las=0.9260	[23s]

 |U|^2: 112.227412 min: -0.416409	max: 0.338155
 |V|^2: 113.472603 min: -0.384935	max: 0.311954
 |W|^2: 77.985448 min: -1.674511	max: 1.189214
 |WL|^2: 52.958754 min: -0.417049	max: 0.336576

_____________________________________________

 Evaluation: data/slovene.test.lab.randInit_0.3_R50

  Tokens: 5004
  Sentences: 402
  UAS=0.848521	LAS=0.757194	CAS=0.231343	[4.31s]

_____________________________________________

  1000 (time=12s)
  Iter 15	loss=1014.6281	uas=0.9198	las=0.9304	[19s]

 |U|^2: 113.763617 min: -0.420431	max: 0.338550
 |V|^2: 114.934097 min: -0.386677	max: 0.318557
 |W|^2: 78.922651 min: -1.694634	max: 1.211240
 |WL|^2: 53.216709 min: -0.429201	max: 0.348627

_____________________________________________

 Evaluation: data/slovene.test.lab.randInit_0.3_R50

  Tokens: 5004
  Sentences: 402
  UAS=0.847522	LAS=0.755196	CAS=0.228856	[4.28s]

_____________________________________________

  1000 (time=13s)
  Iter 16	loss=899.3455	uas=0.9276	las=0.9340	[20s]

 |U|^2: 115.016496 min: -0.426082	max: 0.334515
 |V|^2: 116.118868 min: -0.386325	max: 0.321966
 |W|^2: 79.621032 min: -1.710924	max: 1.224316
 |WL|^2: 53.466911 min: -0.440841	max: 0.362377

_____________________________________________

 Evaluation: data/slovene.test.lab.randInit_0.3_R50

  Tokens: 5004
  Sentences: 402
  UAS=0.847322	LAS=0.755396	CAS=0.231343	[5.79s]

_____________________________________________

  1000 (time=12s)
  Iter 17	loss=814.3667	uas=0.9303	las=0.9385	[19s]

 |U|^2: 116.168333 min: -0.427426	max: 0.338741
 |V|^2: 117.225598 min: -0.387726	max: 0.325959
 |W|^2: 80.292914 min: -1.724766	max: 1.244380
 |WL|^2: 53.706215 min: -0.457141	max: 0.368988

_____________________________________________

 Evaluation: data/slovene.test.lab.randInit_0.3_R50

  Tokens: 5004
  Sentences: 402
  UAS=0.846922	LAS=0.755396	CAS=0.228856	[4.51s]

_____________________________________________

  1000 (time=12s)
  Iter 18	loss=736.6102	uas=0.9362	las=0.9419	[18s]

 |U|^2: 117.196597 min: -0.436570	max: 0.345233
 |V|^2: 118.221007 min: -0.390627	max: 0.327972
 |W|^2: 80.861597 min: -1.735998	max: 1.255671
 |WL|^2: 53.958755 min: -0.459718	max: 0.381039

_____________________________________________

 Evaluation: data/slovene.test.lab.randInit_0.3_R50

  Tokens: 5004
  Sentences: 402
  UAS=0.847122	LAS=0.755795	CAS=0.228856	[4.16s]

_____________________________________________

  1000 (time=12s)
  Iter 19	loss=671.8306	uas=0.9411	las=0.9450	[18s]

 |U|^2: 118.153090 min: -0.444163	max: 0.361364
 |V|^2: 119.155783 min: -0.391565	max: 0.333969
 |W|^2: 81.342133 min: -1.746217	max: 1.262541
 |WL|^2: 54.244386 min: -0.474674	max: 0.391632

_____________________________________________

 Evaluation: data/slovene.test.lab.randInit_0.3_R50

  Tokens: 5004
  Sentences: 402
  UAS=0.846723	LAS=0.755196	CAS=0.228856	[4.31s]

_____________________________________________

  1000 (time=12s)
  Iter 20	loss=623.6120	uas=0.9423	las=0.9434	[18s]

 |U|^2: 118.996604 min: -0.448620	max: 0.368528
 |V|^2: 119.996194 min: -0.397116	max: 0.339462
 |W|^2: 81.766083 min: -1.755345	max: 1.269029
 |WL|^2: 54.497433 min: -0.480370	max: 0.396474

_____________________________________________

 Evaluation: data/slovene.test.lab.randInit_0.3_R50

  Tokens: 5004
  Sentences: 402
  UAS=0.847522	LAS=0.754996	CAS=0.226368	[4.03s]

_____________________________________________


Training took 600227 ms.
=============================================

 Evaluating: data/slovene.test.lab.randInit_0.3_R50
  Tokens: 5004
  Sentences: 402
  UAS=0.847522	LAS=0.754996	CAS=0.226368	[4.42s]
