------
FLAGS
------
train-file: data/spanish.train.lab.randInit_0.3_R50
test-file: data/spanish.test.lab.randInit_0.3_R50
model-name: runs/spanish.model.lab.randInit_0.3_R50
output-file: null
train: true
test: true
iters: 20
label: true
max-sent: -1
C: 0.01
label-loss-type: 0
gamma: 0.3 0.3
R: 50
word-vector:null
projective: false
pruning: true
hill-climbing converge (train): 300
hill-climbing converge (test): 100
thread: 4
file format: CONLL-X
feature hash bits: 30

use consecutive siblings: false
use grandparent: false
use head bigram: false
use grand siblings: false
use tri-siblings: false
use great-grandparent: false
use parent-sibling-child: false
use high-order: false
model: Basic
------

Creating dictionaries ... 
Filtered DEPLABEL (23-->19)
4 8
Lexical items: 27209 (15 bits)
Tag/label items: 101 (7 bits)  19 (5 bits)
Flag Bits: 9
Creation took [1819 ms]
Creating Alphabet ... [5202 ms]
Hash collision: 0.4391% (22757 / 5182282)
Num of CONLL fine POS tags: 48
Num of CONLL coarse POS tags: 16
Num of labels: 19
Num of Syntactic Features: 125447 1073741823
Creating instances ... 1000 2000 3000 3306 [695 ms]
=============================================
 Training:
=============================================
Running MIRA ... 
  1000 (time=44s)  2000 (time=70s)  3000 (time=96s)
  Iter 1	loss=57892.0355	uas=0.5047	las=0.7954	[103s]

 |U|^2: 64.924708 min: -0.243775	max: 0.319724
 |V|^2: 62.304816 min: -0.225747	max: 0.239553
 |W|^2: 51.545240 min: -0.549088	max: 0.542758
 |WL|^2: 50.135857 min: -0.120371	max: 0.197970

_____________________________________________

 Evaluation: data/spanish.test.lab.randInit_0.3_R50

  Tokens: 4991
  Sentences: 206
  UAS=0.827690	LAS=0.786416	CAS=0.160194	[5.60s]

_____________________________________________

  1000 (time=27s)  2000 (time=47s)  3000 (time=69s)
  Iter 2	loss=38298.4112	uas=0.6170	las=0.8665	[75s]

 |U|^2: 93.567121 min: -0.313268	max: 0.430006
 |V|^2: 85.838292 min: -0.273764	max: 0.494013
 |W|^2: 55.646108 min: -0.727773	max: 0.664370
 |WL|^2: 50.506277 min: -0.162739	max: 0.269943

_____________________________________________

 Evaluation: data/spanish.test.lab.randInit_0.3_R50

  Tokens: 4991
  Sentences: 206
  UAS=0.840112	LAS=0.802845	CAS=0.174757	[4.03s]

_____________________________________________

  1000 (time=24s)  2000 (time=44s)  3000 (time=70s)
  Iter 3	loss=28716.0082	uas=0.6691	las=0.8884	[79s]

 |U|^2: 131.992828 min: -0.358429	max: 0.633078
 |V|^2: 115.162503 min: -0.302890	max: 0.613607
 |W|^2: 61.301342 min: -0.822358	max: 0.790080
 |WL|^2: 51.035964 min: -0.196619	max: 0.312022

_____________________________________________

 Evaluation: data/spanish.test.lab.randInit_0.3_R50

  Tokens: 4991
  Sentences: 206
  UAS=0.847726	LAS=0.812062	CAS=0.189320	[4.41s]

_____________________________________________

  1000 (time=23s)  2000 (time=42s)  3000 (time=62s)
  Iter 4	loss=21995.9634	uas=0.7111	las=0.9039	[68s]

 |U|^2: 176.097149 min: -0.376347	max: 0.692469
 |V|^2: 146.906385 min: -0.327437	max: 0.629197
 |W|^2: 69.835400 min: -0.987506	max: 0.928802
 |WL|^2: 51.838425 min: -0.207389	max: 0.384254

_____________________________________________

 Evaluation: data/spanish.test.lab.randInit_0.3_R50

  Tokens: 4991
  Sentences: 206
  UAS=0.851533	LAS=0.816670	CAS=0.189320	[4.06s]

_____________________________________________

  1000 (time=23s)  2000 (time=41s)  3000 (time=61s)
  Iter 5	loss=16682.4150	uas=0.7516	las=0.9154	[68s]

 |U|^2: 215.483614 min: -0.391860	max: 0.704702
 |V|^2: 174.298085 min: -0.361081	max: 0.593931
 |W|^2: 79.031808 min: -1.083859	max: 1.143428
 |WL|^2: 52.783655 min: -0.264920	max: 0.406906

_____________________________________________

 Evaluation: data/spanish.test.lab.randInit_0.3_R50

  Tokens: 4991
  Sentences: 206
  UAS=0.853937	LAS=0.819275	CAS=0.194175	[3.88s]

_____________________________________________

  1000 (time=22s)  2000 (time=40s)  3000 (time=62s)
  Iter 6	loss=12619.6973	uas=0.7892	las=0.9237	[67s]

 |U|^2: 246.627828 min: -0.373206	max: 0.676358
 |V|^2: 196.256850 min: -0.375964	max: 0.566726
 |W|^2: 89.163568 min: -1.177917	max: 1.372337
 |WL|^2: 53.795888 min: -0.291921	max: 0.452812

_____________________________________________

 Evaluation: data/spanish.test.lab.randInit_0.3_R50

  Tokens: 4991
  Sentences: 206
  UAS=0.854939	LAS=0.819876	CAS=0.194175	[3.95s]

_____________________________________________

  1000 (time=27s)  2000 (time=47s)  3000 (time=69s)
  Iter 7	loss=9546.0550	uas=0.8199	las=0.9306	[75s]

 |U|^2: 269.171114 min: -0.388821	max: 0.643934
 |V|^2: 212.428322 min: -0.398793	max: 0.537058
 |W|^2: 98.093939 min: -1.254850	max: 1.533533
 |WL|^2: 54.776389 min: -0.323269	max: 0.496025

_____________________________________________

 Evaluation: data/spanish.test.lab.randInit_0.3_R50

  Tokens: 4991
  Sentences: 206
  UAS=0.856742	LAS=0.822480	CAS=0.194175	[3.89s]

_____________________________________________

  1000 (time=22s)  2000 (time=40s)  3000 (time=59s)
  Iter 8	loss=7335.9839	uas=0.8472	las=0.9381	[65s]

 |U|^2: 285.968190 min: -0.394735	max: 0.621833
 |V|^2: 224.940917 min: -0.390039	max: 0.516280
 |W|^2: 105.819678 min: -1.328123	max: 1.679025
 |WL|^2: 55.774858 min: -0.331577	max: 0.526023

_____________________________________________

 Evaluation: data/spanish.test.lab.randInit_0.3_R50

  Tokens: 4991
  Sentences: 206
  UAS=0.859347	LAS=0.825686	CAS=0.199029	[4.06s]

_____________________________________________

  1000 (time=21s)  2000 (time=39s)  3000 (time=58s)
  Iter 9	loss=5766.7364	uas=0.8688	las=0.9430	[64s]

 |U|^2: 298.638574 min: -0.386743	max: 0.602167
 |V|^2: 234.549335 min: -0.390997	max: 0.514732
 |W|^2: 111.932452 min: -1.389399	max: 1.776482
 |WL|^2: 56.794407 min: -0.357131	max: 0.545212

_____________________________________________

 Evaluation: data/spanish.test.lab.randInit_0.3_R50

  Tokens: 4991
  Sentences: 206
  UAS=0.859347	LAS=0.826287	CAS=0.199029	[3.98s]

_____________________________________________

  1000 (time=22s)  2000 (time=42s)  3000 (time=62s)
  Iter 10	loss=4609.8148	uas=0.8847	las=0.9482	[67s]

 |U|^2: 308.622984 min: -0.396763	max: 0.573791
 |V|^2: 242.350816 min: -0.431918	max: 0.534392
 |W|^2: 117.066433 min: -1.454888	max: 1.851884
 |WL|^2: 57.763991 min: -0.389806	max: 0.570875

_____________________________________________

 Evaluation: data/spanish.test.lab.randInit_0.3_R50

  Tokens: 4991
  Sentences: 206
  UAS=0.861350	LAS=0.828491	CAS=0.203883	[4.02s]

_____________________________________________

  1000 (time=23s)  2000 (time=40s)  3000 (time=58s)
  Iter 11	loss=3741.2356	uas=0.8974	las=0.9530	[63s]

 |U|^2: 316.573212 min: -0.403159	max: 0.563901
 |V|^2: 248.705982 min: -0.457544	max: 0.555656
 |W|^2: 121.199692 min: -1.515626	max: 1.903418
 |WL|^2: 58.775612 min: -0.420702	max: 0.583780

_____________________________________________

 Evaluation: data/spanish.test.lab.randInit_0.3_R50

  Tokens: 4991
  Sentences: 206
  UAS=0.861551	LAS=0.829092	CAS=0.203883	[3.64s]

_____________________________________________

  1000 (time=21s)  2000 (time=36s)  3000 (time=52s)
  Iter 12	loss=3020.5847	uas=0.9088	las=0.9569	[57s]

 |U|^2: 322.989744 min: -0.412050	max: 0.552935
 |V|^2: 253.924459 min: -0.484417	max: 0.576500
 |W|^2: 124.574062 min: -1.565653	max: 1.954006
 |WL|^2: 59.748791 min: -0.442680	max: 0.595434

_____________________________________________

 Evaluation: data/spanish.test.lab.randInit_0.3_R50

  Tokens: 4991
  Sentences: 206
  UAS=0.861952	LAS=0.830295	CAS=0.203883	[3.79s]

_____________________________________________

  1000 (time=20s)  2000 (time=34s)  3000 (time=51s)
  Iter 13	loss=2508.0033	uas=0.9166	las=0.9597	[56s]

 |U|^2: 328.157099 min: -0.418781	max: 0.547115
 |V|^2: 258.147591 min: -0.510082	max: 0.591296
 |W|^2: 127.267002 min: -1.595961	max: 1.985295
 |WL|^2: 60.617237 min: -0.468334	max: 0.609359

_____________________________________________

 Evaluation: data/spanish.test.lab.randInit_0.3_R50

  Tokens: 4991
  Sentences: 206
  UAS=0.861350	LAS=0.829693	CAS=0.203883	[3.50s]

_____________________________________________

  1000 (time=19s)  2000 (time=34s)  3000 (time=53s)
  Iter 14	loss=2077.8176	uas=0.9252	las=0.9627	[59s]

 |U|^2: 332.416130 min: -0.419926	max: 0.547382
 |V|^2: 261.648013 min: -0.525670	max: 0.606263
 |W|^2: 129.429728 min: -1.623157	max: 2.014196
 |WL|^2: 61.428586 min: -0.487009	max: 0.614503

_____________________________________________

 Evaluation: data/spanish.test.lab.randInit_0.3_R50

  Tokens: 4991
  Sentences: 206
  UAS=0.861551	LAS=0.829693	CAS=0.203883	[3.36s]

_____________________________________________

  1000 (time=20s)  2000 (time=34s)  3000 (time=50s)
  Iter 15	loss=1740.0672	uas=0.9328	las=0.9656	[55s]

 |U|^2: 336.039396 min: -0.428113	max: 0.544772
 |V|^2: 264.646742 min: -0.543808	max: 0.612007
 |W|^2: 131.228905 min: -1.649167	max: 2.039997
 |WL|^2: 62.207861 min: -0.505863	max: 0.616496

_____________________________________________

 Evaluation: data/spanish.test.lab.randInit_0.3_R50

  Tokens: 4991
  Sentences: 206
  UAS=0.862152	LAS=0.830094	CAS=0.203883	[3.75s]

_____________________________________________

  1000 (time=20s)  2000 (time=34s)  3000 (time=50s)
  Iter 16	loss=1442.7501	uas=0.9378	las=0.9688	[55s]

 |U|^2: 338.975152 min: -0.436463	max: 0.543603
 |V|^2: 267.138719 min: -0.557536	max: 0.617609
 |W|^2: 132.738102 min: -1.668440	max: 2.056984
 |WL|^2: 62.860234 min: -0.522317	max: 0.622552

_____________________________________________

 Evaluation: data/spanish.test.lab.randInit_0.3_R50

  Tokens: 4991
  Sentences: 206
  UAS=0.861350	LAS=0.829092	CAS=0.199029	[3.48s]

_____________________________________________

  1000 (time=20s)  2000 (time=35s)  3000 (time=51s)
  Iter 17	loss=1234.0534	uas=0.9423	las=0.9702	[57s]

 |U|^2: 341.526376 min: -0.441918	max: 0.540818
 |V|^2: 269.262360 min: -0.571900	max: 0.625186
 |W|^2: 133.936663 min: -1.682307	max: 2.074189
 |WL|^2: 63.496637 min: -0.534957	max: 0.626190

_____________________________________________

 Evaluation: data/spanish.test.lab.randInit_0.3_R50

  Tokens: 4991
  Sentences: 206
  UAS=0.861350	LAS=0.829092	CAS=0.199029	[3.54s]

_____________________________________________

  1000 (time=19s)  2000 (time=33s)  3000 (time=51s)
  Iter 18	loss=1049.5522	uas=0.9467	las=0.9718	[59s]

 |U|^2: 343.736653 min: -0.445339	max: 0.540463
 |V|^2: 271.150161 min: -0.586128	max: 0.631563
 |W|^2: 134.974594 min: -1.694747	max: 2.086328
 |WL|^2: 64.100753 min: -0.542850	max: 0.629215

_____________________________________________

 Evaluation: data/spanish.test.lab.randInit_0.3_R50

  Tokens: 4991
  Sentences: 206
  UAS=0.860549	LAS=0.828291	CAS=0.199029	[5.73s]

_____________________________________________

  1000 (time=19s)  2000 (time=34s)  3000 (time=50s)
  Iter 19	loss=897.3339	uas=0.9502	las=0.9731	[56s]

 |U|^2: 345.584932 min: -0.448171	max: 0.542353
 |V|^2: 272.745257 min: -0.593013	max: 0.634925
 |W|^2: 135.850332 min: -1.705042	max: 2.096782
 |WL|^2: 64.609862 min: -0.549169	max: 0.630068

_____________________________________________

 Evaluation: data/spanish.test.lab.randInit_0.3_R50

  Tokens: 4991
  Sentences: 206
  UAS=0.860349	LAS=0.828291	CAS=0.199029	[3.54s]

_____________________________________________

  1000 (time=18s)  2000 (time=33s)  3000 (time=50s)
  Iter 20	loss=778.7761	uas=0.9520	las=0.9749	[55s]

 |U|^2: 347.183160 min: -0.451209	max: 0.547674
 |V|^2: 274.090092 min: -0.604050	max: 0.640308
 |W|^2: 136.536823 min: -1.714313	max: 2.107054
 |WL|^2: 65.084417 min: -0.553317	max: 0.631900

_____________________________________________

 Evaluation: data/spanish.test.lab.randInit_0.3_R50

  Tokens: 4991
  Sentences: 206
  UAS=0.859748	LAS=0.827489	CAS=0.199029	[3.62s]

_____________________________________________


Training took 1441750 ms.
=============================================

 Evaluating: data/spanish.test.lab.randInit_0.3_R50
  Tokens: 4991
  Sentences: 206
  UAS=0.859748	LAS=0.827489	CAS=0.199029	[7.79s]
