------
FLAGS
------
train-file: data/spanish.train.lab.svd_0.3_R50
test-file: data/spanish.test.lab.svd_0.3_R50
model-name: runs/spanish.model.lab.svd_0.3_R50
output-file: null
train: true
test: true
iters: 20
label: true
max-sent: -1
C: 0.01
label-loss-type: 0
gamma: 0.3 0.3
R: 50
word-vector:null
projective: false
pruning: true
hill-climbing converge (train): 300
hill-climbing converge (test): 100
thread: 4
file format: CONLL-X
feature hash bits: 30

use consecutive siblings: false
use grandparent: false
use head bigram: false
use grand siblings: false
use tri-siblings: false
use great-grandparent: false
use parent-sibling-child: false
use high-order: false
model: Basic
------

Creating dictionaries ... 
Filtered DEPLABEL (23-->19)
4 8
Lexical items: 27209 (15 bits)
Tag/label items: 101 (7 bits)  19 (5 bits)
Flag Bits: 9
Creation took [1893 ms]
Creating Alphabet ... [3478 ms]
Hash collision: 0.4391% (22757 / 5182282)
Num of CONLL fine POS tags: 48
Num of CONLL coarse POS tags: 16
Num of labels: 19
Num of Syntactic Features: 125447 1073741823
Creating instances ... 1000 2000 3000 3306 [427 ms]
=============================================
 Pre-training:
=============================================
Running MIRA ... 
  1000 (time=23s)  2000 (time=36s)  3000 (time=51s)
  Iter 1	loss=59239.6216	uas=0.5287	las=0.7997	[55s]

 |U|^2: 0.000000 min: Infinity	max: -Infinity
 |V|^2: 0.000000 min: Infinity	max: -Infinity
 |W|^2: 0.000000 min: Infinity	max: -Infinity
 |WL|^2: 0.000000 min: Infinity	max: -Infinity

Init tensor ... 
  Unfolding matrix: 2707182 / (125447*1881705)  0.00% entries.
  Rank: 50 (max:50)  Sigma: max=1.837362 cut=0.284416

 |U|^2: 50.000000 min: -0.941692	max: 0.879835
 |V|^2: 50.000000 min: -0.963609	max: 0.978925
 |W|^2: 10.413957 min: -1.727023	max: 0.417141

Pre-training took 73322 ms.
=============================================

=============================================
 Training:
=============================================
Running MIRA ... 
  1000 (time=21s)  2000 (time=38s)  3000 (time=60s)
  Iter 1	loss=55235.9404	uas=0.5489	las=0.8017	[67s]

 |U|^2: 131.866031 min: -0.945102	max: 1.042708
 |V|^2: 121.444549 min: -0.884778	max: 0.655210
 |W|^2: 17.094162 min: -0.630844	max: 0.643322
 |WL|^2: 6.778208 min: -0.516747	max: 0.342593

_____________________________________________

 Evaluation: data/spanish.test.lab.svd_0.3_R50

  Tokens: 4991
  Sentences: 206
  UAS=0.841314	LAS=0.800842	CAS=0.160194	[3.62s]

_____________________________________________

  1000 (time=24s)  2000 (time=46s)  3000 (time=67s)
  Iter 2	loss=34888.5145	uas=0.6580	las=0.8724	[75s]

 |U|^2: 201.738525 min: -0.875840	max: 0.996951
 |V|^2: 175.774712 min: -0.899003	max: 0.672605
 |W|^2: 27.416475 min: -0.784138	max: 0.760713
 |WL|^2: 9.973038 min: -0.690016	max: 0.356463

_____________________________________________

 Evaluation: data/spanish.test.lab.svd_0.3_R50

  Tokens: 4991
  Sentences: 206
  UAS=0.854538	LAS=0.817071	CAS=0.179612	[4.60s]

_____________________________________________

  1000 (time=24s)  2000 (time=42s)  3000 (time=61s)
  Iter 3	loss=24173.4915	uas=0.7175	las=0.8937	[67s]

 |U|^2: 259.270362 min: -0.894444	max: 1.006620
 |V|^2: 217.863628 min: -0.945094	max: 0.715102
 |W|^2: 40.078928 min: -0.875101	max: 0.852598
 |WL|^2: 12.719323 min: -0.771216	max: 0.385685

_____________________________________________

 Evaluation: data/spanish.test.lab.svd_0.3_R50

  Tokens: 4991
  Sentences: 206
  UAS=0.858946	LAS=0.823082	CAS=0.189320	[3.61s]

_____________________________________________

  1000 (time=21s)  2000 (time=38s)  3000 (time=56s)
  Iter 4	loss=16985.6257	uas=0.7711	las=0.9090	[61s]

 |U|^2: 300.096968 min: -0.999632	max: 1.018927
 |V|^2: 247.816070 min: -1.015419	max: 0.746212
 |W|^2: 52.403104 min: -0.968565	max: 0.973878
 |WL|^2: 15.513645 min: -0.842127	max: 0.469786

_____________________________________________

 Evaluation: data/spanish.test.lab.svd_0.3_R50

  Tokens: 4991
  Sentences: 206
  UAS=0.859547	LAS=0.825486	CAS=0.194175	[4.39s]

_____________________________________________

  1000 (time=23s)  2000 (time=43s)  3000 (time=65s)
  Iter 5	loss=12215.6886	uas=0.8137	las=0.9214	[71s]

 |U|^2: 328.718651 min: -1.054183	max: 1.055180
 |V|^2: 269.289386 min: -1.090774	max: 0.771565
 |W|^2: 63.134961 min: -1.124396	max: 1.033518
 |WL|^2: 17.968675 min: -0.902815	max: 0.514851

_____________________________________________

 Evaluation: data/spanish.test.lab.svd_0.3_R50

  Tokens: 4991
  Sentences: 206
  UAS=0.863755	LAS=0.829693	CAS=0.203883	[4.27s]

_____________________________________________

  1000 (time=22s)  2000 (time=37s)  3000 (time=55s)
  Iter 6	loss=9045.2721	uas=0.8468	las=0.9312	[61s]

 |U|^2: 349.245792 min: -1.093320	max: 1.039320
 |V|^2: 284.868923 min: -1.150444	max: 0.785072
 |W|^2: 71.536720 min: -1.245979	max: 1.083217
 |WL|^2: 20.070790 min: -0.923291	max: 0.582891

_____________________________________________

 Evaluation: data/spanish.test.lab.svd_0.3_R50

  Tokens: 4991
  Sentences: 206
  UAS=0.865358	LAS=0.832699	CAS=0.203883	[3.38s]

_____________________________________________

  1000 (time=19s)  2000 (time=37s)  3000 (time=57s)
  Iter 7	loss=6824.2809	uas=0.8724	las=0.9387	[62s]

 |U|^2: 364.473659 min: -1.124074	max: 1.055897
 |V|^2: 296.680027 min: -1.195727	max: 0.793539
 |W|^2: 77.943606 min: -1.343482	max: 1.106219
 |WL|^2: 22.209960 min: -0.971059	max: 0.638600

_____________________________________________

 Evaluation: data/spanish.test.lab.svd_0.3_R50

  Tokens: 4991
  Sentences: 206
  UAS=0.865157	LAS=0.833500	CAS=0.208738	[3.64s]

_____________________________________________

  1000 (time=21s)  2000 (time=39s)  3000 (time=58s)
  Iter 8	loss=5277.7210	uas=0.8895	las=0.9454	[63s]

 |U|^2: 375.938348 min: -1.161814	max: 1.056582
 |V|^2: 305.776668 min: -1.234045	max: 0.805294
 |W|^2: 83.152086 min: -1.407847	max: 1.123337
 |WL|^2: 23.886346 min: -1.003127	max: 0.693523

_____________________________________________

 Evaluation: data/spanish.test.lab.svd_0.3_R50

  Tokens: 4991
  Sentences: 206
  UAS=0.867562	LAS=0.837107	CAS=0.208738	[4.11s]

_____________________________________________

  1000 (time=22s)  2000 (time=37s)  3000 (time=54s)
  Iter 9	loss=4101.7228	uas=0.9058	las=0.9514	[59s]

 |U|^2: 384.687679 min: -1.171372	max: 1.058587
 |V|^2: 312.808463 min: -1.266216	max: 0.812402
 |W|^2: 87.169498 min: -1.458468	max: 1.126504
 |WL|^2: 25.343948 min: -1.025246	max: 0.736224

_____________________________________________

 Evaluation: data/spanish.test.lab.svd_0.3_R50

  Tokens: 4991
  Sentences: 206
  UAS=0.867562	LAS=0.836906	CAS=0.203883	[3.98s]

_____________________________________________

  1000 (time=22s)  2000 (time=39s)  3000 (time=62s)
  Iter 10	loss=3235.5964	uas=0.9171	las=0.9571	[68s]

 |U|^2: 391.718741 min: -1.194869	max: 1.080819
 |V|^2: 318.609227 min: -1.295825	max: 0.816487
 |W|^2: 90.495733 min: -1.501197	max: 1.144878
 |WL|^2: 26.738784 min: -1.038206	max: 0.772358

_____________________________________________

 Evaluation: data/spanish.test.lab.svd_0.3_R50

  Tokens: 4991
  Sentences: 206
  UAS=0.866560	LAS=0.835504	CAS=0.199029	[4.49s]

_____________________________________________

  1000 (time=21s)  2000 (time=38s)  3000 (time=57s)
  Iter 11	loss=2615.4704	uas=0.9255	las=0.9605	[65s]

 |U|^2: 397.120413 min: -1.227527	max: 1.087806
 |V|^2: 323.066462 min: -1.314050	max: 0.832866
 |W|^2: 93.068625 min: -1.535128	max: 1.157512
 |WL|^2: 27.834322 min: -1.055666	max: 0.792747

_____________________________________________

 Evaluation: data/spanish.test.lab.svd_0.3_R50

  Tokens: 4991
  Sentences: 206
  UAS=0.864957	LAS=0.834702	CAS=0.199029	[5.23s]

_____________________________________________

  1000 (time=20s)  2000 (time=36s)  3000 (time=57s)
  Iter 12	loss=2097.1782	uas=0.9346	las=0.9633	[63s]

 |U|^2: 401.541034 min: -1.244656	max: 1.097496
 |V|^2: 326.784257 min: -1.335399	max: 0.854848
 |W|^2: 95.152094 min: -1.556101	max: 1.160331
 |WL|^2: 28.849228 min: -1.069973	max: 0.820141

_____________________________________________

 Evaluation: data/spanish.test.lab.svd_0.3_R50

  Tokens: 4991
  Sentences: 206
  UAS=0.864757	LAS=0.835103	CAS=0.199029	[4.12s]

_____________________________________________

  1000 (time=20s)  2000 (time=37s)  3000 (time=53s)
  Iter 13	loss=1732.0921	uas=0.9401	las=0.9679	[58s]

 |U|^2: 405.163476 min: -1.267274	max: 1.106229
 |V|^2: 329.867354 min: -1.349854	max: 0.865456
 |W|^2: 96.943280 min: -1.579447	max: 1.163288
 |WL|^2: 29.695071 min: -1.076787	max: 0.839089

_____________________________________________

 Evaluation: data/spanish.test.lab.svd_0.3_R50

  Tokens: 4991
  Sentences: 206
  UAS=0.864155	LAS=0.834502	CAS=0.194175	[3.66s]

_____________________________________________

  1000 (time=22s)  2000 (time=36s)  3000 (time=53s)
  Iter 14	loss=1466.6691	uas=0.9448	las=0.9691	[57s]

 |U|^2: 408.210437 min: -1.285985	max: 1.104731
 |V|^2: 332.452272 min: -1.365870	max: 0.882294
 |W|^2: 98.449764 min: -1.595774	max: 1.172513
 |WL|^2: 30.389485 min: -1.082598	max: 0.851586

_____________________________________________

 Evaluation: data/spanish.test.lab.svd_0.3_R50

  Tokens: 4991
  Sentences: 206
  UAS=0.863755	LAS=0.834502	CAS=0.189320	[3.42s]

_____________________________________________

  1000 (time=18s)  2000 (time=33s)  3000 (time=49s)
  Iter 15	loss=1196.1359	uas=0.9507	las=0.9714	[54s]

 |U|^2: 410.676646 min: -1.300495	max: 1.113062
 |V|^2: 334.535671 min: -1.373206	max: 0.888214
 |W|^2: 99.647865 min: -1.609408	max: 1.174531
 |WL|^2: 30.978131 min: -1.091197	max: 0.866193

_____________________________________________

 Evaluation: data/spanish.test.lab.svd_0.3_R50

  Tokens: 4991
  Sentences: 206
  UAS=0.863554	LAS=0.834702	CAS=0.194175	[3.49s]

_____________________________________________

  1000 (time=19s)  2000 (time=35s)  3000 (time=51s)
  Iter 16	loss=1007.7677	uas=0.9543	las=0.9737	[55s]

 |U|^2: 412.764975 min: -1.310681	max: 1.117746
 |V|^2: 336.297278 min: -1.381122	max: 0.906357
 |W|^2: 100.658667 min: -1.621477	max: 1.179919
 |WL|^2: 31.478427 min: -1.096066	max: 0.875377

_____________________________________________

 Evaluation: data/spanish.test.lab.svd_0.3_R50

  Tokens: 4991
  Sentences: 206
  UAS=0.863354	LAS=0.834502	CAS=0.194175	[3.42s]

_____________________________________________

  1000 (time=17s)  2000 (time=31s)  3000 (time=50s)
  Iter 17	loss=856.7319	uas=0.9570	las=0.9758	[55s]

 |U|^2: 414.541981 min: -1.323285	max: 1.113649
 |V|^2: 337.803092 min: -1.389233	max: 0.910649
 |W|^2: 101.489945 min: -1.631882	max: 1.181799
 |WL|^2: 31.953605 min: -1.099652	max: 0.886684

_____________________________________________

 Evaluation: data/spanish.test.lab.svd_0.3_R50

  Tokens: 4991
  Sentences: 206
  UAS=0.863554	LAS=0.834502	CAS=0.189320	[4.78s]

_____________________________________________

  1000 (time=22s)  2000 (time=38s)  3000 (time=54s)
  Iter 18	loss=741.8217	uas=0.9608	las=0.9766	[58s]

 |U|^2: 416.067312 min: -1.330372	max: 1.117344
 |V|^2: 339.100229 min: -1.395121	max: 0.921172
 |W|^2: 102.225645 min: -1.639508	max: 1.185734
 |WL|^2: 32.342075 min: -1.102131	max: 0.893547

_____________________________________________

 Evaluation: data/spanish.test.lab.svd_0.3_R50

  Tokens: 4991
  Sentences: 206
  UAS=0.863755	LAS=0.834702	CAS=0.189320	[3.04s]

_____________________________________________

  1000 (time=18s)  2000 (time=32s)  3000 (time=49s)
  Iter 19	loss=638.3540	uas=0.9630	las=0.9780	[54s]

 |U|^2: 417.314990 min: -1.338499	max: 1.116904
 |V|^2: 340.139996 min: -1.401171	max: 0.923219
 |W|^2: 102.799505 min: -1.646759	max: 1.186712
 |WL|^2: 32.659061 min: -1.106324	max: 0.896769

_____________________________________________

 Evaluation: data/spanish.test.lab.svd_0.3_R50

  Tokens: 4991
  Sentences: 206
  UAS=0.862753	LAS=0.833701	CAS=0.189320	[3.25s]

_____________________________________________

  1000 (time=19s)  2000 (time=33s)  3000 (time=49s)
  Iter 20	loss=551.6895	uas=0.9656	las=0.9793	[53s]

 |U|^2: 418.381441 min: -1.344256	max: 1.120978
 |V|^2: 341.017477 min: -1.405650	max: 0.921587
 |W|^2: 103.263052 min: -1.653123	max: 1.189572
 |WL|^2: 32.941767 min: -1.105753	max: 0.897936

_____________________________________________

 Evaluation: data/spanish.test.lab.svd_0.3_R50

  Tokens: 4991
  Sentences: 206
  UAS=0.861751	LAS=0.832498	CAS=0.189320	[3.01s]

_____________________________________________


Training took 1359600 ms.
=============================================

 Evaluating: data/spanish.test.lab.svd_0.3_R50
  Tokens: 4991
  Sentences: 206
  UAS=0.861751	LAS=0.832498	CAS=0.189320	[3.12s]
