------
FLAGS
------
train-file: data/swedish.train.lab.svd_0.3_R50
test-file: data/swedish.test.lab.svd_0.3_R50
model-name: runs/swedish.model.lab.svd_0.3_R50
output-file: null
train: true
test: true
iters: 20
label: true
max-sent: -1
C: 0.01
label-loss-type: 0
gamma: 0.3 0.3
R: 50
word-vector:null
projective: false
pruning: true
hill-climbing converge (train): 300
hill-climbing converge (test): 100
thread: 4
file format: CONLL-X
feature hash bits: 30

use consecutive siblings: false
use grandparent: false
use head bigram: false
use grand siblings: false
use tri-siblings: false
use great-grandparent: false
use parent-sibling-child: false
use high-order: false
model: Basic
------

Creating dictionaries ... 
Filtered DEPLABEL (66-->58)
4 8
Lexical items: 19700 (15 bits)
Tag/label items: 88 (7 bits)  58 (6 bits)
Flag Bits: 10
Creation took [1514 ms]
Creating Alphabet ... [4847 ms]
Hash collision: 0.2746% (8596 / 3129968)
Num of CONLL fine POS tags: 42
Num of CONLL coarse POS tags: 42
Num of labels: 58
Num of Syntactic Features: 71156 1073741823
Creating instances ... 1000 2000 3000 4000 5000 6000 7000 8000 9000 10000 11000 11042 [496 ms]
=============================================
 Pre-training:
=============================================
Running MIRA ... 
  1104 (time=19s)  2208 (time=31s)  3312 (time=45s)  4416 (time=56s)  5520 (time=69s)  6624 (time=78s)  7728 (time=85s)  8832 (time=94s)  9936 (time=104s)  11040 (time=119s)
  Iter 1	loss=122059.1360	uas=0.6131	las=0.7207	[119s]

 |U|^2: 0.000000 min: Infinity	max: -Infinity
 |V|^2: 0.000000 min: Infinity	max: -Infinity
 |W|^2: 0.000000 min: Infinity	max: -Infinity
 |WL|^2: 0.000000 min: Infinity	max: -Infinity

Init tensor ... 
  Unfolding matrix: 1170659 / (71156*1067340)  0.00% entries.
  Rank: 50 (max:50)  Sigma: max=3.194985 cut=0.537528

 |U|^2: 50.000000 min: -0.568981	max: 0.974549
 |V|^2: 50.000000 min: -0.980680	max: 0.983448
 |W|^2: 28.324505 min: -2.678348	max: 0.694515

Pre-training took 130154 ms.
=============================================

=============================================
 Training:
=============================================
Running MIRA ... 
  1104 (time=18s)  2208 (time=34s)  3312 (time=49s)  4416 (time=66s)  5520 (time=83s)  6624 (time=94s)  7728 (time=107s)  8832 (time=120s)  9936 (time=133s)  11040 (time=153s)
  Iter 1	loss=117331.4209	uas=0.6417	las=0.6786	[153s]

 |U|^2: 223.991472 min: -0.877825	max: 0.848616
 |V|^2: 220.046126 min: -0.879902	max: 1.100605
 |W|^2: 38.582821 min: -1.120398	max: 0.850806
 |WL|^2: 31.255450 min: -0.572187	max: 0.914345

_____________________________________________

 Evaluation: data/swedish.test.lab.svd_0.3_R50

  Tokens: 5021
  Sentences: 389
  UAS=0.885481	LAS=0.789086	CAS=0.223650	[3.37s]

_____________________________________________

  1104 (time=14s)  2208 (time=28s)  3312 (time=42s)  4416 (time=58s)  5520 (time=73s)  6624 (time=86s)  7728 (time=97s)  8832 (time=112s)  9936 (time=124s)  11040 (time=141s)
  Iter 2	loss=81209.0179	uas=0.7252	las=0.7731	[141s]

 |U|^2: 351.045118 min: -0.826887	max: 0.887218
 |V|^2: 345.965407 min: -0.820026	max: 1.091188
 |W|^2: 51.029944 min: -1.199471	max: 0.965852
 |WL|^2: 48.585094 min: -0.742928	max: 0.993532

_____________________________________________

 Evaluation: data/swedish.test.lab.svd_0.3_R50

  Tokens: 5021
  Sentences: 389
  UAS=0.893448	LAS=0.803824	CAS=0.236504	[2.93s]

_____________________________________________

  1104 (time=14s)  2208 (time=27s)  3312 (time=41s)  4416 (time=57s)  5520 (time=72s)  6624 (time=81s)  7728 (time=92s)  8832 (time=105s)  9936 (time=117s)  11040 (time=133s)
  Iter 3	loss=64804.0446	uas=0.7571	las=0.8024	[133s]

 |U|^2: 474.721058 min: -0.807473	max: 0.924228
 |V|^2: 464.875631 min: -0.846002	max: 1.094819
 |W|^2: 66.072535 min: -1.302941	max: 0.980014
 |WL|^2: 63.842921 min: -0.842143	max: 0.995739

_____________________________________________

 Evaluation: data/swedish.test.lab.svd_0.3_R50

  Tokens: 5021
  Sentences: 389
  UAS=0.897431	LAS=0.814380	CAS=0.249357	[3.23s]

_____________________________________________

  1104 (time=14s)  2208 (time=27s)  3312 (time=40s)  4416 (time=55s)  5520 (time=69s)  6624 (time=77s)  7728 (time=85s)  8832 (time=96s)  9936 (time=106s)  11040 (time=124s)
  Iter 4	loss=52905.1299	uas=0.7797	las=0.8224	[124s]

 |U|^2: 588.642806 min: -0.810335	max: 0.924263
 |V|^2: 573.086888 min: -0.898685	max: 1.077811
 |W|^2: 82.977640 min: -1.417251	max: 1.038698
 |WL|^2: 78.917399 min: -0.953789	max: 1.071781

_____________________________________________

 Evaluation: data/swedish.test.lab.svd_0.3_R50

  Tokens: 5021
  Sentences: 389
  UAS=0.900219	LAS=0.820355	CAS=0.259640	[3.20s]

_____________________________________________

  1104 (time=14s)  2208 (time=27s)  3312 (time=40s)  4416 (time=53s)  5520 (time=65s)  6624 (time=74s)  7728 (time=83s)  8832 (time=93s)  9936 (time=104s)  11040 (time=118s)
  Iter 5	loss=43377.8975	uas=0.8017	las=0.8380	[118s]

 |U|^2: 686.015346 min: -0.780131	max: 0.915789
 |V|^2: 666.873338 min: -0.917108	max: 1.076094
 |W|^2: 102.189441 min: -1.536969	max: 1.088826
 |WL|^2: 92.902488 min: -0.997301	max: 1.116725

_____________________________________________

 Evaluation: data/swedish.test.lab.svd_0.3_R50

  Tokens: 5021
  Sentences: 389
  UAS=0.902609	LAS=0.827126	CAS=0.280206	[2.80s]

_____________________________________________

  1104 (time=13s)  2208 (time=24s)  3312 (time=35s)  4416 (time=47s)  5520 (time=58s)  6624 (time=66s)  7728 (time=74s)  8832 (time=84s)  9936 (time=93s)  11040 (time=107s)
  Iter 6	loss=35638.5992	uas=0.8240	las=0.8508	[107s]

 |U|^2: 764.864666 min: -0.811260	max: 0.885372
 |V|^2: 745.829830 min: -0.939766	max: 1.118634
 |W|^2: 120.219310 min: -1.633628	max: 1.132307
 |WL|^2: 106.556903 min: -1.063336	max: 1.168934

_____________________________________________

 Evaluation: data/swedish.test.lab.svd_0.3_R50

  Tokens: 5021
  Sentences: 389
  UAS=0.903804	LAS=0.829914	CAS=0.277635	[2.79s]

_____________________________________________

  1104 (time=11s)  2208 (time=22s)  3312 (time=33s)  4416 (time=45s)  5520 (time=56s)  6624 (time=64s)  7728 (time=73s)  8832 (time=82s)  9936 (time=92s)  11040 (time=107s)
  Iter 7	loss=29516.0690	uas=0.8436	las=0.8618	[107s]

 |U|^2: 829.880335 min: -0.768839	max: 0.899992
 |V|^2: 813.019891 min: -1.001506	max: 1.116916
 |W|^2: 137.796827 min: -1.704436	max: 1.181871
 |WL|^2: 119.173639 min: -1.100680	max: 1.217849

_____________________________________________

 Evaluation: data/swedish.test.lab.svd_0.3_R50

  Tokens: 5021
  Sentences: 389
  UAS=0.903605	LAS=0.831508	CAS=0.287918	[2.91s]

_____________________________________________

  1104 (time=11s)  2208 (time=22s)  3312 (time=33s)  4416 (time=45s)  5520 (time=57s)  6624 (time=66s)  7728 (time=74s)  8832 (time=83s)  9936 (time=92s)  11040 (time=104s)
  Iter 8	loss=24678.9812	uas=0.8610	las=0.8715	[104s]

 |U|^2: 883.664824 min: -0.776297	max: 0.890344
 |V|^2: 870.776182 min: -1.056592	max: 1.145997
 |W|^2: 153.257810 min: -1.784328	max: 1.239364
 |WL|^2: 131.393857 min: -1.177301	max: 1.236915

_____________________________________________

 Evaluation: data/swedish.test.lab.svd_0.3_R50

  Tokens: 5021
  Sentences: 389
  UAS=0.902410	LAS=0.832105	CAS=0.290488	[2.54s]

_____________________________________________

  1104 (time=10s)  2208 (time=21s)  3312 (time=31s)  4416 (time=43s)  5520 (time=54s)  6624 (time=63s)  7728 (time=72s)  8832 (time=81s)  9936 (time=90s)  11040 (time=104s)
  Iter 9	loss=20860.9234	uas=0.8754	las=0.8801	[104s]

 |U|^2: 928.615665 min: -0.769307	max: 0.867533
 |V|^2: 920.405827 min: -1.085919	max: 1.161917
 |W|^2: 166.484947 min: -1.828495	max: 1.265933
 |WL|^2: 142.608290 min: -1.218990	max: 1.274747

_____________________________________________

 Evaluation: data/swedish.test.lab.svd_0.3_R50

  Tokens: 5021
  Sentences: 389
  UAS=0.901613	LAS=0.832304	CAS=0.290488	[2.50s]

_____________________________________________

  1104 (time=10s)  2208 (time=21s)  3312 (time=31s)  4416 (time=43s)  5520 (time=55s)  6624 (time=63s)  7728 (time=71s)  8832 (time=80s)  9936 (time=90s)  11040 (time=103s)
  Iter 10	loss=17793.0312	uas=0.8870	las=0.8875	[103s]

 |U|^2: 966.645934 min: -0.764470	max: 0.895045
 |V|^2: 963.583784 min: -1.123586	max: 1.188232
 |W|^2: 177.840122 min: -1.873584	max: 1.285227
 |WL|^2: 152.902591 min: -1.280120	max: 1.321625

_____________________________________________

 Evaluation: data/swedish.test.lab.svd_0.3_R50

  Tokens: 5021
  Sentences: 389
  UAS=0.903007	LAS=0.834893	CAS=0.293059	[2.77s]

_____________________________________________

  1104 (time=11s)  2208 (time=22s)  3312 (time=33s)  4416 (time=45s)  5520 (time=57s)  6624 (time=65s)  7728 (time=73s)  8832 (time=83s)  9936 (time=92s)  11040 (time=105s)
  Iter 11	loss=15331.7501	uas=0.8970	las=0.8943	[105s]

 |U|^2: 999.388463 min: -0.762868	max: 0.886248
 |V|^2: 1001.211104 min: -1.152292	max: 1.211931
 |W|^2: 187.423400 min: -1.918005	max: 1.314073
 |WL|^2: 162.570686 min: -1.329574	max: 1.351750

_____________________________________________

 Evaluation: data/swedish.test.lab.svd_0.3_R50

  Tokens: 5021
  Sentences: 389
  UAS=0.902211	LAS=0.834893	CAS=0.293059	[2.64s]

_____________________________________________

  1104 (time=11s)  2208 (time=22s)  3312 (time=32s)  4416 (time=45s)  5520 (time=57s)  6624 (time=65s)  7728 (time=74s)  8832 (time=83s)  9936 (time=92s)  11040 (time=105s)
  Iter 12	loss=13349.8553	uas=0.9051	las=0.9014	[105s]

 |U|^2: 1027.661224 min: -0.774316	max: 0.923829
 |V|^2: 1034.231622 min: -1.203182	max: 1.244440
 |W|^2: 195.809735 min: -1.966371	max: 1.335110
 |WL|^2: 171.243152 min: -1.339593	max: 1.372119

_____________________________________________

 Evaluation: data/swedish.test.lab.svd_0.3_R50

  Tokens: 5021
  Sentences: 389
  UAS=0.902410	LAS=0.836288	CAS=0.298201	[3.00s]

_____________________________________________

  1104 (time=11s)  2208 (time=22s)  3312 (time=33s)  4416 (time=45s)  5520 (time=56s)  6624 (time=65s)  7728 (time=73s)  8832 (time=83s)  9936 (time=92s)  11040 (time=104s)
  Iter 13	loss=11696.9790	uas=0.9120	las=0.9073	[104s]

 |U|^2: 1052.622682 min: -0.771873	max: 0.943401
 |V|^2: 1063.345028 min: -1.219733	max: 1.263771
 |W|^2: 202.860175 min: -1.999480	max: 1.345302
 |WL|^2: 179.447696 min: -1.390056	max: 1.406779

_____________________________________________

 Evaluation: data/swedish.test.lab.svd_0.3_R50

  Tokens: 5021
  Sentences: 389
  UAS=0.902410	LAS=0.836088	CAS=0.298201	[2.59s]

_____________________________________________

  1104 (time=10s)  2208 (time=21s)  3312 (time=31s)  4416 (time=44s)  5520 (time=55s)  6624 (time=63s)  7728 (time=71s)  8832 (time=80s)  9936 (time=89s)  11040 (time=103s)
  Iter 14	loss=10345.3569	uas=0.9182	las=0.9123	[103s]

 |U|^2: 1074.446443 min: -0.769214	max: 0.962565
 |V|^2: 1088.978592 min: -1.243599	max: 1.296093
 |W|^2: 209.005307 min: -2.025940	max: 1.366122
 |WL|^2: 186.801368 min: -1.410145	max: 1.418073

_____________________________________________

 Evaluation: data/swedish.test.lab.svd_0.3_R50

  Tokens: 5021
  Sentences: 389
  UAS=0.902012	LAS=0.837084	CAS=0.298201	[3.19s]

_____________________________________________

  1104 (time=13s)  2208 (time=25s)  3312 (time=38s)  4416 (time=52s)  5520 (time=64s)  6624 (time=72s)  7728 (time=80s)  8832 (time=89s)  9936 (time=98s)  11040 (time=110s)
  Iter 15	loss=9188.7319	uas=0.9235	las=0.9166	[110s]

 |U|^2: 1093.867483 min: -0.788514	max: 0.995781
 |V|^2: 1111.487738 min: -1.273648	max: 1.305852
 |W|^2: 214.190674 min: -2.047465	max: 1.375647
 |WL|^2: 193.706627 min: -1.430430	max: 1.440025

_____________________________________________

 Evaluation: data/swedish.test.lab.svd_0.3_R50

  Tokens: 5021
  Sentences: 389
  UAS=0.902012	LAS=0.837283	CAS=0.303342	[2.56s]

_____________________________________________

  1104 (time=10s)  2208 (time=21s)  3312 (time=31s)  4416 (time=42s)  5520 (time=53s)  6624 (time=60s)  7728 (time=68s)  8832 (time=76s)  9936 (time=84s)  11040 (time=96s)
  Iter 16	loss=8236.3015	uas=0.9275	las=0.9208	[97s]

 |U|^2: 1111.251808 min: -0.783703	max: 0.996440
 |V|^2: 1131.417699 min: -1.273171	max: 1.324354
 |W|^2: 218.729947 min: -2.075813	max: 1.389075
 |WL|^2: 200.068134 min: -1.454730	max: 1.469249

_____________________________________________

 Evaluation: data/swedish.test.lab.svd_0.3_R50

  Tokens: 5021
  Sentences: 389
  UAS=0.901613	LAS=0.836885	CAS=0.303342	[2.52s]

_____________________________________________

  1104 (time=10s)  2208 (time=20s)  3312 (time=30s)  4416 (time=41s)  5520 (time=51s)  6624 (time=59s)  7728 (time=67s)  8832 (time=75s)  9936 (time=84s)  11040 (time=96s)
  Iter 17	loss=7392.7394	uas=0.9322	las=0.9248	[96s]

 |U|^2: 1126.698780 min: -0.790223	max: 1.018258
 |V|^2: 1148.877603 min: -1.293505	max: 1.358487
 |W|^2: 222.489811 min: -2.092755	max: 1.390119
 |WL|^2: 205.837457 min: -1.473903	max: 1.485719

_____________________________________________

 Evaluation: data/swedish.test.lab.svd_0.3_R50

  Tokens: 5021
  Sentences: 389
  UAS=0.900418	LAS=0.836088	CAS=0.305913	[2.54s]

_____________________________________________

  1104 (time=10s)  2208 (time=20s)  3312 (time=30s)  4416 (time=41s)  5520 (time=51s)  6624 (time=59s)  7728 (time=66s)  8832 (time=74s)  9936 (time=83s)  11040 (time=95s)
  Iter 18	loss=6701.3741	uas=0.9354	las=0.9283	[95s]

 |U|^2: 1140.582384 min: -0.785321	max: 1.039006
 |V|^2: 1164.446839 min: -1.318304	max: 1.369234
 |W|^2: 225.758842 min: -2.105168	max: 1.393721
 |WL|^2: 211.127528 min: -1.496258	max: 1.503179

_____________________________________________

 Evaluation: data/swedish.test.lab.svd_0.3_R50

  Tokens: 5021
  Sentences: 389
  UAS=0.900418	LAS=0.835889	CAS=0.303342	[2.51s]

_____________________________________________

  1104 (time=10s)  2208 (time=20s)  3312 (time=30s)  4416 (time=41s)  5520 (time=51s)  6624 (time=58s)  7728 (time=66s)  8832 (time=74s)  9936 (time=82s)  11040 (time=95s)
  Iter 19	loss=6104.5388	uas=0.9383	las=0.9320	[95s]

 |U|^2: 1153.564571 min: -0.787317	max: 1.031172
 |V|^2: 1178.651957 min: -1.334916	max: 1.384692
 |W|^2: 228.705747 min: -2.125735	max: 1.396493
 |WL|^2: 216.134042 min: -1.525902	max: 1.523430

_____________________________________________

 Evaluation: data/swedish.test.lab.svd_0.3_R50

  Tokens: 5021
  Sentences: 389
  UAS=0.900020	LAS=0.835690	CAS=0.300771	[2.53s]

_____________________________________________

  1104 (time=10s)  2208 (time=20s)  3312 (time=30s)  4416 (time=41s)  5520 (time=51s)  6624 (time=58s)  7728 (time=66s)  8832 (time=74s)  9936 (time=82s)  11040 (time=94s)
  Iter 20	loss=5581.9994	uas=0.9412	las=0.9348	[95s]

 |U|^2: 1165.140446 min: -0.789378	max: 1.061598
 |V|^2: 1191.099412 min: -1.345321	max: 1.403335
 |W|^2: 231.239754 min: -2.137422	max: 1.399626
 |WL|^2: 220.525754 min: -1.545633	max: 1.543679

_____________________________________________

 Evaluation: data/swedish.test.lab.svd_0.3_R50

  Tokens: 5021
  Sentences: 389
  UAS=0.899821	LAS=0.835491	CAS=0.298201	[2.55s]

_____________________________________________


Training took 2309632 ms.
=============================================

 Evaluating: data/swedish.test.lab.svd_0.3_R50
  Tokens: 5021
  Sentences: 389
  UAS=0.899821	LAS=0.835491	CAS=0.298201	[2.59s]
