------
FLAGS
------
train-file: data/swedish.train.lab.randInit_0.3_R50_3
test-file: data/swedish.test.lab.randInit_0.3_R50_3
model-name: runs/swedish.model.lab.randInit_0.3_R50_3
output-file: null
train: true
test: true
iters: 20
label: true
max-sent: -1
C: 0.01
label-loss-type: 0
gamma: 0.3 0.3
R: 50
word-vector:null
projective: false
pruning: true
hill-climbing converge (train): 300
hill-climbing converge (test): 100
thread: 4
file format: CONLL-X
feature hash bits: 30

use consecutive siblings: false
use grandparent: false
use head bigram: false
use grand siblings: false
use tri-siblings: false
use great-grandparent: false
use parent-sibling-child: false
use high-order: false
model: Basic
------

Creating dictionaries ... 
Filtered DEPLABEL (66-->58)
4 8
Lexical items: 19700 (15 bits)
Tag/label items: 88 (7 bits)  58 (6 bits)
Flag Bits: 10
Creation took [1881 ms]
Creating Alphabet ... [3626 ms]
Hash collision: 0.2746% (8596 / 3129968)
Num of CONLL fine POS tags: 42
Num of CONLL coarse POS tags: 42
Num of labels: 58
Num of Syntactic Features: 71156 1073741823
Creating instances ... 1000 2000 3000 4000 5000 6000 7000 8000 9000 10000 11000 11042 [588 ms]
=============================================
 Training:
=============================================
Running MIRA ... 
  1104 (time=27s)  2208 (time=45s)  3312 (time=63s)  4416 (time=78s)  5520 (time=92s)  6624 (time=102s)  7728 (time=112s)  8832 (time=123s)  9936 (time=134s)  11040 (time=150s)
  Iter 1	loss=126066.0382	uas=0.5756	las=0.6579	[150s]

 |U|^2: 113.793632 min: -0.952549	max: 0.552099
 |V|^2: 115.735265 min: -0.455491	max: 0.631818
 |W|^2: 63.809862 min: -0.874213	max: 0.977097
 |WL|^2: 54.021591 min: -0.429503	max: 0.258865

_____________________________________________

 Evaluation: data/swedish.test.lab.randInit_0.3_R50_3

  Tokens: 5021
  Sentences: 389
  UAS=0.871739	LAS=0.774149	CAS=0.195373	[4.18s]

_____________________________________________

  1104 (time=17s)  2208 (time=30s)  3312 (time=43s)  4416 (time=57s)  5520 (time=72s)  6624 (time=81s)  7728 (time=90s)  8832 (time=101s)  9936 (time=111s)  11040 (time=126s)
  Iter 2	loss=86312.0768	uas=0.7055	las=0.7591	[126s]

 |U|^2: 183.428455 min: -1.005021	max: 0.661398
 |V|^2: 197.080619 min: -0.583047	max: 0.677299
 |W|^2: 72.596992 min: -0.965429	max: 1.165439
 |WL|^2: 60.933422 min: -0.586668	max: 0.384686

_____________________________________________

 Evaluation: data/swedish.test.lab.randInit_0.3_R50_3

  Tokens: 5021
  Sentences: 389
  UAS=0.890062	LAS=0.798048	CAS=0.218509	[2.62s]

_____________________________________________

  1104 (time=11s)  2208 (time=23s)  3312 (time=35s)  4416 (time=48s)  5520 (time=61s)  6624 (time=71s)  7728 (time=80s)  8832 (time=90s)  9936 (time=101s)  11040 (time=115s)
  Iter 3	loss=70221.3243	uas=0.7410	las=0.7897	[115s]

 |U|^2: 259.312997 min: -0.990986	max: 0.665913
 |V|^2: 284.967201 min: -0.671184	max: 0.666815
 |W|^2: 82.023472 min: -1.045490	max: 1.236883
 |WL|^2: 67.946563 min: -0.717091	max: 0.520012

_____________________________________________

 Evaluation: data/swedish.test.lab.randInit_0.3_R50_3

  Tokens: 5021
  Sentences: 389
  UAS=0.891655	LAS=0.804820	CAS=0.231362	[2.93s]

_____________________________________________

  1104 (time=13s)  2208 (time=24s)  3312 (time=36s)  4416 (time=49s)  5520 (time=62s)  6624 (time=71s)  7728 (time=81s)  8832 (time=91s)  9936 (time=101s)  11040 (time=116s)
  Iter 4	loss=58819.4131	uas=0.7634	las=0.8098	[116s]

 |U|^2: 341.513090 min: -0.932970	max: 0.688082
 |V|^2: 376.298265 min: -0.671154	max: 0.684759
 |W|^2: 93.633991 min: -1.160660	max: 1.302147
 |WL|^2: 74.819526 min: -0.778791	max: 0.642286

_____________________________________________

 Evaluation: data/swedish.test.lab.randInit_0.3_R50_3

  Tokens: 5021
  Sentences: 389
  UAS=0.896435	LAS=0.811193	CAS=0.239075	[2.98s]

_____________________________________________

  1104 (time=12s)  2208 (time=25s)  3312 (time=37s)  4416 (time=51s)  5520 (time=63s)  6624 (time=73s)  7728 (time=82s)  8832 (time=92s)  9936 (time=102s)  11040 (time=117s)
  Iter 5	loss=49880.7297	uas=0.7817	las=0.8256	[117s]

 |U|^2: 425.309572 min: -0.871456	max: 0.702423
 |V|^2: 466.949599 min: -0.710522	max: 0.701495
 |W|^2: 106.895430 min: -1.284965	max: 1.370072
 |WL|^2: 82.403648 min: -0.793969	max: 0.687786

_____________________________________________

 Evaluation: data/swedish.test.lab.randInit_0.3_R50_3

  Tokens: 5021
  Sentences: 389
  UAS=0.898825	LAS=0.816172	CAS=0.246787	[2.86s]

_____________________________________________

  1104 (time=12s)  2208 (time=24s)  3312 (time=36s)  4416 (time=49s)  5520 (time=61s)  6624 (time=70s)  7728 (time=79s)  8832 (time=88s)  9936 (time=98s)  11040 (time=112s)
  Iter 6	loss=42450.3728	uas=0.7960	las=0.8387	[112s]

 |U|^2: 505.654941 min: -0.838101	max: 0.715092
 |V|^2: 552.990886 min: -0.717227	max: 0.714457
 |W|^2: 121.838696 min: -1.424100	max: 1.418994
 |WL|^2: 90.140164 min: -0.839764	max: 0.752363

_____________________________________________

 Evaluation: data/swedish.test.lab.randInit_0.3_R50_3

  Tokens: 5021
  Sentences: 389
  UAS=0.899422	LAS=0.820952	CAS=0.254499	[3.02s]

_____________________________________________

  1104 (time=12s)  2208 (time=24s)  3312 (time=36s)  4416 (time=50s)  5520 (time=63s)  6624 (time=72s)  7728 (time=81s)  8832 (time=91s)  9936 (time=101s)  11040 (time=117s)
  Iter 7	loss=36174.2766	uas=0.8117	las=0.8503	[117s]

 |U|^2: 578.221764 min: -0.806053	max: 0.731312
 |V|^2: 631.027411 min: -0.717953	max: 0.695937
 |W|^2: 137.374407 min: -1.534082	max: 1.492883
 |WL|^2: 98.063626 min: -0.900562	max: 0.815676

_____________________________________________

 Evaluation: data/swedish.test.lab.randInit_0.3_R50_3

  Tokens: 5021
  Sentences: 389
  UAS=0.899422	LAS=0.821948	CAS=0.262211	[3.09s]

_____________________________________________

  1104 (time=12s)  2208 (time=25s)  3312 (time=38s)  4416 (time=52s)  5520 (time=64s)  6624 (time=73s)  7728 (time=81s)  8832 (time=91s)  9936 (time=101s)  11040 (time=115s)
  Iter 8	loss=30885.1421	uas=0.8257	las=0.8598	[115s]

 |U|^2: 642.077679 min: -0.807451	max: 0.731837
 |V|^2: 701.106938 min: -0.713294	max: 0.718974
 |W|^2: 153.524241 min: -1.674065	max: 1.578720
 |WL|^2: 106.092670 min: -0.942340	max: 0.858654

_____________________________________________

 Evaluation: data/swedish.test.lab.randInit_0.3_R50_3

  Tokens: 5021
  Sentences: 389
  UAS=0.900617	LAS=0.825732	CAS=0.267352	[2.83s]

_____________________________________________

  1104 (time=12s)  2208 (time=24s)  3312 (time=41s)  4416 (time=55s)  5520 (time=71s)  6624 (time=80s)  7728 (time=89s)  8832 (time=100s)  9936 (time=111s)  11040 (time=126s)
  Iter 9	loss=26308.3580	uas=0.8403	las=0.8688	[126s]

 |U|^2: 695.945158 min: -0.827856	max: 0.732064
 |V|^2: 762.436141 min: -0.720663	max: 0.715639
 |W|^2: 169.469463 min: -1.793826	max: 1.656049
 |WL|^2: 113.842743 min: -0.988518	max: 0.922953

_____________________________________________

 Evaluation: data/swedish.test.lab.randInit_0.3_R50_3

  Tokens: 5021
  Sentences: 389
  UAS=0.900418	LAS=0.827126	CAS=0.275064	[3.13s]

_____________________________________________

  1104 (time=12s)  2208 (time=24s)  3312 (time=35s)  4416 (time=48s)  5520 (time=60s)  6624 (time=69s)  7728 (time=82s)  8832 (time=94s)  9936 (time=104s)  11040 (time=118s)
  Iter 10	loss=22636.6683	uas=0.8542	las=0.8772	[118s]

 |U|^2: 741.312401 min: -0.850440	max: 0.739411
 |V|^2: 815.733233 min: -0.693702	max: 0.691590
 |W|^2: 183.988491 min: -1.902387	max: 1.710150
 |WL|^2: 121.431246 min: -1.019094	max: 0.960881

_____________________________________________

 Evaluation: data/swedish.test.lab.randInit_0.3_R50_3

  Tokens: 5021
  Sentences: 389
  UAS=0.901215	LAS=0.829914	CAS=0.280206	[2.82s]

_____________________________________________

  1104 (time=11s)  2208 (time=22s)  3312 (time=33s)  4416 (time=46s)  5520 (time=57s)  6624 (time=66s)  7728 (time=74s)  8832 (time=84s)  9936 (time=93s)  11040 (time=107s)
  Iter 11	loss=19453.9356	uas=0.8677	las=0.8836	[107s]

 |U|^2: 779.690929 min: -0.865678	max: 0.745917
 |V|^2: 862.405322 min: -0.694738	max: 0.711112
 |W|^2: 197.182522 min: -1.970568	max: 1.749497
 |WL|^2: 128.794569 min: -1.040814	max: 1.000104

_____________________________________________

 Evaluation: data/swedish.test.lab.randInit_0.3_R50_3

  Tokens: 5021
  Sentences: 389
  UAS=0.901215	LAS=0.831109	CAS=0.277635	[2.79s]

_____________________________________________

  1104 (time=11s)  2208 (time=23s)  3312 (time=36s)  4416 (time=49s)  5520 (time=61s)  6624 (time=69s)  7728 (time=77s)  8832 (time=87s)  9936 (time=96s)  11040 (time=110s)
  Iter 12	loss=16919.7576	uas=0.8782	las=0.8903	[110s]

 |U|^2: 812.606388 min: -0.888153	max: 0.746334
 |V|^2: 903.565893 min: -0.688729	max: 0.700590
 |W|^2: 209.019750 min: -2.078030	max: 1.784304
 |WL|^2: 135.762280 min: -1.069770	max: 1.033969

_____________________________________________

 Evaluation: data/swedish.test.lab.randInit_0.3_R50_3

  Tokens: 5021
  Sentences: 389
  UAS=0.900418	LAS=0.831109	CAS=0.277635	[2.78s]

_____________________________________________

  1104 (time=11s)  2208 (time=22s)  3312 (time=34s)  4416 (time=47s)  5520 (time=59s)  6624 (time=67s)  7728 (time=77s)  8832 (time=87s)  9936 (time=97s)  11040 (time=111s)
  Iter 13	loss=14817.2033	uas=0.8883	las=0.8967	[111s]

 |U|^2: 840.676963 min: -0.890849	max: 0.744745
 |V|^2: 939.887128 min: -0.710258	max: 0.706891
 |W|^2: 219.123629 min: -2.137653	max: 1.819644
 |WL|^2: 142.411093 min: -1.103077	max: 1.048150

_____________________________________________

 Evaluation: data/swedish.test.lab.randInit_0.3_R50_3

  Tokens: 5021
  Sentences: 389
  UAS=0.900817	LAS=0.833499	CAS=0.280206	[2.77s]

_____________________________________________

  1104 (time=11s)  2208 (time=23s)  3312 (time=35s)  4416 (time=47s)  5520 (time=60s)  6624 (time=68s)  7728 (time=76s)  8832 (time=85s)  9936 (time=94s)  11040 (time=107s)
  Iter 14	loss=13095.9351	uas=0.8958	las=0.9019	[107s]

 |U|^2: 865.734007 min: -0.923688	max: 0.764155
 |V|^2: 972.859711 min: -0.730046	max: 0.746275
 |W|^2: 228.149551 min: -2.211998	max: 1.844459
 |WL|^2: 149.059053 min: -1.115682	max: 1.089979

_____________________________________________

 Evaluation: data/swedish.test.lab.randInit_0.3_R50_3

  Tokens: 5021
  Sentences: 389
  UAS=0.900219	LAS=0.833101	CAS=0.282776	[2.76s]

_____________________________________________

  1104 (time=11s)  2208 (time=22s)  3312 (time=33s)  4416 (time=46s)  5520 (time=57s)  6624 (time=65s)  7728 (time=73s)  8832 (time=82s)  9936 (time=92s)  11040 (time=105s)
  Iter 15	loss=11637.6807	uas=0.9031	las=0.9067	[105s]

 |U|^2: 887.464293 min: -0.895258	max: 0.796255
 |V|^2: 1002.042639 min: -0.756689	max: 0.778671
 |W|^2: 235.999081 min: -2.264815	max: 1.864426
 |WL|^2: 154.989447 min: -1.138466	max: 1.104527

_____________________________________________

 Evaluation: data/swedish.test.lab.randInit_0.3_R50_3

  Tokens: 5021
  Sentences: 389
  UAS=0.901613	LAS=0.835093	CAS=0.287918	[2.94s]

_____________________________________________

  1104 (time=12s)  2208 (time=23s)  3312 (time=34s)  4416 (time=47s)  5520 (time=59s)  6624 (time=67s)  7728 (time=75s)  8832 (time=85s)  9936 (time=94s)  11040 (time=108s)
  Iter 16	loss=10415.5703	uas=0.9083	las=0.9112	[108s]

 |U|^2: 907.199960 min: -0.905455	max: 0.829181
 |V|^2: 1028.486452 min: -0.773817	max: 0.810657
 |W|^2: 242.926750 min: -2.320579	max: 1.903948
 |WL|^2: 160.926684 min: -1.157061	max: 1.135077

_____________________________________________

 Evaluation: data/swedish.test.lab.randInit_0.3_R50_3

  Tokens: 5021
  Sentences: 389
  UAS=0.902410	LAS=0.835889	CAS=0.290488	[2.81s]

_____________________________________________

  1104 (time=11s)  2208 (time=23s)  3312 (time=34s)  4416 (time=47s)  5520 (time=59s)  6624 (time=68s)  7728 (time=76s)  8832 (time=85s)  9936 (time=95s)  11040 (time=109s)
  Iter 17	loss=9421.5883	uas=0.9134	las=0.9151	[109s]

 |U|^2: 924.800541 min: -0.913062	max: 0.861624
 |V|^2: 1052.165492 min: -0.803827	max: 0.845105
 |W|^2: 248.799160 min: -2.356822	max: 1.942723
 |WL|^2: 166.587204 min: -1.164034	max: 1.165927

_____________________________________________

 Evaluation: data/swedish.test.lab.randInit_0.3_R50_3

  Tokens: 5021
  Sentences: 389
  UAS=0.902609	LAS=0.836088	CAS=0.295630	[3.02s]

_____________________________________________

  1104 (time=11s)  2208 (time=22s)  3312 (time=33s)  4416 (time=46s)  5520 (time=58s)  6624 (time=67s)  7728 (time=76s)  8832 (time=85s)  9936 (time=94s)  11040 (time=108s)
  Iter 18	loss=8525.2098	uas=0.9173	las=0.9191	[108s]

 |U|^2: 940.749411 min: -0.935619	max: 0.886005
 |V|^2: 1073.452849 min: -0.816028	max: 0.874820
 |W|^2: 254.084585 min: -2.404961	max: 1.981219
 |WL|^2: 171.852128 min: -1.192528	max: 1.210301

_____________________________________________

 Evaluation: data/swedish.test.lab.randInit_0.3_R50_3

  Tokens: 5021
  Sentences: 389
  UAS=0.902808	LAS=0.836487	CAS=0.295630	[2.84s]

_____________________________________________

  1104 (time=11s)  2208 (time=23s)  3312 (time=35s)  4416 (time=47s)  5520 (time=59s)  6624 (time=67s)  7728 (time=76s)  8832 (time=85s)  9936 (time=95s)  11040 (time=109s)
  Iter 19	loss=7817.6884	uas=0.9210	las=0.9224	[109s]

 |U|^2: 955.350301 min: -0.957734	max: 0.911058
 |V|^2: 1092.845365 min: -0.839801	max: 0.902259
 |W|^2: 259.072947 min: -2.446971	max: 2.018245
 |WL|^2: 176.636061 min: -1.196863	max: 1.233557

_____________________________________________

 Evaluation: data/swedish.test.lab.randInit_0.3_R50_3

  Tokens: 5021
  Sentences: 389
  UAS=0.902609	LAS=0.836088	CAS=0.290488	[2.96s]

_____________________________________________

  1104 (time=12s)  2208 (time=24s)  3312 (time=35s)  4416 (time=48s)  5520 (time=60s)  6624 (time=69s)  7728 (time=77s)  8832 (time=86s)  9936 (time=96s)  11040 (time=109s)
  Iter 20	loss=7136.8504	uas=0.9244	las=0.9253	[109s]

 |U|^2: 968.721555 min: -0.978308	max: 0.937217
 |V|^2: 1110.433288 min: -0.846376	max: 0.923660
 |W|^2: 263.213904 min: -2.480620	max: 2.044142
 |WL|^2: 181.427323 min: -1.213316	max: 1.261095

_____________________________________________

 Evaluation: data/swedish.test.lab.randInit_0.3_R50_3

  Tokens: 5021
  Sentences: 389
  UAS=0.902211	LAS=0.835690	CAS=0.290488	[2.94s]

_____________________________________________


Training took 2410022 ms.
=============================================

 Evaluating: data/swedish.test.lab.randInit_0.3_R50_3
  Tokens: 5021
  Sentences: 389
  UAS=0.902211	LAS=0.835690	CAS=0.290488	[2.99s]
