------
FLAGS
------
train-file: data/swedish.train.lab.randInit_0.3_R50_4
test-file: data/swedish.test.lab.randInit_0.3_R50_4
model-name: runs/swedish.model.lab.randInit_0.3_R50_4
output-file: null
train: true
test: true
iters: 20
label: true
max-sent: -1
C: 0.01
label-loss-type: 0
gamma: 0.3 0.3
R: 50
word-vector:null
projective: false
pruning: true
hill-climbing converge (train): 300
hill-climbing converge (test): 100
thread: 4
file format: CONLL-X
feature hash bits: 30

use consecutive siblings: false
use grandparent: false
use head bigram: false
use grand siblings: false
use tri-siblings: false
use great-grandparent: false
use parent-sibling-child: false
use high-order: false
model: Basic
------

Creating dictionaries ... 
Filtered DEPLABEL (66-->58)
4 8
Lexical items: 19700 (15 bits)
Tag/label items: 88 (7 bits)  58 (6 bits)
Flag Bits: 10
Creation took [1730 ms]
Creating Alphabet ... [3972 ms]
Hash collision: 0.2746% (8596 / 3129968)
Num of CONLL fine POS tags: 42
Num of CONLL coarse POS tags: 42
Num of labels: 58
Num of Syntactic Features: 71156 1073741823
Creating instances ... 1000 2000 3000 4000 5000 6000 7000 8000 9000 10000 11000 11042 [525 ms]
=============================================
 Training:
=============================================
Running MIRA ... 
  1104 (time=24s)  2208 (time=41s)  3312 (time=58s)  4416 (time=75s)  5520 (time=91s)  6624 (time=102s)  7728 (time=113s)  8832 (time=125s)  9936 (time=137s)  11040 (time=153s)
  Iter 1	loss=126503.6272	uas=0.5707	las=0.6579	[153s]

 |U|^2: 108.939170 min: -0.597220	max: 0.710930
 |V|^2: 113.008800 min: -0.629717	max: 0.506303
 |W|^2: 62.710387 min: -0.823565	max: 0.871184
 |WL|^2: 54.365565 min: -0.360363	max: 0.401340

_____________________________________________

 Evaluation: data/swedish.test.lab.randInit_0.3_R50_4

  Tokens: 5021
  Sentences: 389
  UAS=0.870942	LAS=0.773153	CAS=0.200514	[3.20s]

_____________________________________________

  1104 (time=14s)  2208 (time=27s)  3312 (time=39s)  4416 (time=53s)  5520 (time=67s)  6624 (time=76s)  7728 (time=86s)  8832 (time=97s)  9936 (time=108s)  11040 (time=125s)
  Iter 2	loss=86679.0332	uas=0.7029	las=0.7594	[125s]

 |U|^2: 175.957466 min: -0.661501	max: 0.727755
 |V|^2: 195.911448 min: -0.772896	max: 0.608088
 |W|^2: 71.981694 min: -0.945530	max: 0.943201
 |WL|^2: 61.378536 min: -0.532065	max: 0.567928

_____________________________________________

 Evaluation: data/swedish.test.lab.randInit_0.3_R50_4

  Tokens: 5021
  Sentences: 389
  UAS=0.887672	LAS=0.796455	CAS=0.215938	[3.04s]

_____________________________________________

  1104 (time=14s)  2208 (time=31s)  3312 (time=47s)  4416 (time=64s)  5520 (time=77s)  6624 (time=87s)  7728 (time=97s)  8832 (time=108s)  9936 (time=119s)  11040 (time=135s)
  Iter 3	loss=70480.6137	uas=0.7387	las=0.7899	[135s]

 |U|^2: 250.023917 min: -0.680923	max: 0.709048
 |V|^2: 285.692145 min: -0.747007	max: 0.554592
 |W|^2: 82.418574 min: -1.026034	max: 1.058133
 |WL|^2: 68.561546 min: -0.592093	max: 0.616806

_____________________________________________

 Evaluation: data/swedish.test.lab.randInit_0.3_R50_4

  Tokens: 5021
  Sentences: 389
  UAS=0.891655	LAS=0.803824	CAS=0.233933	[3.27s]

_____________________________________________

  1104 (time=14s)  2208 (time=28s)  3312 (time=41s)  4416 (time=59s)  5520 (time=76s)  6624 (time=88s)  7728 (time=100s)  8832 (time=113s)  9936 (time=127s)  11040 (time=145s)
  Iter 4	loss=59113.5303	uas=0.7626	las=0.8097	[145s]

 |U|^2: 329.494835 min: -0.662715	max: 0.753386
 |V|^2: 379.571430 min: -0.748056	max: 0.577540
 |W|^2: 94.632696 min: -1.146379	max: 1.109397
 |WL|^2: 76.092808 min: -0.636640	max: 0.695055

_____________________________________________

 Evaluation: data/swedish.test.lab.randInit_0.3_R50_4

  Tokens: 5021
  Sentences: 389
  UAS=0.896236	LAS=0.810994	CAS=0.239075	[5.12s]

_____________________________________________

  1104 (time=17s)  2208 (time=34s)  3312 (time=50s)  4416 (time=68s)  5520 (time=82s)  6624 (time=91s)  7728 (time=100s)  8832 (time=110s)  9936 (time=121s)  11040 (time=135s)
  Iter 5	loss=50049.6034	uas=0.7812	las=0.8254	[135s]

 |U|^2: 410.702898 min: -0.683224	max: 0.782649
 |V|^2: 472.599563 min: -0.782693	max: 0.590605
 |W|^2: 108.285249 min: -1.282536	max: 1.248527
 |WL|^2: 83.929343 min: -0.688966	max: 0.781950

_____________________________________________

 Evaluation: data/swedish.test.lab.randInit_0.3_R50_4

  Tokens: 5021
  Sentences: 389
  UAS=0.898825	LAS=0.817168	CAS=0.251928	[3.18s]

_____________________________________________

  1104 (time=12s)  2208 (time=25s)  3312 (time=37s)  4416 (time=51s)  5520 (time=65s)  6624 (time=74s)  7728 (time=84s)  8832 (time=94s)  9936 (time=105s)  11040 (time=121s)
  Iter 6	loss=42475.8811	uas=0.7968	las=0.8385	[121s]

 |U|^2: 489.821237 min: -0.690655	max: 0.832779
 |V|^2: 561.942359 min: -0.709661	max: 0.616739
 |W|^2: 123.710340 min: -1.392677	max: 1.378889
 |WL|^2: 92.603973 min: -0.746184	max: 0.841100

_____________________________________________

 Evaluation: data/swedish.test.lab.randInit_0.3_R50_4

  Tokens: 5021
  Sentences: 389
  UAS=0.902012	LAS=0.822744	CAS=0.257069	[3.14s]

_____________________________________________

  1104 (time=12s)  2208 (time=24s)  3312 (time=37s)  4416 (time=51s)  5520 (time=63s)  6624 (time=72s)  7728 (time=81s)  8832 (time=91s)  9936 (time=101s)  11040 (time=116s)
  Iter 7	loss=36075.8825	uas=0.8114	las=0.8497	[116s]

 |U|^2: 561.270656 min: -0.671987	max: 0.856546
 |V|^2: 642.691629 min: -0.728945	max: 0.619819
 |W|^2: 140.113477 min: -1.502769	max: 1.524012
 |WL|^2: 100.875967 min: -0.788467	max: 0.883388

_____________________________________________

 Evaluation: data/swedish.test.lab.randInit_0.3_R50_4

  Tokens: 5021
  Sentences: 389
  UAS=0.901812	LAS=0.824736	CAS=0.262211	[3.07s]

_____________________________________________

  1104 (time=13s)  2208 (time=25s)  3312 (time=38s)  4416 (time=52s)  5520 (time=65s)  6624 (time=75s)  7728 (time=84s)  8832 (time=95s)  9936 (time=105s)  11040 (time=119s)
  Iter 8	loss=30787.9198	uas=0.8251	las=0.8602	[119s]

 |U|^2: 623.761009 min: -0.652563	max: 0.886530
 |V|^2: 714.574464 min: -0.727304	max: 0.650042
 |W|^2: 156.653505 min: -1.632835	max: 1.641828
 |WL|^2: 109.364569 min: -0.796348	max: 0.914907

_____________________________________________

 Evaluation: data/swedish.test.lab.randInit_0.3_R50_4

  Tokens: 5021
  Sentences: 389
  UAS=0.902012	LAS=0.827325	CAS=0.269923	[2.92s]

_____________________________________________

  1104 (time=12s)  2208 (time=24s)  3312 (time=35s)  4416 (time=53s)  5520 (time=66s)  6624 (time=75s)  7728 (time=84s)  8832 (time=94s)  9936 (time=104s)  11040 (time=120s)
  Iter 9	loss=26287.4948	uas=0.8406	las=0.8691	[120s]

 |U|^2: 676.437891 min: -0.670790	max: 0.892440
 |V|^2: 777.132181 min: -0.729336	max: 0.674085
 |W|^2: 172.333418 min: -1.715820	max: 1.779546
 |WL|^2: 117.601555 min: -0.808211	max: 0.980378

_____________________________________________

 Evaluation: data/swedish.test.lab.randInit_0.3_R50_4

  Tokens: 5021
  Sentences: 389
  UAS=0.902012	LAS=0.829118	CAS=0.275064	[3.01s]

_____________________________________________

  1104 (time=14s)  2208 (time=32s)  3312 (time=48s)  4416 (time=66s)  5520 (time=82s)  6624 (time=92s)  7728 (time=105s)  8832 (time=117s)  9936 (time=128s)  11040 (time=144s)
  Iter 10	loss=22561.7837	uas=0.8544	las=0.8776	[144s]

 |U|^2: 721.102870 min: -0.691000	max: 0.905510
 |V|^2: 831.754206 min: -0.705807	max: 0.686060
 |W|^2: 187.154306 min: -1.804139	max: 1.895693
 |WL|^2: 125.403195 min: -0.808659	max: 1.036629

_____________________________________________

 Evaluation: data/swedish.test.lab.randInit_0.3_R50_4

  Tokens: 5021
  Sentences: 389
  UAS=0.902012	LAS=0.830512	CAS=0.280206	[2.95s]

_____________________________________________

  1104 (time=14s)  2208 (time=28s)  3312 (time=40s)  4416 (time=57s)  5520 (time=74s)  6624 (time=83s)  7728 (time=93s)  8832 (time=105s)  9936 (time=116s)  11040 (time=131s)
  Iter 11	loss=19410.8946	uas=0.8680	las=0.8839	[131s]

 |U|^2: 759.142373 min: -0.720002	max: 0.911253
 |V|^2: 879.732751 min: -0.720222	max: 0.728689
 |W|^2: 200.163807 min: -1.877047	max: 2.010408
 |WL|^2: 133.280739 min: -0.807611	max: 1.049493

_____________________________________________

 Evaluation: data/swedish.test.lab.randInit_0.3_R50_4

  Tokens: 5021
  Sentences: 389
  UAS=0.901215	LAS=0.830910	CAS=0.285347	[3.10s]

_____________________________________________

  1104 (time=14s)  2208 (time=26s)  3312 (time=40s)  4416 (time=53s)  5520 (time=66s)  6624 (time=75s)  7728 (time=84s)  8832 (time=97s)  9936 (time=108s)  11040 (time=124s)
  Iter 12	loss=16930.8622	uas=0.8778	las=0.8907	[124s]

 |U|^2: 791.774397 min: -0.747421	max: 0.920652
 |V|^2: 922.247589 min: -0.708980	max: 0.788128
 |W|^2: 212.009813 min: -1.944072	max: 2.097456
 |WL|^2: 140.699144 min: -0.818600	max: 1.107059

_____________________________________________

 Evaluation: data/swedish.test.lab.randInit_0.3_R50_4

  Tokens: 5021
  Sentences: 389
  UAS=0.900617	LAS=0.831109	CAS=0.285347	[3.38s]

_____________________________________________

  1104 (time=15s)  2208 (time=31s)  3312 (time=45s)  4416 (time=59s)  5520 (time=72s)  6624 (time=81s)  7728 (time=90s)  8832 (time=103s)  9936 (time=116s)  11040 (time=134s)
  Iter 13	loss=14823.3942	uas=0.8876	las=0.8964	[134s]

 |U|^2: 820.249050 min: -0.771101	max: 0.914309
 |V|^2: 959.981134 min: -0.704556	max: 0.841100
 |W|^2: 222.272635 min: -1.999983	max: 2.186204
 |WL|^2: 147.924379 min: -0.851685	max: 1.146880

_____________________________________________

 Evaluation: data/swedish.test.lab.randInit_0.3_R50_4

  Tokens: 5021
  Sentences: 389
  UAS=0.901215	LAS=0.832902	CAS=0.295630	[3.37s]

_____________________________________________

  1104 (time=12s)  2208 (time=24s)  3312 (time=35s)  4416 (time=49s)  5520 (time=61s)  6624 (time=70s)  7728 (time=80s)  8832 (time=90s)  9936 (time=100s)  11040 (time=115s)
  Iter 14	loss=13145.7792	uas=0.8952	las=0.9018	[115s]

 |U|^2: 845.318752 min: -0.780285	max: 0.902713
 |V|^2: 993.751980 min: -0.735182	max: 0.878746
 |W|^2: 231.137100 min: -2.058310	max: 2.252580
 |WL|^2: 155.020094 min: -0.888208	max: 1.197257

_____________________________________________

 Evaluation: data/swedish.test.lab.randInit_0.3_R50_4

  Tokens: 5021
  Sentences: 389
  UAS=0.901613	LAS=0.834296	CAS=0.300771	[3.08s]

_____________________________________________

  1104 (time=15s)  2208 (time=31s)  3312 (time=46s)  4416 (time=60s)  5520 (time=72s)  6624 (time=80s)  7728 (time=90s)  8832 (time=104s)  9936 (time=117s)  11040 (time=132s)
  Iter 15	loss=11652.9644	uas=0.9023	las=0.9070	[132s]

 |U|^2: 867.162608 min: -0.801142	max: 0.895611
 |V|^2: 1023.618162 min: -0.782550	max: 0.910185
 |W|^2: 239.060417 min: -2.122721	max: 2.317245
 |WL|^2: 161.386236 min: -0.920865	max: 1.209413

_____________________________________________

 Evaluation: data/swedish.test.lab.randInit_0.3_R50_4

  Tokens: 5021
  Sentences: 389
  UAS=0.901215	LAS=0.834694	CAS=0.300771	[3.06s]

_____________________________________________

  1104 (time=12s)  2208 (time=28s)  3312 (time=46s)  4416 (time=60s)  5520 (time=72s)  6624 (time=80s)  7728 (time=89s)  8832 (time=99s)  9936 (time=109s)  11040 (time=123s)
  Iter 16	loss=10420.3892	uas=0.9084	las=0.9117	[123s]

 |U|^2: 886.663909 min: -0.839161	max: 0.894905
 |V|^2: 1050.418465 min: -0.807837	max: 0.966306
 |W|^2: 245.963653 min: -2.180650	max: 2.364449
 |WL|^2: 167.485108 min: -0.931872	max: 1.217716

_____________________________________________

 Evaluation: data/swedish.test.lab.randInit_0.3_R50_4

  Tokens: 5021
  Sentences: 389
  UAS=0.901016	LAS=0.834296	CAS=0.298201	[2.91s]

_____________________________________________

  1104 (time=13s)  2208 (time=24s)  3312 (time=36s)  4416 (time=49s)  5520 (time=61s)  6624 (time=69s)  7728 (time=78s)  8832 (time=88s)  9936 (time=98s)  11040 (time=117s)
  Iter 17	loss=9421.3715	uas=0.9124	las=0.9153	[117s]

 |U|^2: 904.219957 min: -0.825112	max: 0.894271
 |V|^2: 1074.483401 min: -0.826337	max: 0.982932
 |W|^2: 252.058060 min: -2.229234	max: 2.402716
 |WL|^2: 173.201764 min: -0.957609	max: 1.273764

_____________________________________________

 Evaluation: data/swedish.test.lab.randInit_0.3_R50_4

  Tokens: 5021
  Sentences: 389
  UAS=0.901016	LAS=0.834495	CAS=0.298201	[4.17s]

_____________________________________________

  1104 (time=14s)  2208 (time=26s)  3312 (time=38s)  4416 (time=51s)  5520 (time=63s)  6624 (time=71s)  7728 (time=80s)  8832 (time=91s)  9936 (time=102s)  11040 (time=116s)
  Iter 18	loss=8531.5519	uas=0.9182	las=0.9192	[116s]

 |U|^2: 920.232649 min: -0.836382	max: 0.870690
 |V|^2: 1096.306986 min: -0.861350	max: 0.998972
 |W|^2: 257.495983 min: -2.267049	max: 2.449641
 |WL|^2: 178.701837 min: -0.992021	max: 1.296976

_____________________________________________

 Evaluation: data/swedish.test.lab.randInit_0.3_R50_4

  Tokens: 5021
  Sentences: 389
  UAS=0.901215	LAS=0.834694	CAS=0.293059	[2.92s]

_____________________________________________

  1104 (time=12s)  2208 (time=23s)  3312 (time=34s)  4416 (time=48s)  5520 (time=60s)  6624 (time=68s)  7728 (time=76s)  8832 (time=87s)  9936 (time=100s)  11040 (time=120s)
  Iter 19	loss=7779.2666	uas=0.9213	las=0.9228	[120s]

 |U|^2: 934.720643 min: -0.864170	max: 0.881358
 |V|^2: 1115.851459 min: -0.886300	max: 1.029158
 |W|^2: 262.169686 min: -2.307749	max: 2.484679
 |WL|^2: 183.922976 min: -1.010741	max: 1.319382

_____________________________________________

 Evaluation: data/swedish.test.lab.randInit_0.3_R50_4

  Tokens: 5021
  Sentences: 389
  UAS=0.901414	LAS=0.834495	CAS=0.295630	[5.24s]

_____________________________________________

  1104 (time=12s)  2208 (time=23s)  3312 (time=38s)  4416 (time=51s)  5520 (time=63s)  6624 (time=71s)  7728 (time=81s)  8832 (time=91s)  9936 (time=101s)  11040 (time=115s)
  Iter 20	loss=7122.4372	uas=0.9243	las=0.9262	[115s]

 |U|^2: 947.833353 min: -0.862324	max: 0.874714
 |V|^2: 1133.391604 min: -0.909222	max: 1.044245
 |W|^2: 266.280919 min: -2.341027	max: 2.505479
 |WL|^2: 188.790056 min: -1.037091	max: 1.349703

_____________________________________________

 Evaluation: data/swedish.test.lab.randInit_0.3_R50_4

  Tokens: 5021
  Sentences: 389
  UAS=0.901613	LAS=0.834893	CAS=0.300771	[2.99s]

_____________________________________________


Training took 2669286 ms.
=============================================

 Evaluating: data/swedish.test.lab.randInit_0.3_R50_4
  Tokens: 5021
  Sentences: 389
  UAS=0.901613	LAS=0.834893	CAS=0.300771	[4.38s]
