------
FLAGS
------
train-file: data/turkish.train.lab.svd_0.3_R50
test-file: data/turkish.test.lab.svd_0.3_R50
model-name: runs/turkish.model.lab.svd_0.3_R50
output-file: null
train: true
test: true
iters: 20
label: true
max-sent: -1
C: 0.01
label-loss-type: 0
gamma: 0.3 0.3
R: 50
word-vector:null
projective: false
pruning: true
hill-climbing converge (train): 300
hill-climbing converge (test): 100
thread: 4
file format: CONLL-X
feature hash bits: 30

use consecutive siblings: false
use grandparent: false
use head bigram: false
use grand siblings: false
use tri-siblings: false
use great-grandparent: false
use parent-sibling-child: false
use high-order: false
model: Basic
------

Creating dictionaries ... 
Filtered DEPLABEL (28-->24)
4 8
Lexical items: 23347 (15 bits)
Tag/label items: 132 (8 bits)  24 (5 bits)
Flag Bits: 9
Creation took [1256 ms]
Creating Alphabet ... [2634 ms]
Hash collision: 0.3257% (12363 / 3795817)
Num of CONLL fine POS tags: 31
Num of CONLL coarse POS tags: 15
Num of labels: 24
Num of Syntactic Features: 99434 1073741823
Creating instances ... 1000 2000 3000 4000 4997 [281 ms]
=============================================
 Pre-training:
=============================================
Running MIRA ... 
  1000 (time=10s)  2000 (time=21s)  3000 (time=25s)  4000 (time=29s)
  Iter 1	loss=40077.7145	uas=0.5710	las=0.6714	[37s]

 |U|^2: 0.000000 min: Infinity	max: -Infinity
 |V|^2: 0.000000 min: Infinity	max: -Infinity
 |W|^2: 0.000000 min: Infinity	max: -Infinity
 |WL|^2: 0.000000 min: Infinity	max: -Infinity

Init tensor ... 
  Unfolding matrix: 1810699 / (99434*1491510)  0.00% entries.
  Rank: 50 (max:50)  Sigma: max=1.345479 cut=0.191928

 |U|^2: 50.000000 min: -0.839850	max: 0.664035
 |V|^2: 50.000000 min: -0.946276	max: 0.872581
 |W|^2: 5.820766 min: -0.540693	max: 1.017354

Pre-training took 49526 ms.
=============================================

=============================================
 Training:
=============================================
Running MIRA ... 
  1000 (time=6s)  2000 (time=17s)  3000 (time=22s)  4000 (time=27s)
  Iter 1	loss=37492.7502	uas=0.6060	las=0.6836	[38s]

 |U|^2: 92.191758 min: -0.869327	max: 0.785027
 |V|^2: 91.900679 min: -0.882598	max: 1.385977
 |W|^2: 12.552788 min: -0.503411	max: 1.421904
 |WL|^2: 7.240128 min: -0.594780	max: 0.517573

_____________________________________________

 Evaluation: data/turkish.test.lab.svd_0.3_R50

  Tokens: 5021
  Sentences: 623
  UAS=0.763195	LAS=0.654252	CAS=0.199037	[3.93s]

_____________________________________________

  1000 (time=6s)  2000 (time=16s)  3000 (time=20s)  4000 (time=25s)
  Iter 2	loss=22641.4226	uas=0.6949	las=0.7827	[35s]

 |U|^2: 122.757122 min: -0.918211	max: 0.785948
 |V|^2: 122.719092 min: -0.883867	max: 1.368463
 |W|^2: 19.322414 min: -0.635107	max: 1.572102
 |WL|^2: 9.371599 min: -0.591880	max: 0.486639

_____________________________________________

 Evaluation: data/turkish.test.lab.svd_0.3_R50

  Tokens: 5021
  Sentences: 623
  UAS=0.769169	LAS=0.665206	CAS=0.218299	[3.73s]

_____________________________________________

  1000 (time=5s)  2000 (time=14s)  3000 (time=17s)  4000 (time=21s)
  Iter 3	loss=15295.4321	uas=0.7460	las=0.8166	[30s]

 |U|^2: 149.098826 min: -0.931858	max: 0.764420
 |V|^2: 149.106817 min: -0.933134	max: 1.293624
 |W|^2: 27.274948 min: -0.818951	max: 1.722579
 |WL|^2: 11.351130 min: -0.613153	max: 0.534581

_____________________________________________

 Evaluation: data/turkish.test.lab.svd_0.3_R50

  Tokens: 5021
  Sentences: 623
  UAS=0.768970	LAS=0.667397	CAS=0.219904	[3.26s]

_____________________________________________

  1000 (time=4s)  2000 (time=13s)  3000 (time=16s)  4000 (time=20s)
  Iter 4	loss=10798.6729	uas=0.7899	las=0.8452	[29s]

 |U|^2: 169.236001 min: -0.994703	max: 0.784628
 |V|^2: 170.098476 min: -0.982833	max: 1.271172
 |W|^2: 34.901589 min: -0.934018	max: 1.819589
 |WL|^2: 13.437689 min: -0.660215	max: 0.573749

_____________________________________________

 Evaluation: data/turkish.test.lab.svd_0.3_R50

  Tokens: 5021
  Sentences: 623
  UAS=0.766979	LAS=0.665804	CAS=0.215088	[3.47s]

_____________________________________________

  1000 (time=5s)  2000 (time=13s)  3000 (time=16s)  4000 (time=20s)
  Iter 5	loss=7881.2068	uas=0.8263	las=0.8664	[28s]

 |U|^2: 184.351363 min: -1.052672	max: 0.794756
 |V|^2: 186.454066 min: -1.028694	max: 1.241934
 |W|^2: 41.461419 min: -1.023377	max: 1.898977
 |WL|^2: 15.563068 min: -0.721620	max: 0.608953

_____________________________________________

 Evaluation: data/turkish.test.lab.svd_0.3_R50

  Tokens: 5021
  Sentences: 623
  UAS=0.768572	LAS=0.669787	CAS=0.221509	[3.24s]

_____________________________________________

  1000 (time=4s)  2000 (time=12s)  3000 (time=15s)  4000 (time=19s)
  Iter 6	loss=5895.1299	uas=0.8559	las=0.8800	[27s]

 |U|^2: 195.957483 min: -1.087279	max: 0.812990
 |V|^2: 199.388493 min: -1.057470	max: 1.251030
 |W|^2: 47.009567 min: -1.103980	max: 1.955824
 |WL|^2: 17.503347 min: -0.770267	max: 0.631677

_____________________________________________

 Evaluation: data/turkish.test.lab.svd_0.3_R50

  Tokens: 5021
  Sentences: 623
  UAS=0.768174	LAS=0.669986	CAS=0.219904	[3.20s]

_____________________________________________

  1000 (time=6s)  2000 (time=15s)  3000 (time=18s)  4000 (time=22s)
  Iter 7	loss=4579.8012	uas=0.8761	las=0.8928	[30s]

 |U|^2: 205.096936 min: -1.121710	max: 0.816077
 |V|^2: 209.589157 min: -1.096029	max: 1.247307
 |W|^2: 51.302265 min: -1.152865	max: 1.992484
 |WL|^2: 19.430225 min: -0.794084	max: 0.647459

_____________________________________________

 Evaluation: data/turkish.test.lab.svd_0.3_R50

  Tokens: 5021
  Sentences: 623
  UAS=0.767775	LAS=0.669986	CAS=0.219904	[3.37s]

_____________________________________________

  1000 (time=4s)  2000 (time=12s)  3000 (time=16s)  4000 (time=19s)
  Iter 8	loss=3612.3716	uas=0.8925	las=0.9047	[27s]

 |U|^2: 212.307363 min: -1.139795	max: 0.826921
 |V|^2: 217.701312 min: -1.128099	max: 1.254446
 |W|^2: 54.742096 min: -1.195891	max: 2.022080
 |WL|^2: 21.026309 min: -0.829460	max: 0.658137

_____________________________________________

 Evaluation: data/turkish.test.lab.svd_0.3_R50

  Tokens: 5021
  Sentences: 623
  UAS=0.766979	LAS=0.669986	CAS=0.221509	[3.18s]

_____________________________________________

  1000 (time=4s)  2000 (time=12s)  3000 (time=15s)  4000 (time=18s)
  Iter 9	loss=2942.3261	uas=0.9024	las=0.9116	[26s]

 |U|^2: 218.250001 min: -1.166078	max: 0.840794
 |V|^2: 224.312462 min: -1.165996	max: 1.256136
 |W|^2: 57.555296 min: -1.224166	max: 2.045076
 |WL|^2: 22.548567 min: -0.849364	max: 0.671974

_____________________________________________

 Evaluation: data/turkish.test.lab.svd_0.3_R50

  Tokens: 5021
  Sentences: 623
  UAS=0.767178	LAS=0.669986	CAS=0.219904	[3.38s]

_____________________________________________

  1000 (time=4s)  2000 (time=13s)  3000 (time=16s)  4000 (time=19s)
  Iter 10	loss=2419.0173	uas=0.9132	las=0.9169	[27s]

 |U|^2: 223.309139 min: -1.183375	max: 0.860023
 |V|^2: 229.829821 min: -1.199487	max: 1.256425
 |W|^2: 59.797717 min: -1.245411	max: 2.068497
 |WL|^2: 24.029937 min: -0.868253	max: 0.684397

_____________________________________________

 Evaluation: data/turkish.test.lab.svd_0.3_R50

  Tokens: 5021
  Sentences: 623
  UAS=0.766780	LAS=0.669189	CAS=0.219904	[3.43s]

_____________________________________________

  1000 (time=4s)  2000 (time=12s)  3000 (time=15s)  4000 (time=19s)
  Iter 11	loss=2026.0964	uas=0.9197	las=0.9266	[29s]

 |U|^2: 227.460838 min: -1.208634	max: 0.865166
 |V|^2: 234.289290 min: -1.221501	max: 1.257975
 |W|^2: 61.585248 min: -1.261414	max: 2.081664
 |WL|^2: 25.258734 min: -0.887171	max: 0.690068

_____________________________________________

 Evaluation: data/turkish.test.lab.svd_0.3_R50

  Tokens: 5021
  Sentences: 623
  UAS=0.766580	LAS=0.668990	CAS=0.223114	[5.62s]

_____________________________________________

  1000 (time=6s)  2000 (time=14s)  3000 (time=17s)  4000 (time=20s)
  Iter 12	loss=1698.5150	uas=0.9263	las=0.9312	[28s]

 |U|^2: 230.952067 min: -1.218569	max: 0.871808
 |V|^2: 238.016794 min: -1.244387	max: 1.259020
 |W|^2: 63.097436 min: -1.275312	max: 2.092347
 |WL|^2: 26.334813 min: -0.911184	max: 0.698614

_____________________________________________

 Evaluation: data/turkish.test.lab.svd_0.3_R50

  Tokens: 5021
  Sentences: 623
  UAS=0.766381	LAS=0.669189	CAS=0.224719	[3.35s]

_____________________________________________

  1000 (time=4s)  2000 (time=12s)  3000 (time=15s)  4000 (time=18s)
  Iter 13	loss=1461.7228	uas=0.9307	las=0.9350	[26s]

 |U|^2: 234.015086 min: -1.232066	max: 0.885747
 |V|^2: 241.251134 min: -1.264272	max: 1.261920
 |W|^2: 64.429696 min: -1.291818	max: 2.104512
 |WL|^2: 27.309481 min: -0.921163	max: 0.703773

_____________________________________________

 Evaluation: data/turkish.test.lab.svd_0.3_R50

  Tokens: 5021
  Sentences: 623
  UAS=0.765983	LAS=0.668592	CAS=0.221509	[3.28s]

_____________________________________________

  1000 (time=4s)  2000 (time=12s)  3000 (time=15s)  4000 (time=18s)
  Iter 14	loss=1265.6360	uas=0.9346	las=0.9396	[26s]

 |U|^2: 236.591261 min: -1.224007	max: 0.890877
 |V|^2: 243.952293 min: -1.287632	max: 1.263117
 |W|^2: 65.499054 min: -1.303070	max: 2.111472
 |WL|^2: 28.125044 min: -0.931420	max: 0.712951

_____________________________________________

 Evaluation: data/turkish.test.lab.svd_0.3_R50

  Tokens: 5021
  Sentences: 623
  UAS=0.765585	LAS=0.668990	CAS=0.219904	[3.41s]

_____________________________________________

  1000 (time=4s)  2000 (time=12s)  3000 (time=15s)  4000 (time=18s)
  Iter 15	loss=1125.8184	uas=0.9374	las=0.9435	[26s]

 |U|^2: 238.872154 min: -1.232453	max: 0.895024
 |V|^2: 246.340096 min: -1.299816	max: 1.262042
 |W|^2: 66.472575 min: -1.316509	max: 2.119811
 |WL|^2: 28.841500 min: -0.938285	max: 0.723651

_____________________________________________

 Evaluation: data/turkish.test.lab.svd_0.3_R50

  Tokens: 5021
  Sentences: 623
  UAS=0.764987	LAS=0.668990	CAS=0.219904	[3.66s]

_____________________________________________

  1000 (time=4s)  2000 (time=12s)  3000 (time=15s)  4000 (time=18s)
  Iter 16	loss=1006.2196	uas=0.9394	las=0.9463	[26s]

 |U|^2: 240.866390 min: -1.239119	max: 0.899095
 |V|^2: 248.418085 min: -1.315720	max: 1.260743
 |W|^2: 67.312825 min: -1.324619	max: 2.128115
 |WL|^2: 29.494254 min: -0.944723	max: 0.732157

_____________________________________________

 Evaluation: data/turkish.test.lab.svd_0.3_R50

  Tokens: 5021
  Sentences: 623
  UAS=0.765186	LAS=0.669189	CAS=0.218299	[3.40s]

_____________________________________________

  1000 (time=4s)  2000 (time=11s)  3000 (time=15s)  4000 (time=18s)
  Iter 17	loss=895.8750	uas=0.9429	las=0.9485	[26s]

 |U|^2: 242.583083 min: -1.238807	max: 0.901030
 |V|^2: 250.201217 min: -1.327358	max: 1.259090
 |W|^2: 68.015643 min: -1.330502	max: 2.134476
 |WL|^2: 30.056390 min: -0.951156	max: 0.739559

_____________________________________________

 Evaluation: data/turkish.test.lab.svd_0.3_R50

  Tokens: 5021
  Sentences: 623
  UAS=0.764589	LAS=0.668990	CAS=0.219904	[3.33s]

_____________________________________________

  1000 (time=4s)  2000 (time=11s)  3000 (time=15s)  4000 (time=18s)
  Iter 18	loss=819.1991	uas=0.9444	las=0.9507	[25s]

 |U|^2: 244.143329 min: -1.240204	max: 0.903800
 |V|^2: 251.820575 min: -1.334900	max: 1.256578
 |W|^2: 68.659395 min: -1.336034	max: 2.140678
 |WL|^2: 30.551286 min: -0.958546	max: 0.744204

_____________________________________________

 Evaluation: data/turkish.test.lab.svd_0.3_R50

  Tokens: 5021
  Sentences: 623
  UAS=0.764390	LAS=0.668791	CAS=0.219904	[3.31s]

_____________________________________________

  1000 (time=4s)  2000 (time=11s)  3000 (time=14s)  4000 (time=17s)
  Iter 19	loss=744.7711	uas=0.9463	las=0.9534	[25s]

 |U|^2: 245.570373 min: -1.240879	max: 0.906413
 |V|^2: 253.273286 min: -1.342649	max: 1.255117
 |W|^2: 69.231707 min: -1.342744	max: 2.146259
 |WL|^2: 31.020106 min: -0.964467	max: 0.750537

_____________________________________________

 Evaluation: data/turkish.test.lab.svd_0.3_R50

  Tokens: 5021
  Sentences: 623
  UAS=0.764589	LAS=0.668990	CAS=0.218299	[3.29s]

_____________________________________________

  1000 (time=4s)  2000 (time=11s)  3000 (time=14s)  4000 (time=17s)
  Iter 20	loss=699.3026	uas=0.9477	las=0.9524	[24s]

 |U|^2: 246.853273 min: -1.239128	max: 0.908157
 |V|^2: 254.591792 min: -1.350657	max: 1.254990
 |W|^2: 69.738961 min: -1.346801	max: 2.149584
 |WL|^2: 31.428125 min: -0.970785	max: 0.753262

_____________________________________________

 Evaluation: data/turkish.test.lab.svd_0.3_R50

  Tokens: 5021
  Sentences: 623
  UAS=0.763991	LAS=0.668791	CAS=0.215088	[3.16s]

_____________________________________________


Training took 681743 ms.
=============================================

 Evaluating: data/turkish.test.lab.svd_0.3_R50
  Tokens: 5021
  Sentences: 623
  UAS=0.763991	LAS=0.668791	CAS=0.215088	[3.54s]
