------
FLAGS
------
train-file: data/turkish.train.lab.randInit_0.3_R70
test-file: data/turkish.test.lab.randInit_0.3_R70
model-name: runs/turkish.model.lab.randInit_0.3_R70
output-file: null
train: true
test: true
iters: 20
label: true
max-sent: -1
C: 0.01
label-loss-type: 0
gamma: 0.3 0.3
R: 70
word-vector:null
projective: false
pruning: true
hill-climbing converge (train): 300
hill-climbing converge (test): 100
thread: 4
file format: CONLL-X
feature hash bits: 30

use consecutive siblings: false
use grandparent: false
use head bigram: false
use grand siblings: false
use tri-siblings: false
use great-grandparent: false
use parent-sibling-child: false
use high-order: false
model: Basic
------

Creating dictionaries ... 
Filtered DEPLABEL (28-->24)
4 8
Lexical items: 23347 (15 bits)
Tag/label items: 132 (8 bits)  24 (5 bits)
Flag Bits: 9
Creation took [1161 ms]
Creating Alphabet ... [2386 ms]
Hash collision: 0.3257% (12363 / 3795817)
Num of CONLL fine POS tags: 31
Num of CONLL coarse POS tags: 15
Num of labels: 24
Num of Syntactic Features: 99434 1073741823
Creating instances ... 1000 2000 3000 4000 4997 [384 ms]
=============================================
 Training:
=============================================
Running MIRA ... 
  1000 (time=12s)  2000 (time=23s)  3000 (time=28s)  4000 (time=33s)
  Iter 1	loss=39478.7259	uas=0.5672	las=0.6653	[44s]

 |U|^2: 78.039851 min: -0.311329	max: 0.209446
 |V|^2: 80.793075 min: -0.320968	max: 0.518824
 |W|^2: 71.482817 min: -0.496740	max: 0.540943
 |WL|^2: 70.166131 min: -0.168199	max: 0.139195

_____________________________________________

 Evaluation: data/turkish.test.lab.randInit_0.3_R70

  Tokens: 5021
  Sentences: 623
  UAS=0.753037	LAS=0.643298	CAS=0.192616	[4.74s]

_____________________________________________

  1000 (time=7s)  2000 (time=19s)  3000 (time=23s)  4000 (time=27s)
  Iter 2	loss=24308.5145	uas=0.6702	las=0.7758	[38s]

 |U|^2: 89.673910 min: -0.309021	max: 0.278512
 |V|^2: 95.066864 min: -0.334764	max: 0.613606
 |W|^2: 73.066718 min: -0.564328	max: 0.585324
 |WL|^2: 70.406782 min: -0.204579	max: 0.145897

_____________________________________________

 Evaluation: data/turkish.test.lab.randInit_0.3_R70

  Tokens: 5021
  Sentences: 623
  UAS=0.762199	LAS=0.659032	CAS=0.208668	[3.31s]

_____________________________________________

  1000 (time=5s)  2000 (time=14s)  3000 (time=18s)  4000 (time=22s)
  Iter 3	loss=17144.5325	uas=0.7134	las=0.8139	[32s]

 |U|^2: 104.223862 min: -0.337691	max: 0.259317
 |V|^2: 111.436165 min: -0.393611	max: 0.614448
 |W|^2: 76.345239 min: -0.616012	max: 0.742392
 |WL|^2: 70.683076 min: -0.227003	max: 0.169061

_____________________________________________

 Evaluation: data/turkish.test.lab.randInit_0.3_R70

  Tokens: 5021
  Sentences: 623
  UAS=0.764190	LAS=0.662816	CAS=0.210273	[3.34s]

_____________________________________________

  1000 (time=5s)  2000 (time=14s)  3000 (time=18s)  4000 (time=22s)
  Iter 4	loss=12683.0629	uas=0.7520	las=0.8408	[31s]

 |U|^2: 120.450175 min: -0.338987	max: 0.262130
 |V|^2: 128.406556 min: -0.435820	max: 0.593869
 |W|^2: 80.939594 min: -0.718331	max: 0.879010
 |WL|^2: 71.067015 min: -0.252745	max: 0.211850

_____________________________________________

 Evaluation: data/turkish.test.lab.randInit_0.3_R70

  Tokens: 5021
  Sentences: 623
  UAS=0.767576	LAS=0.665007	CAS=0.211878	[4.03s]

_____________________________________________

  1000 (time=5s)  2000 (time=14s)  3000 (time=17s)  4000 (time=21s)
  Iter 5	loss=9679.6086	uas=0.7838	las=0.8596	[30s]

 |U|^2: 135.870634 min: -0.318100	max: 0.280032
 |V|^2: 143.773345 min: -0.456561	max: 0.583610
 |W|^2: 86.319561 min: -0.808473	max: 1.042613
 |WL|^2: 71.466691 min: -0.248147	max: 0.238512

_____________________________________________

 Evaluation: data/turkish.test.lab.randInit_0.3_R70

  Tokens: 5021
  Sentences: 623
  UAS=0.767377	LAS=0.664609	CAS=0.210273	[3.29s]

_____________________________________________

  1000 (time=4s)  2000 (time=13s)  3000 (time=17s)  4000 (time=20s)
  Iter 6	loss=7507.5385	uas=0.8140	las=0.8745	[29s]

 |U|^2: 148.897561 min: -0.310249	max: 0.291505
 |V|^2: 156.740842 min: -0.468515	max: 0.564152
 |W|^2: 91.627135 min: -0.883342	max: 1.206926
 |WL|^2: 71.964673 min: -0.251336	max: 0.243692

_____________________________________________

 Evaluation: data/turkish.test.lab.randInit_0.3_R70

  Tokens: 5021
  Sentences: 623
  UAS=0.767377	LAS=0.665804	CAS=0.208668	[3.23s]

_____________________________________________

  1000 (time=4s)  2000 (time=13s)  3000 (time=16s)  4000 (time=20s)
  Iter 7	loss=5875.6750	uas=0.8397	las=0.8847	[28s]

 |U|^2: 159.455773 min: -0.309688	max: 0.286603
 |V|^2: 167.333023 min: -0.477351	max: 0.573785
 |W|^2: 96.743503 min: -0.971524	max: 1.324336
 |WL|^2: 72.498457 min: -0.266651	max: 0.286262

_____________________________________________

 Evaluation: data/turkish.test.lab.randInit_0.3_R70

  Tokens: 5021
  Sentences: 623
  UAS=0.767975	LAS=0.666600	CAS=0.211878	[3.24s]

_____________________________________________

  1000 (time=4s)  2000 (time=12s)  3000 (time=16s)  4000 (time=19s)
  Iter 8	loss=4689.8462	uas=0.8596	las=0.8944	[27s]

 |U|^2: 167.514987 min: -0.315676	max: 0.326764
 |V|^2: 175.570516 min: -0.479711	max: 0.581456
 |W|^2: 101.028933 min: -1.049703	max: 1.413106
 |WL|^2: 73.095375 min: -0.274454	max: 0.324234

_____________________________________________

 Evaluation: data/turkish.test.lab.randInit_0.3_R70

  Tokens: 5021
  Sentences: 623
  UAS=0.770165	LAS=0.668592	CAS=0.216693	[3.25s]

_____________________________________________

  1000 (time=4s)  2000 (time=12s)  3000 (time=15s)  4000 (time=19s)
  Iter 9	loss=3819.2192	uas=0.8766	las=0.9002	[28s]

 |U|^2: 174.152250 min: -0.316184	max: 0.356728
 |V|^2: 182.425694 min: -0.488046	max: 0.586229
 |W|^2: 104.749478 min: -1.105002	max: 1.489626
 |WL|^2: 73.798508 min: -0.297079	max: 0.368471

_____________________________________________

 Evaluation: data/turkish.test.lab.randInit_0.3_R70

  Tokens: 5021
  Sentences: 623
  UAS=0.770165	LAS=0.668393	CAS=0.219904	[3.30s]

_____________________________________________

  1000 (time=5s)  2000 (time=16s)  3000 (time=20s)  4000 (time=24s)
  Iter 10	loss=3166.6089	uas=0.8886	las=0.9069	[34s]

 |U|^2: 179.435744 min: -0.316755	max: 0.369499
 |V|^2: 187.975227 min: -0.485503	max: 0.587346
 |W|^2: 107.728293 min: -1.147884	max: 1.545091
 |WL|^2: 74.522997 min: -0.313938	max: 0.396268

_____________________________________________

 Evaluation: data/turkish.test.lab.randInit_0.3_R70

  Tokens: 5021
  Sentences: 623
  UAS=0.770564	LAS=0.669588	CAS=0.218299	[3.78s]

_____________________________________________

  1000 (time=5s)  2000 (time=13s)  3000 (time=16s)  4000 (time=20s)
  Iter 11	loss=2635.8698	uas=0.9001	las=0.9119	[28s]

 |U|^2: 183.884943 min: -0.325240	max: 0.388420
 |V|^2: 192.779965 min: -0.488721	max: 0.589686
 |W|^2: 110.162195 min: -1.187629	max: 1.591706
 |WL|^2: 75.361320 min: -0.346289	max: 0.419685

_____________________________________________

 Evaluation: data/turkish.test.lab.randInit_0.3_R70

  Tokens: 5021
  Sentences: 623
  UAS=0.768970	LAS=0.669389	CAS=0.219904	[3.34s]

_____________________________________________

  1000 (time=4s)  2000 (time=13s)  3000 (time=17s)  4000 (time=22s)
  Iter 12	loss=2248.9061	uas=0.9079	las=0.9176	[31s]

 |U|^2: 187.561103 min: -0.334644	max: 0.406278
 |V|^2: 196.821058 min: -0.489978	max: 0.590171
 |W|^2: 112.132591 min: -1.221644	max: 1.622985
 |WL|^2: 76.151580 min: -0.373424	max: 0.442668

_____________________________________________

 Evaluation: data/turkish.test.lab.randInit_0.3_R70

  Tokens: 5021
  Sentences: 623
  UAS=0.768174	LAS=0.668592	CAS=0.219904	[3.46s]

_____________________________________________

  1000 (time=5s)  2000 (time=15s)  3000 (time=18s)  4000 (time=22s)
  Iter 13	loss=1940.8842	uas=0.9160	las=0.9219	[32s]

 |U|^2: 190.716066 min: -0.335478	max: 0.416476
 |V|^2: 200.325640 min: -0.489703	max: 0.590171
 |W|^2: 113.766905 min: -1.242345	max: 1.648223
 |WL|^2: 76.893167 min: -0.385517	max: 0.470877

_____________________________________________

 Evaluation: data/turkish.test.lab.randInit_0.3_R70

  Tokens: 5021
  Sentences: 623
  UAS=0.767975	LAS=0.667596	CAS=0.221509	[4.33s]

_____________________________________________

  1000 (time=5s)  2000 (time=13s)  3000 (time=17s)  4000 (time=20s)
  Iter 14	loss=1674.7643	uas=0.9202	las=0.9267	[29s]

 |U|^2: 193.585624 min: -0.337135	max: 0.429939
 |V|^2: 203.513136 min: -0.495929	max: 0.590778
 |W|^2: 115.088250 min: -1.265986	max: 1.669151
 |WL|^2: 77.748223 min: -0.415929	max: 0.491897

_____________________________________________

 Evaluation: data/turkish.test.lab.randInit_0.3_R70

  Tokens: 5021
  Sentences: 623
  UAS=0.768174	LAS=0.667795	CAS=0.221509	[3.73s]

_____________________________________________

  1000 (time=4s)  2000 (time=13s)  3000 (time=16s)  4000 (time=20s)
  Iter 15	loss=1467.2218	uas=0.9248	las=0.9302	[28s]

 |U|^2: 196.087001 min: -0.340386	max: 0.443834
 |V|^2: 206.291581 min: -0.511484	max: 0.591277
 |W|^2: 116.227116 min: -1.287211	max: 1.688221
 |WL|^2: 78.521173 min: -0.432904	max: 0.513954

_____________________________________________

 Evaluation: data/turkish.test.lab.randInit_0.3_R70

  Tokens: 5021
  Sentences: 623
  UAS=0.768174	LAS=0.668592	CAS=0.221509	[3.51s]

_____________________________________________

  1000 (time=4s)  2000 (time=12s)  3000 (time=16s)  4000 (time=19s)
  Iter 16	loss=1291.5109	uas=0.9298	las=0.9342	[28s]

 |U|^2: 198.324723 min: -0.338863	max: 0.453351
 |V|^2: 208.816146 min: -0.528687	max: 0.591665
 |W|^2: 117.173867 min: -1.300310	max: 1.702239
 |WL|^2: 79.276562 min: -0.455216	max: 0.522838

_____________________________________________

 Evaluation: data/turkish.test.lab.randInit_0.3_R70

  Tokens: 5021
  Sentences: 623
  UAS=0.767975	LAS=0.668592	CAS=0.219904	[3.54s]

_____________________________________________

  1000 (time=4s)  2000 (time=12s)  3000 (time=16s)  4000 (time=19s)
  Iter 17	loss=1173.2842	uas=0.9303	las=0.9359	[27s]

 |U|^2: 200.310503 min: -0.333985	max: 0.464801
 |V|^2: 211.043128 min: -0.542407	max: 0.592321
 |W|^2: 117.956955 min: -1.316731	max: 1.715033
 |WL|^2: 79.983182 min: -0.469014	max: 0.532097

_____________________________________________

 Evaluation: data/turkish.test.lab.randInit_0.3_R70

  Tokens: 5021
  Sentences: 623
  UAS=0.766580	LAS=0.666799	CAS=0.215088	[3.69s]

_____________________________________________

  1000 (time=5s)  2000 (time=14s)  3000 (time=17s)  4000 (time=21s)
  Iter 18	loss=1055.6641	uas=0.9332	las=0.9391	[29s]

 |U|^2: 202.173992 min: -0.329662	max: 0.472692
 |V|^2: 213.122862 min: -0.551827	max: 0.593067
 |W|^2: 118.662218 min: -1.328072	max: 1.728088
 |WL|^2: 80.678294 min: -0.483668	max: 0.545276

_____________________________________________

 Evaluation: data/turkish.test.lab.randInit_0.3_R70

  Tokens: 5021
  Sentences: 623
  UAS=0.765784	LAS=0.665604	CAS=0.213483	[3.59s]

_____________________________________________

  1000 (time=4s)  2000 (time=11s)  3000 (time=14s)  4000 (time=18s)
  Iter 19	loss=970.2243	uas=0.9362	las=0.9426	[26s]

 |U|^2: 203.914100 min: -0.327533	max: 0.484554
 |V|^2: 215.047548 min: -0.569522	max: 0.593742
 |W|^2: 119.282053 min: -1.338540	max: 1.735858
 |WL|^2: 81.356353 min: -0.502725	max: 0.553646

_____________________________________________

 Evaluation: data/turkish.test.lab.randInit_0.3_R70

  Tokens: 5021
  Sentences: 623
  UAS=0.765186	LAS=0.664609	CAS=0.215088	[3.46s]

_____________________________________________

  1000 (time=5s)  2000 (time=12s)  3000 (time=15s)  4000 (time=18s)
  Iter 20	loss=875.6069	uas=0.9382	las=0.9437	[25s]

 |U|^2: 205.455320 min: -0.326388	max: 0.486806
 |V|^2: 216.768226 min: -0.576050	max: 0.594190
 |W|^2: 119.810010 min: -1.353098	max: 1.741154
 |WL|^2: 81.973742 min: -0.517216	max: 0.567342

_____________________________________________

 Evaluation: data/turkish.test.lab.randInit_0.3_R70

  Tokens: 5021
  Sentences: 623
  UAS=0.764390	LAS=0.663214	CAS=0.213483	[3.16s]

_____________________________________________


Training took 730364 ms.
=============================================

 Evaluating: data/turkish.test.lab.randInit_0.3_R70
  Tokens: 5021
  Sentences: 623
  UAS=0.764390	LAS=0.663214	CAS=0.213483	[3.25s]
