------
FLAGS
------
train-file: data/turkish.train.lab.randInit_0.3_R50_2
test-file: data/turkish.test.lab.randInit_0.3_R50_2
model-name: runs/turkish.model.lab.randInit_0.3_R50_2
output-file: null
train: true
test: true
iters: 20
label: true
max-sent: -1
C: 0.01
label-loss-type: 0
gamma: 0.3 0.3
R: 50
word-vector:null
projective: false
pruning: true
hill-climbing converge (train): 300
hill-climbing converge (test): 100
thread: 4
file format: CONLL-X
feature hash bits: 30

use consecutive siblings: false
use grandparent: false
use head bigram: false
use grand siblings: false
use tri-siblings: false
use great-grandparent: false
use parent-sibling-child: false
use high-order: false
model: Basic
------

Creating dictionaries ... 
Filtered DEPLABEL (28-->24)
4 8
Lexical items: 23347 (15 bits)
Tag/label items: 132 (8 bits)  24 (5 bits)
Flag Bits: 9
Creation took [1176 ms]
Creating Alphabet ... [2228 ms]
Hash collision: 0.3257% (12363 / 3795817)
Num of CONLL fine POS tags: 31
Num of CONLL coarse POS tags: 15
Num of labels: 24
Num of Syntactic Features: 99434 1073741823
Creating instances ... 1000 2000 3000 4000 4997 [319 ms]
=============================================
 Training:
=============================================
Running MIRA ... 
  1000 (time=11s)  2000 (time=21s)  3000 (time=25s)  4000 (time=29s)
  Iter 1	loss=39536.6378	uas=0.5648	las=0.6649	[39s]

 |U|^2: 56.255325 min: -0.291010	max: 0.158524
 |V|^2: 58.927091 min: -0.513267	max: 0.243289
 |W|^2: 51.087687 min: -0.559337	max: 0.637067
 |WL|^2: 50.082716 min: -0.109943	max: 0.114039

_____________________________________________

 Evaluation: data/turkish.test.lab.randInit_0.3_R50_2

  Tokens: 5021
  Sentences: 623
  UAS=0.752241	LAS=0.644095	CAS=0.195827	[3.76s]

_____________________________________________

  1000 (time=5s)  2000 (time=15s)  3000 (time=19s)  4000 (time=23s)
  Iter 2	loss=24422.3437	uas=0.6678	las=0.7762	[36s]

 |U|^2: 66.544794 min: -0.341116	max: 0.228368
 |V|^2: 71.195414 min: -0.649050	max: 0.285776
 |W|^2: 52.347355 min: -0.626258	max: 0.721888
 |WL|^2: 50.255072 min: -0.146190	max: 0.173753

_____________________________________________

 Evaluation: data/turkish.test.lab.randInit_0.3_R50_2

  Tokens: 5021
  Sentences: 623
  UAS=0.761601	LAS=0.660028	CAS=0.210273	[4.79s]

_____________________________________________

  1000 (time=5s)  2000 (time=17s)  3000 (time=22s)  4000 (time=27s)
  Iter 3	loss=17310.5984	uas=0.7126	las=0.8127	[37s]

 |U|^2: 79.896158 min: -0.396123	max: 0.277869
 |V|^2: 85.344442 min: -0.676635	max: 0.353441
 |W|^2: 54.815316 min: -0.761191	max: 0.827843
 |WL|^2: 50.482055 min: -0.172641	max: 0.182888

_____________________________________________

 Evaluation: data/turkish.test.lab.randInit_0.3_R50_2

  Tokens: 5021
  Sentences: 623
  UAS=0.762796	LAS=0.662219	CAS=0.219904	[3.62s]

_____________________________________________

  1000 (time=5s)  2000 (time=15s)  3000 (time=19s)  4000 (time=23s)
  Iter 4	loss=12899.3732	uas=0.7488	las=0.8401	[32s]

 |U|^2: 94.926077 min: -0.359314	max: 0.309878
 |V|^2: 100.411470 min: -0.678739	max: 0.396329
 |W|^2: 58.539269 min: -0.948687	max: 0.989729
 |WL|^2: 50.714744 min: -0.164649	max: 0.232273

_____________________________________________

 Evaluation: data/turkish.test.lab.randInit_0.3_R50_2

  Tokens: 5021
  Sentences: 623
  UAS=0.765385	LAS=0.664609	CAS=0.216693	[3.63s]

_____________________________________________

  1000 (time=5s)  2000 (time=13s)  3000 (time=17s)  4000 (time=21s)
  Iter 5	loss=9886.3719	uas=0.7802	las=0.8614	[29s]

 |U|^2: 109.768987 min: -0.333204	max: 0.310527
 |V|^2: 114.475759 min: -0.658294	max: 0.425795
 |W|^2: 62.970448 min: -1.077509	max: 1.120149
 |WL|^2: 51.002999 min: -0.176237	max: 0.239582

_____________________________________________

 Evaluation: data/turkish.test.lab.randInit_0.3_R50_2

  Tokens: 5021
  Sentences: 623
  UAS=0.764190	LAS=0.663214	CAS=0.216693	[3.41s]

_____________________________________________

  1000 (time=4s)  2000 (time=13s)  3000 (time=16s)  4000 (time=20s)
  Iter 6	loss=7712.1093	uas=0.8085	las=0.8738	[28s]

 |U|^2: 122.523038 min: -0.330202	max: 0.308833
 |V|^2: 126.653964 min: -0.651583	max: 0.468511
 |W|^2: 67.676403 min: -1.242180	max: 1.239531
 |WL|^2: 51.423389 min: -0.186694	max: 0.272314

_____________________________________________

 Evaluation: data/turkish.test.lab.randInit_0.3_R50_2

  Tokens: 5021
  Sentences: 623
  UAS=0.765186	LAS=0.664011	CAS=0.216693	[3.28s]

_____________________________________________

  1000 (time=4s)  2000 (time=13s)  3000 (time=17s)  4000 (time=20s)
  Iter 7	loss=6116.1057	uas=0.8331	las=0.8838	[28s]

 |U|^2: 133.089957 min: -0.306442	max: 0.310960
 |V|^2: 136.673356 min: -0.635404	max: 0.481991
 |W|^2: 72.280007 min: -1.347427	max: 1.379387
 |WL|^2: 51.900534 min: -0.189961	max: 0.305116

_____________________________________________

 Evaluation: data/turkish.test.lab.randInit_0.3_R50_2

  Tokens: 5021
  Sentences: 623
  UAS=0.766381	LAS=0.666003	CAS=0.216693	[3.24s]

_____________________________________________

  1000 (time=4s)  2000 (time=12s)  3000 (time=16s)  4000 (time=19s)
  Iter 8	loss=4910.5278	uas=0.8519	las=0.8932	[28s]

 |U|^2: 141.316313 min: -0.330408	max: 0.318834
 |V|^2: 144.639655 min: -0.641350	max: 0.498362
 |W|^2: 76.395463 min: -1.455281	max: 1.470654
 |WL|^2: 52.364785 min: -0.221300	max: 0.322886

_____________________________________________

 Evaluation: data/turkish.test.lab.randInit_0.3_R50_2

  Tokens: 5021
  Sentences: 623
  UAS=0.767178	LAS=0.666401	CAS=0.216693	[3.20s]

_____________________________________________

  1000 (time=4s)  2000 (time=13s)  3000 (time=16s)  4000 (time=19s)
  Iter 9	loss=4000.7594	uas=0.8700	las=0.8995	[28s]

 |U|^2: 147.875943 min: -0.355478	max: 0.349099
 |V|^2: 151.111131 min: -0.645628	max: 0.487341
 |W|^2: 79.931350 min: -1.537261	max: 1.541208
 |WL|^2: 52.907506 min: -0.228537	max: 0.341296

_____________________________________________

 Evaluation: data/turkish.test.lab.randInit_0.3_R50_2

  Tokens: 5021
  Sentences: 623
  UAS=0.766780	LAS=0.665604	CAS=0.219904	[3.40s]

_____________________________________________

  1000 (time=4s)  2000 (time=11s)  3000 (time=14s)  4000 (time=18s)
  Iter 10	loss=3344.1817	uas=0.8826	las=0.9072	[25s]

 |U|^2: 153.214220 min: -0.382780	max: 0.374384
 |V|^2: 156.503166 min: -0.649383	max: 0.506730
 |W|^2: 82.969558 min: -1.604681	max: 1.589914
 |WL|^2: 53.474255 min: -0.252985	max: 0.351732

_____________________________________________

 Evaluation: data/turkish.test.lab.randInit_0.3_R50_2

  Tokens: 5021
  Sentences: 623
  UAS=0.767975	LAS=0.667596	CAS=0.221509	[3.19s]

_____________________________________________

  1000 (time=4s)  2000 (time=11s)  3000 (time=14s)  4000 (time=18s)
  Iter 11	loss=2825.8513	uas=0.8931	las=0.9124	[27s]

 |U|^2: 157.572271 min: -0.403886	max: 0.395445
 |V|^2: 160.966003 min: -0.652672	max: 0.531659
 |W|^2: 85.405372 min: -1.662828	max: 1.638664
 |WL|^2: 54.066037 min: -0.283055	max: 0.361189

_____________________________________________

 Evaluation: data/turkish.test.lab.randInit_0.3_R50_2

  Tokens: 5021
  Sentences: 623
  UAS=0.767576	LAS=0.667994	CAS=0.224719	[3.14s]

_____________________________________________

  1000 (time=4s)  2000 (time=11s)  3000 (time=15s)  4000 (time=18s)
  Iter 12	loss=2439.7029	uas=0.9010	las=0.9163	[27s]

 |U|^2: 161.306083 min: -0.420891	max: 0.414337
 |V|^2: 164.895118 min: -0.654252	max: 0.562266
 |W|^2: 87.430933 min: -1.705735	max: 1.674590
 |WL|^2: 54.750422 min: -0.309601	max: 0.371758

_____________________________________________

 Evaluation: data/turkish.test.lab.randInit_0.3_R50_2

  Tokens: 5021
  Sentences: 623
  UAS=0.767975	LAS=0.668592	CAS=0.226324	[4.72s]

_____________________________________________

  1000 (time=5s)  2000 (time=14s)  3000 (time=17s)  4000 (time=21s)
  Iter 13	loss=2122.3730	uas=0.9080	las=0.9216	[29s]

 |U|^2: 164.630965 min: -0.435292	max: 0.430396
 |V|^2: 168.407304 min: -0.655626	max: 0.598226
 |W|^2: 89.225902 min: -1.736300	max: 1.706005
 |WL|^2: 55.403785 min: -0.329096	max: 0.383036

_____________________________________________

 Evaluation: data/turkish.test.lab.randInit_0.3_R50_2

  Tokens: 5021
  Sentences: 623
  UAS=0.767576	LAS=0.667397	CAS=0.227929	[3.45s]

_____________________________________________

  1000 (time=4s)  2000 (time=13s)  3000 (time=16s)  4000 (time=20s)
  Iter 14	loss=1848.2267	uas=0.9131	las=0.9251	[28s]

 |U|^2: 167.399763 min: -0.456570	max: 0.444312
 |V|^2: 171.436949 min: -0.656688	max: 0.619147
 |W|^2: 90.640061 min: -1.765449	max: 1.727858
 |WL|^2: 56.068834 min: -0.356406	max: 0.387090

_____________________________________________

 Evaluation: data/turkish.test.lab.randInit_0.3_R50_2

  Tokens: 5021
  Sentences: 623
  UAS=0.767377	LAS=0.667994	CAS=0.229535	[3.95s]

_____________________________________________

  1000 (time=4s)  2000 (time=13s)  3000 (time=16s)  4000 (time=18s)
  Iter 15	loss=1658.0810	uas=0.9160	las=0.9283	[26s]

 |U|^2: 169.996180 min: -0.470641	max: 0.456264
 |V|^2: 174.262788 min: -0.656924	max: 0.637340
 |W|^2: 91.838125 min: -1.786462	max: 1.744878
 |WL|^2: 56.797823 min: -0.379902	max: 0.392868

_____________________________________________

 Evaluation: data/turkish.test.lab.randInit_0.3_R50_2

  Tokens: 5021
  Sentences: 623
  UAS=0.767775	LAS=0.667198	CAS=0.229535	[3.15s]

_____________________________________________

  1000 (time=4s)  2000 (time=11s)  3000 (time=15s)  4000 (time=18s)
  Iter 16	loss=1483.8085	uas=0.9204	las=0.9310	[25s]

 |U|^2: 172.348885 min: -0.481453	max: 0.466334
 |V|^2: 176.878010 min: -0.657273	max: 0.651738
 |W|^2: 92.925567 min: -1.808988	max: 1.762422
 |WL|^2: 57.506556 min: -0.400725	max: 0.394344

_____________________________________________

 Evaluation: data/turkish.test.lab.randInit_0.3_R50_2

  Tokens: 5021
  Sentences: 623
  UAS=0.768174	LAS=0.667397	CAS=0.227929	[3.17s]

_____________________________________________

  1000 (time=4s)  2000 (time=11s)  3000 (time=14s)  4000 (time=17s)
  Iter 17	loss=1323.8549	uas=0.9231	las=0.9341	[25s]

 |U|^2: 174.395191 min: -0.495687	max: 0.476067
 |V|^2: 179.178728 min: -0.658013	max: 0.667940
 |W|^2: 93.823571 min: -1.824655	max: 1.775526
 |WL|^2: 58.162349 min: -0.421826	max: 0.400989

_____________________________________________

 Evaluation: data/turkish.test.lab.randInit_0.3_R50_2

  Tokens: 5021
  Sentences: 623
  UAS=0.767178	LAS=0.666600	CAS=0.224719	[3.16s]

_____________________________________________

  1000 (time=4s)  2000 (time=11s)  3000 (time=14s)  4000 (time=18s)
  Iter 18	loss=1194.7921	uas=0.9259	las=0.9372	[26s]

 |U|^2: 176.310471 min: -0.506041	max: 0.483528
 |V|^2: 181.346628 min: -0.658187	max: 0.689007
 |W|^2: 94.642503 min: -1.841694	max: 1.789853
 |WL|^2: 58.805800 min: -0.439958	max: 0.421651

_____________________________________________

 Evaluation: data/turkish.test.lab.randInit_0.3_R50_2

  Tokens: 5021
  Sentences: 623
  UAS=0.767377	LAS=0.666799	CAS=0.224719	[3.38s]

_____________________________________________

  1000 (time=4s)  2000 (time=12s)  3000 (time=15s)  4000 (time=18s)
  Iter 19	loss=1080.3412	uas=0.9300	las=0.9402	[25s]

 |U|^2: 177.994018 min: -0.515067	max: 0.491812
 |V|^2: 183.290692 min: -0.658432	max: 0.698472
 |W|^2: 95.287197 min: -1.853035	max: 1.801530
 |WL|^2: 59.420158 min: -0.452354	max: 0.435166

_____________________________________________

 Evaluation: data/turkish.test.lab.randInit_0.3_R50_2

  Tokens: 5021
  Sentences: 623
  UAS=0.767975	LAS=0.666999	CAS=0.223114	[3.31s]

_____________________________________________

  1000 (time=4s)  2000 (time=12s)  3000 (time=14s)  4000 (time=18s)
  Iter 20	loss=1003.0168	uas=0.9303	las=0.9417	[26s]

 |U|^2: 179.636869 min: -0.527260	max: 0.497424
 |V|^2: 185.164700 min: -0.658610	max: 0.718033
 |W|^2: 95.979698 min: -1.862638	max: 1.817055
 |WL|^2: 60.008791 min: -0.468552	max: 0.451696

_____________________________________________

 Evaluation: data/turkish.test.lab.randInit_0.3_R50_2

  Tokens: 5021
  Sentences: 623
  UAS=0.768174	LAS=0.666401	CAS=0.221509	[3.14s]

_____________________________________________


Training took 700871 ms.
=============================================

 Evaluating: data/turkish.test.lab.randInit_0.3_R50_2
  Tokens: 5021
  Sentences: 623
  UAS=0.768174	LAS=0.666401	CAS=0.221509	[3.88s]
