Warning: couldn't find coarse POS map for this language
Creating dictionaries ... 
Filtered DEPLABEL (32-->30)
4 8
Lexical items: 667 (10 bits)
Tag/label items: 80 (7 bits)  30 (5 bits)
Flag Bits: 4
Creation took [102 ms]
Creating Alphabet ... [85 ms]
Hash collision: 0.0194% (14 / 72132)
Num of CONLL fine POS tags: 38
Num of CONLL coarse POS tags: 38
Num of labels: 30
Num of Syntactic Features: 3469 268435455
Creating instances ... 32 [16 ms]
=============================================
 Training Pruner:
=============================================
Running MIRA ... 
  Iter 1	loss=682.8964	uas=0.0193	[0s]
  Iter 2	loss=286.2405	uas=0.1399	[0s]
  Iter 3	loss=112.4591	uas=0.2978	[0s]
  Iter 4	loss=45.4317	uas=0.4570	[0s]
  Iter 5	loss=18.8491	uas=0.5546	[0s]
  Iter 6	loss=9.1029	uas=0.6149	[0s]
  Iter 7	loss=4.4264	uas=0.6829	[0s]
  Iter 8	loss=2.1640	uas=0.7394	[0s]
  Iter 9	loss=1.1361	uas=0.8010	[0s]
  Iter 10	loss=0.5419	uas=0.8408	[0s]

Training took 2898 ms.
=============================================

------
FLAGS
------
train-file: data/english.sample.train.lab.0
test-file: data/english.sample.test.lab.0
model-name: runs/english.sample.model.lab.0
output-file: null
train: true
test: true
iters: 10
label: true
max-sent: -1
C: 0.01
label-loss-type: 0
gamma: 0.3 0.3
R: 50
word-vector:null
projective: false
pruning: true
hill-climbing converge (train): 300
hill-climbing converge (test): 100
thread: 4
file format: CONLL-X
feature hash bits: 30

use consecutive siblings: true
use grandparent: true
use head bigram: true
use grand siblings: true
use tri-siblings: true
use great-grandparent: false
use parent-sibling-child: false
use high-order: false
model: Standard
------

Warning: couldn't find coarse POS map for this language
Creating dictionaries ... 
Filtered DEPLABEL (32-->30)
4 8
Lexical items: 667 (10 bits)
Tag/label items: 80 (7 bits)  30 (5 bits)
Flag Bits: 9
Creation took [33 ms]
Creating Alphabet ... [54 ms]
Hash collision: 0.0173% (29 / 167556)
Num of CONLL fine POS tags: 38
Num of CONLL coarse POS tags: 38
Num of labels: 30
Num of Syntactic Features: 3469 1073741823
Creating instances ... 32 [5 ms]
OpenJDK 64-Bit Server VM warning: INFO: os::commit_memory(0x00000003adc80000, 4295491584, 0) failed; error='Cannot allocate memory' (errno=12)
#
# There is insufficient memory for the Java Runtime Environment to continue.
# Native memory allocation (malloc) failed to allocate 4295491584 bytes for committing reserved memory.
# An error report file with more information is saved as:
# /afs/csail.mit.edu/u/t/tianxiao/workspace/RBGParser/hs_err_pid31691.log
