Warning: unknow language
Warning: unknow language
Warning: couldn't find coarse POS map for this language
Creating dictionaries ... 
Filtered DEPLABEL (10-->8)
4 8
Lexical items: 47736 (16 bits)
Tag/label items: 138 (8 bits)  8 (4 bits)
Flag Bits: 4
Creation took [3357 ms]
Creating Alphabet ... [35042 ms]
Hash collision: 6.8309% (2173362 / 31816858)
Num of CONLL fine POS tags: 36
Num of CONLL coarse POS tags: 36
Num of labels: 8
Num of Syntactic Features: 256364 268435455
Creating instances ... 1000 2000 3000 4000 5000 6000 7000 8000 9000 10000 11000 12000 13000 14000 14368 [2349 ms]
=============================================
 Training Pruner:
=============================================
Running MIRA ... 
  Iter 1	loss=168575.2294	uas=0.5546	[292s]
  Iter 2	loss=113439.0746	uas=0.6581	[280s]
  Iter 3	loss=90995.6830	uas=0.6922	[275s]
  Iter 4	loss=77889.0607	uas=0.7147	[276s]
  Iter 5	loss=68893.9172	uas=0.7322	[273s]
  Iter 6	loss=62510.3008	uas=0.7458	[272s]
  Iter 7	loss=57432.9015	uas=0.7586	[271s]
  Iter 8	loss=53423.5126	uas=0.7674	[272s]
  Iter 9	loss=50101.9669	uas=0.7765	[272s]
  Iter 10	loss=47270.5892	uas=0.7833	[269s]

Training took 2759345 ms.
=============================================

------
FLAGS
------
train-file: data/spmrl.train.fpos.fn.conll
test-file: data/spmrl.test.fpos.fn.conll
model-name: runs/spmrl.model
output-file: null
train: true
test: true
iters: 10
label: true
max-sent: -1
C: 0.01
label-loss-type: 0
gamma: 0.3 1.0
R: 50
word-vector:null
projective: false
pruning: true
hill-climbing converge (train): 300
hill-climbing converge (test): 100
thread: 4
file format: CONLL-X
feature hash bits: 30

use consecutive siblings: true
use grandparent: true
use head bigram: true
use grand siblings: true
use tri-siblings: true
use great-grandparent: false
use parent-sibling-child: false
use high-order: false
model: Standard
------

Warning: couldn't find coarse POS map for this language
Creating dictionaries ... 
Filtered DEPLABEL (10-->8)
4 8
Lexical items: 47736 (16 bits)
Tag/label items: 138 (8 bits)  8 (4 bits)
Flag Bits: 8
Creation took [1775 ms]
Creating Alphabet ... [44404 ms]
Hash collision: 3.9304% (1853274 / 47151955)
Num of CONLL fine POS tags: 36
Num of CONLL coarse POS tags: 36
Num of labels: 8
Num of Syntactic Features: 256364 1073741823
Creating instances ... 1000 2000 3000 4000 5000 6000 7000 8000 9000 10000 11000 12000 13000 14000 14368 [2361 ms]
=============================================
 Pre-training:
=============================================
Running MIRA ... 
  1436 (time=37s)  2872 (time=73s)  4308 (time=122s)  5744 (time=160s)  7180 (time=187s)  8616 (time=214s)  10052 (time=242s)  11488 (time=269s)  12924 (time=295s)  14360 (time=322s)
  Iter 1	loss=202619.3524	uas=0.6687	[322s]

Init tensor ... 
  Unfolding matrix: 13943078 / (256364*3845460)  0.00% entries.
  Rank: 50 (max:50)  Sigma: max=1.832601 cut=0.313643

 |U|^2: 50.000000 min: -0.505457	max: 0.847466
 |V|^2: 50.000000 min: -0.918394	max: 0.909625
 |W|^2: 15.345025 min: -1.686614	max: 0.697638

Pre-training took 375957 ms.
=============================================

=============================================
 Training:
=============================================
Running MIRA ... 
  1436 (time=78s)  2872 (time=161s)  4308 (time=269s)  5744 (time=366s)  7180 (time=437s)  8616 (time=508s)  10052 (time=581s)  11488 (time=653s)  12924 (time=721s)  14360 (time=794s)
  Iter 1	loss=170476.2529	uas=0.7124	[794s]
  Pruning Recall: 0.9994	Effcy: 0.0926

_____________________________________________

 Evaluation: data/spmrl.test.fpos.fn.conll

  Tokens: 49642
  Sentences: 1788
  UAS=0.886447	LAS=0.861045	CAS=0.118568	[115.49s]
  Pruning Recall: 0.9890	Effcy: 0.1111

WARNING: Pruning recall is less than 99%!
Current pruning-weight=0.20. Consider using a smaller value between (0,1)


_____________________________________________

  1436 (time=87s)  2872 (time=175s)  4308 (time=291s)  5744 (time=392s)  7180 (time=469s)  8616 (time=547s)  10052 (time=627s)  11488 (time=704s)  12924 (time=777s)  14360 (time=859s)
  Iter 2	loss=100999.3983	uas=0.7793	[860s]
  Pruning Recall: 0.9994	Effcy: 0.0926

_____________________________________________

 Evaluation: data/spmrl.test.fpos.fn.conll

  Tokens: 49642
  Sentences: 1788
  UAS=0.895794	LAS=0.872829	CAS=0.142058	[120.85s]
  Pruning Recall: 0.9890	Effcy: 0.1111

WARNING: Pruning recall is less than 99%!
Current pruning-weight=0.20. Consider using a smaller value between (0,1)


_____________________________________________

  1436 (time=83s)  2872 (time=175s)  4308 (time=294s)  5744 (time=398s)  7180 (time=475s)  8616 (time=557s)  10052 (time=641s)  11488 (time=718s)  12924 (time=791s)  14360 (time=870s)
  Iter 3	loss=70733.8959	uas=0.8129	[870s]
  Pruning Recall: 0.9994	Effcy: 0.0926

_____________________________________________

 Evaluation: data/spmrl.test.fpos.fn.conll

  Tokens: 49642
  Sentences: 1788
  UAS=0.899662	LAS=0.877583	CAS=0.151566	[108.50s]
  Pruning Recall: 0.9890	Effcy: 0.1111

WARNING: Pruning recall is less than 99%!
Current pruning-weight=0.20. Consider using a smaller value between (0,1)


_____________________________________________

  1436 (time=84s)  2872 (time=171s)  4308 (time=298s)  5744 (time=411s)  7180 (time=492s)  8616 (time=577s)  10052 (time=666s)  11488 (time=748s)  12924 (time=826s)  14360 (time=913s)
  Iter 4	loss=53730.7717	uas=0.8361	[913s]
  Pruning Recall: 0.9994	Effcy: 0.0926

_____________________________________________

 Evaluation: data/spmrl.test.fpos.fn.conll

  Tokens: 49642
  Sentences: 1788
  UAS=0.901877	LAS=0.880162	CAS=0.154922	[116.65s]
  Pruning Recall: 0.9890	Effcy: 0.1111

WARNING: Pruning recall is less than 99%!
Current pruning-weight=0.20. Consider using a smaller value between (0,1)


_____________________________________________

  1436 (time=83s)  2872 (time=163s)  4308 (time=266s)  5744 (time=362s)  7180 (time=431s)  8616 (time=503s)  10052 (time=578s)  11488 (time=655s)  12924 (time=720s)  14360 (time=794s)
  Iter 5	loss=42872.8570	uas=0.8545	[795s]
  Pruning Recall: 0.9994	Effcy: 0.0926

_____________________________________________

 Evaluation: data/spmrl.test.fpos.fn.conll

  Tokens: 49642
  Sentences: 1788
  UAS=0.903408	LAS=0.881592	CAS=0.158277	[107.61s]
  Pruning Recall: 0.9890	Effcy: 0.1111

WARNING: Pruning recall is less than 99%!
Current pruning-weight=0.20. Consider using a smaller value between (0,1)


_____________________________________________

  1436 (time=77s)  2872 (time=164s)  4308 (time=278s)  5744 (time=379s)  7180 (time=447s)  8616 (time=526s)  10052 (time=609s)  11488 (time=687s)  12924 (time=762s)  14360 (time=848s)
  Iter 6	loss=35299.9981	uas=0.8699	[849s]
  Pruning Recall: 0.9994	Effcy: 0.0926

_____________________________________________

 Evaluation: data/spmrl.test.fpos.fn.conll

  Tokens: 49642
  Sentences: 1788
  UAS=0.903690	LAS=0.881834	CAS=0.163870	[137.15s]
  Pruning Recall: 0.9890	Effcy: 0.1111

WARNING: Pruning recall is less than 99%!
Current pruning-weight=0.20. Consider using a smaller value between (0,1)


_____________________________________________

  1436 (time=97s)  2872 (time=189s)  4308 (time=303s)  5744 (time=396s)  7180 (time=466s)  8616 (time=535s)  10052 (time=607s)  11488 (time=675s)  12924 (time=740s)  14360 (time=811s)
  Iter 7	loss=30021.9428	uas=0.8806	[811s]
  Pruning Recall: 0.9994	Effcy: 0.0926

_____________________________________________

 Evaluation: data/spmrl.test.fpos.fn.conll

  Tokens: 49642
  Sentences: 1788
  UAS=0.904154	LAS=0.882217	CAS=0.166107	[107.20s]
  Pruning Recall: 0.9890	Effcy: 0.1111

WARNING: Pruning recall is less than 99%!
Current pruning-weight=0.20. Consider using a smaller value between (0,1)


_____________________________________________

  1436 (time=78s)  2872 (time=160s)  4308 (time=269s)  5744 (time=365s)  7180 (time=431s)  8616 (time=503s)  10052 (time=578s)  11488 (time=649s)  12924 (time=711s)  14360 (time=783s)
  Iter 8	loss=26128.0471	uas=0.8900	[783s]
  Pruning Recall: 0.9994	Effcy: 0.0926

_____________________________________________

 Evaluation: data/spmrl.test.fpos.fn.conll

  Tokens: 49642
  Sentences: 1788
  UAS=0.904456	LAS=0.882458	CAS=0.165548	[109.85s]
  Pruning Recall: 0.9890	Effcy: 0.1111

WARNING: Pruning recall is less than 99%!
Current pruning-weight=0.20. Consider using a smaller value between (0,1)


_____________________________________________

  1436 (time=79s)  2872 (time=160s)  4308 (time=271s)  5744 (time=364s)  7180 (time=435s)  8616 (time=510s)  10052 (time=586s)  11488 (time=655s)  12924 (time=724s)  14360 (time=799s)
  Iter 9	loss=23042.9267	uas=0.8984	[799s]
  Pruning Recall: 0.9994	Effcy: 0.0926

_____________________________________________

 Evaluation: data/spmrl.test.fpos.fn.conll

  Tokens: 49642
  Sentences: 1788
  UAS=0.904657	LAS=0.882720	CAS=0.164989	[110.36s]
  Pruning Recall: 0.9890	Effcy: 0.1111

WARNING: Pruning recall is less than 99%!
Current pruning-weight=0.20. Consider using a smaller value between (0,1)


_____________________________________________

  1436 (time=68s)  2872 (time=137s)  4308 (time=228s)  5744 (time=306s)  7180 (time=361s)  8616 (time=419s)  10052 (time=478s)  11488 (time=535s)  12924 (time=587s)  14360 (time=646s)
  Iter 10	loss=20645.0731	uas=0.9039	[647s]
  Pruning Recall: 0.9994	Effcy: 0.0926

_____________________________________________

 Evaluation: data/spmrl.test.fpos.fn.conll

  Tokens: 49642
  Sentences: 1788
  UAS=0.904839	LAS=0.882922	CAS=0.166667	[93.60s]
  Pruning Recall: 0.9890	Effcy: 0.1111

WARNING: Pruning recall is less than 99%!
Current pruning-weight=0.20. Consider using a smaller value between (0,1)


_____________________________________________


Training took 9276783 ms.
=============================================

Warning: unknow language
 Evaluating: data/spmrl.test.fpos.fn.conll
  Tokens: 49642
  Sentences: 1788
  UAS=0.904819	LAS=0.882881	CAS=0.166667	[76.27s]
  Pruning Recall: 0.9890	Effcy: 0.1111

WARNING: Pruning recall is less than 99%!
Current pruning-weight=0.20. Consider using a smaller value between (0,1)

