Warning: unknow language
Warning: unknow language
Warning: couldn't find coarse POS map for this language
Creating dictionaries ... 
Filtered DEPLABEL (10-->8)
4 8
Lexical items: 47736 (16 bits)
Tag/label items: 91 (7 bits)  8 (4 bits)
Flag Bits: 4
Creation took [3473 ms]
Creating Alphabet ... [35163 ms]
Hash collision: 6.3256% (1860855 / 29417912)
Num of CONLL fine POS tags: 36
Num of CONLL coarse POS tags: 36
Num of labels: 8
Num of Syntactic Features: 256364 268435455
Creating instances ... 1000 2000 3000 4000 5000 6000 7000 8000 9000 10000 11000 12000 13000 14000 14368 [2384 ms]
=============================================
 Training Pruner:
=============================================
Running MIRA ... 
  Iter 1	loss=168702.3491	uas=0.5549	[316s]
  Iter 2	loss=113702.4281	uas=0.6583	[324s]
  Iter 3	loss=91459.5559	uas=0.6914	[307s]
  Iter 4	loss=78190.7410	uas=0.7148	[270s]
  Iter 5	loss=69379.2396	uas=0.7314	[265s]
  Iter 6	loss=62695.4066	uas=0.7455	[269s]
  Iter 7	loss=57667.1271	uas=0.7572	[267s]
  Iter 8	loss=53578.3112	uas=0.7668	[264s]
  Iter 9	loss=50327.7093	uas=0.7749	[266s]
  Iter 10	loss=47430.6193	uas=0.7830	[269s]

Training took 2822595 ms.
=============================================

------
FLAGS
------
train-file: data/spmrl.train.fpos.fn.conll
test-file: data/spmrl.test.fpos.fn.conll
model-name: runs/spmrl.model
output-file: null
train: true
test: true
iters: 10
label: true
max-sent: -1
C: 0.01
label-loss-type: 0
gamma: 0.3 1.0
R: 50
word-vector:null
projective: false
pruning: true
hill-climbing converge (train): 300
hill-climbing converge (test): 100
thread: 4
file format: CONLL-X
feature hash bits: 30

use consecutive siblings: true
use grandparent: true
use head bigram: true
use grand siblings: true
use tri-siblings: true
use great-grandparent: false
use parent-sibling-child: false
use high-order: false
model: Standard
------

Warning: couldn't find coarse POS map for this language
Creating dictionaries ... 
Filtered DEPLABEL (10-->8)
4 8
Lexical items: 47736 (16 bits)
Tag/label items: 91 (7 bits)  8 (4 bits)
Flag Bits: 8
Creation took [1886 ms]
Creating Alphabet ... [44862 ms]
Hash collision: 3.7339% (1671012 / 44753009)
Num of CONLL fine POS tags: 36
Num of CONLL coarse POS tags: 36
Num of labels: 8
Num of Syntactic Features: 256364 1073741823
Creating instances ... 1000 2000 3000 4000 5000 6000 7000 8000 9000 10000 11000 12000 13000 14000 14368 [1633 ms]
=============================================
 Pre-training:
=============================================
Running MIRA ... 
  1436 (time=36s)  2872 (time=72s)  4308 (time=121s)  5744 (time=159s)  7180 (time=185s)  8616 (time=214s)  10052 (time=241s)  11488 (time=268s)  12924 (time=292s)  14360 (time=319s)
  Iter 1	loss=202638.9444	uas=0.6688	[319s]

Init tensor ... 
  Unfolding matrix: 13943078 / (256364*3845460)  0.00% entries.
  Rank: 50 (max:50)  Sigma: max=1.864220 cut=0.318762

 |U|^2: 50.000000 min: -0.485230	max: 0.853935
 |V|^2: 50.000000 min: -0.592734	max: 0.944548
 |W|^2: 15.685463 min: -1.719601	max: 0.707305

Pre-training took 371372 ms.
=============================================

=============================================
 Training:
=============================================
Running MIRA ... 
  1436 (time=78s)  2872 (time=157s)  4308 (time=270s)  5744 (time=371s)  7180 (time=446s)  8616 (time=523s)  10052 (time=597s)  11488 (time=664s)  12924 (time=730s)  14360 (time=805s)
  Iter 1	loss=170547.3301	uas=0.7123	[805s]
  Pruning Recall: 0.9994	Effcy: 0.0924

_____________________________________________

 Evaluation: data/spmrl.test.fpos.fn.conll

  Tokens: 49642
  Sentences: 1788
  UAS=0.886608	LAS=0.861025	CAS=0.121365	[118.72s]
  Pruning Recall: 0.9890	Effcy: 0.1102

WARNING: Pruning recall is less than 99%!
Current pruning-weight=0.20. Consider using a smaller value between (0,1)


_____________________________________________

  1436 (time=84s)  2872 (time=170s)  4308 (time=281s)  5744 (time=380s)  7180 (time=452s)  8616 (time=528s)  10052 (time=606s)  11488 (time=680s)  12924 (time=749s)  14360 (time=818s)
  Iter 2	loss=100903.9271	uas=0.7793	[819s]
  Pruning Recall: 0.9994	Effcy: 0.0924

_____________________________________________

 Evaluation: data/spmrl.test.fpos.fn.conll

  Tokens: 49642
  Sentences: 1788
  UAS=0.895310	LAS=0.872124	CAS=0.139821	[107.25s]
  Pruning Recall: 0.9890	Effcy: 0.1102

WARNING: Pruning recall is less than 99%!
Current pruning-weight=0.20. Consider using a smaller value between (0,1)


_____________________________________________

  1436 (time=80s)  2872 (time=168s)  4308 (time=286s)  5744 (time=379s)  7180 (time=453s)  8616 (time=529s)  10052 (time=606s)  11488 (time=679s)  12924 (time=745s)  14360 (time=817s)
  Iter 3	loss=70760.6999	uas=0.8125	[817s]
  Pruning Recall: 0.9994	Effcy: 0.0924

_____________________________________________

 Evaluation: data/spmrl.test.fpos.fn.conll

  Tokens: 49642
  Sentences: 1788
  UAS=0.899440	LAS=0.877080	CAS=0.152125	[113.82s]
  Pruning Recall: 0.9890	Effcy: 0.1102

WARNING: Pruning recall is less than 99%!
Current pruning-weight=0.20. Consider using a smaller value between (0,1)


_____________________________________________

  1436 (time=81s)  2872 (time=177s)  4308 (time=308s)  5744 (time=418s)  7180 (time=497s)  8616 (time=585s)  10052 (time=672s)  11488 (time=754s)  12924 (time=831s)  14360 (time=918s)
  Iter 4	loss=53706.7373	uas=0.8361	[918s]
  Pruning Recall: 0.9994	Effcy: 0.0924

_____________________________________________

 Evaluation: data/spmrl.test.fpos.fn.conll

  Tokens: 49642
  Sentences: 1788
  UAS=0.901495	LAS=0.879578	CAS=0.154922	[121.98s]
  Pruning Recall: 0.9890	Effcy: 0.1102

WARNING: Pruning recall is less than 99%!
Current pruning-weight=0.20. Consider using a smaller value between (0,1)


_____________________________________________

  1436 (time=82s)  2872 (time=172s)  4308 (time=294s)  5744 (time=392s)  7180 (time=464s)  8616 (time=541s)  10052 (time=621s)  11488 (time=693s)  12924 (time=757s)  14360 (time=826s)
  Iter 5	loss=42719.7318	uas=0.8545	[827s]
  Pruning Recall: 0.9994	Effcy: 0.0924

_____________________________________________

 Evaluation: data/spmrl.test.fpos.fn.conll

  Tokens: 49642
  Sentences: 1788
  UAS=0.902643	LAS=0.880545	CAS=0.159396	[106.55s]
  Pruning Recall: 0.9890	Effcy: 0.1102

WARNING: Pruning recall is less than 99%!
Current pruning-weight=0.20. Consider using a smaller value between (0,1)


_____________________________________________

  1436 (time=80s)  2872 (time=172s)  4308 (time=290s)  5744 (time=391s)  7180 (time=464s)  8616 (time=542s)  10052 (time=614s)  11488 (time=689s)  12924 (time=760s)  14360 (time=832s)
  Iter 6	loss=35367.7039	uas=0.8690	[832s]
  Pruning Recall: 0.9994	Effcy: 0.0924

_____________________________________________

 Evaluation: data/spmrl.test.fpos.fn.conll

  Tokens: 49642
  Sentences: 1788
  UAS=0.903408	LAS=0.881330	CAS=0.164430	[104.96s]
  Pruning Recall: 0.9890	Effcy: 0.1102

WARNING: Pruning recall is less than 99%!
Current pruning-weight=0.20. Consider using a smaller value between (0,1)


_____________________________________________

  1436 (time=83s)  2872 (time=173s)  4308 (time=289s)  5744 (time=389s)  7180 (time=464s)  8616 (time=542s)  10052 (time=620s)  11488 (time=700s)  12924 (time=772s)  14360 (time=849s)
  Iter 7	loss=30002.3129	uas=0.8815	[849s]
  Pruning Recall: 0.9994	Effcy: 0.0924

_____________________________________________

 Evaluation: data/spmrl.test.fpos.fn.conll

  Tokens: 49642
  Sentences: 1788
  UAS=0.904214	LAS=0.882237	CAS=0.166667	[111.61s]
  Pruning Recall: 0.9890	Effcy: 0.1102

WARNING: Pruning recall is less than 99%!
Current pruning-weight=0.20. Consider using a smaller value between (0,1)


_____________________________________________

  1436 (time=81s)  2872 (time=165s)  4308 (time=285s)  5744 (time=385s)  7180 (time=460s)  8616 (time=542s)  10052 (time=627s)  11488 (time=703s)  12924 (time=774s)  14360 (time=852s)
  Iter 8	loss=26033.3081	uas=0.8905	[853s]
  Pruning Recall: 0.9994	Effcy: 0.0924

_____________________________________________

 Evaluation: data/spmrl.test.fpos.fn.conll

  Tokens: 49642
  Sentences: 1788
  UAS=0.904536	LAS=0.882579	CAS=0.169463	[116.02s]
  Pruning Recall: 0.9890	Effcy: 0.1102

WARNING: Pruning recall is less than 99%!
Current pruning-weight=0.20. Consider using a smaller value between (0,1)


_____________________________________________

  1436 (time=83s)  2872 (time=175s)  4308 (time=288s)  5744 (time=389s)  7180 (time=462s)  8616 (time=531s)  10052 (time=608s)  11488 (time=680s)  12924 (time=749s)  14360 (time=825s)
  Iter 9	loss=22994.1977	uas=0.8977	[825s]
  Pruning Recall: 0.9994	Effcy: 0.0924

_____________________________________________

 Evaluation: data/spmrl.test.fpos.fn.conll

  Tokens: 49642
  Sentences: 1788
  UAS=0.904839	LAS=0.883002	CAS=0.169463	[113.79s]
  Pruning Recall: 0.9890	Effcy: 0.1102

WARNING: Pruning recall is less than 99%!
Current pruning-weight=0.20. Consider using a smaller value between (0,1)


_____________________________________________

  1436 (time=82s)  2872 (time=178s)  4308 (time=314s)  5744 (time=426s)  7180 (time=495s)  8616 (time=565s)  10052 (time=636s)  11488 (time=704s)  12924 (time=770s)  14360 (time=843s)
  Iter 10	loss=20727.6219	uas=0.9037	[843s]
  Pruning Recall: 0.9994	Effcy: 0.0924

_____________________________________________

 Evaluation: data/spmrl.test.fpos.fn.conll

  Tokens: 49642
  Sentences: 1788
  UAS=0.904960	LAS=0.882962	CAS=0.167785	[107.50s]
  Pruning Recall: 0.9890	Effcy: 0.1102

WARNING: Pruning recall is less than 99%!
Current pruning-weight=0.20. Consider using a smaller value between (0,1)


_____________________________________________


Training took 9545807 ms.
=============================================

Warning: unknow language
 Evaluating: data/spmrl.test.fpos.fn.conll
  Tokens: 49642
  Sentences: 1788
  UAS=0.904778	LAS=0.882801	CAS=0.167226	[83.12s]
  Pruning Recall: 0.9890	Effcy: 0.1102

WARNING: Pruning recall is less than 99%!
Current pruning-weight=0.20. Consider using a smaller value between (0,1)

